2025-08-08 01:36:13 [main] INFO  com.az.payment.PaymentApplication - Starting PaymentApplication using Java 17.0.12 with PID 20436 (D:\____WorkSpace\AZ\code backups\e-payment_5_5_2025\payment\target\classes started by HP in D:\____WorkSpace\AZ\code backups\e-payment_5_5_2025\payment)
2025-08-08 01:36:13 [main] DEBUG com.az.payment.PaymentApplication - Running with Spring Boot v3.3.0, Spring v6.1.8
2025-08-08 01:36:13 [main] INFO  com.az.payment.PaymentApplication - No active profile set, falling back to 1 default profile: "default"
2025-08-08 01:36:25 [main] INFO  com.az.payment.PaymentApplication - Started PaymentApplication in 12.908 seconds (process running for 13.676)
2025-08-08 02:13:27 [http-nio-8040-exec-1] INFO  c.az.payment.service.PaymentService - inside PaymentService.processRequest
2025-08-08 02:13:27 [http-nio-8040-exec-1] INFO  c.az.payment.service.PaymentService - mobile request : ProcessRequest(id=1, serviceId=3, parameters=[RequestParameter[id=14, key=BBAN, value=80111111112222]], accountFrom=)
2025-08-08 02:13:27 [http-nio-8040-exec-1] INFO  c.az.payment.service.PaymentService - transactionLog Id : 16052 : rrn(250808010030000013)
2025-08-08 02:13:27 [http-nio-8040-exec-1] INFO  c.az.payment.service.PaymentService - PaymentService::processRequest Getting service By ID 3 ,,,, and locale en
2025-08-08 02:13:27 [http-nio-8040-exec-1] INFO  c.az.payment.service.ServiceService - ServiceService.findById  return service with id 3
2025-08-08 02:13:31 [http-nio-8040-exec-1] INFO  c.az.payment.service.PaymentService - PaymentService::processRequest found Service Named EBS Transfer: By Id 3
2025-08-08 02:13:31 [http-nio-8040-exec-1] INFO  com.az.payment.mapper.RequestMapper - start Mapping Request .... ProcessRequest(id=1, serviceId=3, parameters=[RequestParameter[id=14, key=BBAN, value=80111111112222]], accountFrom=)
2025-08-08 02:13:32 [http-nio-8040-exec-1] INFO  com.az.payment.mapper.RequestMapper - reqRrn : -1 : transactionID : 250808010030000013
2025-08-08 02:13:32 [http-nio-8040-exec-1] INFO  com.az.payment.mapper.RequestMapper - start Mapping Additional Request Data Such as fixed Value and transaction ID if available 
2025-08-08 02:13:32 [http-nio-8040-exec-1] INFO  com.az.payment.mapper.RequestMapper - end Mapping Request .... {"BBAN":"80111111112222","transactionID":"250808010030000013"}
2025-08-08 02:13:32 [http-nio-8040-exec-1] INFO  c.az.payment.service.PaymentService - PaymentService::processRequest mapped  RequestDTO To JSON Object {"BBAN":"80111111112222","transactionID":"250808010030000013"}
2025-08-08 02:13:32 [http-nio-8040-exec-1] ERROR com.az.payment.service.ClientApi - Failed to access the Biller: I/O error on POST request for "http://localhost:9182/api/GetBeneficiaryInfo": Connection refused: no further information
2025-08-08 02:13:32 [http-nio-8040-exec-1] INFO  c.az.payment.service.PaymentService - {"code":-12,"message":"Failed to access the Biller: I/O error on POST request for \"http://localhost:9182/api/GetBeneficiaryInfo\": Connection refused: no further information","status":-1}
2025-08-08 02:13:33 [http-nio-8040-exec-1] INFO  c.az.payment.service.PaymentService - =================================-12
2025-08-08 02:13:33 [http-nio-8040-exec-1] INFO  c.az.payment.service.PaymentService - #################### Biller Failed:Starting reverse process if the service isPayment
2025-08-08 02:13:33 [http-nio-8040-exec-1] INFO  c.az.payment.service.PaymentService - mapResponseRev : PaymentResponse(responseParams=null, finalStatus=-1, isPayment=false, requestParams=null, responseCode=-2, responseMessage=Fail at Biller, bankReference=null)
2025-08-08 02:18:18 [http-nio-8040-exec-8] INFO  c.az.payment.service.PaymentService - inside PaymentService.processRequest
2025-08-08 02:18:18 [http-nio-8040-exec-8] INFO  c.az.payment.service.PaymentService - mobile request : ProcessRequest(id=1, serviceId=3, parameters=[RequestParameter[id=14, key=BBAN, value=80111111112222]], accountFrom=)
2025-08-08 02:18:19 [http-nio-8040-exec-8] INFO  c.az.payment.service.PaymentService - transactionLog Id : 16053 : rrn(250808010030000014)
2025-08-08 02:18:19 [http-nio-8040-exec-8] INFO  c.az.payment.service.PaymentService - PaymentService::processRequest Getting service By ID 3 ,,,, and locale en
2025-08-08 02:18:19 [http-nio-8040-exec-8] INFO  c.az.payment.service.ServiceService - ServiceService.findById  return service with id 3
2025-08-08 02:18:22 [http-nio-8040-exec-8] INFO  c.az.payment.service.PaymentService - PaymentService::processRequest found Service Named EBS Transfer: By Id 3
2025-08-08 02:18:22 [http-nio-8040-exec-8] INFO  com.az.payment.mapper.RequestMapper - start Mapping Request .... ProcessRequest(id=1, serviceId=3, parameters=[RequestParameter[id=14, key=BBAN, value=80111111112222]], accountFrom=)
2025-08-08 02:18:23 [http-nio-8040-exec-8] INFO  com.az.payment.mapper.RequestMapper - reqRrn : -1 : transactionID : 250808010030000014
2025-08-08 02:18:23 [http-nio-8040-exec-8] INFO  com.az.payment.mapper.RequestMapper - start Mapping Additional Request Data Such as fixed Value and transaction ID if available 
2025-08-08 02:18:23 [http-nio-8040-exec-8] INFO  com.az.payment.mapper.RequestMapper - end Mapping Request .... {"BBAN":"80111111112222","transactionID":"250808010030000014"}
2025-08-08 02:18:23 [http-nio-8040-exec-8] INFO  c.az.payment.service.PaymentService - PaymentService::processRequest mapped  RequestDTO To JSON Object {"BBAN":"80111111112222","transactionID":"250808010030000014"}
2025-08-08 02:18:24 [http-nio-8040-exec-8] INFO  com.az.payment.service.ClientApi - ClientAPi::CallService response: {"customerName":"Mohammed","customerBank":"Khartoum","accountType":"Account","responseCode":0,"responseMessage":"Success"}
2025-08-08 02:18:24 [http-nio-8040-exec-8] INFO  c.az.payment.service.PaymentService - {"accountType":"Account","customerBank":"Khartoum","responseMessage":"Success","customerName":"Mohammed","responseCode":0}
2025-08-08 02:18:25 [http-nio-8040-exec-8] INFO  c.az.payment.service.PaymentService - #################### Biller Failed:Starting reverse process if the service isPayment
2025-08-08 02:18:25 [http-nio-8040-exec-8] INFO  c.az.payment.service.PaymentService - mapResponseRev : PaymentResponse(responseParams=null, finalStatus=-1, isPayment=false, requestParams=null, responseCode=-2, responseMessage=Fail at Biller, bankReference=null)
2025-08-08 02:21:36 [http-nio-8040-exec-6] INFO  c.az.payment.service.PaymentService - inside PaymentService.processRequest
2025-08-08 02:21:36 [http-nio-8040-exec-6] INFO  c.az.payment.service.PaymentService - mobile request : ProcessRequest(id=1, serviceId=3, parameters=[RequestParameter[id=14, key=BBAN, value=80111111112222]], accountFrom=)
2025-08-08 02:21:36 [http-nio-8040-exec-6] INFO  c.az.payment.service.PaymentService - transactionLog Id : 16054 : rrn(250808010030000015)
2025-08-08 02:21:36 [http-nio-8040-exec-6] INFO  c.az.payment.service.PaymentService - PaymentService::processRequest Getting service By ID 3 ,,,, and locale en
2025-08-08 02:21:36 [http-nio-8040-exec-6] INFO  c.az.payment.service.ServiceService - ServiceService.findById  return service with id 3
2025-08-08 02:21:40 [http-nio-8040-exec-6] INFO  c.az.payment.service.PaymentService - PaymentService::processRequest found Service Named EBS Transfer: By Id 3
2025-08-08 02:21:40 [http-nio-8040-exec-6] INFO  com.az.payment.mapper.RequestMapper - start Mapping Request .... ProcessRequest(id=1, serviceId=3, parameters=[RequestParameter[id=14, key=BBAN, value=80111111112222]], accountFrom=)
2025-08-08 02:21:40 [http-nio-8040-exec-6] INFO  com.az.payment.mapper.RequestMapper - reqRrn : -1 : transactionID : 250808010030000015
2025-08-08 02:21:40 [http-nio-8040-exec-6] INFO  com.az.payment.mapper.RequestMapper - start Mapping Additional Request Data Such as fixed Value and transaction ID if available 
2025-08-08 02:21:40 [http-nio-8040-exec-6] INFO  com.az.payment.mapper.RequestMapper - end Mapping Request .... {"BBAN":"80111111112222","transactionID":"250808010030000015"}
2025-08-08 02:21:40 [http-nio-8040-exec-6] INFO  c.az.payment.service.PaymentService - PaymentService::processRequest mapped  RequestDTO To JSON Object {"BBAN":"80111111112222","transactionID":"250808010030000015"}
2025-08-08 02:21:41 [http-nio-8040-exec-6] INFO  com.az.payment.service.ClientApi - ClientAPi::CallService response: {"customerName":"Mohammed","customerBank":"Khartoum","accountType":"Account","responseCode":1,"responseMessage":"Success"}
2025-08-08 02:21:41 [http-nio-8040-exec-6] INFO  c.az.payment.service.PaymentService - {"accountType":"Account","customerBank":"Khartoum","responseMessage":"Success","customerName":"Mohammed","responseCode":1}
2025-08-08 02:21:42 [http-nio-8040-exec-6] INFO  c.az.payment.service.PaymentService - #################### SUCCESS
2025-08-08 02:21:42 [http-nio-8040-exec-6] INFO  c.az.payment.service.PaymentService - PaymentService::processResponse  Response returned From restApi {"accountType":"Account","customerBank":"Khartoum","responseMessage":"Success","customerName":"Mohammed","responseCode":1}
2025-08-08 02:21:42 [http-nio-8040-exec-6] INFO  com.az.payment.utils.Validation - Validation::validateResponse Validating response  ,,, apiResponse = {"accountType":"Account","customerBank":"Khartoum","responseMessage":"Success","customerName":"Mohammed","responseCode":1},,,, for service ID 3 , with name EBS Transfer
2025-08-08 02:21:42 [http-nio-8040-exec-6] INFO  c.az.payment.service.ServiceService - ServiceService.findResponseParameterByServiceId  ServiceID : 3
2025-08-08 02:21:42 [http-nio-8040-exec-6] INFO  com.az.payment.utils.Validation - parameter in List is responseCode,,,, first check false , second check false 
2025-08-08 02:21:43 [http-nio-8040-exec-6] INFO  com.az.payment.utils.Validation - parameter in List is responseMessage,,,, first check false , second check false 
2025-08-08 02:21:43 [http-nio-8040-exec-6] INFO  com.az.payment.utils.Validation - parameter[responseMessage] not a response code from biller
2025-08-08 02:21:43 [http-nio-8040-exec-6] INFO  com.az.payment.utils.Validation - parameter in List is customerName,,,, first check true , second check true 
2025-08-08 02:21:43 [http-nio-8040-exec-6] INFO  com.az.payment.utils.Validation - parameter in List is customerBank,,,, first check true , second check true 
2025-08-08 02:21:43 [http-nio-8040-exec-6] INFO  com.az.payment.utils.Validation - parameter in List is accountType,,,, first check true , second check true 
2025-08-08 02:21:43 [http-nio-8040-exec-6] INFO  com.az.payment.utils.Validation - response returned after mapping data is [PaymentResponseField[key=customerName, value=Mohammed, displayName=Customer Name, id=28], PaymentResponseField[key=customerBank, value=Khartoum, displayName=Customer Bank, id=43], PaymentResponseField[key=accountType, value=Account, displayName=Account Type, id=47]] 
2025-08-08 02:21:43 [http-nio-8040-exec-6] INFO  c.az.payment.mapper.ResponseMapper - response returned from mapper and validated as defined  PaymentResponse(responseParams=[PaymentResponseField[key=customerName, value=Mohammed, displayName=Customer Name, id=28], PaymentResponseField[key=customerBank, value=Khartoum, displayName=Customer Bank, id=43], PaymentResponseField[key=accountType, value=Account, displayName=Account Type, id=47]], finalStatus=0, isPayment=false, requestParams=null, responseCode=0, responseMessage=Successful, bankReference=null)
2025-08-08 02:21:43 [http-nio-8040-exec-6] INFO  c.az.payment.service.PaymentService - PaymentService::processResponse mapped from toServiceResponse PaymentResponse(responseParams=[PaymentResponseField[key=customerName, value=Mohammed, displayName=Customer Name, id=28], PaymentResponseField[key=customerBank, value=Khartoum, displayName=Customer Bank, id=43], PaymentResponseField[key=accountType, value=Account, displayName=Account Type, id=47]], finalStatus=0, isPayment=false, requestParams=null, responseCode=0, responseMessage=Successful, bankReference=null)
2025-08-08 02:21:43 [http-nio-8040-exec-6] INFO  com.az.payment.mapper.RequestMapper - start toClientResponse .... PaymentResponse(responseParams=[PaymentResponseField[key=customerName, value=Mohammed, displayName=Customer Name, id=28], PaymentResponseField[key=customerBank, value=Khartoum, displayName=Customer Bank, id=43], PaymentResponseField[key=accountType, value=Account, displayName=Account Type, id=47]], finalStatus=0, isPayment=false, requestParams=null, responseCode=0, responseMessage=Successful, bankReference=null),,,,, with request ............ProcessRequest(id=1, serviceId=3, parameters=[RequestParameter[id=14, key=BBAN, value=80111111112222]], accountFrom=) 
2025-08-08 02:21:43 [http-nio-8040-exec-6] INFO  c.az.payment.service.ServiceService - ServiceService.findParameterByServiceId  ServiceID : 1
2025-08-08 02:21:43 [http-nio-8040-exec-6] INFO  c.az.payment.service.ServiceService - inside stream getting parameterId 1 and true and true and true
2025-08-08 02:21:43 [http-nio-8040-exec-6] INFO  c.az.payment.service.ServiceService - inside stream getting parameterId 2 and true and true and true
2025-08-08 02:21:43 [http-nio-8040-exec-6] INFO  c.az.payment.service.ServiceService - inside stream getting parameterId 3 and true and false and true
2025-08-08 02:21:43 [http-nio-8040-exec-6] INFO  c.az.payment.service.ServiceService - inside stream getting parameterId 4 and true and true and true
2025-08-08 02:21:43 [http-nio-8040-exec-6] INFO  c.az.payment.service.ServiceService - inside stream getting parameterId 5 and false and false and true
2025-08-08 02:21:43 [http-nio-8040-exec-6] INFO  c.az.payment.service.ServiceService - inside stream getting parameterId 9 and true and true and true
2025-08-08 02:21:43 [http-nio-8040-exec-6] INFO  c.az.payment.service.ServiceService - inside stream getting parameterId 10 and true and true and true
2025-08-08 02:21:43 [http-nio-8040-exec-6] INFO  c.az.payment.service.ServiceService - inside stream getting parameterId 11 and true and true and true
2025-08-08 02:21:43 [http-nio-8040-exec-6] INFO  c.az.payment.service.ServiceService - inside stream getting parameterId 12 and true and true and false
2025-08-08 02:21:43 [http-nio-8040-exec-6] INFO  c.az.payment.service.ServiceService - inside stream getting parameterId 13 and true and true and true
2025-08-08 02:21:43 [http-nio-8040-exec-6] INFO  c.az.payment.service.PaymentService - mapResponse --->: PaymentResponse(responseParams=[PaymentResponseField[key=customerName, value=Mohammed, displayName=Customer Name, id=28], PaymentResponseField[key=customerBank, value=Khartoum, displayName=Customer Bank, id=43], PaymentResponseField[key=accountType, value=Account, displayName=Account Type, id=47]], finalStatus=1, isPayment=true, requestParams=[ParameterResponse[id=3, name=Amount, description=Amount, internalKey=amount, orderNo=2, regex=^\d+$, inputType=1, jsonType=1, paramType=4, length=-1, minValue=1.0, maxValue=1000000.0, option=[]], ParameterResponse[id=4, name=TO BBAN Number, description=To BBAN Number, internalKey=To_BBAN, orderNo=1, regex=^\d{14}$, inputType=1, jsonType=1, paramType=0, length=14, minValue=-1.0, maxValue=-1.0, option=[]]], responseCode=0, responseMessage=Successful, bankReference=250808010030000015)
2025-08-08 02:22:31 [http-nio-8040-exec-10] INFO  c.az.payment.service.PaymentService - inside PaymentService.processRequest
2025-08-08 02:22:31 [http-nio-8040-exec-10] INFO  c.az.payment.service.PaymentService - mobile request : ProcessRequest(id=1, serviceId=1, parameters=[RequestParameter[id=3, key=amount, value=1.0], RequestParameter[id=4, key=To_BBAN, value=80111111112222]], accountFrom=0103093800000021)
2025-08-08 02:22:32 [http-nio-8040-exec-10] INFO  c.az.payment.service.PaymentService - transactionLog Id : 16055 : rrn(250808010010000016)
2025-08-08 02:22:32 [http-nio-8040-exec-10] INFO  c.az.payment.service.PaymentService - PaymentService::processRequest Getting service By ID 1 ,,,, and locale en
2025-08-08 02:22:32 [http-nio-8040-exec-10] INFO  c.az.payment.service.ServiceService - ServiceService.findById  return service with id 1
2025-08-08 02:22:35 [http-nio-8040-exec-10] INFO  c.az.payment.service.PaymentService - PaymentService::processRequest found Service Named EBS Transfer: By Id 1
2025-08-08 02:22:35 [http-nio-8040-exec-10] INFO  com.az.payment.mapper.RequestMapper - start Mapping Request .... ProcessRequest(id=1, serviceId=1, parameters=[RequestParameter[id=3, key=amount, value=1.0], RequestParameter[id=4, key=To_BBAN, value=80111111112222]], accountFrom=0103093800000021)
2025-08-08 02:22:36 [http-nio-8040-exec-10] INFO  com.az.payment.mapper.RequestMapper - reqRrn : 5 : transactionId : 250808010010000016
2025-08-08 02:22:36 [http-nio-8040-exec-10] INFO  com.az.payment.mapper.RequestMapper - start Mapping Additional Request Data Such as fixed Value and transaction ID if available 
2025-08-08 02:22:36 [http-nio-8040-exec-10] INFO  com.az.payment.mapper.RequestMapper - Lang : fixed
2025-08-08 02:22:36 [http-nio-8040-exec-10] INFO  com.az.payment.mapper.RequestMapper - end Mapping Request .... {"Lang":"1","To_BBAN":"80111111112222","transactionId":"250808010010000016","Amount":1}
2025-08-08 02:22:36 [http-nio-8040-exec-10] INFO  c.az.payment.service.PaymentService - PaymentService::processRequest mapped  RequestDTO To JSON Object {"Lang":"1","To_BBAN":"80111111112222","transactionId":"250808010010000016","Amount":1}
2025-08-08 02:22:36 [http-nio-8040-exec-10] INFO  c.az.payment.service.ServiceService - ServiceService.findById  return service with id 11
2025-08-08 02:22:37 [http-nio-8040-exec-10] INFO  com.az.payment.mapper.RequestMapper - start Mapping Request .... ProcessRequest(id=1, serviceId=11, parameters=[RequestParameter[id=41, key=accountFrom, value=0103093800000021]], accountFrom=null)
2025-08-08 02:22:37 [http-nio-8040-exec-10] INFO  com.az.payment.mapper.RequestMapper - reqRrn : -1 : transactionID : 250808010010000016
2025-08-08 02:22:37 [http-nio-8040-exec-10] INFO  com.az.payment.mapper.RequestMapper - start Mapping Additional Request Data Such as fixed Value and transaction ID if available 
2025-08-08 02:22:37 [http-nio-8040-exec-10] INFO  com.az.payment.mapper.RequestMapper - end Mapping Request .... {"transactionID":"250808010010000016","accountNo":"0103093800000021"}
2025-08-08 02:22:38 [http-nio-8040-exec-10] INFO  com.az.payment.service.ClientApi - ClientAPi::CallService response: {"ibanNo":"SD3408010000353201","accName":"زاكى الدين بلال محمد محمد","transactionID":"250808010010000016","responseCode":0,"responseMessage":"Success"}
2025-08-08 02:22:38 [http-nio-8040-exec-10] INFO  c.az.payment.service.ServiceService - ServiceService.findById  return service with id 11
2025-08-08 02:22:38 [http-nio-8040-exec-10] INFO  com.az.payment.mapper.RequestMapper - start Mapping Request .... ProcessRequest(id=1, serviceId=11, parameters=[RequestParameter[id=41, key=accountFrom, value=0103093800000021]], accountFrom=null)
2025-08-08 02:22:38 [http-nio-8040-exec-10] INFO  com.az.payment.mapper.RequestMapper - reqRrn : -1 : transactionID : 250808010010000016
2025-08-08 02:22:38 [http-nio-8040-exec-10] INFO  com.az.payment.mapper.RequestMapper - start Mapping Additional Request Data Such as fixed Value and transaction ID if available 
2025-08-08 02:22:38 [http-nio-8040-exec-10] INFO  com.az.payment.mapper.RequestMapper - end Mapping Request .... {"transactionID":"250808010010000016","accountNo":"0103093800000021"}
2025-08-08 02:22:38 [http-nio-8040-exec-10] INFO  com.az.payment.service.ClientApi - ClientAPi::CallService response: {"ibanNo":"SD3408010000353201","accName":"زاكى الدين بلال محمد محمد","transactionID":"250808010010000016","responseCode":0,"responseMessage":"Success"}
2025-08-08 02:22:38 [http-nio-8040-exec-10] INFO  c.az.payment.service.PaymentService - processing payment from account : 0103093800000021
2025-08-08 02:22:39 [http-nio-8040-exec-10] INFO  c.az.payment.service.PaymentService - bankMapedResponse : PaymentResponse(responseParams=null, finalStatus=1, isPayment=false, requestParams=null, responseCode=0, responseMessage=null, bankReference=250808010010000016)
2025-08-08 02:22:39 [http-nio-8040-exec-10] INFO  com.az.payment.service.ClientApi - ClientAPi::CallService response: {"responseCode":1,"responseMessage":"Success","transactionId":"250808010010000016","Amount":1.0,"To_BBAN":"80111111112222","Tran_DateTime":"080825122239","NS_RRN":"25080801001000001639477"}
2025-08-08 02:22:39 [http-nio-8040-exec-10] INFO  c.az.payment.service.PaymentService - {"Tran_DateTime":"080825122239","Amount":1,"responseMessage":"Success","NS_RRN":"25080801001000001639477","transactionId":"250808010010000016","To_BBAN":"80111111112222","responseCode":1}
2025-08-08 02:22:40 [http-nio-8040-exec-10] INFO  c.az.payment.service.PaymentService - #################### SUCCESS
2025-08-08 02:22:40 [http-nio-8040-exec-10] INFO  c.az.payment.service.PaymentService - PaymentService::processResponse  Response returned From restApi {"Tran_DateTime":"080825122239","Amount":1,"responseMessage":"Success","NS_RRN":"25080801001000001639477","transactionId":"250808010010000016","To_BBAN":"80111111112222","responseCode":1}
2025-08-08 02:22:40 [http-nio-8040-exec-10] INFO  com.az.payment.utils.Validation - Validation::validateResponse Validating response  ,,, apiResponse = {"Tran_DateTime":"080825122239","Amount":1,"responseMessage":"Success","NS_RRN":"25080801001000001639477","transactionId":"250808010010000016","To_BBAN":"80111111112222","responseCode":1},,,, for service ID 1 , with name EBS Transfer
2025-08-08 02:22:40 [http-nio-8040-exec-10] INFO  c.az.payment.service.ServiceService - ServiceService.findResponseParameterByServiceId  ServiceID : 1
2025-08-08 02:22:40 [http-nio-8040-exec-10] INFO  com.az.payment.utils.Validation - parameter in List is responseCode,,,, first check false , second check false 
2025-08-08 02:22:41 [http-nio-8040-exec-10] INFO  com.az.payment.utils.Validation - parameter in List is responseMessage,,,, first check true , second check true 
2025-08-08 02:22:41 [http-nio-8040-exec-10] INFO  com.az.payment.utils.Validation - parameter in List is Amount,,,, first check true , second check true 
2025-08-08 02:22:41 [http-nio-8040-exec-10] INFO  com.az.payment.utils.Validation - parameter in List is Tran_DateTime,,,, first check false , second check false 
2025-08-08 02:22:41 [http-nio-8040-exec-10] INFO  com.az.payment.utils.Validation - parameter[Tran_DateTime] not a response code from biller
2025-08-08 02:22:41 [http-nio-8040-exec-10] INFO  com.az.payment.utils.Validation - parameter in List is NS_RRN,,,, first check false , second check false 
2025-08-08 02:22:41 [http-nio-8040-exec-10] INFO  com.az.payment.utils.Validation - parameter[NS_RRN] not a response code from biller
2025-08-08 02:22:41 [http-nio-8040-exec-10] INFO  com.az.payment.utils.Validation - response returned after mapping data is [PaymentResponseField[key=responseMessage, value=Successful, displayName=Response Message, id=2], PaymentResponseField[key=amount, value=1.0, displayName=Amount, id=3]] 
2025-08-08 02:22:41 [http-nio-8040-exec-10] INFO  c.az.payment.mapper.ResponseMapper - response returned from mapper and validated as defined  PaymentResponse(responseParams=[PaymentResponseField[key=responseMessage, value=Successful, displayName=Response Message, id=2], PaymentResponseField[key=amount, value=1.0, displayName=Amount, id=3]], finalStatus=0, isPayment=false, requestParams=null, responseCode=0, responseMessage=Successful, bankReference=null)
2025-08-08 02:22:41 [http-nio-8040-exec-10] INFO  c.az.payment.service.PaymentService - PaymentService::processResponse mapped from toServiceResponse PaymentResponse(responseParams=[PaymentResponseField[key=responseMessage, value=Successful, displayName=Response Message, id=2], PaymentResponseField[key=amount, value=1.0, displayName=Amount, id=3]], finalStatus=0, isPayment=false, requestParams=null, responseCode=0, responseMessage=Successful, bankReference=null)
2025-08-08 02:22:41 [http-nio-8040-exec-10] INFO  com.az.payment.mapper.RequestMapper - start toClientResponse .... PaymentResponse(responseParams=[PaymentResponseField[key=responseMessage, value=Successful, displayName=Response Message, id=2], PaymentResponseField[key=amount, value=1.0, displayName=Amount, id=3]], finalStatus=0, isPayment=false, requestParams=null, responseCode=0, responseMessage=Successful, bankReference=null),,,,, with request ............ProcessRequest(id=1, serviceId=1, parameters=[RequestParameter[id=3, key=amount, value=1.0], RequestParameter[id=4, key=To_BBAN, value=80111111112222]], accountFrom=0103093800000021) 
2025-08-08 02:22:41 [http-nio-8040-exec-10] INFO  c.az.payment.service.PaymentService - mapResponse --->: PaymentResponse(responseParams=[PaymentResponseField[key=responseMessage, value=Successful, displayName=Response Message, id=2], PaymentResponseField[key=amount, value=1.0, displayName=Amount, id=3]], finalStatus=0, isPayment=false, requestParams=null, responseCode=0, responseMessage=Successful, bankReference=250808010010000016)
2025-08-08 02:25:11 [http-nio-8040-exec-1] INFO  c.az.payment.service.PaymentService - inside PaymentService.processRequest
2025-08-08 02:25:11 [http-nio-8040-exec-1] INFO  c.az.payment.service.PaymentService - mobile request : ProcessRequest(id=3, serviceId=10, parameters=[RequestParameter[id=33, key=mobile, value=0923346709], RequestParameter[id=34, key=amount, value=10]], accountFrom=0103093800000021)
2025-08-08 02:25:11 [http-nio-8040-exec-1] INFO  c.az.payment.service.PaymentService - transactionLog Id : 16056 : rrn(250808030100000017)
2025-08-08 02:25:11 [http-nio-8040-exec-1] INFO  c.az.payment.service.PaymentService - PaymentService::processRequest Getting service By ID 10 ,,,, and locale ar
2025-08-08 02:25:11 [http-nio-8040-exec-1] INFO  c.az.payment.service.ServiceService - ServiceService.findById  return service with id 10
2025-08-08 02:25:13 [http-nio-8040-exec-1] INFO  c.az.payment.service.PaymentService - PaymentService::processRequest found Service Named MTN TopUp: By Id 10
2025-08-08 02:25:13 [http-nio-8040-exec-1] INFO  com.az.payment.mapper.RequestMapper - start Mapping Request .... ProcessRequest(id=3, serviceId=10, parameters=[RequestParameter[id=33, key=mobile, value=0923346709], RequestParameter[id=34, key=amount, value=10]], accountFrom=0103093800000021)
2025-08-08 02:25:13 [http-nio-8040-exec-1] INFO  com.az.payment.mapper.RequestMapper - reqRrn : 38 : transactionID : nile-250808030100000017
2025-08-08 02:25:13 [http-nio-8040-exec-1] INFO  com.az.payment.mapper.RequestMapper - start Mapping Additional Request Data Such as fixed Value and transaction ID if available 
2025-08-08 02:25:13 [http-nio-8040-exec-1] INFO  com.az.payment.mapper.RequestMapper - end Mapping Request .... {"amount":"10","mobileNumber":"0923346709","transactionID":"nile-250808030100000017"}
2025-08-08 02:25:13 [http-nio-8040-exec-1] INFO  c.az.payment.service.PaymentService - PaymentService::processRequest mapped  RequestDTO To JSON Object {"amount":"10","mobileNumber":"0923346709","transactionID":"nile-250808030100000017"}
2025-08-08 02:25:14 [http-nio-8040-exec-1] INFO  c.az.payment.service.PaymentService - processing payment from account : 0103093800000021
2025-08-08 02:25:14 [http-nio-8040-exec-1] INFO  c.az.payment.service.PaymentService - bankMapedResponse : PaymentResponse(responseParams=null, finalStatus=1, isPayment=false, requestParams=null, responseCode=0, responseMessage=null, bankReference=250808030100000017)
2025-08-08 02:25:14 [http-nio-8040-exec-1] INFO  com.az.payment.service.ClientApi - ClientAPi::CallService response: {"receiptNo":null,"responseCode":0,"responseMessage":"Successfully","msisdn":null,"transactionID":"nile-250808030100000017","amount":"10","mobileNumber":null,"ersReference":null,"rcode":"0","mdn":"120155425","rdesc_ar":"تمت العملية بنجاح","rdesc_en":"Operation Completed Successfully.","RCode":"0","RDesc_en":"Operation Completed Successfully.","RDesc_ar":"تمت العملية بنجاح","MDN":"120155425"}
2025-08-08 02:25:14 [http-nio-8040-exec-1] INFO  c.az.payment.service.PaymentService - {"RDesc_en":"Operation Completed Successfully.","amount":"10","mobileNumber":null,"RDesc_ar":"تمت العملية بنجاح","rcode":"0","transactionID":"nile-250808030100000017","responseCode":0,"rdesc_en":"Operation Completed Successfully.","mdn":"120155425","MDN":"120155425","receiptNo":null,"responseMessage":"Successfully","msisdn":null,"ersReference":null,"rdesc_ar":"تمت العملية بنجاح","RCode":"0"}
2025-08-08 02:25:16 [http-nio-8040-exec-1] INFO  c.az.payment.service.PaymentService - #################### SUCCESS
2025-08-08 02:25:16 [http-nio-8040-exec-1] INFO  c.az.payment.service.PaymentService - PaymentService::processResponse  Response returned From restApi {"RDesc_en":"Operation Completed Successfully.","amount":"10","mobileNumber":null,"RDesc_ar":"تمت العملية بنجاح","rcode":"0","transactionID":"nile-250808030100000017","responseCode":0,"rdesc_en":"Operation Completed Successfully.","mdn":"120155425","MDN":"120155425","receiptNo":null,"responseMessage":"Successfully","msisdn":null,"ersReference":null,"rdesc_ar":"تمت العملية بنجاح","RCode":"0"}
2025-08-08 02:25:16 [http-nio-8040-exec-1] INFO  com.az.payment.utils.Validation - Validation::validateResponse Validating response  ,,, apiResponse = {"RDesc_en":"Operation Completed Successfully.","amount":"10","mobileNumber":null,"RDesc_ar":"تمت العملية بنجاح","rcode":"0","transactionID":"nile-250808030100000017","responseCode":0,"rdesc_en":"Operation Completed Successfully.","mdn":"120155425","MDN":"120155425","receiptNo":null,"responseMessage":"Successfully","msisdn":null,"ersReference":null,"rdesc_ar":"تمت العملية بنجاح","RCode":"0"},,,, for service ID 10 , with name MTN TopUp
2025-08-08 02:25:16 [http-nio-8040-exec-1] INFO  c.az.payment.service.ServiceService - ServiceService.findResponseParameterByServiceId  ServiceID : 10
2025-08-08 02:25:17 [http-nio-8040-exec-1] INFO  com.az.payment.utils.Validation - parameter in List is mobileNumber,,,, first check false , second check false 
2025-08-08 02:25:17 [http-nio-8040-exec-1] INFO  com.az.payment.utils.Validation - parameter in List is responseCode,,,, first check false , second check false 
2025-08-08 02:25:17 [http-nio-8040-exec-1] INFO  com.az.payment.utils.Validation - parameter in List is ersReference,,,, first check false , second check false 
2025-08-08 02:25:17 [http-nio-8040-exec-1] INFO  com.az.payment.utils.Validation - parameter in List is responseMessage,,,, first check true , second check true 
2025-08-08 02:25:17 [http-nio-8040-exec-1] ERROR com.az.payment.utils.Validation - Parameters not found in response mobileNumber,,,ersReference,,, 
2025-08-08 02:25:17 [http-nio-8040-exec-1] INFO  com.az.payment.utils.Validation - response returned after mapping data is [PaymentResponseField[key=responseMessage, value=معاملة ناجحة, displayName=حالة العملية, id=37]] 
2025-08-08 02:25:17 [http-nio-8040-exec-1] INFO  c.az.payment.mapper.ResponseMapper - response returned from mapper and validated as defined  PaymentResponse(responseParams=[PaymentResponseField[key=responseMessage, value=معاملة ناجحة, displayName=حالة العملية, id=37]], finalStatus=0, isPayment=false, requestParams=null, responseCode=0, responseMessage=معاملة ناجحة, bankReference=null)
2025-08-08 02:25:17 [http-nio-8040-exec-1] INFO  c.az.payment.service.PaymentService - PaymentService::processResponse mapped from toServiceResponse PaymentResponse(responseParams=[PaymentResponseField[key=responseMessage, value=معاملة ناجحة, displayName=حالة العملية, id=37]], finalStatus=0, isPayment=false, requestParams=null, responseCode=0, responseMessage=معاملة ناجحة, bankReference=null)
2025-08-08 02:25:17 [http-nio-8040-exec-1] INFO  com.az.payment.mapper.RequestMapper - start toClientResponse .... PaymentResponse(responseParams=[PaymentResponseField[key=responseMessage, value=معاملة ناجحة, displayName=حالة العملية, id=37]], finalStatus=0, isPayment=false, requestParams=null, responseCode=0, responseMessage=معاملة ناجحة, bankReference=null),,,,, with request ............ProcessRequest(id=3, serviceId=10, parameters=[RequestParameter[id=33, key=mobile, value=0923346709], RequestParameter[id=34, key=amount, value=10]], accountFrom=0103093800000021) 
2025-08-08 02:25:17 [http-nio-8040-exec-1] INFO  c.az.payment.service.PaymentService - mapResponse --->: PaymentResponse(responseParams=[PaymentResponseField[key=responseMessage, value=معاملة ناجحة, displayName=حالة العملية, id=37]], finalStatus=0, isPayment=false, requestParams=null, responseCode=0, responseMessage=معاملة ناجحة, bankReference=250808030100000017)
2025-08-08 02:26:29 [http-nio-8040-exec-8] INFO  c.az.payment.service.PaymentService - inside PaymentService.processRequest
2025-08-08 02:26:29 [http-nio-8040-exec-8] INFO  c.az.payment.service.PaymentService - mobile request : ProcessRequest(id=3, serviceId=10, parameters=[RequestParameter[id=33, key=mobile, value=0923346709], RequestParameter[id=34, key=amount, value=10]], accountFrom=0103093800000021)
2025-08-08 02:26:29 [http-nio-8040-exec-8] INFO  c.az.payment.service.PaymentService - transactionLog Id : 16057 : rrn(250808030100000018)
2025-08-08 02:26:29 [http-nio-8040-exec-8] INFO  c.az.payment.service.PaymentService - PaymentService::processRequest Getting service By ID 10 ,,,, and locale ar
2025-08-08 02:26:29 [http-nio-8040-exec-8] INFO  c.az.payment.service.ServiceService - ServiceService.findById  return service with id 10
2025-08-08 02:26:30 [http-nio-8040-exec-8] INFO  c.az.payment.service.PaymentService - PaymentService::processRequest found Service Named MTN TopUp: By Id 10
2025-08-08 02:26:30 [http-nio-8040-exec-8] INFO  com.az.payment.mapper.RequestMapper - start Mapping Request .... ProcessRequest(id=3, serviceId=10, parameters=[RequestParameter[id=33, key=mobile, value=0923346709], RequestParameter[id=34, key=amount, value=10]], accountFrom=0103093800000021)
2025-08-08 02:26:31 [http-nio-8040-exec-8] INFO  com.az.payment.mapper.RequestMapper - reqRrn : 38 : transactionID : nile-250808030100000018
2025-08-08 02:26:31 [http-nio-8040-exec-8] INFO  com.az.payment.mapper.RequestMapper - start Mapping Additional Request Data Such as fixed Value and transaction ID if available 
2025-08-08 02:26:31 [http-nio-8040-exec-8] INFO  com.az.payment.mapper.RequestMapper - end Mapping Request .... {"amount":"10","mobileNumber":"0923346709","transactionID":"nile-250808030100000018"}
2025-08-08 02:26:31 [http-nio-8040-exec-8] INFO  c.az.payment.service.PaymentService - PaymentService::processRequest mapped  RequestDTO To JSON Object {"amount":"10","mobileNumber":"0923346709","transactionID":"nile-250808030100000018"}
2025-08-08 02:26:32 [http-nio-8040-exec-8] INFO  c.az.payment.service.PaymentService - processing payment from account : 0103093800000021
2025-08-08 02:26:32 [http-nio-8040-exec-8] INFO  c.az.payment.service.PaymentService - bankMapedResponse : PaymentResponse(responseParams=null, finalStatus=1, isPayment=false, requestParams=null, responseCode=0, responseMessage=null, bankReference=250808030100000018)
2025-08-08 02:26:32 [http-nio-8040-exec-8] ERROR com.az.payment.service.ClientApi - Failed to access the Biller: I/O error on POST request for "http://localhost:9182/api/topup": Connection refused: no further information
2025-08-08 02:26:32 [http-nio-8040-exec-8] INFO  c.az.payment.service.PaymentService - {"code":-12,"message":"Failed to access the Biller: I/O error on POST request for \"http://localhost:9182/api/topup\": Connection refused: no further information","status":-1}
2025-08-08 02:26:32 [http-nio-8040-exec-8] INFO  c.az.payment.service.PaymentService - =================================-12
2025-08-08 02:26:32 [http-nio-8040-exec-8] INFO  c.az.payment.service.PaymentService - #################### Biller Failed:Starting reverse process if the service isPayment
2025-08-08 02:26:33 [http-nio-8040-exec-8] INFO  c.az.payment.service.PaymentService - mapResponseRev : PaymentResponse(responseParams=null, finalStatus=-1, isPayment=false, requestParams=null, responseCode=-2, responseMessage=Fail at Biller, bankReference=null)
