2025-08-28 01:05:12 [http-nio-8040-exec-6] INFO  c.az.payment.service.PaymentService - inside PaymentService.processRequest
2025-08-28 01:05:12 [http-nio-8040-exec-6] INFO  c.az.payment.service.PaymentService - mobile request : ProcessRequest(id=1, serviceId=1, parameters=[RequestParameter[id=3, key=amount, value=8000000], RequestParameter[id=4, key=To_BBAN, value=80111111112222]], accountFrom=0103093800043536)
2025-08-28 01:05:12 [http-nio-8040-exec-6] INFO  c.az.payment.service.PaymentService - transactionLog Id : 18403 : rrn(250828010010000015)
2025-08-28 01:05:12 [http-nio-8040-exec-6] INFO  c.az.payment.service.PaymentService - PaymentService::processRequest Getting service By ID 1 ,,,, and locale en
2025-08-28 01:05:12 [http-nio-8040-exec-6] INFO  c.az.payment.service.ServiceService - ServiceService.findById  return service with id 1
2025-08-28 01:05:17 [http-nio-8040-exec-6] INFO  c.az.payment.service.PaymentService - PaymentService::processRequest found Service Named EBS Transfer: By Id 1
2025-08-28 01:05:17 [http-nio-8040-exec-6] INFO  com.az.payment.mapper.RequestMapper - start Mapping Request .... ProcessRequest(id=1, serviceId=1, parameters=[RequestParameter[id=3, key=amount, value=8000000], RequestParameter[id=4, key=To_BBAN, value=80111111112222]], accountFrom=0103093800043536)
2025-08-28 01:05:18 [http-nio-8040-exec-6] INFO  com.az.payment.mapper.RequestMapper - reqRrn : 5 : transactionId : 250828010010000015
2025-08-28 01:05:18 [http-nio-8040-exec-6] INFO  com.az.payment.mapper.RequestMapper - start Mapping Additional Request Data Such as fixed Value and transaction ID if available 
2025-08-28 01:05:18 [http-nio-8040-exec-6] INFO  com.az.payment.mapper.RequestMapper - Lang : fixed
2025-08-28 01:05:18 [http-nio-8040-exec-6] INFO  com.az.payment.mapper.RequestMapper - end Mapping Request .... {"Lang":"1","To_BBAN":"80111111112222","transactionId":"250828010010000015","Amount":8000000}
2025-08-28 01:05:18 [http-nio-8040-exec-6] INFO  c.az.payment.service.PaymentService - PaymentService::processRequest mapped  RequestDTO To JSON Object {"Lang":"1","To_BBAN":"80111111112222","transactionId":"250828010010000015","Amount":8000000}
2025-08-28 01:05:18 [http-nio-8040-exec-6] INFO  c.az.payment.service.ServiceService - ServiceService.findById  return service with id 11
2025-08-28 01:05:20 [http-nio-8040-exec-6] INFO  com.az.payment.mapper.RequestMapper - start Mapping Request .... ProcessRequest(id=1, serviceId=11, parameters=[RequestParameter[id=41, key=accountFrom, value=0103093800043536]], accountFrom=null)
2025-08-28 01:05:20 [http-nio-8040-exec-6] INFO  com.az.payment.mapper.RequestMapper - reqRrn : -1 : transactionID : 250828010010000015
2025-08-28 01:05:20 [http-nio-8040-exec-6] INFO  com.az.payment.mapper.RequestMapper - start Mapping Additional Request Data Such as fixed Value and transaction ID if available 
2025-08-28 01:05:20 [http-nio-8040-exec-6] INFO  com.az.payment.mapper.RequestMapper - end Mapping Request .... {"transactionID":"250828010010000015","accountNo":"0103093800043536"}
2025-08-28 01:05:20 [http-nio-8040-exec-6] INFO  com.az.payment.service.ClientApi - ClientAPi::CallService response: {"ibanNo":"SD5208010036552501","accName":"ادارة الكلى وزارة الصحة ولاية الخرطوم","transactionID":"250828010010000015","responseCode":0,"responseMessage":"Success"}
2025-08-28 01:05:20 [http-nio-8040-exec-6] INFO  c.az.payment.service.ServiceService - ServiceService.findById  return service with id 11
2025-08-28 01:05:20 [http-nio-8040-exec-6] INFO  com.az.payment.mapper.RequestMapper - start Mapping Request .... ProcessRequest(id=1, serviceId=11, parameters=[RequestParameter[id=41, key=accountFrom, value=0103093800043536]], accountFrom=null)
2025-08-28 01:05:20 [http-nio-8040-exec-6] INFO  com.az.payment.mapper.RequestMapper - reqRrn : -1 : transactionID : 250828010010000015
2025-08-28 01:05:20 [http-nio-8040-exec-6] INFO  com.az.payment.mapper.RequestMapper - start Mapping Additional Request Data Such as fixed Value and transaction ID if available 
2025-08-28 01:05:20 [http-nio-8040-exec-6] INFO  com.az.payment.mapper.RequestMapper - end Mapping Request .... {"transactionID":"250828010010000015","accountNo":"0103093800043536"}
2025-08-28 01:05:20 [http-nio-8040-exec-6] INFO  com.az.payment.service.ClientApi - ClientAPi::CallService response: {"ibanNo":"SD5208010036552501","accName":"ادارة الكلى وزارة الصحة ولاية الخرطوم","transactionID":"250828010010000015","responseCode":0,"responseMessage":"Success"}
2025-08-28 01:05:21 [http-nio-8040-exec-6] INFO  c.az.payment.service.PaymentService - processing payment from account : 0103093800043536
2025-08-28 01:05:21 [http-nio-8040-exec-6] INFO  c.az.payment.service.PaymentService - ERROR[payCoreBank]:10056:Transaction Amount Exceed Service Limit Per Tran:1,000,000.00:0:ORA-0000: normal, successful completion
2025-08-28 01:05:21 [http-nio-8040-exec-6] INFO  c.az.payment.service.PaymentService - bankMapedResponse : PaymentResponse(responseParams=null, finalStatus=-1, isPayment=false, requestParams=null, responseCode=10056, responseMessage=rspMsg:Transaction Amount Exceed Service Limit Per Tran:1,000,000.00
sqlCode(0):ORA-0000: normal, successful completion, bankReference=null)
2025-08-28 01:05:53 [http-nio-8040-exec-7] INFO  c.az.payment.service.PaymentService - inside PaymentService.processRequest
2025-08-28 01:05:53 [http-nio-8040-exec-7] INFO  c.az.payment.service.PaymentService - mobile request : ProcessRequest(id=1, serviceId=1, parameters=[RequestParameter[id=3, key=amount, value=8000000], RequestParameter[id=4, key=To_BBAN, value=80111111112222]], accountFrom=0103093800043536)
2025-08-28 01:05:53 [http-nio-8040-exec-7] INFO  c.az.payment.service.PaymentService - transactionLog Id : 18404 : rrn(250828010010000016)
2025-08-28 01:05:53 [http-nio-8040-exec-7] INFO  c.az.payment.service.PaymentService - PaymentService::processRequest Getting service By ID 1 ,,,, and locale en
2025-08-28 01:05:53 [http-nio-8040-exec-7] INFO  c.az.payment.service.ServiceService - ServiceService.findById  return service with id 1
2025-08-28 01:05:58 [http-nio-8040-exec-7] INFO  c.az.payment.service.PaymentService - PaymentService::processRequest found Service Named EBS Transfer: By Id 1
2025-08-28 01:05:58 [http-nio-8040-exec-7] INFO  com.az.payment.mapper.RequestMapper - start Mapping Request .... ProcessRequest(id=1, serviceId=1, parameters=[RequestParameter[id=3, key=amount, value=8000000], RequestParameter[id=4, key=To_BBAN, value=80111111112222]], accountFrom=0103093800043536)
2025-08-28 01:05:59 [http-nio-8040-exec-7] INFO  com.az.payment.mapper.RequestMapper - reqRrn : 5 : transactionId : 250828010010000016
2025-08-28 01:05:59 [http-nio-8040-exec-7] INFO  com.az.payment.mapper.RequestMapper - start Mapping Additional Request Data Such as fixed Value and transaction ID if available 
2025-08-28 01:05:59 [http-nio-8040-exec-7] INFO  com.az.payment.mapper.RequestMapper - Lang : fixed
2025-08-28 01:05:59 [http-nio-8040-exec-7] INFO  com.az.payment.mapper.RequestMapper - end Mapping Request .... {"Lang":"1","To_BBAN":"80111111112222","transactionId":"250828010010000016","Amount":8000000}
2025-08-28 01:05:59 [http-nio-8040-exec-7] INFO  c.az.payment.service.PaymentService - PaymentService::processRequest mapped  RequestDTO To JSON Object {"Lang":"1","To_BBAN":"80111111112222","transactionId":"250828010010000016","Amount":8000000}
2025-08-28 01:05:59 [http-nio-8040-exec-7] INFO  c.az.payment.service.ServiceService - ServiceService.findById  return service with id 11
2025-08-28 01:06:01 [http-nio-8040-exec-7] INFO  com.az.payment.mapper.RequestMapper - start Mapping Request .... ProcessRequest(id=1, serviceId=11, parameters=[RequestParameter[id=41, key=accountFrom, value=0103093800043536]], accountFrom=null)
2025-08-28 01:06:01 [http-nio-8040-exec-7] INFO  com.az.payment.mapper.RequestMapper - reqRrn : -1 : transactionID : 250828010010000016
2025-08-28 01:06:01 [http-nio-8040-exec-7] INFO  com.az.payment.mapper.RequestMapper - start Mapping Additional Request Data Such as fixed Value and transaction ID if available 
2025-08-28 01:06:01 [http-nio-8040-exec-7] INFO  com.az.payment.mapper.RequestMapper - end Mapping Request .... {"transactionID":"250828010010000016","accountNo":"0103093800043536"}
2025-08-28 01:06:01 [http-nio-8040-exec-7] INFO  com.az.payment.service.ClientApi - ClientAPi::CallService response: {"ibanNo":"SD5208010036552501","accName":"ادارة الكلى وزارة الصحة ولاية الخرطوم","transactionID":"250828010010000016","responseCode":0,"responseMessage":"Success"}
2025-08-28 01:06:01 [http-nio-8040-exec-7] INFO  c.az.payment.service.ServiceService - ServiceService.findById  return service with id 11
2025-08-28 01:06:01 [http-nio-8040-exec-7] INFO  com.az.payment.mapper.RequestMapper - start Mapping Request .... ProcessRequest(id=1, serviceId=11, parameters=[RequestParameter[id=41, key=accountFrom, value=0103093800043536]], accountFrom=null)
2025-08-28 01:06:01 [http-nio-8040-exec-7] INFO  com.az.payment.mapper.RequestMapper - reqRrn : -1 : transactionID : 250828010010000016
2025-08-28 01:06:01 [http-nio-8040-exec-7] INFO  com.az.payment.mapper.RequestMapper - start Mapping Additional Request Data Such as fixed Value and transaction ID if available 
2025-08-28 01:06:01 [http-nio-8040-exec-7] INFO  com.az.payment.mapper.RequestMapper - end Mapping Request .... {"transactionID":"250828010010000016","accountNo":"0103093800043536"}
2025-08-28 01:06:01 [http-nio-8040-exec-7] INFO  com.az.payment.service.ClientApi - ClientAPi::CallService response: {"ibanNo":"SD5208010036552501","accName":"ادارة الكلى وزارة الصحة ولاية الخرطوم","transactionID":"250828010010000016","responseCode":0,"responseMessage":"Success"}
2025-08-28 01:06:02 [http-nio-8040-exec-7] INFO  c.az.payment.service.PaymentService - processing payment from account : 0103093800043536
2025-08-28 01:06:02 [http-nio-8040-exec-7] INFO  c.az.payment.service.PaymentService - ERROR[payCoreBank]:10056:Transaction Amount Exceed Service Limit Per Tran:1,000,000.00:0:ORA-0000: normal, successful completion
2025-08-28 01:06:02 [http-nio-8040-exec-7] INFO  c.az.payment.service.PaymentService - bankMapedResponse : PaymentResponse(responseParams=null, finalStatus=-1, isPayment=false, requestParams=null, responseCode=10056, responseMessage=rspMsg:Transaction Amount Exceed Service Limit Per Tran:1,000,000.00
sqlCode(0):ORA-0000: normal, successful completion, bankReference=null)
2025-08-28 01:06:02 [http-nio-8040-exec-7] ERROR c.az.payment.service.PaymentService - SYSTEM ERR: while mapping the code: response Code 10056 from biller -1 does not have equivalent definition 
2025-08-28 02:19:39 [main] INFO  com.az.payment.PaymentApplication - Starting PaymentApplication using Java 17.0.12 with PID 3444 (D:\____WorkSpace\AZ\code backups\e-payment_5_5_2025\payment\target\classes started by HP in D:\____WorkSpace\AZ\code backups\e-payment_5_5_2025\payment)
2025-08-28 02:19:39 [main] DEBUG com.az.payment.PaymentApplication - Running with Spring Boot v3.3.0, Spring v6.1.8
2025-08-28 02:19:39 [main] INFO  com.az.payment.PaymentApplication - No active profile set, falling back to 1 default profile: "default"
2025-08-28 02:19:51 [main] INFO  com.az.payment.PaymentApplication - Started PaymentApplication in 12.809 seconds (process running for 13.351)
2025-08-28 02:40:40 [http-nio-8040-exec-1] INFO  c.az.payment.service.PaymentService - inside PaymentService.processRequest
2025-08-28 02:40:40 [http-nio-8040-exec-1] INFO  c.az.payment.service.PaymentService - mobile request : ProcessRequest(id=1, serviceId=1, parameters=[RequestParameter[id=3, key=amount, value=8000000], RequestParameter[id=4, key=To_BBAN, value=80111111112222]], accountFrom=0103093800043536)
2025-08-28 02:40:41 [http-nio-8040-exec-1] INFO  c.az.payment.service.PaymentService - transactionLog Id : 18452 : rrn(250828010010000017)
2025-08-28 02:40:41 [http-nio-8040-exec-1] INFO  c.az.payment.service.PaymentService - PaymentService::processRequest Getting service By ID 1 ,,,, and locale en
2025-08-28 02:40:41 [http-nio-8040-exec-1] INFO  c.az.payment.service.ServiceService - ServiceService.findById  return service with id 1
2025-08-28 02:40:46 [http-nio-8040-exec-1] INFO  c.az.payment.service.PaymentService - PaymentService::processRequest found Service Named EBS Transfer: By Id 1
2025-08-28 02:40:46 [http-nio-8040-exec-1] INFO  com.az.payment.mapper.RequestMapper - start Mapping Request .... ProcessRequest(id=1, serviceId=1, parameters=[RequestParameter[id=3, key=amount, value=8000000], RequestParameter[id=4, key=To_BBAN, value=80111111112222]], accountFrom=0103093800043536)
2025-08-28 02:40:47 [http-nio-8040-exec-1] INFO  com.az.payment.mapper.RequestMapper - reqRrn : 5 : transactionId : 250828010010000017
2025-08-28 02:40:47 [http-nio-8040-exec-1] INFO  com.az.payment.mapper.RequestMapper - start Mapping Additional Request Data Such as fixed Value and transaction ID if available 
2025-08-28 02:40:47 [http-nio-8040-exec-1] INFO  com.az.payment.mapper.RequestMapper - Lang : fixed
2025-08-28 02:40:47 [http-nio-8040-exec-1] INFO  com.az.payment.mapper.RequestMapper - end Mapping Request .... {"Lang":"1","To_BBAN":"80111111112222","transactionId":"250828010010000017","Amount":8000000}
2025-08-28 02:40:47 [http-nio-8040-exec-1] INFO  c.az.payment.service.PaymentService - PaymentService::processRequest mapped  RequestDTO To JSON Object {"Lang":"1","To_BBAN":"80111111112222","transactionId":"250828010010000017","Amount":8000000}
2025-08-28 02:40:47 [http-nio-8040-exec-1] INFO  c.az.payment.service.ServiceService - ServiceService.findById  return service with id 11
2025-08-28 02:40:49 [http-nio-8040-exec-1] INFO  com.az.payment.mapper.RequestMapper - start Mapping Request .... ProcessRequest(id=1, serviceId=11, parameters=[RequestParameter[id=41, key=accountFrom, value=0103093800043536]], accountFrom=null)
2025-08-28 02:40:49 [http-nio-8040-exec-1] INFO  com.az.payment.mapper.RequestMapper - reqRrn : -1 : transactionID : 250828010010000017
2025-08-28 02:40:49 [http-nio-8040-exec-1] INFO  com.az.payment.mapper.RequestMapper - start Mapping Additional Request Data Such as fixed Value and transaction ID if available 
2025-08-28 02:40:49 [http-nio-8040-exec-1] INFO  com.az.payment.mapper.RequestMapper - end Mapping Request .... {"transactionID":"250828010010000017","accountNo":"0103093800043536"}
2025-08-28 02:40:49 [http-nio-8040-exec-1] INFO  com.az.payment.service.ClientApi - ClientAPi::CallService response: {"ibanNo":"SD5208010036552501","accName":"ادارة الكلى وزارة الصحة ولاية الخرطوم","transactionID":"250828010010000017","responseCode":0,"responseMessage":"Success"}
2025-08-28 02:40:49 [http-nio-8040-exec-1] INFO  c.az.payment.service.ServiceService - ServiceService.findById  return service with id 11
2025-08-28 02:40:49 [http-nio-8040-exec-1] INFO  com.az.payment.mapper.RequestMapper - start Mapping Request .... ProcessRequest(id=1, serviceId=11, parameters=[RequestParameter[id=41, key=accountFrom, value=0103093800043536]], accountFrom=null)
2025-08-28 02:40:49 [http-nio-8040-exec-1] INFO  com.az.payment.mapper.RequestMapper - reqRrn : -1 : transactionID : 250828010010000017
2025-08-28 02:40:49 [http-nio-8040-exec-1] INFO  com.az.payment.mapper.RequestMapper - start Mapping Additional Request Data Such as fixed Value and transaction ID if available 
2025-08-28 02:40:49 [http-nio-8040-exec-1] INFO  com.az.payment.mapper.RequestMapper - end Mapping Request .... {"transactionID":"250828010010000017","accountNo":"0103093800043536"}
2025-08-28 02:40:49 [http-nio-8040-exec-1] INFO  com.az.payment.service.ClientApi - ClientAPi::CallService response: {"ibanNo":"SD5208010036552501","accName":"ادارة الكلى وزارة الصحة ولاية الخرطوم","transactionID":"250828010010000017","responseCode":0,"responseMessage":"Success"}
2025-08-28 02:40:50 [http-nio-8040-exec-1] INFO  c.az.payment.service.PaymentService - processing payment from account : 0103093800043536
2025-08-28 02:40:50 [http-nio-8040-exec-1] INFO  c.az.payment.service.PaymentService - ERROR[payCoreBank]:10056:Transaction Amount Exceed Service Limit Per Tran:1,000,000.00:0:ORA-0000: normal, successful completion
2025-08-28 02:40:50 [http-nio-8040-exec-1] INFO  c.az.payment.service.PaymentService - bankMapedResponse : PaymentResponse(responseParams=null, finalStatus=-1, isPayment=false, requestParams=null, responseCode=10056, responseMessage=rspMsg:Transaction Amount Exceed Service Limit Per Tran:1,000,000.00
sqlCode(0):ORA-0000: normal, successful completion, bankReference=null)
2025-08-28 02:40:51 [http-nio-8040-exec-1] ERROR c.az.payment.service.PaymentService - SYSTEM ERR: while mapping the code: response Code 10056 from biller -1 does not have equivalent definition 
2025-08-28 02:53:54 [main] INFO  com.az.payment.PaymentApplication - Starting PaymentApplication using Java 17.0.12 with PID 8928 (D:\____WorkSpace\AZ\code backups\e-payment_5_5_2025\payment\target\classes started by HP in D:\____WorkSpace\AZ\code backups\e-payment_5_5_2025\payment)
2025-08-28 02:53:54 [main] DEBUG com.az.payment.PaymentApplication - Running with Spring Boot v3.3.0, Spring v6.1.8
2025-08-28 02:53:54 [main] INFO  com.az.payment.PaymentApplication - No active profile set, falling back to 1 default profile: "default"
2025-08-28 02:54:06 [main] INFO  com.az.payment.PaymentApplication - Started PaymentApplication in 13.49 seconds (process running for 14.588)
2025-08-28 02:54:12 [http-nio-8040-exec-2] INFO  c.az.payment.service.PaymentService - inside PaymentService.processRequest
2025-08-28 02:54:12 [http-nio-8040-exec-2] INFO  c.az.payment.service.PaymentService - mobile request : ProcessRequest(id=1, serviceId=1, parameters=[RequestParameter[id=3, key=amount, value=8000000], RequestParameter[id=4, key=To_BBAN, value=80111111112222]], accountFrom=0103093800043536)
2025-08-28 02:54:12 [http-nio-8040-exec-2] INFO  c.az.payment.service.PaymentService - transactionLog Id : 18502 : rrn(250828010010000001)
2025-08-28 02:54:12 [http-nio-8040-exec-2] INFO  c.az.payment.service.PaymentService - PaymentService::processRequest Getting service By ID 1 ,,,, and locale en
2025-08-28 02:54:12 [http-nio-8040-exec-2] INFO  c.az.payment.service.ServiceService - ServiceService.findById  return service with id 1
2025-08-28 02:54:17 [http-nio-8040-exec-2] INFO  c.az.payment.service.PaymentService - PaymentService::processRequest found Service Named EBS Transfer: By Id 1
2025-08-28 02:54:17 [http-nio-8040-exec-2] INFO  com.az.payment.mapper.RequestMapper - start Mapping Request .... ProcessRequest(id=1, serviceId=1, parameters=[RequestParameter[id=3, key=amount, value=8000000], RequestParameter[id=4, key=To_BBAN, value=80111111112222]], accountFrom=0103093800043536)
2025-08-28 02:54:19 [http-nio-8040-exec-2] INFO  com.az.payment.mapper.RequestMapper - reqRrn : 5 : transactionId : 250828010010000001
2025-08-28 02:54:19 [http-nio-8040-exec-2] INFO  com.az.payment.mapper.RequestMapper - start Mapping Additional Request Data Such as fixed Value and transaction ID if available 
2025-08-28 02:54:19 [http-nio-8040-exec-2] INFO  com.az.payment.mapper.RequestMapper - Lang : fixed
2025-08-28 02:54:19 [http-nio-8040-exec-2] INFO  com.az.payment.mapper.RequestMapper - end Mapping Request .... {"Lang":"1","To_BBAN":"80111111112222","transactionId":"250828010010000001","Amount":8000000}
2025-08-28 02:54:19 [http-nio-8040-exec-2] INFO  c.az.payment.service.PaymentService - PaymentService::processRequest mapped  RequestDTO To JSON Object {"Lang":"1","To_BBAN":"80111111112222","transactionId":"250828010010000001","Amount":8000000}
2025-08-28 02:54:19 [http-nio-8040-exec-2] INFO  c.az.payment.service.ServiceService - ServiceService.findById  return service with id 11
2025-08-28 02:54:20 [http-nio-8040-exec-2] INFO  com.az.payment.mapper.RequestMapper - start Mapping Request .... ProcessRequest(id=1, serviceId=11, parameters=[RequestParameter[id=41, key=accountFrom, value=0103093800043536]], accountFrom=null)
2025-08-28 02:54:20 [http-nio-8040-exec-2] INFO  com.az.payment.mapper.RequestMapper - reqRrn : -1 : transactionID : 250828010010000001
2025-08-28 02:54:20 [http-nio-8040-exec-2] INFO  com.az.payment.mapper.RequestMapper - start Mapping Additional Request Data Such as fixed Value and transaction ID if available 
2025-08-28 02:54:20 [http-nio-8040-exec-2] INFO  com.az.payment.mapper.RequestMapper - end Mapping Request .... {"transactionID":"250828010010000001","accountNo":"0103093800043536"}
2025-08-28 02:54:21 [http-nio-8040-exec-2] INFO  com.az.payment.service.ClientApi - ClientAPi::CallService response: {"ibanNo":"SD5208010036552501","accName":"ادارة الكلى وزارة الصحة ولاية الخرطوم","transactionID":"250828010010000001","responseCode":0,"responseMessage":"Success"}
2025-08-28 02:54:21 [http-nio-8040-exec-2] INFO  c.az.payment.service.ServiceService - ServiceService.findById  return service with id 11
2025-08-28 02:54:21 [http-nio-8040-exec-2] INFO  com.az.payment.mapper.RequestMapper - start Mapping Request .... ProcessRequest(id=1, serviceId=11, parameters=[RequestParameter[id=41, key=accountFrom, value=0103093800043536]], accountFrom=null)
2025-08-28 02:54:21 [http-nio-8040-exec-2] INFO  com.az.payment.mapper.RequestMapper - reqRrn : -1 : transactionID : 250828010010000001
2025-08-28 02:54:21 [http-nio-8040-exec-2] INFO  com.az.payment.mapper.RequestMapper - start Mapping Additional Request Data Such as fixed Value and transaction ID if available 
2025-08-28 02:54:21 [http-nio-8040-exec-2] INFO  com.az.payment.mapper.RequestMapper - end Mapping Request .... {"transactionID":"250828010010000001","accountNo":"0103093800043536"}
2025-08-28 02:54:21 [http-nio-8040-exec-2] INFO  com.az.payment.service.ClientApi - ClientAPi::CallService response: {"ibanNo":"SD5208010036552501","accName":"ادارة الكلى وزارة الصحة ولاية الخرطوم","transactionID":"250828010010000001","responseCode":0,"responseMessage":"Success"}
2025-08-28 02:54:22 [http-nio-8040-exec-2] INFO  c.az.payment.service.PaymentService - processing payment from account : 0103093800043536
2025-08-28 02:54:22 [http-nio-8040-exec-2] INFO  c.az.payment.service.PaymentService - ERROR[payCoreBank]:10056:Transaction Amount Exceed Service Limit Per Tran:1,000,000.00:0:ORA-0000: normal, successful completion
2025-08-28 02:54:22 [http-nio-8040-exec-2] INFO  c.az.payment.service.PaymentService - bankMapedResponse : PaymentResponse(responseParams=null, finalStatus=-1, isPayment=false, requestParams=null, responseCode=10056, responseMessage=rspMsg:Transaction Amount Exceed Service Limit Per Tran:1,000,000.00
sqlCode(0):ORA-0000: normal, successful completion, bankReference=null)
2025-08-28 02:54:22 [http-nio-8040-exec-2] ERROR c.az.payment.service.PaymentService - SYSTEM ERR: while mapping the code: response Code 10056 from biller -1 does not have equivalent definition 
2025-08-28 03:01:27 [main] INFO  com.az.payment.PaymentApplication - Starting PaymentApplication using Java 17.0.12 with PID 31552 (D:\____WorkSpace\AZ\code backups\e-payment_5_5_2025\payment\target\classes started by HP in D:\____WorkSpace\AZ\code backups\e-payment_5_5_2025\payment)
2025-08-28 03:01:27 [main] DEBUG com.az.payment.PaymentApplication - Running with Spring Boot v3.3.0, Spring v6.1.8
2025-08-28 03:01:27 [main] INFO  com.az.payment.PaymentApplication - No active profile set, falling back to 1 default profile: "default"
2025-08-28 03:01:38 [main] INFO  com.az.payment.PaymentApplication - Started PaymentApplication in 11.479 seconds (process running for 12.05)
2025-08-28 03:01:42 [http-nio-8040-exec-2] INFO  c.az.payment.service.PaymentService - inside PaymentService.processRequest
2025-08-28 03:01:42 [http-nio-8040-exec-2] INFO  c.az.payment.service.PaymentService - mobile request : ProcessRequest(id=1, serviceId=1, parameters=[RequestParameter[id=3, key=amount, value=8000000], RequestParameter[id=4, key=To_BBAN, value=80111111112222]], accountFrom=0103093800043536)
2025-08-28 03:01:43 [http-nio-8040-exec-2] INFO  c.az.payment.service.PaymentService - transactionLog Id : 18552 : rrn(250828010010000002)
2025-08-28 03:01:43 [http-nio-8040-exec-2] INFO  c.az.payment.service.PaymentService - PaymentService::processRequest Getting service By ID 1 ,,,, and locale en
2025-08-28 03:01:43 [http-nio-8040-exec-2] INFO  c.az.payment.service.ServiceService - ServiceService.findById  return service with id 1
2025-08-28 03:01:47 [http-nio-8040-exec-2] INFO  c.az.payment.service.PaymentService - PaymentService::processRequest found Service Named EBS Transfer: By Id 1
2025-08-28 03:01:47 [http-nio-8040-exec-2] INFO  com.az.payment.mapper.RequestMapper - start Mapping Request .... ProcessRequest(id=1, serviceId=1, parameters=[RequestParameter[id=3, key=amount, value=8000000], RequestParameter[id=4, key=To_BBAN, value=80111111112222]], accountFrom=0103093800043536)
2025-08-28 03:01:49 [http-nio-8040-exec-2] INFO  com.az.payment.mapper.RequestMapper - reqRrn : 5 : transactionId : 250828010010000002
2025-08-28 03:01:49 [http-nio-8040-exec-2] INFO  com.az.payment.mapper.RequestMapper - start Mapping Additional Request Data Such as fixed Value and transaction ID if available 
2025-08-28 03:01:49 [http-nio-8040-exec-2] INFO  com.az.payment.mapper.RequestMapper - Lang : fixed
2025-08-28 03:01:49 [http-nio-8040-exec-2] INFO  com.az.payment.mapper.RequestMapper - end Mapping Request .... {"Lang":"1","To_BBAN":"80111111112222","transactionId":"250828010010000002","Amount":8000000}
2025-08-28 03:01:49 [http-nio-8040-exec-2] INFO  c.az.payment.service.PaymentService - PaymentService::processRequest mapped  RequestDTO To JSON Object {"Lang":"1","To_BBAN":"80111111112222","transactionId":"250828010010000002","Amount":8000000}
2025-08-28 03:01:49 [http-nio-8040-exec-2] INFO  c.az.payment.service.ServiceService - ServiceService.findById  return service with id 11
2025-08-28 03:01:50 [http-nio-8040-exec-2] INFO  com.az.payment.mapper.RequestMapper - start Mapping Request .... ProcessRequest(id=1, serviceId=11, parameters=[RequestParameter[id=41, key=accountFrom, value=0103093800043536]], accountFrom=null)
2025-08-28 03:01:50 [http-nio-8040-exec-2] INFO  com.az.payment.mapper.RequestMapper - reqRrn : -1 : transactionID : 250828010010000002
2025-08-28 03:01:50 [http-nio-8040-exec-2] INFO  com.az.payment.mapper.RequestMapper - start Mapping Additional Request Data Such as fixed Value and transaction ID if available 
2025-08-28 03:01:50 [http-nio-8040-exec-2] INFO  com.az.payment.mapper.RequestMapper - end Mapping Request .... {"transactionID":"250828010010000002","accountNo":"0103093800043536"}
2025-08-28 03:01:51 [http-nio-8040-exec-2] INFO  com.az.payment.service.ClientApi - ClientAPi::CallService response: {"ibanNo":"SD5208010036552501","accName":"ادارة الكلى وزارة الصحة ولاية الخرطوم","transactionID":"250828010010000002","responseCode":0,"responseMessage":"Success"}
2025-08-28 03:01:51 [http-nio-8040-exec-2] INFO  c.az.payment.service.ServiceService - ServiceService.findById  return service with id 11
2025-08-28 03:01:51 [http-nio-8040-exec-2] INFO  com.az.payment.mapper.RequestMapper - start Mapping Request .... ProcessRequest(id=1, serviceId=11, parameters=[RequestParameter[id=41, key=accountFrom, value=0103093800043536]], accountFrom=null)
2025-08-28 03:01:51 [http-nio-8040-exec-2] INFO  com.az.payment.mapper.RequestMapper - reqRrn : -1 : transactionID : 250828010010000002
2025-08-28 03:01:51 [http-nio-8040-exec-2] INFO  com.az.payment.mapper.RequestMapper - start Mapping Additional Request Data Such as fixed Value and transaction ID if available 
2025-08-28 03:01:51 [http-nio-8040-exec-2] INFO  com.az.payment.mapper.RequestMapper - end Mapping Request .... {"transactionID":"250828010010000002","accountNo":"0103093800043536"}
2025-08-28 03:01:51 [http-nio-8040-exec-2] INFO  com.az.payment.service.ClientApi - ClientAPi::CallService response: {"ibanNo":"SD5208010036552501","accName":"ادارة الكلى وزارة الصحة ولاية الخرطوم","transactionID":"250828010010000002","responseCode":0,"responseMessage":"Success"}
2025-08-28 03:01:52 [http-nio-8040-exec-2] INFO  c.az.payment.service.PaymentService - processing payment from account : 0103093800043536
2025-08-28 03:01:52 [http-nio-8040-exec-2] INFO  c.az.payment.service.PaymentService - ERROR[payCoreBank]:10056:Transaction Amount Exceed Service Limit Per Tran:1,000,000.00:0:ORA-0000: normal, successful completion
2025-08-28 03:01:52 [http-nio-8040-exec-2] INFO  c.az.payment.service.PaymentService - bankMapedResponse : PaymentResponse(responseParams=null, finalStatus=-1, isPayment=false, requestParams=null, responseCode=10056, responseMessage=rspMsg:Transaction Amount Exceed Service Limit Per Tran:1,000,000.00
sqlCode(0):ORA-0000: normal, successful completion, bankReference=null)
2025-08-28 03:01:52 [http-nio-8040-exec-2] ERROR c.az.payment.service.PaymentService - exception while mapping res code/msg:while mapping the code: response Code 10056 from biller -1 does not have equivalent definition 
2025-08-28 03:03:11 [http-nio-8040-exec-5] INFO  c.az.payment.service.PaymentService - inside PaymentService.processRequest
2025-08-28 03:03:11 [http-nio-8040-exec-5] INFO  c.az.payment.service.PaymentService - mobile request : ProcessRequest(id=1, serviceId=1, parameters=[RequestParameter[id=3, key=amount, value=8000000], RequestParameter[id=4, key=To_BBAN, value=80111111112222]], accountFrom=0103093800043536)
2025-08-28 03:03:11 [http-nio-8040-exec-5] INFO  c.az.payment.service.PaymentService - transactionLog Id : 18553 : rrn(250828010010000003)
2025-08-28 03:03:11 [http-nio-8040-exec-5] INFO  c.az.payment.service.PaymentService - PaymentService::processRequest Getting service By ID 1 ,,,, and locale en
2025-08-28 03:03:11 [http-nio-8040-exec-5] INFO  c.az.payment.service.ServiceService - ServiceService.findById  return service with id 1
2025-08-28 03:03:16 [http-nio-8040-exec-5] INFO  c.az.payment.service.PaymentService - PaymentService::processRequest found Service Named EBS Transfer: By Id 1
2025-08-28 03:03:16 [http-nio-8040-exec-5] INFO  com.az.payment.mapper.RequestMapper - start Mapping Request .... ProcessRequest(id=1, serviceId=1, parameters=[RequestParameter[id=3, key=amount, value=8000000], RequestParameter[id=4, key=To_BBAN, value=80111111112222]], accountFrom=0103093800043536)
2025-08-28 03:03:17 [http-nio-8040-exec-5] INFO  com.az.payment.mapper.RequestMapper - reqRrn : 5 : transactionId : 250828010010000003
2025-08-28 03:03:17 [http-nio-8040-exec-5] INFO  com.az.payment.mapper.RequestMapper - start Mapping Additional Request Data Such as fixed Value and transaction ID if available 
2025-08-28 03:03:17 [http-nio-8040-exec-5] INFO  com.az.payment.mapper.RequestMapper - Lang : fixed
2025-08-28 03:03:17 [http-nio-8040-exec-5] INFO  com.az.payment.mapper.RequestMapper - end Mapping Request .... {"Lang":"1","To_BBAN":"80111111112222","transactionId":"250828010010000003","Amount":8000000}
2025-08-28 03:03:17 [http-nio-8040-exec-5] INFO  c.az.payment.service.PaymentService - PaymentService::processRequest mapped  RequestDTO To JSON Object {"Lang":"1","To_BBAN":"80111111112222","transactionId":"250828010010000003","Amount":8000000}
2025-08-28 03:03:17 [http-nio-8040-exec-5] INFO  c.az.payment.service.ServiceService - ServiceService.findById  return service with id 11
2025-08-28 03:03:19 [http-nio-8040-exec-5] INFO  com.az.payment.mapper.RequestMapper - start Mapping Request .... ProcessRequest(id=1, serviceId=11, parameters=[RequestParameter[id=41, key=accountFrom, value=0103093800043536]], accountFrom=null)
2025-08-28 03:03:19 [http-nio-8040-exec-5] INFO  com.az.payment.mapper.RequestMapper - reqRrn : -1 : transactionID : 250828010010000003
2025-08-28 03:03:19 [http-nio-8040-exec-5] INFO  com.az.payment.mapper.RequestMapper - start Mapping Additional Request Data Such as fixed Value and transaction ID if available 
2025-08-28 03:03:19 [http-nio-8040-exec-5] INFO  com.az.payment.mapper.RequestMapper - end Mapping Request .... {"transactionID":"250828010010000003","accountNo":"0103093800043536"}
2025-08-28 03:03:19 [http-nio-8040-exec-5] INFO  com.az.payment.service.ClientApi - ClientAPi::CallService response: {"ibanNo":"SD5208010036552501","accName":"ادارة الكلى وزارة الصحة ولاية الخرطوم","transactionID":"250828010010000003","responseCode":0,"responseMessage":"Success"}
2025-08-28 03:03:19 [http-nio-8040-exec-5] INFO  c.az.payment.service.ServiceService - ServiceService.findById  return service with id 11
2025-08-28 03:03:19 [http-nio-8040-exec-5] INFO  com.az.payment.mapper.RequestMapper - start Mapping Request .... ProcessRequest(id=1, serviceId=11, parameters=[RequestParameter[id=41, key=accountFrom, value=0103093800043536]], accountFrom=null)
2025-08-28 03:03:19 [http-nio-8040-exec-5] INFO  com.az.payment.mapper.RequestMapper - reqRrn : -1 : transactionID : 250828010010000003
2025-08-28 03:03:19 [http-nio-8040-exec-5] INFO  com.az.payment.mapper.RequestMapper - start Mapping Additional Request Data Such as fixed Value and transaction ID if available 
2025-08-28 03:03:19 [http-nio-8040-exec-5] INFO  com.az.payment.mapper.RequestMapper - end Mapping Request .... {"transactionID":"250828010010000003","accountNo":"0103093800043536"}
2025-08-28 03:03:19 [http-nio-8040-exec-5] INFO  com.az.payment.service.ClientApi - ClientAPi::CallService response: {"ibanNo":"SD5208010036552501","accName":"ادارة الكلى وزارة الصحة ولاية الخرطوم","transactionID":"250828010010000003","responseCode":0,"responseMessage":"Success"}
2025-08-28 03:03:20 [http-nio-8040-exec-5] INFO  c.az.payment.service.PaymentService - processing payment from account : 0103093800043536
2025-08-28 03:03:20 [http-nio-8040-exec-5] INFO  c.az.payment.service.PaymentService - ERROR[payCoreBank]:10056:Transaction Amount Exceed Service Limit Per Tran:1,000,000.00:0:ORA-0000: normal, successful completion
2025-08-28 03:03:20 [http-nio-8040-exec-5] INFO  c.az.payment.service.PaymentService - bankMapedResponse : PaymentResponse(responseParams=null, finalStatus=-1, isPayment=false, requestParams=null, responseCode=10056, responseMessage=rspMsg:Transaction Amount Exceed Service Limit Per Tran:1,000,000.00
sqlCode(0):ORA-0000: normal, successful completion, bankReference=null)
2025-08-28 03:04:02 [http-nio-8040-exec-6] INFO  c.az.payment.service.PaymentService - inside PaymentService.processRequest
2025-08-28 03:04:02 [http-nio-8040-exec-6] INFO  c.az.payment.service.PaymentService - mobile request : ProcessRequest(id=1, serviceId=1, parameters=[RequestParameter[id=3, key=amount, value=8000000], RequestParameter[id=4, key=To_BBAN, value=80111111112222]], accountFrom=0103093800043536)
2025-08-28 03:04:02 [http-nio-8040-exec-6] INFO  c.az.payment.service.PaymentService - transactionLog Id : 18554 : rrn(250828010010000004)
2025-08-28 03:04:02 [http-nio-8040-exec-6] INFO  c.az.payment.service.PaymentService - PaymentService::processRequest Getting service By ID 1 ,,,, and locale ar
2025-08-28 03:04:02 [http-nio-8040-exec-6] INFO  c.az.payment.service.ServiceService - ServiceService.findById  return service with id 1
2025-08-28 03:04:07 [http-nio-8040-exec-6] INFO  c.az.payment.service.PaymentService - PaymentService::processRequest found Service Named EBS Transfer: By Id 1
2025-08-28 03:04:07 [http-nio-8040-exec-6] INFO  com.az.payment.mapper.RequestMapper - start Mapping Request .... ProcessRequest(id=1, serviceId=1, parameters=[RequestParameter[id=3, key=amount, value=8000000], RequestParameter[id=4, key=To_BBAN, value=80111111112222]], accountFrom=0103093800043536)
2025-08-28 03:04:08 [http-nio-8040-exec-6] INFO  com.az.payment.mapper.RequestMapper - reqRrn : 5 : transactionId : 250828010010000004
2025-08-28 03:04:08 [http-nio-8040-exec-6] INFO  com.az.payment.mapper.RequestMapper - start Mapping Additional Request Data Such as fixed Value and transaction ID if available 
2025-08-28 03:04:08 [http-nio-8040-exec-6] INFO  com.az.payment.mapper.RequestMapper - Lang : fixed
2025-08-28 03:04:08 [http-nio-8040-exec-6] INFO  com.az.payment.mapper.RequestMapper - end Mapping Request .... {"Lang":"1","To_BBAN":"80111111112222","transactionId":"250828010010000004","Amount":8000000}
2025-08-28 03:04:08 [http-nio-8040-exec-6] INFO  c.az.payment.service.PaymentService - PaymentService::processRequest mapped  RequestDTO To JSON Object {"Lang":"1","To_BBAN":"80111111112222","transactionId":"250828010010000004","Amount":8000000}
2025-08-28 03:04:08 [http-nio-8040-exec-6] INFO  c.az.payment.service.ServiceService - ServiceService.findById  return service with id 11
2025-08-28 03:04:10 [http-nio-8040-exec-6] INFO  com.az.payment.mapper.RequestMapper - start Mapping Request .... ProcessRequest(id=1, serviceId=11, parameters=[RequestParameter[id=41, key=accountFrom, value=0103093800043536]], accountFrom=null)
2025-08-28 03:04:10 [http-nio-8040-exec-6] INFO  com.az.payment.mapper.RequestMapper - reqRrn : -1 : transactionID : 250828010010000004
2025-08-28 03:04:10 [http-nio-8040-exec-6] INFO  com.az.payment.mapper.RequestMapper - start Mapping Additional Request Data Such as fixed Value and transaction ID if available 
2025-08-28 03:04:10 [http-nio-8040-exec-6] INFO  com.az.payment.mapper.RequestMapper - end Mapping Request .... {"transactionID":"250828010010000004","accountNo":"0103093800043536"}
2025-08-28 03:04:10 [http-nio-8040-exec-6] INFO  com.az.payment.service.ClientApi - ClientAPi::CallService response: {"ibanNo":"SD5208010036552501","accName":"ادارة الكلى وزارة الصحة ولاية الخرطوم","transactionID":"250828010010000004","responseCode":0,"responseMessage":"Success"}
2025-08-28 03:04:10 [http-nio-8040-exec-6] INFO  c.az.payment.service.ServiceService - ServiceService.findById  return service with id 11
2025-08-28 03:04:10 [http-nio-8040-exec-6] INFO  com.az.payment.mapper.RequestMapper - start Mapping Request .... ProcessRequest(id=1, serviceId=11, parameters=[RequestParameter[id=41, key=accountFrom, value=0103093800043536]], accountFrom=null)
2025-08-28 03:04:10 [http-nio-8040-exec-6] INFO  com.az.payment.mapper.RequestMapper - reqRrn : -1 : transactionID : 250828010010000004
2025-08-28 03:04:10 [http-nio-8040-exec-6] INFO  com.az.payment.mapper.RequestMapper - start Mapping Additional Request Data Such as fixed Value and transaction ID if available 
2025-08-28 03:04:10 [http-nio-8040-exec-6] INFO  com.az.payment.mapper.RequestMapper - end Mapping Request .... {"transactionID":"250828010010000004","accountNo":"0103093800043536"}
2025-08-28 03:04:10 [http-nio-8040-exec-6] INFO  com.az.payment.service.ClientApi - ClientAPi::CallService response: {"ibanNo":"SD5208010036552501","accName":"ادارة الكلى وزارة الصحة ولاية الخرطوم","transactionID":"250828010010000004","responseCode":0,"responseMessage":"Success"}
2025-08-28 03:04:11 [http-nio-8040-exec-6] INFO  c.az.payment.service.PaymentService - processing payment from account : 0103093800043536
2025-08-28 03:04:11 [http-nio-8040-exec-6] INFO  c.az.payment.service.PaymentService - ERROR[payCoreBank]:10056:Transaction Amount Exceed Service Limit Per Tran:1,000,000.00:0:ORA-0000: normal, successful completion
2025-08-28 03:04:11 [http-nio-8040-exec-6] INFO  c.az.payment.service.PaymentService - bankMapedResponse : PaymentResponse(responseParams=null, finalStatus=-1, isPayment=false, requestParams=null, responseCode=10056, responseMessage=rspMsg:Transaction Amount Exceed Service Limit Per Tran:1,000,000.00
sqlCode(0):ORA-0000: normal, successful completion, bankReference=null)
2025-08-28 03:10:47 [http-nio-8040-exec-9] INFO  c.az.payment.service.PaymentService - inside PaymentService.processRequest
2025-08-28 03:10:47 [http-nio-8040-exec-9] INFO  c.az.payment.service.PaymentService - mobile request : ProcessRequest(id=1, serviceId=1, parameters=[RequestParameter[id=3, key=amount, value=8000000], RequestParameter[id=4, key=To_BBAN, value=80111111112222]], accountFrom=0103093800043536)
2025-08-28 03:10:48 [http-nio-8040-exec-9] INFO  c.az.payment.service.PaymentService - transactionLog Id : 18555 : rrn(250828010010000005)
2025-08-28 03:10:48 [http-nio-8040-exec-9] INFO  c.az.payment.service.PaymentService - PaymentService::processRequest Getting service By ID 1 ,,,, and locale ar
2025-08-28 03:10:48 [http-nio-8040-exec-9] INFO  c.az.payment.service.ServiceService - ServiceService.findById  return service with id 1
2025-08-28 03:10:52 [http-nio-8040-exec-9] INFO  c.az.payment.service.PaymentService - PaymentService::processRequest found Service Named EBS Transfer: By Id 1
2025-08-28 03:10:52 [http-nio-8040-exec-9] INFO  com.az.payment.mapper.RequestMapper - start Mapping Request .... ProcessRequest(id=1, serviceId=1, parameters=[RequestParameter[id=3, key=amount, value=8000000], RequestParameter[id=4, key=To_BBAN, value=80111111112222]], accountFrom=0103093800043536)
2025-08-28 03:10:54 [http-nio-8040-exec-9] INFO  com.az.payment.mapper.RequestMapper - reqRrn : 5 : transactionId : 250828010010000005
2025-08-28 03:10:54 [http-nio-8040-exec-9] INFO  com.az.payment.mapper.RequestMapper - start Mapping Additional Request Data Such as fixed Value and transaction ID if available 
2025-08-28 03:10:54 [http-nio-8040-exec-9] INFO  com.az.payment.mapper.RequestMapper - Lang : fixed
2025-08-28 03:10:54 [http-nio-8040-exec-9] INFO  com.az.payment.mapper.RequestMapper - end Mapping Request .... {"Lang":"1","To_BBAN":"80111111112222","transactionId":"250828010010000005","Amount":8000000}
2025-08-28 03:10:54 [http-nio-8040-exec-9] INFO  c.az.payment.service.PaymentService - PaymentService::processRequest mapped  RequestDTO To JSON Object {"Lang":"1","To_BBAN":"80111111112222","transactionId":"250828010010000005","Amount":8000000}
2025-08-28 03:10:54 [http-nio-8040-exec-9] INFO  c.az.payment.service.ServiceService - ServiceService.findById  return service with id 11
2025-08-28 03:10:55 [http-nio-8040-exec-9] INFO  com.az.payment.mapper.RequestMapper - start Mapping Request .... ProcessRequest(id=1, serviceId=11, parameters=[RequestParameter[id=41, key=accountFrom, value=0103093800043536]], accountFrom=null)
2025-08-28 03:10:55 [http-nio-8040-exec-9] INFO  com.az.payment.mapper.RequestMapper - reqRrn : -1 : transactionID : 250828010010000005
2025-08-28 03:10:55 [http-nio-8040-exec-9] INFO  com.az.payment.mapper.RequestMapper - start Mapping Additional Request Data Such as fixed Value and transaction ID if available 
2025-08-28 03:10:55 [http-nio-8040-exec-9] INFO  com.az.payment.mapper.RequestMapper - end Mapping Request .... {"transactionID":"250828010010000005","accountNo":"0103093800043536"}
2025-08-28 03:10:56 [http-nio-8040-exec-9] INFO  com.az.payment.service.ClientApi - ClientAPi::CallService response: {"ibanNo":"SD5208010036552501","accName":"ادارة الكلى وزارة الصحة ولاية الخرطوم","transactionID":"250828010010000005","responseCode":0,"responseMessage":"Success"}
2025-08-28 03:10:56 [http-nio-8040-exec-9] INFO  c.az.payment.service.ServiceService - ServiceService.findById  return service with id 11
2025-08-28 03:10:56 [http-nio-8040-exec-9] INFO  com.az.payment.mapper.RequestMapper - start Mapping Request .... ProcessRequest(id=1, serviceId=11, parameters=[RequestParameter[id=41, key=accountFrom, value=0103093800043536]], accountFrom=null)
2025-08-28 03:10:56 [http-nio-8040-exec-9] INFO  com.az.payment.mapper.RequestMapper - reqRrn : -1 : transactionID : 250828010010000005
2025-08-28 03:10:56 [http-nio-8040-exec-9] INFO  com.az.payment.mapper.RequestMapper - start Mapping Additional Request Data Such as fixed Value and transaction ID if available 
2025-08-28 03:10:56 [http-nio-8040-exec-9] INFO  com.az.payment.mapper.RequestMapper - end Mapping Request .... {"transactionID":"250828010010000005","accountNo":"0103093800043536"}
2025-08-28 03:10:56 [http-nio-8040-exec-9] INFO  com.az.payment.service.ClientApi - ClientAPi::CallService response: {"ibanNo":"SD5208010036552501","accName":"ادارة الكلى وزارة الصحة ولاية الخرطوم","transactionID":"250828010010000005","responseCode":0,"responseMessage":"Success"}
2025-08-28 03:10:57 [http-nio-8040-exec-9] INFO  c.az.payment.service.PaymentService - processing payment from account : 0103093800043536
2025-08-28 03:10:57 [http-nio-8040-exec-9] INFO  c.az.payment.service.PaymentService - ERROR[payCoreBank]:10056:Transaction Amount Exceed Service Limit Per Tran:1,000,000.00:0:ORA-0000: normal, successful completion
2025-08-28 03:10:57 [http-nio-8040-exec-9] INFO  c.az.payment.service.PaymentService - bankMapedResponse : PaymentResponse(responseParams=null, finalStatus=-1, isPayment=false, requestParams=null, responseCode=10056, responseMessage=rspMsg:Transaction Amount Exceed Service Limit Per Tran:1,000,000.00
sqlCode(0):ORA-0000: normal, successful completion, bankReference=null)
2025-08-28 20:07:37 [main] INFO  com.az.payment.PaymentApplication - Starting PaymentApplication using Java 17.0.12 with PID 21716 (D:\____WorkSpace\AZ\code backups\e-payment_5_5_2025\payment\target\classes started by HP in D:\____WorkSpace\AZ\code backups\e-payment_5_5_2025\payment)
2025-08-28 20:07:37 [main] DEBUG com.az.payment.PaymentApplication - Running with Spring Boot v3.3.0, Spring v6.1.8
2025-08-28 20:07:37 [main] INFO  com.az.payment.PaymentApplication - No active profile set, falling back to 1 default profile: "default"
2025-08-28 20:07:50 [main] INFO  com.az.payment.PaymentApplication - Started PaymentApplication in 14.216 seconds (process running for 14.941)
2025-08-28 20:09:37 [http-nio-8040-exec-2] INFO  c.az.payment.service.PaymentService - inside PaymentService.processRequest
2025-08-28 20:09:37 [http-nio-8040-exec-2] INFO  c.az.payment.service.PaymentService - mobile request : ProcessRequest(id=1, serviceId=5, parameters=[RequestParameter[id=6, key=meter, value=04000000077], RequestParameter[id=7, key=tarrifCode, value=01]], accountFrom=null)
2025-08-28 20:09:38 [http-nio-8040-exec-2] INFO  c.az.payment.service.PaymentService - transactionLog Id : 18602 : rrn(250828010050000021)
2025-08-28 20:09:38 [http-nio-8040-exec-2] INFO  c.az.payment.service.PaymentService - PaymentService::processRequest Getting service By ID 5 ,,,, and locale en
2025-08-28 20:09:38 [http-nio-8040-exec-2] INFO  c.az.payment.service.ServiceService - ServiceService.findById  return service with id 5
2025-08-28 20:09:40 [http-nio-8040-exec-2] INFO  c.az.payment.service.PaymentService - Biller(1) doesn't have service(5)
2025-08-28 20:09:40 [http-nio-8040-exec-2] INFO  c.az.payment.service.PaymentService - PaymentService::processRequest found Service Named Sudan Electricity: By Id 5
2025-08-28 20:09:40 [http-nio-8040-exec-2] INFO  com.az.payment.mapper.RequestMapper - start Mapping Request .... ProcessRequest(id=1, serviceId=5, parameters=[RequestParameter[id=6, key=meter, value=04000000077], RequestParameter[id=7, key=tarrifCode, value=01]], accountFrom=null)
2025-08-28 20:09:41 [http-nio-8040-exec-2] INFO  com.az.payment.mapper.RequestMapper - reqRrn : -1 : transactionID : 250828010050000021
2025-08-28 20:09:41 [http-nio-8040-exec-2] INFO  com.az.payment.mapper.RequestMapper - start Mapping Additional Request Data Such as fixed Value and transaction ID if available 
2025-08-28 20:09:41 [http-nio-8040-exec-2] INFO  com.az.payment.mapper.RequestMapper - end Mapping Request .... {"meterno":"04000000077","tariff_code":"01","transactionID":"250828010050000021"}
2025-08-28 20:09:41 [http-nio-8040-exec-2] INFO  c.az.payment.service.PaymentService - PaymentService::processRequest mapped  RequestDTO To JSON Object {"meterno":"04000000077","tariff_code":"01","transactionID":"250828010050000021"}
2025-08-28 20:09:47 [http-nio-8040-exec-2] INFO  com.az.payment.service.ClientApi - ClientAPi::CallService response: {"meterno":"04000000077","amount":1000.0,"calcQty":303.3,"PayCustomerName":"HASsan Mustafa","AdditionalRefrence":"1524115512441","tariff_code":"01","BillerVoucher":"12222115222415","responseCode":"0"}
2025-08-28 20:09:47 [http-nio-8040-exec-2] INFO  c.az.payment.service.PaymentService - {"amount":1000,"AdditionalRefrence":"1524115512441","tariff_code":"01","meterno":"04000000077","BillerVoucher":"12222115222415","PayCustomerName":"HASsan Mustafa","calcQty":303.3,"responseCode":"0"}
2025-08-28 20:09:48 [http-nio-8040-exec-2] INFO  c.az.payment.service.PaymentService - #################### Biller Failed:Starting reverse process if the service isPayment
2025-08-28 20:09:49 [http-nio-8040-exec-2] ERROR c.az.payment.service.PaymentService - SYSTEM ERR: while mapping the code: response Code -1016 from biller 1 does not have equivalent definition 
2025-08-28 20:10:46 [main] INFO  com.az.payment.PaymentApplication - Starting PaymentApplication using Java 17.0.12 with PID 24776 (D:\____WorkSpace\AZ\code backups\e-payment_5_5_2025\payment\target\classes started by HP in D:\____WorkSpace\AZ\code backups\e-payment_5_5_2025\payment)
2025-08-28 20:10:46 [main] DEBUG com.az.payment.PaymentApplication - Running with Spring Boot v3.3.0, Spring v6.1.8
2025-08-28 20:10:46 [main] INFO  com.az.payment.PaymentApplication - No active profile set, falling back to 1 default profile: "default"
2025-08-28 20:10:58 [main] INFO  com.az.payment.PaymentApplication - Started PaymentApplication in 13.508 seconds (process running for 14.916)
2025-08-28 20:15:13 [http-nio-8040-exec-3] INFO  c.az.payment.service.PaymentService - inside PaymentService.processRequest
2025-08-28 20:15:13 [http-nio-8040-exec-3] INFO  c.az.payment.service.PaymentService - mobile request : ProcessRequest(id=1, serviceId=5, parameters=[RequestParameter[id=6, key=meter, value=04000000077], RequestParameter[id=7, key=tarrifCode, value=01]], accountFrom=null)
2025-08-28 20:15:14 [http-nio-8040-exec-3] INFO  c.az.payment.service.PaymentService - transactionLog Id : 18652 : rrn(250828010050000022)
2025-08-28 20:15:14 [http-nio-8040-exec-3] INFO  c.az.payment.service.PaymentService - PaymentService::processRequest Getting service By ID 5 ,,,, and locale en
2025-08-28 20:15:14 [http-nio-8040-exec-3] INFO  c.az.payment.service.ServiceService - ServiceService.findById  return service with id 5
2025-08-28 20:15:16 [http-nio-8040-exec-3] INFO  c.az.payment.service.PaymentService - Biller(1) doesn't have service(5)
2025-08-28 20:15:16 [http-nio-8040-exec-3] INFO  c.az.payment.service.PaymentService - PaymentService::processRequest found Service Named Sudan Electricity: By Id 5
2025-08-28 20:15:16 [http-nio-8040-exec-3] INFO  com.az.payment.mapper.RequestMapper - start Mapping Request .... ProcessRequest(id=1, serviceId=5, parameters=[RequestParameter[id=6, key=meter, value=04000000077], RequestParameter[id=7, key=tarrifCode, value=01]], accountFrom=null)
2025-08-28 20:15:17 [http-nio-8040-exec-3] INFO  com.az.payment.mapper.RequestMapper - reqRrn : -1 : transactionID : 250828010050000022
2025-08-28 20:15:17 [http-nio-8040-exec-3] INFO  com.az.payment.mapper.RequestMapper - start Mapping Additional Request Data Such as fixed Value and transaction ID if available 
2025-08-28 20:15:17 [http-nio-8040-exec-3] INFO  com.az.payment.mapper.RequestMapper - end Mapping Request .... {"meterno":"04000000077","tariff_code":"01","transactionID":"250828010050000022"}
2025-08-28 20:15:17 [http-nio-8040-exec-3] INFO  c.az.payment.service.PaymentService - PaymentService::processRequest mapped  RequestDTO To JSON Object {"meterno":"04000000077","tariff_code":"01","transactionID":"250828010050000022"}
2025-08-28 20:15:22 [http-nio-8040-exec-3] INFO  com.az.payment.service.ClientApi - ClientAPi::CallService response: {"meterno":"04000000077","amount":1000.0,"calcQty":303.3,"PayCustomerName":"HASsan Mustafa","AdditionalRefrence":"1524115512441","tariff_code":"01","BillerVoucher":"12222115222415","responseCode":"0"}
2025-08-28 20:15:22 [http-nio-8040-exec-3] INFO  c.az.payment.service.PaymentService - {"amount":1000,"AdditionalRefrence":"1524115512441","tariff_code":"01","meterno":"04000000077","BillerVoucher":"12222115222415","PayCustomerName":"HASsan Mustafa","calcQty":303.3,"responseCode":"0"}
2025-08-28 21:46:17 [http-nio-8040-exec-3] INFO  c.az.payment.service.PaymentService - #################### Biller Failed:Starting reverse process if the service isPayment
2025-08-28 21:46:22 [http-nio-8040-exec-2] INFO  c.az.payment.service.PaymentService - inside PaymentService.processRequest
2025-08-28 21:46:22 [http-nio-8040-exec-2] INFO  c.az.payment.service.PaymentService - mobile request : ProcessRequest(id=1, serviceId=5, parameters=[RequestParameter[id=6, key=meter, value=04000000077], RequestParameter[id=7, key=tarrifCode, value=01]], accountFrom=null)
2025-08-28 21:46:23 [http-nio-8040-exec-2] INFO  c.az.payment.service.PaymentService - transactionLog Id : 18653 : rrn(250828010050000023)
2025-08-28 21:46:23 [http-nio-8040-exec-2] INFO  c.az.payment.service.PaymentService - PaymentService::processRequest Getting service By ID 5 ,,,, and locale en
2025-08-28 21:46:23 [http-nio-8040-exec-2] INFO  c.az.payment.service.ServiceService - ServiceService.findById  return service with id 5
2025-08-28 21:46:25 [http-nio-8040-exec-2] INFO  c.az.payment.service.PaymentService - Biller(1) doesn't have service(5)
2025-08-28 21:46:25 [http-nio-8040-exec-2] INFO  c.az.payment.service.PaymentService - PaymentService::processRequest found Service Named Sudan Electricity: By Id 5
2025-08-28 21:46:25 [http-nio-8040-exec-2] INFO  com.az.payment.mapper.RequestMapper - start Mapping Request .... ProcessRequest(id=1, serviceId=5, parameters=[RequestParameter[id=6, key=meter, value=04000000077], RequestParameter[id=7, key=tarrifCode, value=01]], accountFrom=null)
2025-08-28 21:46:26 [http-nio-8040-exec-2] INFO  com.az.payment.mapper.RequestMapper - reqRrn : -1 : transactionID : 250828010050000023
2025-08-28 21:46:26 [http-nio-8040-exec-2] INFO  com.az.payment.mapper.RequestMapper - start Mapping Additional Request Data Such as fixed Value and transaction ID if available 
2025-08-28 21:46:26 [http-nio-8040-exec-2] INFO  com.az.payment.mapper.RequestMapper - end Mapping Request .... {"meterno":"04000000077","tariff_code":"01","transactionID":"250828010050000023"}
2025-08-28 21:46:26 [http-nio-8040-exec-2] INFO  c.az.payment.service.PaymentService - PaymentService::processRequest mapped  RequestDTO To JSON Object {"meterno":"04000000077","tariff_code":"01","transactionID":"250828010050000023"}
2025-08-28 21:46:31 [http-nio-8040-exec-2] INFO  com.az.payment.service.ClientApi - ClientAPi::CallService response: {"meterno":"04000000077","amount":1000.0,"calcQty":303.3,"PayCustomerName":"HASsan Mustafa","AdditionalRefrence":"1524115512441","tariff_code":"01","BillerVoucher":"12222115222415","responseCode":"0"}
2025-08-28 21:46:31 [http-nio-8040-exec-2] INFO  c.az.payment.service.PaymentService - {"amount":1000,"AdditionalRefrence":"1524115512441","tariff_code":"01","meterno":"04000000077","BillerVoucher":"12222115222415","PayCustomerName":"HASsan Mustafa","calcQty":303.3,"responseCode":"0"}
2025-08-28 21:46:32 [http-nio-8040-exec-2] INFO  c.az.payment.service.PaymentService - #################### Biller Failed:Starting reverse process if the service isPayment
2025-08-28 21:46:33 [http-nio-8040-exec-2] INFO  c.az.payment.service.PaymentService - PaymentResponse(responseParams=null, finalStatus=-1, isPayment=false, requestParams=null, responseCode=10, responseMessage=None, bankReference=250828010050000023)
2025-08-28 21:49:05 [main] INFO  com.az.payment.PaymentApplication - Starting PaymentApplication using Java 17.0.12 with PID 24356 (D:\____WorkSpace\AZ\code backups\e-payment_5_5_2025\payment\target\classes started by HP in D:\____WorkSpace\AZ\code backups\e-payment_5_5_2025\payment)
2025-08-28 21:49:05 [main] DEBUG com.az.payment.PaymentApplication - Running with Spring Boot v3.3.0, Spring v6.1.8
2025-08-28 21:49:05 [main] INFO  com.az.payment.PaymentApplication - No active profile set, falling back to 1 default profile: "default"
2025-08-28 21:49:16 [main] INFO  com.az.payment.PaymentApplication - Started PaymentApplication in 12.25 seconds (process running for 13.171)
2025-08-28 21:49:55 [http-nio-8040-exec-3] INFO  c.az.payment.service.PaymentService - inside PaymentService.processRequest
2025-08-28 21:49:55 [http-nio-8040-exec-3] INFO  c.az.payment.service.PaymentService - mobile request : ProcessRequest(id=1, serviceId=5, parameters=[RequestParameter[id=6, key=meter, value=04000000077], RequestParameter[id=7, key=tarrifCode, value=01]], accountFrom=null)
2025-08-28 21:49:56 [http-nio-8040-exec-3] INFO  c.az.payment.service.PaymentService - transactionLog Id : 18702 : rrn(250828010050000024)
2025-08-28 21:49:56 [http-nio-8040-exec-3] INFO  c.az.payment.service.PaymentService - PaymentService::processRequest Getting service By ID 5 ,,,, and locale en
2025-08-28 21:49:56 [http-nio-8040-exec-3] INFO  c.az.payment.service.ServiceService - ServiceService.findById  return service with id 5
2025-08-28 21:49:58 [http-nio-8040-exec-3] INFO  c.az.payment.service.PaymentService - Biller(1) doesn't have service(5)
2025-08-28 21:49:58 [http-nio-8040-exec-3] INFO  c.az.payment.service.PaymentService - PaymentService::processRequest found Service Named Sudan Electricity: By Id 5
2025-08-28 21:49:58 [http-nio-8040-exec-3] INFO  com.az.payment.mapper.RequestMapper - start Mapping Request .... ProcessRequest(id=1, serviceId=5, parameters=[RequestParameter[id=6, key=meter, value=04000000077], RequestParameter[id=7, key=tarrifCode, value=01]], accountFrom=null)
2025-08-28 21:49:59 [http-nio-8040-exec-3] INFO  com.az.payment.mapper.RequestMapper - reqRrn : -1 : transactionID : 250828010050000024
2025-08-28 21:49:59 [http-nio-8040-exec-3] INFO  com.az.payment.mapper.RequestMapper - start Mapping Additional Request Data Such as fixed Value and transaction ID if available 
2025-08-28 21:49:59 [http-nio-8040-exec-3] INFO  com.az.payment.mapper.RequestMapper - end Mapping Request .... {"meterno":"04000000077","tariff_code":"01","transactionID":"250828010050000024"}
2025-08-28 21:49:59 [http-nio-8040-exec-3] INFO  c.az.payment.service.PaymentService - PaymentService::processRequest mapped  RequestDTO To JSON Object {"meterno":"04000000077","tariff_code":"01","transactionID":"250828010050000024"}
2025-08-28 21:50:04 [http-nio-8040-exec-3] INFO  com.az.payment.service.ClientApi - ClientAPi::CallService response: {"meterno":"04000000077","amount":1000.0,"calcQty":303.3,"PayCustomerName":"HASsan Mustafa","AdditionalRefrence":"1524115512441","tariff_code":"01","BillerVoucher":"12222115222415","responseCode":"0"}
2025-08-28 21:50:04 [http-nio-8040-exec-3] INFO  c.az.payment.service.PaymentService - {"amount":1000,"AdditionalRefrence":"1524115512441","tariff_code":"01","meterno":"04000000077","BillerVoucher":"12222115222415","PayCustomerName":"HASsan Mustafa","calcQty":303.3,"responseCode":"0"}
2025-08-28 21:55:21 [http-nio-8040-exec-3] INFO  c.az.payment.service.PaymentService - #################### Biller Failed:Starting reverse process if the service isPayment
2025-08-28 21:56:55 [main] INFO  com.az.payment.PaymentApplication - Starting PaymentApplication using Java 17.0.12 with PID 34140 (D:\____WorkSpace\AZ\code backups\e-payment_5_5_2025\payment\target\classes started by HP in D:\____WorkSpace\AZ\code backups\e-payment_5_5_2025\payment)
2025-08-28 21:56:55 [main] DEBUG com.az.payment.PaymentApplication - Running with Spring Boot v3.3.0, Spring v6.1.8
2025-08-28 21:56:55 [main] INFO  com.az.payment.PaymentApplication - No active profile set, falling back to 1 default profile: "default"
2025-08-28 21:57:07 [main] INFO  com.az.payment.PaymentApplication - Started PaymentApplication in 12.19 seconds (process running for 12.852)
2025-08-28 21:57:21 [http-nio-8040-exec-2] INFO  c.az.payment.service.PaymentService - inside PaymentService.processRequest
2025-08-28 21:57:21 [http-nio-8040-exec-2] INFO  c.az.payment.service.PaymentService - mobile request : ProcessRequest(id=4, serviceId=5, parameters=[RequestParameter[id=6, key=meter, value=04000000077], RequestParameter[id=7, key=tarrifCode, value=01]], accountFrom=null)
2025-08-28 21:57:22 [http-nio-8040-exec-2] INFO  c.az.payment.service.PaymentService - transactionLog Id : 18752 : rrn(250828040050000025)
2025-08-28 21:57:22 [http-nio-8040-exec-2] INFO  c.az.payment.service.PaymentService - PaymentService::processRequest Getting service By ID 5 ,,,, and locale en
2025-08-28 21:57:22 [http-nio-8040-exec-2] INFO  c.az.payment.service.ServiceService - ServiceService.findById  return service with id 5
2025-08-28 21:57:24 [http-nio-8040-exec-2] INFO  c.az.payment.service.PaymentService - Biller(4) doesn't have service(5)
2025-08-28 21:57:24 [http-nio-8040-exec-2] INFO  c.az.payment.service.PaymentService - PaymentService::processRequest found Service Named Sudan Electricity: By Id 5
2025-08-28 21:57:24 [http-nio-8040-exec-2] INFO  com.az.payment.mapper.RequestMapper - start Mapping Request .... ProcessRequest(id=4, serviceId=5, parameters=[RequestParameter[id=6, key=meter, value=04000000077], RequestParameter[id=7, key=tarrifCode, value=01]], accountFrom=null)
2025-08-28 21:57:25 [http-nio-8040-exec-2] INFO  com.az.payment.mapper.RequestMapper - reqRrn : -1 : transactionID : 250828040050000025
2025-08-28 21:57:25 [http-nio-8040-exec-2] INFO  com.az.payment.mapper.RequestMapper - start Mapping Additional Request Data Such as fixed Value and transaction ID if available 
2025-08-28 21:57:25 [http-nio-8040-exec-2] INFO  com.az.payment.mapper.RequestMapper - end Mapping Request .... {"meterno":"04000000077","tariff_code":"01","transactionID":"250828040050000025"}
2025-08-28 21:57:25 [http-nio-8040-exec-2] INFO  c.az.payment.service.PaymentService - PaymentService::processRequest mapped  RequestDTO To JSON Object {"meterno":"04000000077","tariff_code":"01","transactionID":"250828040050000025"}
2025-08-28 21:57:26 [http-nio-8040-exec-2] INFO  com.az.payment.service.ClientApi - ClientAPi::CallService response: {"meterno":"04000000077","amount":1000.0,"calcQty":303.3,"PayCustomerName":"HASsan Mustafa","AdditionalRefrence":"1524115512441","tariff_code":"01","BillerVoucher":"12222115222415","responseCode":"0"}
2025-08-28 21:57:26 [http-nio-8040-exec-2] INFO  c.az.payment.service.PaymentService - {"amount":1000,"AdditionalRefrence":"1524115512441","tariff_code":"01","meterno":"04000000077","BillerVoucher":"12222115222415","PayCustomerName":"HASsan Mustafa","calcQty":303.3,"responseCode":"0"}
2025-08-28 21:57:27 [http-nio-8040-exec-2] INFO  c.az.payment.service.PaymentService - #################### SUCCESS
2025-08-28 21:57:28 [http-nio-8040-exec-2] INFO  c.az.payment.service.PaymentService - PaymentService::processResponse  Response returned From restApi {"amount":1000,"AdditionalRefrence":"1524115512441","tariff_code":"01","meterno":"04000000077","BillerVoucher":"12222115222415","PayCustomerName":"HASsan Mustafa","calcQty":303.3,"responseCode":"0"}
2025-08-28 21:57:28 [http-nio-8040-exec-2] INFO  com.az.payment.utils.Validation - Validation::validateResponse Validating response  ,,, apiResponse = {"amount":1000,"AdditionalRefrence":"1524115512441","tariff_code":"01","meterno":"04000000077","BillerVoucher":"12222115222415","PayCustomerName":"HASsan Mustafa","calcQty":303.3,"responseCode":"0"},,,, for service ID 5 , with name Sudan Electricity
2025-08-28 21:57:28 [http-nio-8040-exec-2] INFO  c.az.payment.service.ServiceService - ServiceService.findResponseParameterByServiceId  ServiceID : 5
2025-08-28 21:57:28 [http-nio-8040-exec-2] INFO  com.az.payment.utils.Validation - parameter in List is tariff_code,,,, first check true , second check true 
2025-08-28 21:57:28 [http-nio-8040-exec-2] INFO  com.az.payment.utils.Validation - parameter in List is meterno,,,, first check true , second check true 
2025-08-28 21:57:28 [http-nio-8040-exec-2] INFO  com.az.payment.utils.Validation - parameter in List is AdditionalRefrence,,,, first check true , second check true 
2025-08-28 21:57:28 [http-nio-8040-exec-2] INFO  com.az.payment.utils.Validation - parameter in List is responseCode,,,, first check false , second check false 
2025-08-28 21:57:28 [http-nio-8040-exec-2] INFO  com.az.payment.utils.Validation - parameter in List is PayCustomerName,,,, first check true , second check true 
2025-08-28 21:57:28 [http-nio-8040-exec-2] INFO  com.az.payment.utils.Validation - response returned after mapping data is [PaymentResponseField[key=tarrifCode, value=01, displayName=Tariff Code, id=7], PaymentResponseField[key=meter, value=04000000077, displayName=Meter NO, id=6], PaymentResponseField[key=additional_reference, value=1524115512441, displayName=Additional Reference, id=8], PaymentResponseField[key=PayCustomerName, value=HASsan Mustafa, displayName=Customer Name, id=20]] 
2025-08-28 21:57:28 [http-nio-8040-exec-2] INFO  c.az.payment.mapper.ResponseMapper - response returned from mapper and validated as defined  PaymentResponse(responseParams=[PaymentResponseField[key=tarrifCode, value=01, displayName=Tariff Code, id=7], PaymentResponseField[key=meter, value=04000000077, displayName=Meter NO, id=6], PaymentResponseField[key=additional_reference, value=1524115512441, displayName=Additional Reference, id=8], PaymentResponseField[key=PayCustomerName, value=HASsan Mustafa, displayName=Customer Name, id=20]], finalStatus=0, isPayment=false, requestParams=null, responseCode=0, responseMessage=Successful, bankReference=null)
2025-08-28 21:57:28 [http-nio-8040-exec-2] INFO  c.az.payment.service.PaymentService - PaymentService::processResponse mapped from toServiceResponse PaymentResponse(responseParams=[PaymentResponseField[key=tarrifCode, value=01, displayName=Tariff Code, id=7], PaymentResponseField[key=meter, value=04000000077, displayName=Meter NO, id=6], PaymentResponseField[key=additional_reference, value=1524115512441, displayName=Additional Reference, id=8], PaymentResponseField[key=PayCustomerName, value=HASsan Mustafa, displayName=Customer Name, id=20]], finalStatus=0, isPayment=false, requestParams=null, responseCode=0, responseMessage=Successful, bankReference=null)
2025-08-28 21:57:28 [http-nio-8040-exec-2] INFO  com.az.payment.mapper.RequestMapper - start toClientResponse .... PaymentResponse(responseParams=[PaymentResponseField[key=tarrifCode, value=01, displayName=Tariff Code, id=7], PaymentResponseField[key=meter, value=04000000077, displayName=Meter NO, id=6], PaymentResponseField[key=additional_reference, value=1524115512441, displayName=Additional Reference, id=8], PaymentResponseField[key=PayCustomerName, value=HASsan Mustafa, displayName=Customer Name, id=20]], finalStatus=0, isPayment=false, requestParams=null, responseCode=0, responseMessage=Successful, bankReference=null),,,,, with request ............ProcessRequest(id=4, serviceId=5, parameters=[RequestParameter[id=6, key=meter, value=04000000077], RequestParameter[id=7, key=tarrifCode, value=01]], accountFrom=null) 
2025-08-28 21:57:28 [http-nio-8040-exec-2] INFO  c.az.payment.service.PaymentService - mapResponse --->: PaymentResponse(responseParams=[PaymentResponseField[key=tarrifCode, value=01, displayName=Tariff Code, id=7], PaymentResponseField[key=meter, value=04000000077, displayName=Meter NO, id=6], PaymentResponseField[key=additional_reference, value=1524115512441, displayName=Additional Reference, id=8], PaymentResponseField[key=PayCustomerName, value=HASsan Mustafa, displayName=Customer Name, id=20]], finalStatus=0, isPayment=false, requestParams=null, responseCode=0, responseMessage=Successful, bankReference=250828040050000025)
2025-08-28 22:05:41 [http-nio-8040-exec-5] INFO  c.az.payment.service.PaymentService - inside PaymentService.processRequest
2025-08-28 22:05:41 [http-nio-8040-exec-5] INFO  c.az.payment.service.PaymentService - mobile request : ProcessRequest(id=4, serviceId=6, parameters=[RequestParameter[id=7, key=tarrifCode, value=01], RequestParameter[id=6, key=meter, value=04000000077], RequestParameter[id=8, key=additional_reference, value=1524115512441], RequestParameter[id=20, key=PayCustomerName, value=HASsan Mustafa]], accountFrom=null)
2025-08-28 22:05:41 [http-nio-8040-exec-5] INFO  c.az.payment.service.PaymentService - transactionLog Id : 18753 : rrn(250828040060000026)
2025-08-28 22:05:41 [http-nio-8040-exec-5] INFO  c.az.payment.service.PaymentService - PaymentService::processRequest Getting service By ID 6 ,,,, and locale en
2025-08-28 22:05:41 [http-nio-8040-exec-5] INFO  c.az.payment.service.ServiceService - ServiceService.findById  return service with id 6
2025-08-28 22:05:43 [http-nio-8040-exec-5] INFO  c.az.payment.service.PaymentService - Biller(4) doesn't have service(6)
2025-08-28 22:05:43 [http-nio-8040-exec-5] INFO  c.az.payment.service.PaymentService - PaymentService::processRequest found Service Named SDEC Vending: By Id 6
2025-08-28 22:05:43 [http-nio-8040-exec-5] INFO  com.az.payment.mapper.RequestMapper - start Mapping Request .... ProcessRequest(id=4, serviceId=6, parameters=[RequestParameter[id=7, key=tarrifCode, value=01], RequestParameter[id=6, key=meter, value=04000000077], RequestParameter[id=8, key=additional_reference, value=1524115512441], RequestParameter[id=20, key=PayCustomerName, value=HASsan Mustafa]], accountFrom=null)
2025-08-28 22:05:44 [http-nio-8040-exec-5] ERROR com.az.payment.mapper.RequestMapper - Parameter[amount.id(15)] not found in request
2025-08-28 22:05:44 [http-nio-8040-exec-5] ERROR c.az.payment.service.PaymentService - SYSTEM ERR: Invalid Request
2025-08-28 22:10:28 [http-nio-8040-exec-8] INFO  c.az.payment.service.PaymentService - inside PaymentService.processRequest
2025-08-28 22:10:28 [http-nio-8040-exec-8] INFO  c.az.payment.service.PaymentService - mobile request : ProcessRequest(id=4, serviceId=6, parameters=[RequestParameter[id=7, key=tarrifCode, value=01], RequestParameter[id=6, key=meter, value=04000000077], RequestParameter[id=8, key=additional_reference, value=1524115512441], RequestParameter[id=20, key=PayCustomerName, value=HASsan Mustafa], RequestParameter[id=15, key=amount, value=100]], accountFrom=null)
2025-08-28 22:10:28 [http-nio-8040-exec-8] INFO  c.az.payment.service.PaymentService - transactionLog Id : 18754 : rrn(250828040060000027)
2025-08-28 22:10:28 [http-nio-8040-exec-8] INFO  c.az.payment.service.PaymentService - PaymentService::processRequest Getting service By ID 6 ,,,, and locale en
2025-08-28 22:10:28 [http-nio-8040-exec-8] INFO  c.az.payment.service.ServiceService - ServiceService.findById  return service with id 6
2025-08-28 22:10:31 [http-nio-8040-exec-8] INFO  c.az.payment.service.PaymentService - Biller(4) doesn't have service(6)
2025-08-28 22:10:31 [http-nio-8040-exec-8] INFO  c.az.payment.service.PaymentService - PaymentService::processRequest found Service Named SDEC Vending: By Id 6
2025-08-28 22:10:31 [http-nio-8040-exec-8] INFO  com.az.payment.mapper.RequestMapper - start Mapping Request .... ProcessRequest(id=4, serviceId=6, parameters=[RequestParameter[id=7, key=tarrifCode, value=01], RequestParameter[id=6, key=meter, value=04000000077], RequestParameter[id=8, key=additional_reference, value=1524115512441], RequestParameter[id=20, key=PayCustomerName, value=HASsan Mustafa], RequestParameter[id=15, key=amount, value=100]], accountFrom=null)
2025-08-28 22:10:31 [http-nio-8040-exec-8] WARN  com.az.payment.mapper.RequestMapper - found in request : not valid Parameter[additional_reference.id(8)] 
2025-08-28 22:10:31 [http-nio-8040-exec-8] WARN  com.az.payment.mapper.RequestMapper - found in request : not valid Parameter[PayCustomerName.id(20)] 
2025-08-28 22:10:31 [http-nio-8040-exec-8] INFO  com.az.payment.mapper.RequestMapper - reqRrn : -1 : transactionID : 250828040060000027
2025-08-28 22:10:31 [http-nio-8040-exec-8] INFO  com.az.payment.mapper.RequestMapper - start Mapping Additional Request Data Such as fixed Value and transaction ID if available 
2025-08-28 22:10:31 [http-nio-8040-exec-8] INFO  com.az.payment.mapper.RequestMapper - end Mapping Request .... {"meterno":"04000000077","amount":100,"tariff_code":"01","transactionID":"250828040060000027"}
2025-08-28 22:10:31 [http-nio-8040-exec-8] INFO  c.az.payment.service.PaymentService - PaymentService::processRequest mapped  RequestDTO To JSON Object {"meterno":"04000000077","amount":100,"tariff_code":"01","transactionID":"250828040060000027"}
2025-08-28 22:10:32 [http-nio-8040-exec-8] ERROR c.az.payment.service.PaymentService - SYSTEM ERR: Cannot invoke "String.length()" because the return value of "com.az.payment.request.payment.ProcessRequest.getAccountFrom()" is null
2025-08-28 22:11:14 [http-nio-8040-exec-9] INFO  c.az.payment.service.PaymentService - inside PaymentService.processRequest
2025-08-28 22:11:14 [http-nio-8040-exec-9] INFO  c.az.payment.service.PaymentService - mobile request : ProcessRequest(id=4, serviceId=6, parameters=[RequestParameter[id=7, key=tarrifCode, value=01], RequestParameter[id=6, key=meter, value=04000000077], RequestParameter[id=8, key=additional_reference, value=1524115512441], RequestParameter[id=20, key=PayCustomerName, value=HASsan Mustafa], RequestParameter[id=15, key=amount, value=100]], accountFrom=0103093800000021)
2025-08-28 22:11:15 [http-nio-8040-exec-9] INFO  c.az.payment.service.PaymentService - transactionLog Id : 18755 : rrn(250828040060000028)
2025-08-28 22:11:15 [http-nio-8040-exec-9] INFO  c.az.payment.service.PaymentService - PaymentService::processRequest Getting service By ID 6 ,,,, and locale en
2025-08-28 22:11:15 [http-nio-8040-exec-9] INFO  c.az.payment.service.ServiceService - ServiceService.findById  return service with id 6
2025-08-28 22:11:17 [http-nio-8040-exec-9] INFO  c.az.payment.service.PaymentService - Biller(4) doesn't have service(6)
2025-08-28 22:11:17 [http-nio-8040-exec-9] INFO  c.az.payment.service.PaymentService - PaymentService::processRequest found Service Named SDEC Vending: By Id 6
2025-08-28 22:11:17 [http-nio-8040-exec-9] INFO  com.az.payment.mapper.RequestMapper - start Mapping Request .... ProcessRequest(id=4, serviceId=6, parameters=[RequestParameter[id=7, key=tarrifCode, value=01], RequestParameter[id=6, key=meter, value=04000000077], RequestParameter[id=8, key=additional_reference, value=1524115512441], RequestParameter[id=20, key=PayCustomerName, value=HASsan Mustafa], RequestParameter[id=15, key=amount, value=100]], accountFrom=0103093800000021)
2025-08-28 22:11:18 [http-nio-8040-exec-9] WARN  com.az.payment.mapper.RequestMapper - found in request : not valid Parameter[additional_reference.id(8)] 
2025-08-28 22:11:18 [http-nio-8040-exec-9] WARN  com.az.payment.mapper.RequestMapper - found in request : not valid Parameter[PayCustomerName.id(20)] 
2025-08-28 22:11:18 [http-nio-8040-exec-9] INFO  com.az.payment.mapper.RequestMapper - reqRrn : -1 : transactionID : 250828040060000028
2025-08-28 22:11:18 [http-nio-8040-exec-9] INFO  com.az.payment.mapper.RequestMapper - start Mapping Additional Request Data Such as fixed Value and transaction ID if available 
2025-08-28 22:11:18 [http-nio-8040-exec-9] INFO  com.az.payment.mapper.RequestMapper - end Mapping Request .... {"meterno":"04000000077","amount":100,"tariff_code":"01","transactionID":"250828040060000028"}
2025-08-28 22:11:18 [http-nio-8040-exec-9] INFO  c.az.payment.service.PaymentService - PaymentService::processRequest mapped  RequestDTO To JSON Object {"meterno":"04000000077","amount":100,"tariff_code":"01","transactionID":"250828040060000028"}
2025-08-28 22:11:19 [http-nio-8040-exec-9] INFO  c.az.payment.service.PaymentService - processing payment from account : 0103093800000021
2025-08-28 22:11:19 [http-nio-8040-exec-9] INFO  c.az.payment.service.PaymentService - ERROR[payCoreBank]:10096:Service Limits Undefine:100:ORA-01403: no data found
2025-08-28 22:11:19 [http-nio-8040-exec-9] INFO  c.az.payment.service.PaymentService - bankMapedResponse : PaymentResponse(responseParams=null, finalStatus=-1, isPayment=false, requestParams=null, responseCode=10096, responseMessage=rspMsg:Service Limits Undefine
sqlCode(100):ORA-01403: no data found, bankReference=null)
2025-08-28 22:11:19 [http-nio-8040-exec-9] ERROR c.az.payment.service.PaymentService - exception while mapping res code/msg:while mapping the code: response Code 10096 from biller -1 does not have equivalent definition 
2025-08-28 22:21:28 [http-nio-8040-exec-2] INFO  c.az.payment.service.PaymentService - inside PaymentService.processRequest
2025-08-28 22:21:28 [http-nio-8040-exec-2] INFO  c.az.payment.service.PaymentService - mobile request : ProcessRequest(id=4, serviceId=6, parameters=[RequestParameter[id=7, key=tarrifCode, value=01], RequestParameter[id=6, key=meter, value=04000000077], RequestParameter[id=8, key=additional_reference, value=1524115512441], RequestParameter[id=20, key=PayCustomerName, value=HASsan Mustafa], RequestParameter[id=15, key=amount, value=100]], accountFrom=0103093800000021)
2025-08-28 22:21:28 [http-nio-8040-exec-2] INFO  c.az.payment.service.PaymentService - transactionLog Id : 18756 : rrn(250828040060000029)
2025-08-28 22:21:28 [http-nio-8040-exec-2] INFO  c.az.payment.service.PaymentService - PaymentService::processRequest Getting service By ID 6 ,,,, and locale en
2025-08-28 22:21:28 [http-nio-8040-exec-2] INFO  c.az.payment.service.ServiceService - ServiceService.findById  return service with id 6
2025-08-28 22:21:30 [http-nio-8040-exec-2] INFO  c.az.payment.service.PaymentService - Biller(4) doesn't have service(6)
2025-08-28 22:21:30 [http-nio-8040-exec-2] INFO  c.az.payment.service.PaymentService - PaymentService::processRequest found Service Named SDEC Vending: By Id 6
2025-08-28 22:21:30 [http-nio-8040-exec-2] INFO  com.az.payment.mapper.RequestMapper - start Mapping Request .... ProcessRequest(id=4, serviceId=6, parameters=[RequestParameter[id=7, key=tarrifCode, value=01], RequestParameter[id=6, key=meter, value=04000000077], RequestParameter[id=8, key=additional_reference, value=1524115512441], RequestParameter[id=20, key=PayCustomerName, value=HASsan Mustafa], RequestParameter[id=15, key=amount, value=100]], accountFrom=0103093800000021)
2025-08-28 22:21:31 [http-nio-8040-exec-2] WARN  com.az.payment.mapper.RequestMapper - found in request : not valid Parameter[additional_reference.id(8)] 
2025-08-28 22:21:31 [http-nio-8040-exec-2] WARN  com.az.payment.mapper.RequestMapper - found in request : not valid Parameter[PayCustomerName.id(20)] 
2025-08-28 22:21:31 [http-nio-8040-exec-2] INFO  com.az.payment.mapper.RequestMapper - reqRrn : -1 : transactionID : 250828040060000029
2025-08-28 22:21:31 [http-nio-8040-exec-2] INFO  com.az.payment.mapper.RequestMapper - start Mapping Additional Request Data Such as fixed Value and transaction ID if available 
2025-08-28 22:21:31 [http-nio-8040-exec-2] INFO  com.az.payment.mapper.RequestMapper - end Mapping Request .... {"meterno":"04000000077","amount":100,"tariff_code":"01","transactionID":"250828040060000029"}
2025-08-28 22:21:31 [http-nio-8040-exec-2] INFO  c.az.payment.service.PaymentService - PaymentService::processRequest mapped  RequestDTO To JSON Object {"meterno":"04000000077","amount":100,"tariff_code":"01","transactionID":"250828040060000029"}
2025-08-28 22:21:32 [http-nio-8040-exec-2] INFO  c.az.payment.service.PaymentService - processing payment from account : 0103093800000021
2025-08-28 22:21:32 [http-nio-8040-exec-2] INFO  c.az.payment.service.PaymentService - ERROR[payCoreBank]:00057:Invalid Biller:100:ORA-01403: no data found
2025-08-28 22:21:32 [http-nio-8040-exec-2] INFO  c.az.payment.service.PaymentService - bankMapedResponse : PaymentResponse(responseParams=null, finalStatus=-1, isPayment=false, requestParams=null, responseCode=57, responseMessage=rspMsg:Invalid Biller
sqlCode(100):ORA-01403: no data found, bankReference=null)
2025-08-28 22:21:33 [http-nio-8040-exec-2] ERROR c.az.payment.service.PaymentService - exception while mapping res code/msg:while mapping the code: response Code 57 from biller -1 does not have equivalent definition 
2025-08-28 22:23:15 [http-nio-8040-exec-5] INFO  c.az.payment.service.PaymentService - inside PaymentService.processRequest
2025-08-28 22:23:15 [http-nio-8040-exec-5] INFO  c.az.payment.service.PaymentService - mobile request : ProcessRequest(id=4, serviceId=6, parameters=[RequestParameter[id=7, key=tarrifCode, value=01], RequestParameter[id=6, key=meter, value=04000000077], RequestParameter[id=8, key=additional_reference, value=1524115512441], RequestParameter[id=20, key=PayCustomerName, value=HASsan Mustafa], RequestParameter[id=15, key=amount, value=100]], accountFrom=0103093800000021)
2025-08-28 22:23:15 [http-nio-8040-exec-5] INFO  c.az.payment.service.PaymentService - transactionLog Id : 18757 : rrn(250828040060000030)
2025-08-28 22:23:15 [http-nio-8040-exec-5] INFO  c.az.payment.service.PaymentService - PaymentService::processRequest Getting service By ID 6 ,,,, and locale en
2025-08-28 22:23:15 [http-nio-8040-exec-5] INFO  c.az.payment.service.ServiceService - ServiceService.findById  return service with id 6
2025-08-28 22:23:17 [http-nio-8040-exec-5] INFO  c.az.payment.service.PaymentService - Biller(4) doesn't have service(6)
2025-08-28 22:23:17 [http-nio-8040-exec-5] INFO  c.az.payment.service.PaymentService - PaymentService::processRequest found Service Named SDEC Vending: By Id 6
2025-08-28 22:23:17 [http-nio-8040-exec-5] INFO  com.az.payment.mapper.RequestMapper - start Mapping Request .... ProcessRequest(id=4, serviceId=6, parameters=[RequestParameter[id=7, key=tarrifCode, value=01], RequestParameter[id=6, key=meter, value=04000000077], RequestParameter[id=8, key=additional_reference, value=1524115512441], RequestParameter[id=20, key=PayCustomerName, value=HASsan Mustafa], RequestParameter[id=15, key=amount, value=100]], accountFrom=0103093800000021)
2025-08-28 22:23:18 [http-nio-8040-exec-5] WARN  com.az.payment.mapper.RequestMapper - found in request : not valid Parameter[additional_reference.id(8)] 
2025-08-28 22:23:18 [http-nio-8040-exec-5] WARN  com.az.payment.mapper.RequestMapper - found in request : not valid Parameter[PayCustomerName.id(20)] 
2025-08-28 22:23:18 [http-nio-8040-exec-5] INFO  com.az.payment.mapper.RequestMapper - reqRrn : -1 : transactionID : 250828040060000030
2025-08-28 22:23:18 [http-nio-8040-exec-5] INFO  com.az.payment.mapper.RequestMapper - start Mapping Additional Request Data Such as fixed Value and transaction ID if available 
2025-08-28 22:23:18 [http-nio-8040-exec-5] INFO  com.az.payment.mapper.RequestMapper - end Mapping Request .... {"meterno":"04000000077","amount":100,"tariff_code":"01","transactionID":"250828040060000030"}
2025-08-28 22:23:18 [http-nio-8040-exec-5] INFO  c.az.payment.service.PaymentService - PaymentService::processRequest mapped  RequestDTO To JSON Object {"meterno":"04000000077","amount":100,"tariff_code":"01","transactionID":"250828040060000030"}
2025-08-28 22:23:19 [http-nio-8040-exec-5] INFO  c.az.payment.service.PaymentService - processing payment from account : 0103093800000021
2025-08-28 22:23:19 [http-nio-8040-exec-5] INFO  c.az.payment.service.PaymentService - bankMapedResponse : PaymentResponse(responseParams=null, finalStatus=1, isPayment=false, requestParams=null, responseCode=0, responseMessage=null, bankReference=250828040060000030)
2025-08-28 22:23:20 [http-nio-8040-exec-5] INFO  com.az.payment.service.ClientApi - ClientAPi::CallService response: {"amount":100.0,"meterno":"04000000077","tariff_code":"01","AdditionalRefrence":"1524115512441","BillerVoucher":"12222115222415","calcQty":300.0,"token":"3722-4431-3164-49457593-","responseCode":"0"}
2025-08-28 22:23:20 [http-nio-8040-exec-5] INFO  c.az.payment.service.PaymentService - {"amount":100,"AdditionalRefrence":"1524115512441","tariff_code":"01","meterno":"04000000077","BillerVoucher":"12222115222415","calcQty":300,"token":"3722-4431-3164-49457593-","responseCode":"0"}
2025-08-28 22:23:22 [http-nio-8040-exec-5] INFO  c.az.payment.service.PaymentService - #################### SUCCESS
2025-08-28 22:23:22 [http-nio-8040-exec-5] INFO  c.az.payment.service.PaymentService - PaymentService::processResponse  Response returned From restApi {"amount":100,"AdditionalRefrence":"1524115512441","tariff_code":"01","meterno":"04000000077","BillerVoucher":"12222115222415","calcQty":300,"token":"3722-4431-3164-49457593-","responseCode":"0"}
2025-08-28 22:23:22 [http-nio-8040-exec-5] INFO  com.az.payment.utils.Validation - Validation::validateResponse Validating response  ,,, apiResponse = {"amount":100,"AdditionalRefrence":"1524115512441","tariff_code":"01","meterno":"04000000077","BillerVoucher":"12222115222415","calcQty":300,"token":"3722-4431-3164-49457593-","responseCode":"0"},,,, for service ID 6 , with name SDEC Vending
2025-08-28 22:23:22 [http-nio-8040-exec-5] INFO  c.az.payment.service.ServiceService - ServiceService.findResponseParameterByServiceId  ServiceID : 6
2025-08-28 22:23:23 [http-nio-8040-exec-5] INFO  com.az.payment.utils.Validation - parameter in List is tariff_code,,,, first check true , second check true 
2025-08-28 22:23:23 [http-nio-8040-exec-5] INFO  com.az.payment.utils.Validation - parameter in List is meterno,,,, first check true , second check true 
2025-08-28 22:23:23 [http-nio-8040-exec-5] INFO  com.az.payment.utils.Validation - parameter in List is AdditionalRefrence,,,, first check true , second check true 
2025-08-28 22:23:23 [http-nio-8040-exec-5] INFO  com.az.payment.utils.Validation - parameter in List is amount,,,, first check true , second check true 
2025-08-28 22:23:23 [http-nio-8040-exec-5] INFO  com.az.payment.utils.Validation - parameter in List is responseCode,,,, first check false , second check false 
2025-08-28 22:23:23 [http-nio-8040-exec-5] INFO  com.az.payment.utils.Validation - parameter in List is token,,,, first check true , second check true 
2025-08-28 22:23:23 [http-nio-8040-exec-5] INFO  com.az.payment.utils.Validation - parameter in List is calcQty,,,, first check true , second check true 
2025-08-28 22:23:23 [http-nio-8040-exec-5] INFO  com.az.payment.utils.Validation - response returned after mapping data is [PaymentResponseField[key=tarrifCode, value=01, displayName=Tariff Code, id=7], PaymentResponseField[key=meter, value=04000000077, displayName=Meter NO, id=6], PaymentResponseField[key=additional_reference, value=1524115512441, displayName=Additional Reference, id=8], PaymentResponseField[key=amount, value=100.0, displayName=Amount, id=15], PaymentResponseField[key=token, value=3722-4431-3164-49457593-, displayName=Token , id=18], PaymentResponseField[key=calcQty, value=300.0, displayName=Calculated Qty, id=21]] 
2025-08-28 22:23:23 [http-nio-8040-exec-5] INFO  c.az.payment.mapper.ResponseMapper - response returned from mapper and validated as defined  PaymentResponse(responseParams=[PaymentResponseField[key=tarrifCode, value=01, displayName=Tariff Code, id=7], PaymentResponseField[key=meter, value=04000000077, displayName=Meter NO, id=6], PaymentResponseField[key=additional_reference, value=1524115512441, displayName=Additional Reference, id=8], PaymentResponseField[key=amount, value=100.0, displayName=Amount, id=15], PaymentResponseField[key=token, value=3722-4431-3164-49457593-, displayName=Token , id=18], PaymentResponseField[key=calcQty, value=300.0, displayName=Calculated Qty, id=21]], finalStatus=0, isPayment=false, requestParams=null, responseCode=0, responseMessage=Successful, bankReference=null)
2025-08-28 22:23:23 [http-nio-8040-exec-5] INFO  c.az.payment.service.PaymentService - PaymentService::processResponse mapped from toServiceResponse PaymentResponse(responseParams=[PaymentResponseField[key=tarrifCode, value=01, displayName=Tariff Code, id=7], PaymentResponseField[key=meter, value=04000000077, displayName=Meter NO, id=6], PaymentResponseField[key=additional_reference, value=1524115512441, displayName=Additional Reference, id=8], PaymentResponseField[key=amount, value=100.0, displayName=Amount, id=15], PaymentResponseField[key=token, value=3722-4431-3164-49457593-, displayName=Token , id=18], PaymentResponseField[key=calcQty, value=300.0, displayName=Calculated Qty, id=21]], finalStatus=0, isPayment=false, requestParams=null, responseCode=0, responseMessage=Successful, bankReference=null)
2025-08-28 22:23:23 [http-nio-8040-exec-5] INFO  com.az.payment.mapper.RequestMapper - start toClientResponse .... PaymentResponse(responseParams=[PaymentResponseField[key=tarrifCode, value=01, displayName=Tariff Code, id=7], PaymentResponseField[key=meter, value=04000000077, displayName=Meter NO, id=6], PaymentResponseField[key=additional_reference, value=1524115512441, displayName=Additional Reference, id=8], PaymentResponseField[key=amount, value=100.0, displayName=Amount, id=15], PaymentResponseField[key=token, value=3722-4431-3164-49457593-, displayName=Token , id=18], PaymentResponseField[key=calcQty, value=300.0, displayName=Calculated Qty, id=21]], finalStatus=0, isPayment=false, requestParams=null, responseCode=0, responseMessage=Successful, bankReference=null),,,,, with request ............ProcessRequest(id=4, serviceId=6, parameters=[RequestParameter[id=7, key=tarrifCode, value=01], RequestParameter[id=6, key=meter, value=04000000077], RequestParameter[id=8, key=additional_reference, value=1524115512441], RequestParameter[id=20, key=PayCustomerName, value=HASsan Mustafa], RequestParameter[id=15, key=amount, value=100]], accountFrom=0103093800000021) 
2025-08-28 22:23:23 [http-nio-8040-exec-5] INFO  c.az.payment.service.PaymentService - mapResponse --->: PaymentResponse(responseParams=[PaymentResponseField[key=tarrifCode, value=01, displayName=Tariff Code, id=7], PaymentResponseField[key=meter, value=04000000077, displayName=Meter NO, id=6], PaymentResponseField[key=additional_reference, value=1524115512441, displayName=Additional Reference, id=8], PaymentResponseField[key=amount, value=100.0, displayName=Amount, id=15], PaymentResponseField[key=token, value=3722-4431-3164-49457593-, displayName=Token , id=18], PaymentResponseField[key=calcQty, value=300.0, displayName=Calculated Qty, id=21]], finalStatus=0, isPayment=false, requestParams=null, responseCode=0, responseMessage=Successful, bankReference=250828040060000030)
2025-08-28 23:14:20 [http-nio-8040-exec-8] INFO  c.az.payment.service.PaymentService - inside PaymentService.processRequest
2025-08-28 23:14:20 [http-nio-8040-exec-8] INFO  c.az.payment.service.PaymentService - mobile request : ProcessRequest(id=4, serviceId=5, parameters=[RequestParameter[id=6, key=meter, value=04000000077], RequestParameter[id=7, key=tarrifCode, value=01]], accountFrom=null)
2025-08-28 23:14:49 [http-nio-8040-exec-8] INFO  c.az.payment.service.PaymentService - transactionLog Id : 18758 : rrn(250828040050000031)
2025-08-28 23:14:49 [http-nio-8040-exec-8] INFO  c.az.payment.service.PaymentService - PaymentService::processRequest Getting service By ID 5 ,,,, and locale en
2025-08-28 23:14:49 [http-nio-8040-exec-8] INFO  c.az.payment.service.ServiceService - ServiceService.findById  return service with id 5
2025-08-28 23:14:51 [http-nio-8040-exec-8] INFO  c.az.payment.service.PaymentService - Biller(4) doesn't have service(5)
2025-08-28 23:14:51 [http-nio-8040-exec-8] INFO  c.az.payment.service.PaymentService - PaymentService::processRequest found Service Named Sudan Electricity: By Id 5
2025-08-28 23:14:51 [http-nio-8040-exec-8] INFO  com.az.payment.mapper.RequestMapper - start Mapping Request .... ProcessRequest(id=4, serviceId=5, parameters=[RequestParameter[id=6, key=meter, value=04000000077], RequestParameter[id=7, key=tarrifCode, value=01]], accountFrom=null)
2025-08-28 23:14:52 [http-nio-8040-exec-8] INFO  com.az.payment.mapper.RequestMapper - reqRrn : -1 : transactionID : 250828040050000031
2025-08-28 23:14:52 [http-nio-8040-exec-8] INFO  com.az.payment.mapper.RequestMapper - start Mapping Additional Request Data Such as fixed Value and transaction ID if available 
2025-08-28 23:14:52 [http-nio-8040-exec-8] INFO  com.az.payment.mapper.RequestMapper - end Mapping Request .... {"meterno":"04000000077","tariff_code":"01","transactionID":"250828040050000031"}
2025-08-28 23:14:52 [http-nio-8040-exec-8] INFO  c.az.payment.service.PaymentService - PaymentService::processRequest mapped  RequestDTO To JSON Object {"meterno":"04000000077","tariff_code":"01","transactionID":"250828040050000031"}
2025-08-28 23:14:53 [http-nio-8040-exec-8] INFO  com.az.payment.service.ClientApi - ClientAPi::CallService response: {"meterno":"04000000077","amount":1000.0,"calcQty":303.3,"PayCustomerName":"HASsan Mustafa","AdditionalRefrence":"1524115512441","tariff_code":"01","BillerVoucher":"12222115222415","responseCode":"0"}
2025-08-28 23:14:53 [http-nio-8040-exec-8] INFO  c.az.payment.service.PaymentService - {"amount":1000,"AdditionalRefrence":"1524115512441","tariff_code":"01","meterno":"04000000077","BillerVoucher":"12222115222415","PayCustomerName":"HASsan Mustafa","calcQty":303.3,"responseCode":"0"}
2025-08-28 23:14:54 [http-nio-8040-exec-8] INFO  c.az.payment.service.PaymentService - #################### SUCCESS
2025-08-28 23:14:54 [http-nio-8040-exec-8] INFO  c.az.payment.service.PaymentService - PaymentService::processResponse  Response returned From restApi {"amount":1000,"AdditionalRefrence":"1524115512441","tariff_code":"01","meterno":"04000000077","BillerVoucher":"12222115222415","PayCustomerName":"HASsan Mustafa","calcQty":303.3,"responseCode":"0"}
2025-08-28 23:14:54 [http-nio-8040-exec-8] INFO  com.az.payment.utils.Validation - Validation::validateResponse Validating response  ,,, apiResponse = {"amount":1000,"AdditionalRefrence":"1524115512441","tariff_code":"01","meterno":"04000000077","BillerVoucher":"12222115222415","PayCustomerName":"HASsan Mustafa","calcQty":303.3,"responseCode":"0"},,,, for service ID 5 , with name Sudan Electricity
2025-08-28 23:14:54 [http-nio-8040-exec-8] INFO  c.az.payment.service.ServiceService - ServiceService.findResponseParameterByServiceId  ServiceID : 5
2025-08-28 23:14:54 [http-nio-8040-exec-8] INFO  com.az.payment.utils.Validation - parameter in List is tariff_code,,,, first check true , second check true 
2025-08-28 23:14:55 [http-nio-8040-exec-8] INFO  com.az.payment.utils.Validation - parameter in List is meterno,,,, first check true , second check true 
2025-08-28 23:14:55 [http-nio-8040-exec-8] INFO  com.az.payment.utils.Validation - parameter in List is AdditionalRefrence,,,, first check true , second check true 
2025-08-28 23:14:55 [http-nio-8040-exec-8] INFO  com.az.payment.utils.Validation - parameter in List is responseCode,,,, first check false , second check false 
2025-08-28 23:14:55 [http-nio-8040-exec-8] INFO  com.az.payment.utils.Validation - parameter in List is PayCustomerName,,,, first check true , second check true 
2025-08-28 23:14:55 [http-nio-8040-exec-8] INFO  com.az.payment.utils.Validation - response returned after mapping data is [PaymentResponseField[key=tarrifCode, value=01, displayName=Tariff Code, id=7], PaymentResponseField[key=meter, value=04000000077, displayName=Meter NO, id=6], PaymentResponseField[key=additional_reference, value=1524115512441, displayName=Additional Reference, id=8], PaymentResponseField[key=PayCustomerName, value=HASsan Mustafa, displayName=Customer Name, id=20]] 
2025-08-28 23:14:55 [http-nio-8040-exec-8] INFO  c.az.payment.mapper.ResponseMapper - response returned from mapper and validated as defined  PaymentResponse(responseParams=[PaymentResponseField[key=tarrifCode, value=01, displayName=Tariff Code, id=7], PaymentResponseField[key=meter, value=04000000077, displayName=Meter NO, id=6], PaymentResponseField[key=additional_reference, value=1524115512441, displayName=Additional Reference, id=8], PaymentResponseField[key=PayCustomerName, value=HASsan Mustafa, displayName=Customer Name, id=20]], finalStatus=0, isPayment=false, requestParams=null, responseCode=0, responseMessage=Successful, bankReference=null)
2025-08-28 23:14:55 [http-nio-8040-exec-8] INFO  c.az.payment.service.PaymentService - PaymentService::processResponse mapped from toServiceResponse PaymentResponse(responseParams=[PaymentResponseField[key=tarrifCode, value=01, displayName=Tariff Code, id=7], PaymentResponseField[key=meter, value=04000000077, displayName=Meter NO, id=6], PaymentResponseField[key=additional_reference, value=1524115512441, displayName=Additional Reference, id=8], PaymentResponseField[key=PayCustomerName, value=HASsan Mustafa, displayName=Customer Name, id=20]], finalStatus=0, isPayment=false, requestParams=null, responseCode=0, responseMessage=Successful, bankReference=null)
2025-08-28 23:14:55 [http-nio-8040-exec-8] INFO  com.az.payment.mapper.RequestMapper - start toClientResponse .... PaymentResponse(responseParams=[PaymentResponseField[key=tarrifCode, value=01, displayName=Tariff Code, id=7], PaymentResponseField[key=meter, value=04000000077, displayName=Meter NO, id=6], PaymentResponseField[key=additional_reference, value=1524115512441, displayName=Additional Reference, id=8], PaymentResponseField[key=PayCustomerName, value=HASsan Mustafa, displayName=Customer Name, id=20]], finalStatus=0, isPayment=false, requestParams=null, responseCode=0, responseMessage=Successful, bankReference=null),,,,, with request ............ProcessRequest(id=4, serviceId=5, parameters=[RequestParameter[id=6, key=meter, value=04000000077], RequestParameter[id=7, key=tarrifCode, value=01]], accountFrom=null) 
2025-08-28 23:14:55 [http-nio-8040-exec-8] INFO  c.az.payment.service.PaymentService - mapResponse --->: PaymentResponse(responseParams=[PaymentResponseField[key=tarrifCode, value=01, displayName=Tariff Code, id=7], PaymentResponseField[key=meter, value=04000000077, displayName=Meter NO, id=6], PaymentResponseField[key=additional_reference, value=1524115512441, displayName=Additional Reference, id=8], PaymentResponseField[key=PayCustomerName, value=HASsan Mustafa, displayName=Customer Name, id=20]], finalStatus=0, isPayment=false, requestParams=null, responseCode=0, responseMessage=Successful, bankReference=250828040050000031)
