2025-09-01 13:24:49 [http-nio-8040-exec-3] INFO  c.az.payment.service.PaymentService - inside PaymentService.processRequest
2025-09-01 13:24:49 [http-nio-8040-exec-3] INFO  c.az.payment.service.PaymentService - mobile request : ProcessRequest(id=1, serviceId=1, parameters=[RequestParameter[id=3, key=amount, value=1.0], RequestParameter[id=4, key=To_BBAN, value=80111111112222]], accountFrom=0103093800000021)
2025-09-01 13:24:50 [http-nio-8040-exec-3] INFO  c.az.payment.service.PaymentService - transactionLog Id : 18953 : rrn(250901010010000001)
2025-09-01 13:24:50 [http-nio-8040-exec-3] INFO  c.az.payment.service.PaymentService - PaymentService::processRequest Getting service By ID 1 ,,,, and locale en
2025-09-01 13:24:50 [http-nio-8040-exec-3] INFO  c.az.payment.service.ServiceService - ServiceService.findById  return service with id 1
2025-09-01 13:24:54 [http-nio-8040-exec-3] INFO  c.az.payment.service.PaymentService - PaymentService::processRequest found Service Named EBS Transfer: By Id 1
2025-09-01 13:24:54 [http-nio-8040-exec-3] INFO  com.az.payment.mapper.RequestMapper - start Mapping Request .... ProcessRequest(id=1, serviceId=1, parameters=[RequestParameter[id=3, key=amount, value=1.0], RequestParameter[id=4, key=To_BBAN, value=80111111112222]], accountFrom=0103093800000021)
2025-09-01 13:24:56 [http-nio-8040-exec-3] INFO  com.az.payment.mapper.RequestMapper - reqRrn : 5 : transactionId : 250901010010000001
2025-09-01 13:24:56 [http-nio-8040-exec-3] INFO  com.az.payment.mapper.RequestMapper - start Mapping Additional Request Data Such as fixed Value and transaction ID if available 
2025-09-01 13:24:56 [http-nio-8040-exec-3] INFO  com.az.payment.mapper.RequestMapper - Lang : fixed
2025-09-01 13:24:56 [http-nio-8040-exec-3] INFO  com.az.payment.mapper.RequestMapper - end Mapping Request .... {"Lang":"1","To_BBAN":"80111111112222","transactionId":"250901010010000001","Amount":1}
2025-09-01 13:24:56 [http-nio-8040-exec-3] INFO  c.az.payment.service.PaymentService - PaymentService::processRequest mapped  RequestDTO To JSON Object {"Lang":"1","To_BBAN":"80111111112222","transactionId":"250901010010000001","Amount":1}
2025-09-01 13:24:56 [http-nio-8040-exec-3] INFO  c.az.payment.service.ServiceService - ServiceService.findById  return service with id 11
2025-09-01 13:24:57 [http-nio-8040-exec-3] INFO  com.az.payment.mapper.RequestMapper - start Mapping Request .... ProcessRequest(id=1, serviceId=11, parameters=[RequestParameter[id=41, key=accountFrom, value=0103093800000021]], accountFrom=null)
2025-09-01 13:24:57 [http-nio-8040-exec-3] INFO  com.az.payment.mapper.RequestMapper - reqRrn : -1 : transactionID : 250901010010000001
2025-09-01 13:24:57 [http-nio-8040-exec-3] INFO  com.az.payment.mapper.RequestMapper - start Mapping Additional Request Data Such as fixed Value and transaction ID if available 
2025-09-01 13:24:57 [http-nio-8040-exec-3] INFO  com.az.payment.mapper.RequestMapper - end Mapping Request .... {"transactionID":"250901010010000001","accountNo":"0103093800000021"}
2025-09-01 13:24:58 [http-nio-8040-exec-3] INFO  com.az.payment.service.ClientApi - ClientAPi::CallService response: {"ibanNo":"SD3408010000353201","accName":"زاكى الدين بلال محمد محمد","transactionID":"250901010010000001","responseCode":0,"responseMessage":"Success"}
2025-09-01 13:24:58 [http-nio-8040-exec-3] INFO  c.az.payment.service.ServiceService - ServiceService.findById  return service with id 11
2025-09-01 13:24:58 [http-nio-8040-exec-3] INFO  com.az.payment.mapper.RequestMapper - start Mapping Request .... ProcessRequest(id=1, serviceId=11, parameters=[RequestParameter[id=41, key=accountFrom, value=0103093800000021]], accountFrom=null)
2025-09-01 13:24:58 [http-nio-8040-exec-3] INFO  com.az.payment.mapper.RequestMapper - reqRrn : -1 : transactionID : 250901010010000001
2025-09-01 13:24:58 [http-nio-8040-exec-3] INFO  com.az.payment.mapper.RequestMapper - start Mapping Additional Request Data Such as fixed Value and transaction ID if available 
2025-09-01 13:24:58 [http-nio-8040-exec-3] INFO  com.az.payment.mapper.RequestMapper - end Mapping Request .... {"transactionID":"250901010010000001","accountNo":"0103093800000021"}
2025-09-01 13:24:58 [http-nio-8040-exec-3] INFO  com.az.payment.service.ClientApi - ClientAPi::CallService response: {"ibanNo":"SD3408010000353201","accName":"زاكى الدين بلال محمد محمد","transactionID":"250901010010000001","responseCode":0,"responseMessage":"Success"}
2025-09-01 13:24:59 [http-nio-8040-exec-3] INFO  c.az.payment.service.PaymentService - processing payment from account : 0103093800000021
2025-09-01 13:25:00 [http-nio-8040-exec-3] INFO  c.az.payment.service.PaymentService - bankMapedResponse : PaymentResponse(responseParams=null, finalStatus=1, isPayment=false, requestParams=null, responseCode=0, responseMessage=null, bankReference=250901010010000001)
2025-09-01 13:25:01 [http-nio-8040-exec-3] INFO  com.az.payment.service.ClientApi - ClientAPi::CallService response: {"responseCode":-33,"responseMessage":"Success","transactionId":"250901010010000001","Amount":1.0,"To_BBAN":"80111111112222","Tran_DateTime":"010925112501","NS_RRN":"25090101001000000101107"}
2025-09-01 13:25:01 [http-nio-8040-exec-3] INFO  c.az.payment.service.PaymentService - {"Tran_DateTime":"010925112501","Amount":1,"responseMessage":"Success","NS_RRN":"25090101001000000101107","transactionId":"250901010010000001","To_BBAN":"80111111112222","responseCode":-33}
2025-09-01 13:25:02 [http-nio-8040-exec-3] INFO  c.az.payment.service.PaymentService - #################### Biller Failed:Starting reverse process if the service isPayment
2025-09-01 13:25:03 [http-nio-8040-exec-3] ERROR c.az.payment.service.PaymentService - SYSTEM ERR: while mapping the code: response Code -33 from biller 1 does not have equivalent definition 
2025-09-01 13:27:39 [http-nio-8040-exec-8] INFO  c.az.payment.service.PaymentService - inside PaymentService.processRequest
2025-09-01 13:27:39 [http-nio-8040-exec-8] INFO  c.az.payment.service.PaymentService - mobile request : ProcessRequest(id=1, serviceId=3, parameters=[RequestParameter[id=28, key=To_BBAN, value=24074295700001]], accountFrom=0103093800000021)
2025-09-01 13:27:40 [http-nio-8040-exec-8] INFO  c.az.payment.service.PaymentService - transactionLog Id : 18954 : rrn(250901010030000002)
2025-09-01 13:27:40 [http-nio-8040-exec-8] INFO  c.az.payment.service.PaymentService - PaymentService::processRequest Getting service By ID 3 ,,,, and locale en
2025-09-01 13:27:40 [http-nio-8040-exec-8] INFO  c.az.payment.service.ServiceService - ServiceService.findById  return service with id 3
2025-09-01 13:27:44 [http-nio-8040-exec-8] INFO  c.az.payment.service.PaymentService - Biller(1) doesn't have service(3)
2025-09-01 13:27:44 [http-nio-8040-exec-8] INFO  c.az.payment.service.PaymentService - PaymentService::processRequest found Service Named EBS Transfer: By Id 3
2025-09-01 13:27:44 [http-nio-8040-exec-8] INFO  com.az.payment.mapper.RequestMapper - start Mapping Request .... ProcessRequest(id=1, serviceId=3, parameters=[RequestParameter[id=28, key=To_BBAN, value=24074295700001]], accountFrom=0103093800000021)
2025-09-01 13:27:45 [http-nio-8040-exec-8] ERROR com.az.payment.mapper.RequestMapper - Parameter[To_BBAN.id(4)] not found in request
2025-09-01 13:27:45 [http-nio-8040-exec-8] ERROR c.az.payment.service.PaymentService - SYSTEM ERR: Invalid Request
2025-09-01 13:29:42 [http-nio-8040-exec-1] INFO  c.az.payment.service.PaymentService - inside PaymentService.processRequest
2025-09-01 13:29:42 [http-nio-8040-exec-1] INFO  c.az.payment.service.PaymentService - mobile request : ProcessRequest(id=1, serviceId=3, parameters=[RequestParameter[id=28, key=To_BBAN, value=24074295700001]], accountFrom=0103093800000021)
2025-09-01 13:29:43 [http-nio-8040-exec-1] INFO  c.az.payment.service.PaymentService - transactionLog Id : 18955 : rrn(250901010030000003)
2025-09-01 13:29:43 [http-nio-8040-exec-1] INFO  c.az.payment.service.PaymentService - PaymentService::processRequest Getting service By ID 3 ,,,, and locale en
2025-09-01 13:29:43 [http-nio-8040-exec-1] INFO  c.az.payment.service.ServiceService - ServiceService.findById  return service with id 3
2025-09-01 13:29:47 [http-nio-8040-exec-1] INFO  c.az.payment.service.PaymentService - Biller(1) doesn't have service(3)
2025-09-01 13:29:47 [http-nio-8040-exec-1] INFO  c.az.payment.service.PaymentService - PaymentService::processRequest found Service Named EBS Transfer: By Id 3
2025-09-01 13:29:47 [http-nio-8040-exec-1] INFO  com.az.payment.mapper.RequestMapper - start Mapping Request .... ProcessRequest(id=1, serviceId=3, parameters=[RequestParameter[id=28, key=To_BBAN, value=24074295700001]], accountFrom=0103093800000021)
2025-09-01 13:29:48 [http-nio-8040-exec-1] ERROR com.az.payment.mapper.RequestMapper - Parameter[To_BBAN.id(4)] not found in request
2025-09-01 13:29:48 [http-nio-8040-exec-1] ERROR c.az.payment.service.PaymentService - SYSTEM ERR: Invalid Request
2025-09-01 13:30:03 [http-nio-8040-exec-2] INFO  c.az.payment.service.PaymentService - inside PaymentService.processRequest
2025-09-01 13:30:03 [http-nio-8040-exec-2] INFO  c.az.payment.service.PaymentService - mobile request : ProcessRequest(id=1, serviceId=3, parameters=[RequestParameter[id=4, key=To_BBAN, value=24074295700001]], accountFrom=0103093800000021)
2025-09-01 13:30:04 [http-nio-8040-exec-2] INFO  c.az.payment.service.PaymentService - transactionLog Id : 18956 : rrn(250901010030000004)
2025-09-01 13:30:04 [http-nio-8040-exec-2] INFO  c.az.payment.service.PaymentService - PaymentService::processRequest Getting service By ID 3 ,,,, and locale en
2025-09-01 13:30:04 [http-nio-8040-exec-2] INFO  c.az.payment.service.ServiceService - ServiceService.findById  return service with id 3
2025-09-01 13:30:08 [http-nio-8040-exec-2] INFO  c.az.payment.service.PaymentService - Biller(1) doesn't have service(3)
2025-09-01 13:30:08 [http-nio-8040-exec-2] INFO  c.az.payment.service.PaymentService - PaymentService::processRequest found Service Named EBS Transfer: By Id 3
2025-09-01 13:30:08 [http-nio-8040-exec-2] INFO  com.az.payment.mapper.RequestMapper - start Mapping Request .... ProcessRequest(id=1, serviceId=3, parameters=[RequestParameter[id=4, key=To_BBAN, value=24074295700001]], accountFrom=0103093800000021)
2025-09-01 13:30:09 [http-nio-8040-exec-2] INFO  com.az.payment.mapper.RequestMapper - reqRrn : -1 : transactionID : 250901010030000004
2025-09-01 13:30:09 [http-nio-8040-exec-2] INFO  com.az.payment.mapper.RequestMapper - start Mapping Additional Request Data Such as fixed Value and transaction ID if available 
2025-09-01 13:30:09 [http-nio-8040-exec-2] INFO  com.az.payment.mapper.RequestMapper - end Mapping Request .... {"To_BBAN":"24074295700001","transactionID":"250901010030000004"}
2025-09-01 13:30:09 [http-nio-8040-exec-2] INFO  c.az.payment.service.PaymentService - PaymentService::processRequest mapped  RequestDTO To JSON Object {"To_BBAN":"24074295700001","transactionID":"250901010030000004"}
2025-09-01 13:30:10 [http-nio-8040-exec-2] INFO  com.az.payment.service.ClientApi - ClientAPi::CallService response: {"customerName":"Mohammed","customerBank":"Khartoum","accountType":"Account","responseCode":1,"responseMessage":"Success"}
2025-09-01 13:30:10 [http-nio-8040-exec-2] INFO  c.az.payment.service.PaymentService - {"accountType":"Account","customerBank":"Khartoum","responseMessage":"Success","customerName":"Mohammed","responseCode":1}
2025-09-01 13:30:11 [http-nio-8040-exec-2] INFO  c.az.payment.service.PaymentService - #################### SUCCESS
2025-09-01 13:30:11 [http-nio-8040-exec-2] INFO  c.az.payment.service.PaymentService - PaymentService::processResponse  Response returned From restApi {"accountType":"Account","customerBank":"Khartoum","responseMessage":"Success","customerName":"Mohammed","responseCode":1}
2025-09-01 13:30:11 [http-nio-8040-exec-2] INFO  com.az.payment.utils.Validation - Validation::validateResponse Validating response  ,,, apiResponse = {"accountType":"Account","customerBank":"Khartoum","responseMessage":"Success","customerName":"Mohammed","responseCode":1},,,, for service ID 3 , with name EBS Transfer
2025-09-01 13:30:11 [http-nio-8040-exec-2] INFO  c.az.payment.service.ServiceService - ServiceService.findResponseParameterByServiceId  ServiceID : 3
2025-09-01 13:30:12 [http-nio-8040-exec-2] INFO  com.az.payment.utils.Validation - parameter in List is responseCode,,,, first check false , second check false 
2025-09-01 13:30:12 [http-nio-8040-exec-2] INFO  com.az.payment.utils.Validation - parameter in List is responseMessage,,,, first check false , second check false 
2025-09-01 13:30:12 [http-nio-8040-exec-2] INFO  com.az.payment.utils.Validation - parameter[responseMessage] not a response code from biller
2025-09-01 13:30:12 [http-nio-8040-exec-2] INFO  com.az.payment.utils.Validation - parameter in List is customerName,,,, first check true , second check true 
2025-09-01 13:30:12 [http-nio-8040-exec-2] INFO  com.az.payment.utils.Validation - parameter in List is customerBank,,,, first check true , second check true 
2025-09-01 13:30:12 [http-nio-8040-exec-2] INFO  com.az.payment.utils.Validation - parameter in List is accountType,,,, first check true , second check true 
2025-09-01 13:30:12 [http-nio-8040-exec-2] INFO  com.az.payment.utils.Validation - response returned after mapping data is [PaymentResponseField[key=customerName, value=Mohammed, displayName=Customer Name, id=28], PaymentResponseField[key=customerBank, value=Khartoum, displayName=Customer Bank, id=43], PaymentResponseField[key=accountType, value=Account, displayName=Account Type, id=47]] 
2025-09-01 13:30:12 [http-nio-8040-exec-2] INFO  c.az.payment.mapper.ResponseMapper - response returned from mapper and validated as defined  PaymentResponse(responseParams=[PaymentResponseField[key=customerName, value=Mohammed, displayName=Customer Name, id=28], PaymentResponseField[key=customerBank, value=Khartoum, displayName=Customer Bank, id=43], PaymentResponseField[key=accountType, value=Account, displayName=Account Type, id=47]], finalStatus=0, isPayment=false, requestParams=null, responseCode=0, responseMessage=Successful, bankReference=null)
2025-09-01 13:30:12 [http-nio-8040-exec-2] INFO  c.az.payment.service.PaymentService - PaymentService::processResponse mapped from toServiceResponse PaymentResponse(responseParams=[PaymentResponseField[key=customerName, value=Mohammed, displayName=Customer Name, id=28], PaymentResponseField[key=customerBank, value=Khartoum, displayName=Customer Bank, id=43], PaymentResponseField[key=accountType, value=Account, displayName=Account Type, id=47]], finalStatus=0, isPayment=false, requestParams=null, responseCode=0, responseMessage=Successful, bankReference=null)
2025-09-01 13:30:12 [http-nio-8040-exec-2] INFO  com.az.payment.mapper.RequestMapper - start toClientResponse .... PaymentResponse(responseParams=[PaymentResponseField[key=customerName, value=Mohammed, displayName=Customer Name, id=28], PaymentResponseField[key=customerBank, value=Khartoum, displayName=Customer Bank, id=43], PaymentResponseField[key=accountType, value=Account, displayName=Account Type, id=47]], finalStatus=0, isPayment=false, requestParams=null, responseCode=0, responseMessage=Successful, bankReference=null),,,,, with request ............ProcessRequest(id=1, serviceId=3, parameters=[RequestParameter[id=4, key=To_BBAN, value=24074295700001]], accountFrom=0103093800000021) 
2025-09-01 13:30:12 [http-nio-8040-exec-2] INFO  c.az.payment.service.ServiceService - ServiceService.findParameterByServiceId  ServiceID : 1
2025-09-01 13:30:12 [http-nio-8040-exec-2] INFO  c.az.payment.service.ServiceService - inside stream getting parameterId 1 and true and true and true
2025-09-01 13:30:12 [http-nio-8040-exec-2] INFO  c.az.payment.service.ServiceService - inside stream getting parameterId 2 and true and true and true
2025-09-01 13:30:12 [http-nio-8040-exec-2] INFO  c.az.payment.service.ServiceService - inside stream getting parameterId 3 and true and false and true
2025-09-01 13:30:12 [http-nio-8040-exec-2] INFO  c.az.payment.service.ServiceService - inside stream getting parameterId 4 and true and true and true
2025-09-01 13:30:12 [http-nio-8040-exec-2] INFO  c.az.payment.service.ServiceService - inside stream getting parameterId 5 and false and false and true
2025-09-01 13:30:12 [http-nio-8040-exec-2] INFO  c.az.payment.service.ServiceService - inside stream getting parameterId 9 and true and true and true
2025-09-01 13:30:12 [http-nio-8040-exec-2] INFO  c.az.payment.service.ServiceService - inside stream getting parameterId 10 and true and true and true
2025-09-01 13:30:12 [http-nio-8040-exec-2] INFO  c.az.payment.service.ServiceService - inside stream getting parameterId 11 and true and true and true
2025-09-01 13:30:12 [http-nio-8040-exec-2] INFO  c.az.payment.service.ServiceService - inside stream getting parameterId 12 and true and true and false
2025-09-01 13:30:12 [http-nio-8040-exec-2] INFO  c.az.payment.service.ServiceService - inside stream getting parameterId 13 and true and true and true
2025-09-01 13:30:12 [http-nio-8040-exec-2] INFO  c.az.payment.service.PaymentService - mapResponse --->: PaymentResponse(responseParams=[PaymentResponseField[key=customerName, value=Mohammed, displayName=Customer Name, id=28], PaymentResponseField[key=customerBank, value=Khartoum, displayName=Customer Bank, id=43], PaymentResponseField[key=accountType, value=Account, displayName=Account Type, id=47]], finalStatus=1, isPayment=true, requestParams=[ParameterResponse[id=3, name=Amount, description=Amount, internalKey=amount, orderNo=2, regex=^\d+$, inputType=1, jsonType=1, paramType=4, length=-1, minValue=1.0, maxValue=1000000.0, option=[]], ParameterResponse[id=4, name=TO BBAN Number, description=To BBAN Number, internalKey=To_BBAN, orderNo=1, regex=^\d{14}$, inputType=1, jsonType=1, paramType=0, length=14, minValue=-1.0, maxValue=-1.0, option=[]]], responseCode=0, responseMessage=Successful, bankReference=250901010030000004)
2025-09-01 13:30:59 [main] INFO  com.az.payment.PaymentApplication - Starting PaymentApplication using Java 17.0.12 with PID 13272 (D:\____WorkSpace\AZ\code backups\e-payment_5_5_2025\payment\target\classes started by HP in D:\____WorkSpace\AZ\code backups\e-payment_5_5_2025\payment)
2025-09-01 13:30:59 [main] DEBUG com.az.payment.PaymentApplication - Running with Spring Boot v3.3.0, Spring v6.1.8
2025-09-01 13:30:59 [main] INFO  com.az.payment.PaymentApplication - No active profile set, falling back to 1 default profile: "default"
2025-09-01 13:31:10 [main] INFO  com.az.payment.PaymentApplication - Started PaymentApplication in 12.536 seconds (process running for 13.071)
2025-09-01 13:31:38 [http-nio-8040-exec-2] INFO  c.az.payment.service.PaymentService - inside PaymentService.processRequest
2025-09-01 13:31:38 [http-nio-8040-exec-2] INFO  c.az.payment.service.PaymentService - mobile request : ProcessRequest(id=1, serviceId=3, parameters=[RequestParameter[id=4, key=To_BBAN, value=24074295700001]], accountFrom=0103093800000021)
2025-09-01 13:31:39 [http-nio-8040-exec-2] INFO  c.az.payment.service.PaymentService - transactionLog Id : 19002 : rrn(250901010030000005)
2025-09-01 13:31:39 [http-nio-8040-exec-2] INFO  c.az.payment.service.PaymentService - PaymentService::processRequest Getting service By ID 3 ,,,, and locale en
2025-09-01 13:31:39 [http-nio-8040-exec-2] INFO  c.az.payment.service.ServiceService - ServiceService.findById  return service with id 3
2025-09-01 13:31:44 [http-nio-8040-exec-2] INFO  c.az.payment.service.PaymentService - Biller(1) doesn't have service(3)
2025-09-01 13:31:44 [http-nio-8040-exec-2] INFO  c.az.payment.service.PaymentService - PaymentService::processRequest found Service Named EBS Transfer: By Id 3
2025-09-01 13:31:44 [http-nio-8040-exec-2] INFO  com.az.payment.mapper.RequestMapper - start Mapping Request .... ProcessRequest(id=1, serviceId=3, parameters=[RequestParameter[id=4, key=To_BBAN, value=24074295700001]], accountFrom=0103093800000021)
2025-09-01 13:31:45 [http-nio-8040-exec-2] INFO  com.az.payment.mapper.RequestMapper - reqRrn : -1 : transactionID : 250901010030000005
2025-09-01 13:31:45 [http-nio-8040-exec-2] INFO  com.az.payment.mapper.RequestMapper - start Mapping Additional Request Data Such as fixed Value and transaction ID if available 
2025-09-01 13:31:45 [http-nio-8040-exec-2] INFO  com.az.payment.mapper.RequestMapper - end Mapping Request .... {"To_BBAN":"24074295700001","transactionID":"250901010030000005"}
2025-09-01 13:31:45 [http-nio-8040-exec-2] INFO  c.az.payment.service.PaymentService - PaymentService::processRequest mapped  RequestDTO To JSON Object {"To_BBAN":"24074295700001","transactionID":"250901010030000005"}
2025-09-01 13:31:46 [http-nio-8040-exec-2] INFO  com.az.payment.service.ClientApi - ClientAPi::CallService response: {"customerName":"Mohammed","customerBank":"Khartoum","accountType":"Account","responseCode":1,"responseMessage":"Success"}
2025-09-01 13:31:46 [http-nio-8040-exec-2] INFO  c.az.payment.service.PaymentService - {"accountType":"Account","customerBank":"Khartoum","responseMessage":"Success","customerName":"Mohammed","responseCode":1}
2025-09-01 13:31:47 [http-nio-8040-exec-2] INFO  c.az.payment.service.PaymentService - #################### SUCCESS
2025-09-01 13:31:47 [http-nio-8040-exec-2] INFO  c.az.payment.service.PaymentService - PaymentService::processResponse  Response returned From restApi {"accountType":"Account","customerBank":"Khartoum","responseMessage":"Success","customerName":"Mohammed","responseCode":1}
2025-09-01 13:31:47 [http-nio-8040-exec-2] INFO  com.az.payment.utils.Validation - Validation::validateResponse Validating response  ,,, apiResponse = {"accountType":"Account","customerBank":"Khartoum","responseMessage":"Success","customerName":"Mohammed","responseCode":1},,,, for service ID 3 , with name EBS Transfer
2025-09-01 13:31:47 [http-nio-8040-exec-2] INFO  c.az.payment.service.ServiceService - ServiceService.findResponseParameterByServiceId  ServiceID : 3
2025-09-01 13:31:47 [http-nio-8040-exec-2] INFO  com.az.payment.utils.Validation - parameter in List is responseCode,,,, first check false , second check false 
2025-09-01 13:31:47 [http-nio-8040-exec-2] INFO  com.az.payment.utils.Validation - parameter in List is responseMessage,,,, first check false , second check false 
2025-09-01 13:31:47 [http-nio-8040-exec-2] INFO  com.az.payment.utils.Validation - parameter[responseMessage] not a response code from biller
2025-09-01 13:31:47 [http-nio-8040-exec-2] INFO  com.az.payment.utils.Validation - parameter in List is customerName,,,, first check true , second check true 
2025-09-01 13:31:47 [http-nio-8040-exec-2] INFO  com.az.payment.utils.Validation - parameter in List is customerBank,,,, first check true , second check true 
2025-09-01 13:31:47 [http-nio-8040-exec-2] INFO  com.az.payment.utils.Validation - parameter in List is accountType,,,, first check true , second check true 
2025-09-01 13:31:47 [http-nio-8040-exec-2] INFO  com.az.payment.utils.Validation - response returned after mapping data is [PaymentResponseField[key=customerName, value=Mohammed, displayName=Customer Name, id=28], PaymentResponseField[key=customerBank, value=Khartoum, displayName=Customer Bank, id=43], PaymentResponseField[key=accountType, value=Account, displayName=Account Type, id=47]] 
2025-09-01 13:31:47 [http-nio-8040-exec-2] INFO  c.az.payment.mapper.ResponseMapper - response returned from mapper and validated as defined  PaymentResponse(responseParams=[PaymentResponseField[key=customerName, value=Mohammed, displayName=Customer Name, id=28], PaymentResponseField[key=customerBank, value=Khartoum, displayName=Customer Bank, id=43], PaymentResponseField[key=accountType, value=Account, displayName=Account Type, id=47]], finalStatus=0, isPayment=false, requestParams=null, responseCode=0, responseMessage=Successful, bankReference=null)
2025-09-01 13:31:47 [http-nio-8040-exec-2] INFO  c.az.payment.service.PaymentService - PaymentService::processResponse mapped from toServiceResponse PaymentResponse(responseParams=[PaymentResponseField[key=customerName, value=Mohammed, displayName=Customer Name, id=28], PaymentResponseField[key=customerBank, value=Khartoum, displayName=Customer Bank, id=43], PaymentResponseField[key=accountType, value=Account, displayName=Account Type, id=47]], finalStatus=0, isPayment=false, requestParams=null, responseCode=0, responseMessage=Successful, bankReference=null)
2025-09-01 13:31:47 [http-nio-8040-exec-2] INFO  com.az.payment.mapper.RequestMapper - start toClientResponse .... PaymentResponse(responseParams=[PaymentResponseField[key=customerName, value=Mohammed, displayName=Customer Name, id=28], PaymentResponseField[key=customerBank, value=Khartoum, displayName=Customer Bank, id=43], PaymentResponseField[key=accountType, value=Account, displayName=Account Type, id=47]], finalStatus=0, isPayment=false, requestParams=null, responseCode=0, responseMessage=Successful, bankReference=null),,,,, with request ............ProcessRequest(id=1, serviceId=3, parameters=[RequestParameter[id=4, key=To_BBAN, value=24074295700001]], accountFrom=0103093800000021) 
2025-09-01 13:31:47 [http-nio-8040-exec-2] INFO  c.az.payment.service.PaymentService - mapResponse --->: PaymentResponse(responseParams=[PaymentResponseField[key=customerName, value=Mohammed, displayName=Customer Name, id=28], PaymentResponseField[key=customerBank, value=Khartoum, displayName=Customer Bank, id=43], PaymentResponseField[key=accountType, value=Account, displayName=Account Type, id=47]], finalStatus=0, isPayment=false, requestParams=null, responseCode=0, responseMessage=Successful, bankReference=250901010030000005)
2025-09-01 14:13:27 [main] INFO  com.az.payment.PaymentApplication - Starting PaymentApplication using Java 17.0.12 with PID 35856 (D:\____WorkSpace\AZ\code backups\e-payment_5_5_2025\payment\target\classes started by HP in D:\____WorkSpace\AZ\code backups\e-payment_5_5_2025\payment)
2025-09-01 14:13:27 [main] DEBUG com.az.payment.PaymentApplication - Running with Spring Boot v3.3.0, Spring v6.1.8
2025-09-01 14:13:27 [main] INFO  com.az.payment.PaymentApplication - No active profile set, falling back to 1 default profile: "default"
2025-09-01 14:13:38 [main] INFO  com.az.payment.PaymentApplication - Started PaymentApplication in 11.838 seconds (process running for 12.382)
2025-09-01 14:15:09 [http-nio-8040-exec-2] INFO  c.az.payment.service.PaymentService - inside PaymentService.processRequest
2025-09-01 14:15:09 [http-nio-8040-exec-2] INFO  c.az.payment.service.PaymentService - mobile request : ProcessRequest(id=1, serviceId=3, parameters=[RequestParameter[id=4, key=To_BBAN, value=24074295700001]], accountFrom=0103093800000021)
2025-09-01 14:15:10 [http-nio-8040-exec-2] INFO  c.az.payment.service.PaymentService - transactionLog Id : 19052 : rrn(250901010030000006)
2025-09-01 14:15:10 [http-nio-8040-exec-2] INFO  c.az.payment.service.PaymentService - PaymentService::processRequest Getting service By ID 3 ,,,, and locale en
2025-09-01 14:15:10 [http-nio-8040-exec-2] INFO  c.az.payment.service.ServiceService - ServiceService.findById  return service with id 3
2025-09-01 14:15:15 [http-nio-8040-exec-2] INFO  c.az.payment.service.PaymentService - Biller(1) doesn't have service(3)
2025-09-01 14:15:15 [http-nio-8040-exec-2] INFO  c.az.payment.service.PaymentService - PaymentService::processRequest found Service Named EBS Transfer: By Id 3
2025-09-01 14:15:15 [http-nio-8040-exec-2] INFO  com.az.payment.mapper.RequestMapper - start Mapping Request .... ProcessRequest(id=1, serviceId=3, parameters=[RequestParameter[id=4, key=To_BBAN, value=24074295700001]], accountFrom=0103093800000021)
2025-09-01 14:15:16 [http-nio-8040-exec-2] INFO  com.az.payment.mapper.RequestMapper - reqRrn : -1 : transactionID : 250901010030000006
2025-09-01 14:15:16 [http-nio-8040-exec-2] INFO  com.az.payment.mapper.RequestMapper - start Mapping Additional Request Data Such as fixed Value and transaction ID if available 
2025-09-01 14:15:16 [http-nio-8040-exec-2] INFO  com.az.payment.mapper.RequestMapper - end Mapping Request .... {"To_BBAN":"24074295700001","transactionID":"250901010030000006"}
2025-09-01 14:15:16 [http-nio-8040-exec-2] INFO  c.az.payment.service.PaymentService - PaymentService::processRequest mapped  RequestDTO To JSON Object {"To_BBAN":"24074295700001","transactionID":"250901010030000006"}
2025-09-01 14:15:17 [http-nio-8040-exec-2] INFO  com.az.payment.service.ClientApi - ClientAPi::CallService response: {"customerName":"Mohammed","customerBank":"Khartoum","accountType":"Account","responseCode":1,"responseMessage":"Success"}
2025-09-01 14:15:17 [http-nio-8040-exec-2] INFO  c.az.payment.service.PaymentService - {"accountType":"Account","customerBank":"Khartoum","responseMessage":"Success","customerName":"Mohammed","responseCode":1}
2025-09-01 14:15:18 [http-nio-8040-exec-2] INFO  c.az.payment.service.PaymentService - #################### SUCCESS
2025-09-01 14:15:18 [http-nio-8040-exec-2] INFO  c.az.payment.service.PaymentService - PaymentService::processResponse  Response returned From restApi {"accountType":"Account","customerBank":"Khartoum","responseMessage":"Success","customerName":"Mohammed","responseCode":1}
2025-09-01 14:15:18 [http-nio-8040-exec-2] INFO  com.az.payment.utils.Validation - Validation::validateResponse Validating response  ,,, apiResponse = {"accountType":"Account","customerBank":"Khartoum","responseMessage":"Success","customerName":"Mohammed","responseCode":1},,,, for service ID 3 , with name EBS Transfer
2025-09-01 14:15:18 [http-nio-8040-exec-2] INFO  c.az.payment.service.ServiceService - ServiceService.findResponseParameterByServiceId  ServiceID : 3
2025-09-01 14:15:19 [http-nio-8040-exec-2] INFO  com.az.payment.utils.Validation - parameter in List is responseCode,,,, first check false , second check false 
2025-09-01 14:15:19 [http-nio-8040-exec-2] INFO  com.az.payment.utils.Validation - parameter in List is responseMessage,,,, first check false , second check false 
2025-09-01 14:15:19 [http-nio-8040-exec-2] INFO  com.az.payment.utils.Validation - parameter[responseMessage] not a response code from biller
2025-09-01 14:15:19 [http-nio-8040-exec-2] INFO  com.az.payment.utils.Validation - parameter in List is customerName,,,, first check true , second check true 
2025-09-01 14:15:19 [http-nio-8040-exec-2] INFO  com.az.payment.utils.Validation - parameter in List is customerBank,,,, first check true , second check true 
2025-09-01 14:15:19 [http-nio-8040-exec-2] INFO  com.az.payment.utils.Validation - parameter in List is accountType,,,, first check true , second check true 
2025-09-01 14:15:19 [http-nio-8040-exec-2] INFO  com.az.payment.utils.Validation - response returned after mapping data is [PaymentResponseField[key=customerName, value=Mohammed, displayName=Customer Name, id=28], PaymentResponseField[key=customerBank, value=Khartoum, displayName=Customer Bank, id=43], PaymentResponseField[key=accountType, value=Account, displayName=Account Type, id=47]] 
2025-09-01 14:15:19 [http-nio-8040-exec-2] INFO  c.az.payment.mapper.ResponseMapper - response returned from mapper and validated as defined  PaymentResponse(responseParams=[PaymentResponseField[key=customerName, value=Mohammed, displayName=Customer Name, id=28], PaymentResponseField[key=customerBank, value=Khartoum, displayName=Customer Bank, id=43], PaymentResponseField[key=accountType, value=Account, displayName=Account Type, id=47]], finalStatus=0, isPayment=false, requestParams=null, responseCode=0, responseMessage=Successful, bankReference=null)
2025-09-01 14:15:19 [http-nio-8040-exec-2] INFO  c.az.payment.service.PaymentService - PaymentService::processResponse mapped from toServiceResponse PaymentResponse(responseParams=[PaymentResponseField[key=customerName, value=Mohammed, displayName=Customer Name, id=28], PaymentResponseField[key=customerBank, value=Khartoum, displayName=Customer Bank, id=43], PaymentResponseField[key=accountType, value=Account, displayName=Account Type, id=47]], finalStatus=0, isPayment=false, requestParams=null, responseCode=0, responseMessage=Successful, bankReference=null)
2025-09-01 14:15:19 [http-nio-8040-exec-2] INFO  com.az.payment.mapper.RequestMapper - start toClientResponse .... PaymentResponse(responseParams=[PaymentResponseField[key=customerName, value=Mohammed, displayName=Customer Name, id=28], PaymentResponseField[key=customerBank, value=Khartoum, displayName=Customer Bank, id=43], PaymentResponseField[key=accountType, value=Account, displayName=Account Type, id=47]], finalStatus=0, isPayment=false, requestParams=null, responseCode=0, responseMessage=Successful, bankReference=null),,,,, with request ............ProcessRequest(id=1, serviceId=3, parameters=[RequestParameter[id=4, key=To_BBAN, value=24074295700001]], accountFrom=0103093800000021) 
2025-09-01 14:15:19 [http-nio-8040-exec-2] INFO  c.az.payment.service.PaymentService - mapResponse --->: PaymentResponse(responseParams=[PaymentResponseField[key=customerName, value=Mohammed, displayName=Customer Name, id=28], PaymentResponseField[key=customerBank, value=Khartoum, displayName=Customer Bank, id=43], PaymentResponseField[key=accountType, value=Account, displayName=Account Type, id=47]], finalStatus=0, isPayment=false, requestParams=null, responseCode=0, responseMessage=Successful, bankReference=250901010030000006)
2025-09-01 14:15:32 [main] INFO  com.az.payment.PaymentApplication - Starting PaymentApplication using Java 17.0.12 with PID 1700 (D:\____WorkSpace\AZ\code backups\e-payment_5_5_2025\payment\target\classes started by HP in D:\____WorkSpace\AZ\code backups\e-payment_5_5_2025\payment)
2025-09-01 14:15:32 [main] DEBUG com.az.payment.PaymentApplication - Running with Spring Boot v3.3.0, Spring v6.1.8
2025-09-01 14:15:32 [main] INFO  com.az.payment.PaymentApplication - No active profile set, falling back to 1 default profile: "default"
2025-09-01 14:15:44 [main] INFO  com.az.payment.PaymentApplication - Started PaymentApplication in 13.608 seconds (process running for 14.344)
2025-09-01 14:16:16 [http-nio-8040-exec-1] INFO  c.az.payment.service.PaymentService - inside PaymentService.processRequest
2025-09-01 14:16:16 [http-nio-8040-exec-1] INFO  c.az.payment.service.PaymentService - mobile request : ProcessRequest(id=1, serviceId=3, parameters=[RequestParameter[id=4, key=To_BBAN, value=24074295700001]], accountFrom=0103093800000021)
2025-09-01 14:16:17 [http-nio-8040-exec-1] INFO  c.az.payment.service.PaymentService - transactionLog Id : 19102 : rrn(250901010030000007)
2025-09-01 14:16:17 [http-nio-8040-exec-1] INFO  c.az.payment.service.PaymentService - PaymentService::processRequest Getting service By ID 3 ,,,, and locale en
2025-09-01 14:16:17 [http-nio-8040-exec-1] INFO  c.az.payment.service.ServiceService - ServiceService.findById  return service with id 3
2025-09-01 14:16:22 [http-nio-8040-exec-1] INFO  c.az.payment.service.PaymentService - Biller(1) doesn't have service(3)
2025-09-01 14:16:22 [http-nio-8040-exec-1] INFO  c.az.payment.service.PaymentService - PaymentService::processRequest found Service Named EBS Transfer: By Id 3
2025-09-01 14:16:22 [http-nio-8040-exec-1] INFO  com.az.payment.mapper.RequestMapper - start Mapping Request .... ProcessRequest(id=1, serviceId=3, parameters=[RequestParameter[id=4, key=To_BBAN, value=24074295700001]], accountFrom=0103093800000021)
2025-09-01 14:16:23 [http-nio-8040-exec-1] INFO  com.az.payment.mapper.RequestMapper - reqRrn : -1 : transactionID : 250901010030000007
2025-09-01 14:16:23 [http-nio-8040-exec-1] INFO  com.az.payment.mapper.RequestMapper - start Mapping Additional Request Data Such as fixed Value and transaction ID if available 
2025-09-01 14:16:23 [http-nio-8040-exec-1] INFO  com.az.payment.mapper.RequestMapper - end Mapping Request .... {"To_BBAN":"24074295700001","transactionID":"250901010030000007"}
2025-09-01 14:16:23 [http-nio-8040-exec-1] INFO  c.az.payment.service.PaymentService - PaymentService::processRequest mapped  RequestDTO To JSON Object {"To_BBAN":"24074295700001","transactionID":"250901010030000007"}
2025-09-01 14:16:24 [http-nio-8040-exec-1] INFO  com.az.payment.service.ClientApi - ClientAPi::CallService response: {"customerName":"Mohammed","customerBank":"Khartoum","accountType":"Account","responseCode":1,"responseMessage":"Success"}
2025-09-01 14:16:24 [http-nio-8040-exec-1] INFO  c.az.payment.service.PaymentService - {"accountType":"Account","customerBank":"Khartoum","responseMessage":"Success","customerName":"Mohammed","responseCode":1}
2025-09-01 14:16:25 [http-nio-8040-exec-1] INFO  c.az.payment.service.PaymentService - #################### SUCCESS
2025-09-01 14:16:25 [http-nio-8040-exec-1] INFO  c.az.payment.service.PaymentService - PaymentService::processResponse  Response returned From restApi {"accountType":"Account","customerBank":"Khartoum","responseMessage":"Success","customerName":"Mohammed","responseCode":1}
2025-09-01 14:16:25 [http-nio-8040-exec-1] INFO  com.az.payment.utils.Validation - Validation::validateResponse Validating response  ,,, apiResponse = {"accountType":"Account","customerBank":"Khartoum","responseMessage":"Success","customerName":"Mohammed","responseCode":1},,,, for service ID 3 , with name EBS Transfer
2025-09-01 14:16:25 [http-nio-8040-exec-1] INFO  c.az.payment.service.ServiceService - ServiceService.findResponseParameterByServiceId  ServiceID : 3
2025-09-01 14:16:26 [http-nio-8040-exec-1] INFO  com.az.payment.utils.Validation - parameter in List is responseCode,,,, first check false , second check false 
2025-09-01 14:16:26 [http-nio-8040-exec-1] INFO  com.az.payment.utils.Validation - parameter in List is responseMessage,,,, first check false , second check false 
2025-09-01 14:16:26 [http-nio-8040-exec-1] INFO  com.az.payment.utils.Validation - parameter[responseMessage] not a response code from biller
2025-09-01 14:16:26 [http-nio-8040-exec-1] INFO  com.az.payment.utils.Validation - parameter in List is customerName,,,, first check true , second check true 
2025-09-01 14:16:26 [http-nio-8040-exec-1] INFO  com.az.payment.utils.Validation - parameter in List is customerBank,,,, first check true , second check true 
2025-09-01 14:16:26 [http-nio-8040-exec-1] INFO  com.az.payment.utils.Validation - parameter in List is accountType,,,, first check true , second check true 
2025-09-01 14:16:26 [http-nio-8040-exec-1] INFO  com.az.payment.utils.Validation - response returned after mapping data is [PaymentResponseField[key=customerName, value=Mohammed, displayName=Customer Name, id=28], PaymentResponseField[key=customerBank, value=Khartoum, displayName=Customer Bank, id=43], PaymentResponseField[key=accountType, value=Account, displayName=Account Type, id=47]] 
2025-09-01 14:16:26 [http-nio-8040-exec-1] INFO  c.az.payment.mapper.ResponseMapper - response returned from mapper and validated as defined  PaymentResponse(responseParams=[PaymentResponseField[key=customerName, value=Mohammed, displayName=Customer Name, id=28], PaymentResponseField[key=customerBank, value=Khartoum, displayName=Customer Bank, id=43], PaymentResponseField[key=accountType, value=Account, displayName=Account Type, id=47]], finalStatus=0, isPayment=false, requestParams=null, responseCode=0, responseMessage=Successful, bankReference=null)
2025-09-01 14:16:26 [http-nio-8040-exec-1] INFO  c.az.payment.service.PaymentService - PaymentService::processResponse mapped from toServiceResponse PaymentResponse(responseParams=[PaymentResponseField[key=customerName, value=Mohammed, displayName=Customer Name, id=28], PaymentResponseField[key=customerBank, value=Khartoum, displayName=Customer Bank, id=43], PaymentResponseField[key=accountType, value=Account, displayName=Account Type, id=47]], finalStatus=0, isPayment=false, requestParams=null, responseCode=0, responseMessage=Successful, bankReference=null)
2025-09-01 14:16:26 [http-nio-8040-exec-1] INFO  com.az.payment.mapper.RequestMapper - start toClientResponse .... PaymentResponse(responseParams=[PaymentResponseField[key=customerName, value=Mohammed, displayName=Customer Name, id=28], PaymentResponseField[key=customerBank, value=Khartoum, displayName=Customer Bank, id=43], PaymentResponseField[key=accountType, value=Account, displayName=Account Type, id=47]], finalStatus=0, isPayment=false, requestParams=null, responseCode=0, responseMessage=Successful, bankReference=null),,,,, with request ............ProcessRequest(id=1, serviceId=3, parameters=[RequestParameter[id=4, key=To_BBAN, value=24074295700001]], accountFrom=0103093800000021) 
2025-09-01 14:16:26 [http-nio-8040-exec-1] INFO  c.az.payment.service.PaymentService - mapResponse --->: PaymentResponse(responseParams=[PaymentResponseField[key=customerName, value=Mohammed, displayName=Customer Name, id=28], PaymentResponseField[key=customerBank, value=Khartoum, displayName=Customer Bank, id=43], PaymentResponseField[key=accountType, value=Account, displayName=Account Type, id=47]], finalStatus=0, isPayment=false, requestParams=null, responseCode=0, responseMessage=Successful, bankReference=250901010030000007)
2025-09-01 14:30:16 [main] INFO  com.az.payment.PaymentApplication - Starting PaymentApplication using Java 17.0.12 with PID 2164 (D:\____WorkSpace\AZ\code backups\e-payment_5_5_2025\payment\target\classes started by HP in D:\____WorkSpace\AZ\code backups\e-payment_5_5_2025\payment)
2025-09-01 14:30:16 [main] DEBUG com.az.payment.PaymentApplication - Running with Spring Boot v3.3.0, Spring v6.1.8
2025-09-01 14:30:16 [main] INFO  com.az.payment.PaymentApplication - No active profile set, falling back to 1 default profile: "default"
2025-09-01 14:30:28 [main] INFO  com.az.payment.PaymentApplication - Started PaymentApplication in 12.711 seconds (process running for 13.398)
2025-09-01 14:30:40 [http-nio-8040-exec-1] INFO  c.az.payment.service.PaymentService - inside PaymentService.processRequest
2025-09-01 14:30:40 [http-nio-8040-exec-1] INFO  c.az.payment.service.PaymentService - mobile request : ProcessRequest(id=1, serviceId=3, parameters=[RequestParameter[id=4, key=To_BBAN, value=24074295700001]], accountFrom=0103093800000021)
2025-09-01 14:30:41 [http-nio-8040-exec-1] INFO  c.az.payment.service.PaymentService - transactionLog Id : 19152 : rrn(250901010030000008)
2025-09-01 14:30:41 [http-nio-8040-exec-1] INFO  c.az.payment.service.PaymentService - PaymentService::processRequest Getting service By ID 3 ,,,, and locale en
2025-09-01 14:30:41 [http-nio-8040-exec-1] INFO  c.az.payment.service.ServiceService - ServiceService.findById  return service with id 3
2025-09-01 14:30:46 [http-nio-8040-exec-1] INFO  c.az.payment.service.PaymentService - Biller(1) doesn't have service(3)
2025-09-01 14:30:46 [http-nio-8040-exec-1] INFO  c.az.payment.service.PaymentService - PaymentService::processRequest found Service Named EBS Transfer: By Id 3
2025-09-01 14:30:46 [http-nio-8040-exec-1] INFO  com.az.payment.mapper.RequestMapper - start Mapping Request .... ProcessRequest(id=1, serviceId=3, parameters=[RequestParameter[id=4, key=To_BBAN, value=24074295700001]], accountFrom=0103093800000021)
2025-09-01 14:30:47 [http-nio-8040-exec-1] INFO  com.az.payment.mapper.RequestMapper - reqRrn : -1 : transactionID : 250901010030000008
2025-09-01 14:30:47 [http-nio-8040-exec-1] INFO  com.az.payment.mapper.RequestMapper - start Mapping Additional Request Data Such as fixed Value and transaction ID if available 
2025-09-01 14:30:47 [http-nio-8040-exec-1] INFO  com.az.payment.mapper.RequestMapper - end Mapping Request .... {"To_BBAN":"24074295700001","transactionID":"250901010030000008"}
2025-09-01 14:30:47 [http-nio-8040-exec-1] INFO  c.az.payment.service.PaymentService - PaymentService::processRequest mapped  RequestDTO To JSON Object {"To_BBAN":"24074295700001","transactionID":"250901010030000008"}
2025-09-01 14:30:49 [http-nio-8040-exec-1] INFO  com.az.payment.service.ClientApi - ClientAPi::CallService response: {"customerName":"Mohammed","customerBank":"Khartoum","accountType":"Account","responseCode":1,"responseMessage":"Success"}
2025-09-01 14:30:49 [http-nio-8040-exec-1] INFO  c.az.payment.service.PaymentService - {"accountType":"Account","customerBank":"Khartoum","responseMessage":"Success","customerName":"Mohammed","responseCode":1}
2025-09-01 14:30:50 [http-nio-8040-exec-1] INFO  c.az.payment.service.PaymentService - #################### SUCCESS
2025-09-01 14:30:50 [http-nio-8040-exec-1] INFO  c.az.payment.service.PaymentService - PaymentService::processResponse  Response returned From restApi {"accountType":"Account","customerBank":"Khartoum","responseMessage":"Success","customerName":"Mohammed","responseCode":1}
2025-09-01 14:30:50 [http-nio-8040-exec-1] INFO  com.az.payment.utils.Validation - Validation::validateResponse Validating response  ,,, apiResponse = {"accountType":"Account","customerBank":"Khartoum","responseMessage":"Success","customerName":"Mohammed","responseCode":1},,,, for service ID 3 , with name EBS Transfer
2025-09-01 14:30:50 [http-nio-8040-exec-1] INFO  c.az.payment.service.ServiceService - ServiceService.findResponseParameterByServiceId  ServiceID : 3
2025-09-01 14:30:50 [http-nio-8040-exec-1] INFO  com.az.payment.utils.Validation - parameter in List is responseCode,,,, first check false , second check false 
2025-09-01 14:30:50 [http-nio-8040-exec-1] INFO  com.az.payment.utils.Validation - parameter in List is responseMessage,,,, first check false , second check false 
2025-09-01 14:30:50 [http-nio-8040-exec-1] INFO  com.az.payment.utils.Validation - parameter[responseMessage] not a response code from biller
2025-09-01 14:30:50 [http-nio-8040-exec-1] INFO  com.az.payment.utils.Validation - parameter in List is customerName,,,, first check true , second check true 
2025-09-01 14:30:50 [http-nio-8040-exec-1] INFO  com.az.payment.utils.Validation - parameter in List is customerBank,,,, first check true , second check true 
2025-09-01 14:30:50 [http-nio-8040-exec-1] INFO  com.az.payment.utils.Validation - parameter in List is accountType,,,, first check true , second check true 
2025-09-01 14:30:50 [http-nio-8040-exec-1] INFO  com.az.payment.utils.Validation - response returned after mapping data is [PaymentResponseField[key=customerName, value=Mohammed, displayName=Customer Name, id=28], PaymentResponseField[key=customerBank, value=Khartoum, displayName=Customer Bank, id=43], PaymentResponseField[key=accountType, value=Account, displayName=Account Type, id=47]] 
2025-09-01 14:30:50 [http-nio-8040-exec-1] INFO  c.az.payment.mapper.ResponseMapper - response returned from mapper and validated as defined  PaymentResponse(responseParams=[PaymentResponseField[key=customerName, value=Mohammed, displayName=Customer Name, id=28], PaymentResponseField[key=customerBank, value=Khartoum, displayName=Customer Bank, id=43], PaymentResponseField[key=accountType, value=Account, displayName=Account Type, id=47]], finalStatus=0, isPayment=false, requestParams=null, responseCode=0, responseMessage=Successful, bankReference=null)
2025-09-01 14:30:51 [http-nio-8040-exec-1] INFO  c.az.payment.service.PaymentService - PaymentService::processResponse mapped from toServiceResponse PaymentResponse(responseParams=[PaymentResponseField[key=customerName, value=Mohammed, displayName=Customer Name, id=28], PaymentResponseField[key=customerBank, value=Khartoum, displayName=Customer Bank, id=43], PaymentResponseField[key=accountType, value=Account, displayName=Account Type, id=47]], finalStatus=0, isPayment=false, requestParams=null, responseCode=0, responseMessage=Successful, bankReference=null)
2025-09-01 14:30:51 [http-nio-8040-exec-1] INFO  com.az.payment.mapper.RequestMapper - start toClientResponse .... PaymentResponse(responseParams=[PaymentResponseField[key=customerName, value=Mohammed, displayName=Customer Name, id=28], PaymentResponseField[key=customerBank, value=Khartoum, displayName=Customer Bank, id=43], PaymentResponseField[key=accountType, value=Account, displayName=Account Type, id=47]], finalStatus=0, isPayment=false, requestParams=null, responseCode=0, responseMessage=Successful, bankReference=null),,,,, with request ............ProcessRequest(id=1, serviceId=3, parameters=[RequestParameter[id=4, key=To_BBAN, value=24074295700001]], accountFrom=0103093800000021) 
2025-09-01 14:32:34 [http-nio-8040-exec-1] INFO  c.az.payment.service.ServiceService - ServiceService.findParameterByServiceId  ServiceID : 1
2025-09-01 14:32:34 [http-nio-8040-exec-1] INFO  c.az.payment.service.ServiceService - inside stream getting parameterId 1 and true and true and true
2025-09-01 14:32:34 [http-nio-8040-exec-1] INFO  c.az.payment.service.ServiceService - inside stream getting parameterId 2 and true and true and true
2025-09-01 14:32:34 [http-nio-8040-exec-1] INFO  c.az.payment.service.ServiceService - inside stream getting parameterId 3 and true and false and true
2025-09-01 14:32:34 [http-nio-8040-exec-1] INFO  c.az.payment.service.ServiceService - inside stream getting parameterId 4 and true and true and true
2025-09-01 14:32:34 [http-nio-8040-exec-1] INFO  c.az.payment.service.ServiceService - inside stream getting parameterId 5 and false and false and true
2025-09-01 14:32:34 [http-nio-8040-exec-1] INFO  c.az.payment.service.ServiceService - inside stream getting parameterId 9 and true and true and true
2025-09-01 14:32:34 [http-nio-8040-exec-1] INFO  c.az.payment.service.ServiceService - inside stream getting parameterId 10 and true and true and true
2025-09-01 14:32:34 [http-nio-8040-exec-1] INFO  c.az.payment.service.ServiceService - inside stream getting parameterId 11 and true and true and true
2025-09-01 14:32:34 [http-nio-8040-exec-1] INFO  c.az.payment.service.ServiceService - inside stream getting parameterId 12 and true and true and false
2025-09-01 14:32:34 [http-nio-8040-exec-1] INFO  c.az.payment.service.ServiceService - inside stream getting parameterId 13 and true and true and true
2025-09-01 14:33:32 [http-nio-8040-exec-1] INFO  c.az.payment.service.PaymentService - mapResponse --->: PaymentResponse(responseParams=[PaymentResponseField[key=customerName, value=Mohammed, displayName=Customer Name, id=28], PaymentResponseField[key=customerBank, value=Khartoum, displayName=Customer Bank, id=43], PaymentResponseField[key=accountType, value=Account, displayName=Account Type, id=47]], finalStatus=1, isPayment=true, requestParams=[ParameterResponse[id=3, name=Amount, description=Amount, internalKey=amount, orderNo=2, regex=^\d+$, inputType=1, jsonType=1, paramType=4, length=-1, minValue=1.0, maxValue=1000000.0, option=[]]], responseCode=0, responseMessage=Successful, bankReference=250901010030000008)
2025-09-01 17:33:41 [main] INFO  com.az.payment.PaymentApplication - Starting PaymentApplication using Java 17.0.12 with PID 18980 (D:\____WorkSpace\AZ\code backups\e-payment_5_5_2025\payment\target\classes started by HP in D:\____WorkSpace\AZ\code backups\e-payment_5_5_2025\payment)
2025-09-01 17:33:41 [main] DEBUG com.az.payment.PaymentApplication - Running with Spring Boot v3.3.0, Spring v6.1.8
2025-09-01 17:33:41 [main] INFO  com.az.payment.PaymentApplication - No active profile set, falling back to 1 default profile: "default"
2025-09-01 17:33:56 [main] INFO  com.az.payment.PaymentApplication - Started PaymentApplication in 16.462 seconds (process running for 17.225)
2025-09-01 17:48:40 [http-nio-8040-exec-1] INFO  c.az.payment.service.PaymentService - inside PaymentService.processRequest
2025-09-01 17:48:40 [http-nio-8040-exec-1] INFO  c.az.payment.service.PaymentService - mobile request : ProcessRequest(id=4, serviceId=5, parameters=[RequestParameter[id=6, key=meter, value=04000000077], RequestParameter[id=7, key=tarrifCode, value=01]], accountFrom=null)
2025-09-01 17:48:41 [http-nio-8040-exec-1] INFO  c.az.payment.service.PaymentService - transactionLog Id : 19252 : rrn(250901040050000023)
2025-09-01 17:48:41 [http-nio-8040-exec-1] INFO  c.az.payment.service.PaymentService - PaymentService::processRequest Getting service By ID 5 ,,,, and locale en
2025-09-01 17:48:41 [http-nio-8040-exec-1] INFO  c.az.payment.service.ServiceService - ServiceService.findById  return service with id 5
2025-09-01 17:48:43 [http-nio-8040-exec-1] INFO  c.az.payment.service.PaymentService - Biller(4) doesn't have service(5)
2025-09-01 17:48:43 [http-nio-8040-exec-1] INFO  c.az.payment.service.PaymentService - PaymentService::processRequest found Service Named Sudan Electricity: By Id 5
2025-09-01 17:48:43 [http-nio-8040-exec-1] INFO  com.az.payment.mapper.RequestMapper - start Mapping Request .... ProcessRequest(id=4, serviceId=5, parameters=[RequestParameter[id=6, key=meter, value=04000000077], RequestParameter[id=7, key=tarrifCode, value=01]], accountFrom=null)
2025-09-01 17:48:44 [http-nio-8040-exec-1] INFO  com.az.payment.mapper.RequestMapper - reqRrn : -1 : transactionID : 250901040050000023
2025-09-01 17:48:44 [http-nio-8040-exec-1] INFO  com.az.payment.mapper.RequestMapper - start Mapping Additional Request Data Such as fixed Value and transaction ID if available 
2025-09-01 17:48:44 [http-nio-8040-exec-1] INFO  com.az.payment.mapper.RequestMapper - end Mapping Request .... {"meterno":"04000000077","tariff_code":"01","transactionID":"250901040050000023"}
2025-09-01 17:48:44 [http-nio-8040-exec-1] INFO  c.az.payment.service.PaymentService - PaymentService::processRequest mapped  RequestDTO To JSON Object {"meterno":"04000000077","tariff_code":"01","transactionID":"250901040050000023"}
2025-09-01 17:48:45 [http-nio-8040-exec-1] ERROR com.az.payment.service.ClientApi - Failed to access the Biller: I/O error on POST request for "http://localhost:9182/api/checkVending": Connection refused: no further information
2025-09-01 17:48:45 [http-nio-8040-exec-1] INFO  c.az.payment.service.PaymentService - {"code":-12,"message":"Failed to access the Biller: I/O error on POST request for \"http://localhost:9182/api/checkVending\": Connection refused: no further information","status":-1}
2025-09-01 17:48:46 [http-nio-8040-exec-1] INFO  c.az.payment.service.PaymentService - =================================-12
2025-09-01 17:48:46 [http-nio-8040-exec-1] INFO  c.az.payment.service.PaymentService - #################### HTML ERR
2025-09-01 17:48:46 [http-nio-8040-exec-1] INFO  c.az.payment.service.PaymentService - PaymentResponse(responseParams=null, finalStatus=-3, isPayment=false, requestParams=null, responseCode=10, responseMessage=Unknown from Biller, please check transaction history, bankReference=250901040050000023)
2025-09-01 17:49:21 [http-nio-8040-exec-3] INFO  c.az.payment.service.PaymentService - inside PaymentService.processRequest
2025-09-01 17:49:21 [http-nio-8040-exec-3] INFO  c.az.payment.service.PaymentService - mobile request : ProcessRequest(id=4, serviceId=5, parameters=[RequestParameter[id=6, key=meter, value=04000000077], RequestParameter[id=7, key=tarrifCode, value=01]], accountFrom=null)
2025-09-01 17:49:21 [http-nio-8040-exec-3] INFO  c.az.payment.service.PaymentService - transactionLog Id : 19253 : rrn(250901040050000024)
2025-09-01 17:49:21 [http-nio-8040-exec-3] INFO  c.az.payment.service.PaymentService - PaymentService::processRequest Getting service By ID 5 ,,,, and locale en
2025-09-01 17:49:21 [http-nio-8040-exec-3] INFO  c.az.payment.service.ServiceService - ServiceService.findById  return service with id 5
2025-09-01 17:49:24 [http-nio-8040-exec-3] INFO  c.az.payment.service.PaymentService - Biller(4) doesn't have service(5)
2025-09-01 17:49:24 [http-nio-8040-exec-3] INFO  c.az.payment.service.PaymentService - PaymentService::processRequest found Service Named Sudan Electricity: By Id 5
2025-09-01 17:49:24 [http-nio-8040-exec-3] INFO  com.az.payment.mapper.RequestMapper - start Mapping Request .... ProcessRequest(id=4, serviceId=5, parameters=[RequestParameter[id=6, key=meter, value=04000000077], RequestParameter[id=7, key=tarrifCode, value=01]], accountFrom=null)
2025-09-01 17:49:24 [http-nio-8040-exec-3] INFO  com.az.payment.mapper.RequestMapper - reqRrn : -1 : transactionID : 250901040050000024
2025-09-01 17:49:24 [http-nio-8040-exec-3] INFO  com.az.payment.mapper.RequestMapper - start Mapping Additional Request Data Such as fixed Value and transaction ID if available 
2025-09-01 17:49:24 [http-nio-8040-exec-3] INFO  com.az.payment.mapper.RequestMapper - end Mapping Request .... {"meterno":"04000000077","tariff_code":"01","transactionID":"250901040050000024"}
2025-09-01 17:49:24 [http-nio-8040-exec-3] INFO  c.az.payment.service.PaymentService - PaymentService::processRequest mapped  RequestDTO To JSON Object {"meterno":"04000000077","tariff_code":"01","transactionID":"250901040050000024"}
2025-09-01 17:49:26 [http-nio-8040-exec-3] INFO  com.az.payment.service.ClientApi - ClientAPi::CallService response: {"meterno":"04000000077","amount":0.0,"calcQty":303.3,"PayCustomerName":"HASsan Mustafa","AdditionalRefrence":"1524115512441","tariff_code":"01","BillerVoucher":"12222115222415","responseCode":"0"}
2025-09-01 17:49:26 [http-nio-8040-exec-3] INFO  c.az.payment.service.PaymentService - {"amount":0,"AdditionalRefrence":"1524115512441","tariff_code":"01","meterno":"04000000077","BillerVoucher":"12222115222415","PayCustomerName":"HASsan Mustafa","calcQty":303.3,"responseCode":"0"}
2025-09-01 17:49:27 [http-nio-8040-exec-3] INFO  c.az.payment.service.PaymentService - #################### SUCCESS
2025-09-01 17:49:27 [http-nio-8040-exec-3] INFO  c.az.payment.service.PaymentService - PaymentService::processResponse  Response returned From restApi {"amount":0,"AdditionalRefrence":"1524115512441","tariff_code":"01","meterno":"04000000077","BillerVoucher":"12222115222415","PayCustomerName":"HASsan Mustafa","calcQty":303.3,"responseCode":"0"}
2025-09-01 17:49:27 [http-nio-8040-exec-3] INFO  com.az.payment.utils.Validation - Validation::validateResponse Validating response  ,,, apiResponse = {"amount":0,"AdditionalRefrence":"1524115512441","tariff_code":"01","meterno":"04000000077","BillerVoucher":"12222115222415","PayCustomerName":"HASsan Mustafa","calcQty":303.3,"responseCode":"0"},,,, for service ID 5 , with name Sudan Electricity
2025-09-01 17:49:27 [http-nio-8040-exec-3] INFO  c.az.payment.service.ServiceService - ServiceService.findResponseParameterByServiceId  ServiceID : 5
2025-09-01 17:49:27 [http-nio-8040-exec-3] INFO  com.az.payment.utils.Validation - parameter in List is tariff_code,,,, first check true , second check true 
2025-09-01 17:49:27 [http-nio-8040-exec-3] INFO  com.az.payment.utils.Validation - parameter in List is meterno,,,, first check true , second check true 
2025-09-01 17:49:27 [http-nio-8040-exec-3] INFO  com.az.payment.utils.Validation - parameter in List is AdditionalRefrence,,,, first check true , second check true 
2025-09-01 17:49:28 [http-nio-8040-exec-3] INFO  com.az.payment.utils.Validation - parameter in List is responseCode,,,, first check false , second check false 
2025-09-01 17:49:28 [http-nio-8040-exec-3] INFO  com.az.payment.utils.Validation - parameter in List is PayCustomerName,,,, first check true , second check true 
2025-09-01 17:49:28 [http-nio-8040-exec-3] INFO  com.az.payment.utils.Validation - response returned after mapping data is [PaymentResponseField[key=tarrifCode, value=01, displayName=Tariff Code, id=7], PaymentResponseField[key=meter, value=04000000077, displayName=Meter NO, id=6], PaymentResponseField[key=additional_reference, value=1524115512441, displayName=Additional Reference, id=8], PaymentResponseField[key=PayCustomerName, value=HASsan Mustafa, displayName=Customer Name, id=20]] 
2025-09-01 17:49:28 [http-nio-8040-exec-3] INFO  c.az.payment.mapper.ResponseMapper - response returned from mapper and validated as defined  PaymentResponse(responseParams=[PaymentResponseField[key=tarrifCode, value=01, displayName=Tariff Code, id=7], PaymentResponseField[key=meter, value=04000000077, displayName=Meter NO, id=6], PaymentResponseField[key=additional_reference, value=1524115512441, displayName=Additional Reference, id=8], PaymentResponseField[key=PayCustomerName, value=HASsan Mustafa, displayName=Customer Name, id=20]], finalStatus=0, isPayment=false, requestParams=null, responseCode=0, responseMessage=Successful, bankReference=null)
2025-09-01 17:49:28 [http-nio-8040-exec-3] INFO  c.az.payment.service.PaymentService - PaymentService::processResponse mapped from toServiceResponse PaymentResponse(responseParams=[PaymentResponseField[key=tarrifCode, value=01, displayName=Tariff Code, id=7], PaymentResponseField[key=meter, value=04000000077, displayName=Meter NO, id=6], PaymentResponseField[key=additional_reference, value=1524115512441, displayName=Additional Reference, id=8], PaymentResponseField[key=PayCustomerName, value=HASsan Mustafa, displayName=Customer Name, id=20]], finalStatus=0, isPayment=false, requestParams=null, responseCode=0, responseMessage=Successful, bankReference=null)
2025-09-01 17:49:28 [http-nio-8040-exec-3] INFO  com.az.payment.mapper.RequestMapper - start toClientResponse .... PaymentResponse(responseParams=[PaymentResponseField[key=tarrifCode, value=01, displayName=Tariff Code, id=7], PaymentResponseField[key=meter, value=04000000077, displayName=Meter NO, id=6], PaymentResponseField[key=additional_reference, value=1524115512441, displayName=Additional Reference, id=8], PaymentResponseField[key=PayCustomerName, value=HASsan Mustafa, displayName=Customer Name, id=20]], finalStatus=0, isPayment=false, requestParams=null, responseCode=0, responseMessage=Successful, bankReference=null),,,,, with request ............ProcessRequest(id=4, serviceId=5, parameters=[RequestParameter[id=6, key=meter, value=04000000077], RequestParameter[id=7, key=tarrifCode, value=01]], accountFrom=null) 
2025-09-01 17:49:28 [http-nio-8040-exec-3] INFO  c.az.payment.service.PaymentService - mapResponse --->: PaymentResponse(responseParams=[PaymentResponseField[key=tarrifCode, value=01, displayName=Tariff Code, id=7], PaymentResponseField[key=meter, value=04000000077, displayName=Meter NO, id=6], PaymentResponseField[key=additional_reference, value=1524115512441, displayName=Additional Reference, id=8], PaymentResponseField[key=PayCustomerName, value=HASsan Mustafa, displayName=Customer Name, id=20]], finalStatus=0, isPayment=false, requestParams=null, responseCode=0, responseMessage=Successful, bankReference=250901040050000024)
2025-09-01 17:53:15 [http-nio-8040-exec-6] INFO  c.az.payment.service.PaymentService - inside PaymentService.processRequest
2025-09-01 17:53:15 [http-nio-8040-exec-6] INFO  c.az.payment.service.PaymentService - mobile request : ProcessRequest(id=4, serviceId=5, parameters=[RequestParameter[id=6, key=meter, value=04000000077], RequestParameter[id=7, key=tarrifCode, value=01]], accountFrom=null)
2025-09-01 17:53:15 [http-nio-8040-exec-6] INFO  c.az.payment.service.PaymentService - transactionLog Id : 19254 : rrn(250901040050000025)
2025-09-01 17:53:15 [http-nio-8040-exec-6] INFO  c.az.payment.service.PaymentService - PaymentService::processRequest Getting service By ID 5 ,,,, and locale en
2025-09-01 17:53:15 [http-nio-8040-exec-6] INFO  c.az.payment.service.ServiceService - ServiceService.findById  return service with id 5
2025-09-01 17:53:18 [http-nio-8040-exec-6] INFO  c.az.payment.service.PaymentService - Biller(4) doesn't have service(5)
2025-09-01 17:53:18 [http-nio-8040-exec-6] INFO  c.az.payment.service.PaymentService - PaymentService::processRequest found Service Named Sudan Electricity: By Id 5
2025-09-01 17:53:18 [http-nio-8040-exec-6] INFO  com.az.payment.mapper.RequestMapper - start Mapping Request .... ProcessRequest(id=4, serviceId=5, parameters=[RequestParameter[id=6, key=meter, value=04000000077], RequestParameter[id=7, key=tarrifCode, value=01]], accountFrom=null)
2025-09-01 17:53:18 [http-nio-8040-exec-6] INFO  com.az.payment.mapper.RequestMapper - reqRrn : -1 : transactionID : 250901040050000025
2025-09-01 17:53:18 [http-nio-8040-exec-6] INFO  com.az.payment.mapper.RequestMapper - start Mapping Additional Request Data Such as fixed Value and transaction ID if available 
2025-09-01 17:53:18 [http-nio-8040-exec-6] INFO  com.az.payment.mapper.RequestMapper - end Mapping Request .... {"meterno":"04000000077","tariff_code":"01","transactionID":"250901040050000025"}
2025-09-01 17:53:18 [http-nio-8040-exec-6] INFO  c.az.payment.service.PaymentService - PaymentService::processRequest mapped  RequestDTO To JSON Object {"meterno":"04000000077","tariff_code":"01","transactionID":"250901040050000025"}
2025-09-01 17:53:20 [http-nio-8040-exec-6] INFO  com.az.payment.service.ClientApi - ClientAPi::CallService response: {"meterno":null,"amount":0.0,"calcQty":0.0,"PayCustomerName":"HASsan Mustafa","AdditionalRefrence":"1524115512441","tariff_code":null,"BillerVoucher":null,"responseCode":"0"}
2025-09-01 17:53:20 [http-nio-8040-exec-6] INFO  c.az.payment.service.PaymentService - {"amount":0,"AdditionalRefrence":"1524115512441","tariff_code":null,"meterno":null,"BillerVoucher":null,"PayCustomerName":"HASsan Mustafa","calcQty":0,"responseCode":"0"}
2025-09-01 17:53:21 [http-nio-8040-exec-6] INFO  c.az.payment.service.PaymentService - #################### SUCCESS
2025-09-01 17:53:21 [http-nio-8040-exec-6] INFO  c.az.payment.service.PaymentService - PaymentService::processResponse  Response returned From restApi {"amount":0,"AdditionalRefrence":"1524115512441","tariff_code":null,"meterno":null,"BillerVoucher":null,"PayCustomerName":"HASsan Mustafa","calcQty":0,"responseCode":"0"}
2025-09-01 17:53:21 [http-nio-8040-exec-6] INFO  com.az.payment.utils.Validation - Validation::validateResponse Validating response  ,,, apiResponse = {"amount":0,"AdditionalRefrence":"1524115512441","tariff_code":null,"meterno":null,"BillerVoucher":null,"PayCustomerName":"HASsan Mustafa","calcQty":0,"responseCode":"0"},,,, for service ID 5 , with name Sudan Electricity
2025-09-01 17:53:21 [http-nio-8040-exec-6] INFO  c.az.payment.service.ServiceService - ServiceService.findResponseParameterByServiceId  ServiceID : 5
2025-09-01 17:53:22 [http-nio-8040-exec-6] INFO  com.az.payment.utils.Validation - parameter in List is tariff_code,,,, first check false , second check false 
2025-09-01 17:53:22 [http-nio-8040-exec-6] INFO  com.az.payment.utils.Validation - parameter in List is meterno,,,, first check false , second check false 
2025-09-01 17:53:22 [http-nio-8040-exec-6] INFO  com.az.payment.utils.Validation - parameter in List is AdditionalRefrence,,,, first check true , second check true 
2025-09-01 17:53:22 [http-nio-8040-exec-6] INFO  com.az.payment.utils.Validation - parameter in List is responseCode,,,, first check false , second check false 
2025-09-01 17:53:22 [http-nio-8040-exec-6] INFO  com.az.payment.utils.Validation - parameter in List is PayCustomerName,,,, first check true , second check true 
2025-09-01 17:53:22 [http-nio-8040-exec-6] ERROR com.az.payment.utils.Validation - Parameters not found in response tariff_code,,,meterno,,, 
2025-09-01 17:53:22 [http-nio-8040-exec-6] INFO  com.az.payment.utils.Validation - response returned after mapping data is [PaymentResponseField[key=additional_reference, value=1524115512441, displayName=Additional Reference, id=8], PaymentResponseField[key=PayCustomerName, value=HASsan Mustafa, displayName=Customer Name, id=20]] 
2025-09-01 17:53:22 [http-nio-8040-exec-6] INFO  c.az.payment.mapper.ResponseMapper - response returned from mapper and validated as defined  PaymentResponse(responseParams=[PaymentResponseField[key=additional_reference, value=1524115512441, displayName=Additional Reference, id=8], PaymentResponseField[key=PayCustomerName, value=HASsan Mustafa, displayName=Customer Name, id=20]], finalStatus=0, isPayment=false, requestParams=null, responseCode=0, responseMessage=Successful, bankReference=null)
2025-09-01 17:53:22 [http-nio-8040-exec-6] INFO  c.az.payment.service.PaymentService - PaymentService::processResponse mapped from toServiceResponse PaymentResponse(responseParams=[PaymentResponseField[key=additional_reference, value=1524115512441, displayName=Additional Reference, id=8], PaymentResponseField[key=PayCustomerName, value=HASsan Mustafa, displayName=Customer Name, id=20]], finalStatus=0, isPayment=false, requestParams=null, responseCode=0, responseMessage=Successful, bankReference=null)
2025-09-01 17:53:22 [http-nio-8040-exec-6] INFO  com.az.payment.mapper.RequestMapper - start toClientResponse .... PaymentResponse(responseParams=[PaymentResponseField[key=additional_reference, value=1524115512441, displayName=Additional Reference, id=8], PaymentResponseField[key=PayCustomerName, value=HASsan Mustafa, displayName=Customer Name, id=20]], finalStatus=0, isPayment=false, requestParams=null, responseCode=0, responseMessage=Successful, bankReference=null),,,,, with request ............ProcessRequest(id=4, serviceId=5, parameters=[RequestParameter[id=6, key=meter, value=04000000077], RequestParameter[id=7, key=tarrifCode, value=01]], accountFrom=null) 
2025-09-01 17:53:22 [http-nio-8040-exec-6] INFO  c.az.payment.service.PaymentService - mapResponse --->: PaymentResponse(responseParams=[PaymentResponseField[key=additional_reference, value=1524115512441, displayName=Additional Reference, id=8], PaymentResponseField[key=PayCustomerName, value=HASsan Mustafa, displayName=Customer Name, id=20]], finalStatus=0, isPayment=false, requestParams=null, responseCode=0, responseMessage=Successful, bankReference=250901040050000025)
2025-09-01 17:54:37 [http-nio-8040-exec-8] INFO  c.az.payment.service.PaymentService - inside PaymentService.processRequest
2025-09-01 17:54:37 [http-nio-8040-exec-8] INFO  c.az.payment.service.PaymentService - mobile request : ProcessRequest(id=4, serviceId=5, parameters=[RequestParameter[id=6, key=meter, value=04000000077], RequestParameter[id=7, key=tarrifCode, value=01]], accountFrom=null)
2025-09-01 17:54:37 [http-nio-8040-exec-8] INFO  c.az.payment.service.PaymentService - transactionLog Id : 19255 : rrn(250901040050000026)
2025-09-01 17:54:37 [http-nio-8040-exec-8] INFO  c.az.payment.service.PaymentService - PaymentService::processRequest Getting service By ID 5 ,,,, and locale en
2025-09-01 17:54:37 [http-nio-8040-exec-8] INFO  c.az.payment.service.ServiceService - ServiceService.findById  return service with id 5
2025-09-01 17:54:40 [http-nio-8040-exec-8] INFO  c.az.payment.service.PaymentService - Biller(4) doesn't have service(5)
2025-09-01 17:54:40 [http-nio-8040-exec-8] INFO  c.az.payment.service.PaymentService - PaymentService::processRequest found Service Named Sudan Electricity: By Id 5
2025-09-01 17:54:40 [http-nio-8040-exec-8] INFO  com.az.payment.mapper.RequestMapper - start Mapping Request .... ProcessRequest(id=4, serviceId=5, parameters=[RequestParameter[id=6, key=meter, value=04000000077], RequestParameter[id=7, key=tarrifCode, value=01]], accountFrom=null)
2025-09-01 17:54:40 [http-nio-8040-exec-8] INFO  com.az.payment.mapper.RequestMapper - reqRrn : -1 : transactionID : 250901040050000026
2025-09-01 17:54:40 [http-nio-8040-exec-8] INFO  com.az.payment.mapper.RequestMapper - start Mapping Additional Request Data Such as fixed Value and transaction ID if available 
2025-09-01 17:54:40 [http-nio-8040-exec-8] INFO  com.az.payment.mapper.RequestMapper - end Mapping Request .... {"meterno":"04000000077","tariff_code":"01","transactionID":"250901040050000026"}
2025-09-01 17:54:40 [http-nio-8040-exec-8] INFO  c.az.payment.service.PaymentService - PaymentService::processRequest mapped  RequestDTO To JSON Object {"meterno":"04000000077","tariff_code":"01","transactionID":"250901040050000026"}
2025-09-01 17:54:41 [http-nio-8040-exec-8] INFO  com.az.payment.service.ClientApi - ClientAPi::CallService response: {"meterno":null,"amount":0.0,"calcQty":0.0,"PayCustomerName":"HASsan Mustafa","AdditionalRefrence":"1524115512441","tariff_code":null,"BillerVoucher":null,"responseCode":"0"}
2025-09-01 17:54:41 [http-nio-8040-exec-8] INFO  c.az.payment.service.PaymentService - {"amount":0,"AdditionalRefrence":"1524115512441","tariff_code":null,"meterno":null,"BillerVoucher":null,"PayCustomerName":"HASsan Mustafa","calcQty":0,"responseCode":"0"}
2025-09-01 17:54:43 [http-nio-8040-exec-8] INFO  c.az.payment.service.PaymentService - #################### SUCCESS
2025-09-01 17:54:43 [http-nio-8040-exec-8] INFO  c.az.payment.service.PaymentService - PaymentService::processResponse  Response returned From restApi {"amount":0,"AdditionalRefrence":"1524115512441","tariff_code":null,"meterno":null,"BillerVoucher":null,"PayCustomerName":"HASsan Mustafa","calcQty":0,"responseCode":"0"}
2025-09-01 17:54:43 [http-nio-8040-exec-8] INFO  com.az.payment.utils.Validation - Validation::validateResponse Validating response  ,,, apiResponse = {"amount":0,"AdditionalRefrence":"1524115512441","tariff_code":null,"meterno":null,"BillerVoucher":null,"PayCustomerName":"HASsan Mustafa","calcQty":0,"responseCode":"0"},,,, for service ID 5 , with name Sudan Electricity
2025-09-01 17:54:43 [http-nio-8040-exec-8] INFO  c.az.payment.service.ServiceService - ServiceService.findResponseParameterByServiceId  ServiceID : 5
2025-09-01 17:54:43 [http-nio-8040-exec-8] INFO  com.az.payment.utils.Validation - parameter in List is tariff_code,,,, first check false , second check false 
2025-09-01 17:54:43 [http-nio-8040-exec-8] INFO  com.az.payment.utils.Validation - parameter in List is meterno,,,, first check false , second check false 
2025-09-01 17:54:43 [http-nio-8040-exec-8] INFO  com.az.payment.utils.Validation - parameter in List is AdditionalRefrence,,,, first check true , second check true 
2025-09-01 17:54:43 [http-nio-8040-exec-8] INFO  com.az.payment.utils.Validation - parameter in List is responseCode,,,, first check true , second check true 
2025-09-01 17:54:43 [http-nio-8040-exec-8] INFO  com.az.payment.utils.Validation - parameter in List is PayCustomerName,,,, first check true , second check true 
2025-09-01 17:54:43 [http-nio-8040-exec-8] ERROR com.az.payment.utils.Validation - Parameters not found in response tariff_code,,,meterno,,, 
2025-09-01 17:54:43 [http-nio-8040-exec-8] INFO  com.az.payment.utils.Validation - response returned after mapping data is [PaymentResponseField[key=additional_reference, value=1524115512441, displayName=Additional Reference, id=8], PaymentResponseField[key=code, value=0, displayName=Code, id=16], PaymentResponseField[key=PayCustomerName, value=HASsan Mustafa, displayName=Customer Name, id=20]] 
2025-09-01 17:54:43 [http-nio-8040-exec-8] INFO  c.az.payment.mapper.ResponseMapper - response returned from mapper and validated as defined  PaymentResponse(responseParams=[PaymentResponseField[key=additional_reference, value=1524115512441, displayName=Additional Reference, id=8], PaymentResponseField[key=code, value=0, displayName=Code, id=16], PaymentResponseField[key=PayCustomerName, value=HASsan Mustafa, displayName=Customer Name, id=20]], finalStatus=0, isPayment=false, requestParams=null, responseCode=0, responseMessage=null, bankReference=null)
2025-09-01 17:54:43 [http-nio-8040-exec-8] INFO  c.az.payment.service.PaymentService - PaymentService::processResponse mapped from toServiceResponse PaymentResponse(responseParams=[PaymentResponseField[key=additional_reference, value=1524115512441, displayName=Additional Reference, id=8], PaymentResponseField[key=code, value=0, displayName=Code, id=16], PaymentResponseField[key=PayCustomerName, value=HASsan Mustafa, displayName=Customer Name, id=20]], finalStatus=0, isPayment=false, requestParams=null, responseCode=0, responseMessage=null, bankReference=null)
2025-09-01 17:54:43 [http-nio-8040-exec-8] INFO  com.az.payment.mapper.RequestMapper - start toClientResponse .... PaymentResponse(responseParams=[PaymentResponseField[key=additional_reference, value=1524115512441, displayName=Additional Reference, id=8], PaymentResponseField[key=code, value=0, displayName=Code, id=16], PaymentResponseField[key=PayCustomerName, value=HASsan Mustafa, displayName=Customer Name, id=20]], finalStatus=0, isPayment=false, requestParams=null, responseCode=0, responseMessage=null, bankReference=null),,,,, with request ............ProcessRequest(id=4, serviceId=5, parameters=[RequestParameter[id=6, key=meter, value=04000000077], RequestParameter[id=7, key=tarrifCode, value=01]], accountFrom=null) 
2025-09-01 17:54:43 [http-nio-8040-exec-8] INFO  c.az.payment.service.PaymentService - mapResponse --->: PaymentResponse(responseParams=[PaymentResponseField[key=additional_reference, value=1524115512441, displayName=Additional Reference, id=8], PaymentResponseField[key=code, value=0, displayName=Code, id=16], PaymentResponseField[key=PayCustomerName, value=HASsan Mustafa, displayName=Customer Name, id=20]], finalStatus=0, isPayment=false, requestParams=null, responseCode=0, responseMessage=null, bankReference=250901040050000026)
