2025-11-20 03:42:35 [main] INFO  com.az.payment.PaymentApplication - Starting PaymentApplication using Java 17.0.12 with PID 9016 (D:\____WorkSpace\AZ\code backups\e-payment_5_5_2025\payment\target\classes started by HP in D:\____WorkSpace\AZ\code backups\e-payment_5_5_2025\payment)
2025-11-20 03:42:35 [main] DEBUG com.az.payment.PaymentApplication - Running with Spring Boot v3.3.0, Spring v6.1.8
2025-11-20 03:42:35 [main] INFO  com.az.payment.PaymentApplication - No active profile set, falling back to 1 default profile: "default"
2025-11-20 03:42:48 [main] INFO  com.az.payment.PaymentApplication - Started PaymentApplication in 13.457 seconds (process running for 13.983)
2025-11-20 03:42:51 [http-nio-8040-exec-2] INFO  c.az.payment.service.PaymentService - inside PaymentService.checkStatus: CheckStatusRequest(transactionId=250708010010000012)
2025-11-20 03:42:59 [http-nio-8040-exec-2] INFO  c.az.payment.service.PaymentService - call biller for service(2) : []
2025-11-20 03:42:59 [http-nio-8040-exec-2] INFO  c.az.payment.service.PaymentService - transactionLog Id : 27652 : rrn(251120010020000001)
2025-11-20 03:42:59 [http-nio-8040-exec-2] INFO  c.az.payment.service.PaymentService - PaymentService::callService Getting service By ID 2 ,,,, and locale en
2025-11-20 03:42:59 [http-nio-8040-exec-2] INFO  c.az.payment.service.ServiceService - ServiceService.findById  return service with id 2
2025-11-20 03:42:59 [http-nio-8040-exec-2] INFO  c.az.payment.service.PaymentService - Biller(1) doesn't have service(2)
2025-11-20 03:42:59 [http-nio-8040-exec-2] INFO  c.az.payment.service.PaymentService - PaymentService::checkStatus found Service Named Check Status: By Id 2
2025-11-20 03:42:59 [http-nio-8040-exec-2] INFO  com.az.payment.mapper.RequestMapper - start Mapping Request .... ProcessRequest(id=1, serviceId=2, parameters=[], accountFrom=0103093800044644)
2025-11-20 03:43:00 [http-nio-8040-exec-2] ERROR com.az.payment.mapper.RequestMapper - Parameter[transactionId.id(55)] not found in request
2025-11-20 03:43:00 [http-nio-8040-exec-2] INFO  c.az.payment.service.PaymentService - An Error occured while processing the request CheckStatusRequest(transactionId=250708010010000012)
2025-11-20 03:43:00 [http-nio-8040-exec-2] INFO  c.az.payment.service.PaymentService - Exception: Invalid Request
2025-11-20 03:43:00 [http-nio-8040-exec-2] ERROR c.az.payment.service.PaymentService - 251120010020000001: class com.az.payment.exception.BusinessException
2025-11-20 03:43:00 [http-nio-8040-exec-2] INFO  c.az.payment.service.PaymentService - CheckStatusResponse(responseCode=10, responseMessage=An Error occured while processing the request, trnStatus=0, trnStatusDisc=null, transactionId=250708010010000012, checkReqId=251120010020000001, trnDetails=null)
2025-11-20 03:43:24 [main] INFO  com.az.payment.PaymentApplication - Starting PaymentApplication using Java 17.0.12 with PID 19912 (D:\____WorkSpace\AZ\code backups\e-payment_5_5_2025\payment\target\classes started by HP in D:\____WorkSpace\AZ\code backups\e-payment_5_5_2025\payment)
2025-11-20 03:43:24 [main] DEBUG com.az.payment.PaymentApplication - Running with Spring Boot v3.3.0, Spring v6.1.8
2025-11-20 03:43:24 [main] INFO  com.az.payment.PaymentApplication - No active profile set, falling back to 1 default profile: "default"
2025-11-20 03:43:39 [main] INFO  com.az.payment.PaymentApplication - Started PaymentApplication in 15.725 seconds (process running for 16.439)
2025-11-20 03:43:50 [http-nio-8040-exec-1] INFO  c.az.payment.service.PaymentService - inside PaymentService.checkStatus: CheckStatusRequest(transactionId=250708010010000012)
2025-11-20 03:44:08 [http-nio-8040-exec-1] INFO  c.az.payment.service.PaymentService - call biller for service(2) : []
2025-11-20 03:44:09 [http-nio-8040-exec-1] INFO  c.az.payment.service.PaymentService - transactionLog Id : 27702 : rrn(251120010020000002)
2025-11-20 03:44:09 [http-nio-8040-exec-1] INFO  c.az.payment.service.PaymentService - PaymentService::callService Getting service By ID 2 ,,,, and locale en
2025-11-20 03:44:09 [http-nio-8040-exec-1] INFO  c.az.payment.service.ServiceService - ServiceService.findById  return service with id 2
2025-11-20 03:44:09 [http-nio-8040-exec-1] INFO  c.az.payment.service.PaymentService - Biller(1) doesn't have service(2)
2025-11-20 03:44:09 [http-nio-8040-exec-1] INFO  c.az.payment.service.PaymentService - PaymentService::checkStatus found Service Named Check Status: By Id 2
2025-11-20 03:44:09 [http-nio-8040-exec-1] INFO  com.az.payment.mapper.RequestMapper - start Mapping Request .... ProcessRequest(id=1, serviceId=2, parameters=[], accountFrom=0103093800044644)
2025-11-20 03:44:10 [http-nio-8040-exec-1] ERROR com.az.payment.mapper.RequestMapper - Parameter[transactionId.id(55)] not found in request
2025-11-20 03:44:10 [http-nio-8040-exec-1] INFO  c.az.payment.service.PaymentService - An Error occured while processing the request CheckStatusRequest(transactionId=250708010010000012)
2025-11-20 03:44:10 [http-nio-8040-exec-1] INFO  c.az.payment.service.PaymentService - Exception: Invalid Request
2025-11-20 03:44:10 [http-nio-8040-exec-1] ERROR c.az.payment.service.PaymentService - 251120010020000002: class com.az.payment.exception.BusinessException
2025-11-20 03:44:10 [http-nio-8040-exec-1] INFO  c.az.payment.service.PaymentService - CheckStatusResponse(responseCode=10, responseMessage=An Error occured while processing the request, trnStatus=0, trnStatusDisc=null, transactionId=250708010010000012, checkReqId=251120010020000002, trnDetails=null)
2025-11-20 03:44:20 [main] INFO  com.az.payment.PaymentApplication - Starting PaymentApplication using Java 17.0.12 with PID 25236 (D:\____WorkSpace\AZ\code backups\e-payment_5_5_2025\payment\target\classes started by HP in D:\____WorkSpace\AZ\code backups\e-payment_5_5_2025\payment)
2025-11-20 03:44:20 [main] DEBUG com.az.payment.PaymentApplication - Running with Spring Boot v3.3.0, Spring v6.1.8
2025-11-20 03:44:20 [main] INFO  com.az.payment.PaymentApplication - No active profile set, falling back to 1 default profile: "default"
2025-11-20 03:44:34 [main] INFO  com.az.payment.PaymentApplication - Started PaymentApplication in 15.463 seconds (process running for 16.474)
2025-11-20 03:44:43 [http-nio-8040-exec-1] INFO  c.az.payment.service.PaymentService - inside PaymentService.checkStatus: CheckStatusRequest(transactionId=250708010010000012)
2025-11-20 03:50:39 [http-nio-8040-exec-1] INFO  c.az.payment.service.PaymentService - call biller for service(2) : []
2025-11-20 03:50:49 [http-nio-8040-exec-1] INFO  c.az.payment.service.PaymentService - transactionLog Id : 27752 : rrn(251120010020000003)
2025-11-20 03:50:53 [http-nio-8040-exec-1] INFO  c.az.payment.service.PaymentService - PaymentService::callService Getting service By ID 2 ,,,, and locale en
2025-11-20 03:50:54 [http-nio-8040-exec-1] INFO  c.az.payment.service.ServiceService - ServiceService.findById  return service with id 2
2025-11-20 03:50:56 [http-nio-8040-exec-1] INFO  c.az.payment.service.PaymentService - Biller(1) doesn't have service(2)
2025-11-20 03:50:57 [http-nio-8040-exec-1] INFO  c.az.payment.service.PaymentService - PaymentService::checkStatus found Service Named Check Status: By Id 2
2025-11-20 03:50:58 [http-nio-8040-exec-1] INFO  com.az.payment.mapper.RequestMapper - start Mapping Request .... ProcessRequest(id=1, serviceId=2, parameters=[], accountFrom=0103093800044644)
2025-11-20 03:50:59 [http-nio-8040-exec-1] ERROR com.az.payment.mapper.RequestMapper - Parameter[transactionId.id(55)] not found in request
2025-11-20 03:51:08 [http-nio-8040-exec-1] INFO  c.az.payment.service.PaymentService - An Error occured while processing the request CheckStatusRequest(transactionId=250708010010000012)
2025-11-20 03:51:08 [http-nio-8040-exec-1] INFO  c.az.payment.service.PaymentService - Exception: Invalid Request
2025-11-20 03:51:08 [http-nio-8040-exec-1] ERROR c.az.payment.service.PaymentService - 251120010020000003: class com.az.payment.exception.BusinessException
2025-11-20 03:51:08 [http-nio-8040-exec-1] INFO  c.az.payment.service.PaymentService - CheckStatusResponse(responseCode=10, responseMessage=An Error occured while processing the request, trnStatus=0, trnStatusDisc=null, transactionId=250708010010000012, checkReqId=251120010020000003, trnDetails=null)
2025-11-20 03:51:19 [main] INFO  com.az.payment.PaymentApplication - Starting PaymentApplication using Java 17.0.12 with PID 21748 (D:\____WorkSpace\AZ\code backups\e-payment_5_5_2025\payment\target\classes started by HP in D:\____WorkSpace\AZ\code backups\e-payment_5_5_2025\payment)
2025-11-20 03:51:19 [main] DEBUG com.az.payment.PaymentApplication - Running with Spring Boot v3.3.0, Spring v6.1.8
2025-11-20 03:51:19 [main] INFO  com.az.payment.PaymentApplication - No active profile set, falling back to 1 default profile: "default"
2025-11-20 03:51:32 [main] INFO  com.az.payment.PaymentApplication - Started PaymentApplication in 14.425 seconds (process running for 15.148)
2025-11-20 04:29:42 [http-nio-8040-exec-1] INFO  c.az.payment.service.PaymentService - inside PaymentService.checkStatus: CheckStatusRequest(transactionId=250708010010000012)
2025-11-20 04:36:21 [http-nio-8040-exec-1] INFO  c.az.payment.service.PaymentService - call biller for service(2) : []
2025-11-20 04:36:22 [http-nio-8040-exec-1] INFO  c.az.payment.service.PaymentService - transactionLog Id : 27802 : rrn(251120010020000004)
2025-11-20 04:36:22 [http-nio-8040-exec-1] INFO  c.az.payment.service.PaymentService - PaymentService::callService Getting service By ID 2 ,,,, and locale en
2025-11-20 04:36:22 [http-nio-8040-exec-1] INFO  c.az.payment.service.ServiceService - ServiceService.findById  return service with id 2
2025-11-20 04:36:22 [http-nio-8040-exec-1] INFO  c.az.payment.service.PaymentService - Biller(1) doesn't have service(2)
2025-11-20 04:36:22 [http-nio-8040-exec-1] INFO  c.az.payment.service.PaymentService - PaymentService::checkStatus found Service Named Check Status: By Id 2
2025-11-20 04:36:22 [http-nio-8040-exec-1] INFO  com.az.payment.mapper.RequestMapper - start Mapping Request .... ProcessRequest(id=1, serviceId=2, parameters=[], accountFrom=0103093800044644)
2025-11-20 04:36:23 [http-nio-8040-exec-1] ERROR com.az.payment.mapper.RequestMapper - Parameter[transactionId.id(55)] not found in request
2025-11-20 04:36:23 [http-nio-8040-exec-1] INFO  c.az.payment.service.PaymentService - An Error occured while processing the request CheckStatusRequest(transactionId=250708010010000012)
2025-11-20 04:36:23 [http-nio-8040-exec-1] INFO  c.az.payment.service.PaymentService - Exception: Invalid Request
2025-11-20 04:36:23 [http-nio-8040-exec-1] ERROR c.az.payment.service.PaymentService - 251120010020000004: class com.az.payment.exception.BusinessException
2025-11-20 04:36:23 [http-nio-8040-exec-1] INFO  c.az.payment.service.PaymentService - CheckStatusResponse(responseCode=10, responseMessage=An Error occured while processing the request, trnStatus=0, trnStatusDisc=null, transactionId=250708010010000012, checkReqId=251120010020000004, trnDetails=null)
2025-11-20 04:36:32 [http-nio-8040-exec-4] INFO  c.az.payment.service.PaymentService - inside PaymentService.checkStatus: CheckStatusRequest(transactionId=250725010010000002)
2025-11-20 04:36:39 [http-nio-8040-exec-4] INFO  c.az.payment.service.PaymentService - An Error occured while processing the request CheckStatusRequest(transactionId=250725010010000002)
2025-11-20 04:36:39 [http-nio-8040-exec-4] INFO  c.az.payment.service.PaymentService - Exception: JSONObject["originalTransactionId"] not found.
2025-11-20 04:36:39 [http-nio-8040-exec-4] ERROR c.az.payment.service.PaymentService - : class org.json.JSONException
2025-11-20 04:36:39 [http-nio-8040-exec-4] INFO  c.az.payment.service.PaymentService - CheckStatusResponse(responseCode=10, responseMessage=An Error occured while processing the request, trnStatus=0, trnStatusDisc=null, transactionId=250725010010000002, checkReqId=251120010000000005, trnDetails=null)
2025-11-20 04:37:43 [main] INFO  com.az.payment.PaymentApplication - Starting PaymentApplication using Java 17.0.12 with PID 25276 (D:\____WorkSpace\AZ\code backups\e-payment_5_5_2025\payment\target\classes started by HP in D:\____WorkSpace\AZ\code backups\e-payment_5_5_2025\payment)
2025-11-20 04:37:43 [main] DEBUG com.az.payment.PaymentApplication - Running with Spring Boot v3.3.0, Spring v6.1.8
2025-11-20 04:37:43 [main] INFO  com.az.payment.PaymentApplication - No active profile set, falling back to 1 default profile: "default"
2025-11-20 04:37:56 [main] INFO  com.az.payment.PaymentApplication - Started PaymentApplication in 13.458 seconds (process running for 14.101)
2025-11-20 04:42:42 [http-nio-8040-exec-1] INFO  c.az.payment.service.PaymentService - inside PaymentService.checkStatus: CheckStatusRequest(transactionId=250725010010000002)
2025-11-20 04:48:22 [http-nio-8040-exec-1] INFO  c.az.payment.service.PaymentService - call biller for service(2) : [RequestParameter[id=55, key=transactionId, value=250725010010000002]]
2025-11-20 04:48:36 [http-nio-8040-exec-1] INFO  c.az.payment.service.PaymentService - transactionLog Id : 27852 : rrn(251120010020000006)
2025-11-20 04:48:36 [http-nio-8040-exec-1] INFO  c.az.payment.service.PaymentService - PaymentService::callService Getting service By ID 2 ,,,, and locale en
2025-11-20 04:48:37 [http-nio-8040-exec-1] INFO  c.az.payment.service.ServiceService - ServiceService.findById  return service with id 2
2025-11-20 04:48:38 [http-nio-8040-exec-1] INFO  c.az.payment.service.PaymentService - Biller(1) doesn't have service(2)
2025-11-20 04:48:39 [http-nio-8040-exec-1] INFO  c.az.payment.service.PaymentService - PaymentService::checkStatus found Service Named Check Status: By Id 2
2025-11-20 04:49:12 [http-nio-8040-exec-1] INFO  com.az.payment.mapper.RequestMapper - start Mapping Request .... ProcessRequest(id=1, serviceId=2, parameters=[RequestParameter[id=55, key=transactionId, value=250725010010000002]], accountFrom=0103093800000021)
2025-11-20 04:49:13 [http-nio-8040-exec-1] INFO  com.az.payment.mapper.RequestMapper - reqRrn : 56 : transactionId : 251120010020000006
2025-11-20 04:49:13 [http-nio-8040-exec-1] INFO  com.az.payment.mapper.RequestMapper - start Mapping Additional Request Data Such as fixed Value and transaction ID if available 
2025-11-20 04:49:13 [http-nio-8040-exec-1] INFO  com.az.payment.mapper.RequestMapper - end Mapping Request .... {"originalTransactionId":"250725010010000002","transactionId":"251120010020000006"}
2025-11-20 04:49:16 [http-nio-8040-exec-1] INFO  c.az.payment.service.PaymentService - PaymentService::checkStatus mapped  RequestDTO To JSON Object {"originalTransactionId":"250725010010000002","transactionId":"251120010020000006"}
2025-11-20 04:50:05 [http-nio-8040-exec-1] INFO  com.az.payment.service.ClientApi - ClientAPi::CallService response: {"responseCode":1,"responseMessage":"Success","originalTransactionId":"250725010010000002"}
2025-11-20 04:50:10 [http-nio-8040-exec-1] INFO  c.az.payment.service.PaymentService - {"originalTransactionId":"250725010010000002","responseMessage":"Success","responseCode":1}
2025-11-20 07:05:07 [http-nio-8040-exec-1] INFO  c.az.payment.service.PaymentService - An Error occured while processing the request CheckStatusRequest(transactionId=250725010010000002)
2025-11-20 07:05:07 [http-nio-8040-exec-1] INFO  c.az.payment.service.PaymentService - Exception: No value present
2025-11-20 07:05:08 [http-nio-8040-exec-1] ERROR c.az.payment.service.PaymentService - 251120010020000006: class java.util.NoSuchElementException
2025-11-20 08:00:05 [main] INFO  com.az.payment.PaymentApplication - Starting PaymentApplication using Java 17.0.12 with PID 16540 (D:\____WorkSpace\AZ\code backups\e-payment_5_5_2025\payment\target\classes started by HP in D:\____WorkSpace\AZ\code backups\e-payment_5_5_2025\payment)
2025-11-20 08:00:05 [main] DEBUG com.az.payment.PaymentApplication - Running with Spring Boot v3.3.0, Spring v6.1.8
2025-11-20 08:00:05 [main] INFO  com.az.payment.PaymentApplication - No active profile set, falling back to 1 default profile: "default"
2025-11-20 08:00:20 [main] INFO  com.az.payment.PaymentApplication - Started PaymentApplication in 16.356 seconds (process running for 17.295)
2025-11-20 08:31:28 [main] INFO  com.az.payment.PaymentApplication - Starting PaymentApplication using Java 17.0.12 with PID 26140 (D:\____WorkSpace\AZ\code backups\e-payment_5_5_2025\payment\target\classes started by HP in D:\____WorkSpace\AZ\code backups\e-payment_5_5_2025\payment)
2025-11-20 08:31:28 [main] DEBUG com.az.payment.PaymentApplication - Running with Spring Boot v3.3.0, Spring v6.1.8
2025-11-20 08:31:28 [main] INFO  com.az.payment.PaymentApplication - No active profile set, falling back to 1 default profile: "default"
2025-11-20 08:31:41 [main] INFO  com.az.payment.PaymentApplication - Started PaymentApplication in 13.304 seconds (process running for 13.827)
2025-11-20 08:31:47 [http-nio-8040-exec-2] INFO  c.az.payment.service.PaymentService - inside PaymentService.checkStatus: CheckStatusRequest(transactionId=250725010010000002)
2025-11-20 08:31:54 [http-nio-8040-exec-2] INFO  c.az.payment.service.PaymentService - call biller for service(2) : [RequestParameter[id=55, key=transactionId, value=250725010010000002]]
2025-11-20 08:31:55 [http-nio-8040-exec-2] INFO  c.az.payment.service.PaymentService - transactionLog Id : 27902 : rrn(251120010020000007)
2025-11-20 08:31:55 [http-nio-8040-exec-2] INFO  c.az.payment.service.PaymentService - PaymentService::callService Getting service By ID 2 ,,,, and locale en
2025-11-20 08:31:55 [http-nio-8040-exec-2] INFO  c.az.payment.service.ServiceService - ServiceService.findById  return service with id 2
2025-11-20 08:31:55 [http-nio-8040-exec-2] INFO  c.az.payment.service.PaymentService - Biller(1) doesn't have service(2)
2025-11-20 08:31:55 [http-nio-8040-exec-2] INFO  c.az.payment.service.PaymentService - PaymentService::checkStatus found Service Named Check Status: By Id 2
2025-11-20 08:31:55 [http-nio-8040-exec-2] INFO  com.az.payment.mapper.RequestMapper - start Mapping Request .... ProcessRequest(id=1, serviceId=2, parameters=[RequestParameter[id=55, key=transactionId, value=250725010010000002]], accountFrom=0103093800000021)
2025-11-20 08:31:56 [http-nio-8040-exec-2] INFO  com.az.payment.mapper.RequestMapper - reqRrn : 56 : transactionId : 251120010020000007
2025-11-20 08:31:56 [http-nio-8040-exec-2] INFO  com.az.payment.mapper.RequestMapper - start Mapping Additional Request Data Such as fixed Value and transaction ID if available 
2025-11-20 08:31:56 [http-nio-8040-exec-2] INFO  com.az.payment.mapper.RequestMapper - end Mapping Request .... {"originalTransactionId":"250725010010000002","transactionId":"251120010020000007"}
2025-11-20 08:31:56 [http-nio-8040-exec-2] INFO  c.az.payment.service.PaymentService - PaymentService::checkStatus mapped  RequestDTO To JSON Object {"originalTransactionId":"250725010010000002","transactionId":"251120010020000007"}
2025-11-20 08:31:58 [http-nio-8040-exec-2] INFO  com.az.payment.service.ClientApi - ClientAPi::CallService response: {"responseCode":1,"responseMessage":"Success","originalTransactionId":"250725010010000002"}
2025-11-20 08:31:58 [http-nio-8040-exec-2] INFO  c.az.payment.service.PaymentService - {"originalTransactionId":"250725010010000002","responseMessage":"Success","responseCode":1}
2025-11-20 08:32:00 [http-nio-8040-exec-2] INFO  c.az.payment.service.PaymentService - An Error occured while processing the request CheckStatusRequest(transactionId=250725010010000002)
2025-11-20 08:32:00 [http-nio-8040-exec-2] INFO  c.az.payment.service.PaymentService - Exception: No value present
2025-11-20 08:32:00 [http-nio-8040-exec-2] ERROR c.az.payment.service.PaymentService - 251120010020000007: class java.util.NoSuchElementException
2025-11-20 08:32:00 [http-nio-8040-exec-2] INFO  c.az.payment.service.PaymentService - CheckStatusResponse(responseCode=10, responseMessage=An Error occured while processing the request, trnStatus=0, trnStatusDisc=null, transactionId=250725010010000002, checkReqId=251120010020000007, trnDetails=null)
2025-11-20 08:32:13 [main] INFO  com.az.payment.PaymentApplication - Starting PaymentApplication using Java 17.0.12 with PID 2140 (D:\____WorkSpace\AZ\code backups\e-payment_5_5_2025\payment\target\classes started by HP in D:\____WorkSpace\AZ\code backups\e-payment_5_5_2025\payment)
2025-11-20 08:32:13 [main] DEBUG com.az.payment.PaymentApplication - Running with Spring Boot v3.3.0, Spring v6.1.8
2025-11-20 08:32:13 [main] INFO  com.az.payment.PaymentApplication - No active profile set, falling back to 1 default profile: "default"
2025-11-20 08:32:29 [main] INFO  com.az.payment.PaymentApplication - Started PaymentApplication in 16.966 seconds (process running for 17.651)
2025-11-20 08:32:44 [http-nio-8040-exec-2] INFO  c.az.payment.service.PaymentService - inside PaymentService.checkStatus: CheckStatusRequest(transactionId=250725010010000002)
2025-11-20 08:32:51 [http-nio-8040-exec-2] INFO  c.az.payment.service.PaymentService - call biller for service(2) : [RequestParameter[id=55, key=transactionId, value=250725010010000002]]
2025-11-20 08:32:52 [http-nio-8040-exec-2] INFO  c.az.payment.service.PaymentService - transactionLog Id : 27952 : rrn(251120010020000008)
2025-11-20 08:32:52 [http-nio-8040-exec-2] INFO  c.az.payment.service.PaymentService - PaymentService::callService Getting service By ID 2 ,,,, and locale en
2025-11-20 08:32:52 [http-nio-8040-exec-2] INFO  c.az.payment.service.ServiceService - ServiceService.findById  return service with id 2
2025-11-20 08:32:52 [http-nio-8040-exec-2] INFO  c.az.payment.service.PaymentService - Biller(1) doesn't have service(2)
2025-11-20 08:32:52 [http-nio-8040-exec-2] INFO  c.az.payment.service.PaymentService - PaymentService::checkStatus found Service Named Check Status: By Id 2
2025-11-20 08:32:52 [http-nio-8040-exec-2] INFO  com.az.payment.mapper.RequestMapper - start Mapping Request .... ProcessRequest(id=1, serviceId=2, parameters=[RequestParameter[id=55, key=transactionId, value=250725010010000002]], accountFrom=0103093800000021)
2025-11-20 08:32:53 [http-nio-8040-exec-2] INFO  com.az.payment.mapper.RequestMapper - reqRrn : 56 : transactionId : 251120010020000008
2025-11-20 08:32:53 [http-nio-8040-exec-2] INFO  com.az.payment.mapper.RequestMapper - start Mapping Additional Request Data Such as fixed Value and transaction ID if available 
2025-11-20 08:32:53 [http-nio-8040-exec-2] INFO  com.az.payment.mapper.RequestMapper - end Mapping Request .... {"originalTransactionId":"250725010010000002","transactionId":"251120010020000008"}
2025-11-20 08:32:53 [http-nio-8040-exec-2] INFO  c.az.payment.service.PaymentService - PaymentService::checkStatus mapped  RequestDTO To JSON Object {"originalTransactionId":"250725010010000002","transactionId":"251120010020000008"}
2025-11-20 08:32:55 [http-nio-8040-exec-2] INFO  com.az.payment.service.ClientApi - ClientAPi::CallService response: {"responseCode":1,"responseMessage":"Success","originalTransactionId":"250725010010000002"}
2025-11-20 08:32:55 [http-nio-8040-exec-2] INFO  c.az.payment.service.PaymentService - {"originalTransactionId":"250725010010000002","responseMessage":"Success","responseCode":1}
2025-11-20 08:32:56 [http-nio-8040-exec-2] INFO  c.az.payment.service.PaymentService - An Error occured while processing the request CheckStatusRequest(transactionId=250725010010000002)
2025-11-20 08:32:56 [http-nio-8040-exec-2] INFO  c.az.payment.service.PaymentService - Exception: No value present
2025-11-20 08:32:56 [http-nio-8040-exec-2] ERROR c.az.payment.service.PaymentService - 251120010020000008: class java.util.NoSuchElementException
2025-11-20 08:32:56 [http-nio-8040-exec-2] INFO  c.az.payment.service.PaymentService - CheckStatusResponse(responseCode=10, responseMessage=An Error occured while processing the request, trnStatus=0, trnStatusDisc=null, transactionId=250725010010000002, checkReqId=251120010020000008, trnDetails=null)
