2025-09-02 19:19:24 [http-nio-8040-exec-1] INFO  c.az.payment.service.PaymentService - inside PaymentService.processRequest
2025-09-02 19:19:24 [http-nio-8040-exec-1] INFO  c.az.payment.service.PaymentService - mobile request : ProcessRequest(id=1, serviceId=3, parameters=[RequestParameter[id=4, key=To_BBAN, value=24074295700001]], accountFrom=0103093800000021)
2025-09-02 19:19:24 [http-nio-8040-exec-1] INFO  c.az.payment.service.PaymentService - transactionLog Id : 19256 : rrn(250902010030000004)
2025-09-02 19:19:24 [http-nio-8040-exec-1] INFO  c.az.payment.service.PaymentService - PaymentService::processRequest Getting service By ID 3 ,,,, and locale en
2025-09-02 19:19:24 [http-nio-8040-exec-1] INFO  c.az.payment.service.ServiceService - ServiceService.findById  return service with id 3
2025-09-02 19:19:28 [http-nio-8040-exec-1] INFO  c.az.payment.service.PaymentService - Biller(1) doesn't have service(3)
2025-09-02 19:19:28 [http-nio-8040-exec-1] INFO  c.az.payment.service.PaymentService - PaymentService::processRequest found Service Named EBS Transfer: By Id 3
2025-09-02 19:19:28 [http-nio-8040-exec-1] INFO  com.az.payment.mapper.RequestMapper - start Mapping Request .... ProcessRequest(id=1, serviceId=3, parameters=[RequestParameter[id=4, key=To_BBAN, value=24074295700001]], accountFrom=0103093800000021)
2025-09-02 19:19:29 [http-nio-8040-exec-1] INFO  com.az.payment.mapper.RequestMapper - reqRrn : -1 : transactionID : 250902010030000004
2025-09-02 19:19:29 [http-nio-8040-exec-1] INFO  com.az.payment.mapper.RequestMapper - start Mapping Additional Request Data Such as fixed Value and transaction ID if available 
2025-09-02 19:19:29 [http-nio-8040-exec-1] INFO  com.az.payment.mapper.RequestMapper - end Mapping Request .... {"To_BBAN":"24074295700001","transactionID":"250902010030000004"}
2025-09-02 19:19:29 [http-nio-8040-exec-1] INFO  c.az.payment.service.PaymentService - PaymentService::processRequest mapped  RequestDTO To JSON Object {"To_BBAN":"24074295700001","transactionID":"250902010030000004"}
2025-09-02 19:19:30 [http-nio-8040-exec-1] INFO  com.az.payment.service.ClientApi - ClientAPi::CallService response: {"customerName":"Mohammed","customerBank":"Khartoum","accountType":"Account","responseCode":999,"responseMessage":"Missing Input"}
2025-09-02 19:19:30 [http-nio-8040-exec-1] INFO  c.az.payment.service.PaymentService - {"accountType":"Account","customerBank":"Khartoum","responseMessage":"Missing Input","customerName":"Mohammed","responseCode":999}
2025-09-02 19:19:31 [http-nio-8040-exec-1] INFO  c.az.payment.service.PaymentService - #################### BILLER TIME OUT CODE
2025-09-02 19:19:31 [http-nio-8040-exec-1] INFO  c.az.payment.service.PaymentService - PaymentService::processResponse  Response returned From restApi {"accountType":"Account","customerBank":"Khartoum","responseMessage":"Missing Input","customerName":"Mohammed","responseCode":999}
2025-09-02 19:19:31 [http-nio-8040-exec-1] INFO  com.az.payment.utils.Validation - Validation::validateResponse Validating response  ,,, apiResponse = {"accountType":"Account","customerBank":"Khartoum","responseMessage":"Missing Input","customerName":"Mohammed","responseCode":999},,,, for service ID 3 , with name EBS Transfer
2025-09-02 19:19:31 [http-nio-8040-exec-1] INFO  c.az.payment.service.ServiceService - ServiceService.findResponseParameterByServiceId  ServiceID : 3
2025-09-02 19:19:31 [http-nio-8040-exec-1] INFO  com.az.payment.utils.Validation - parameter in List is responseCode,,,, first check false , second check false 
2025-09-02 19:19:31 [http-nio-8040-exec-1] INFO  com.az.payment.utils.Validation - parameter in List is responseMessage,,,, first check false , second check false 
2025-09-02 19:19:31 [http-nio-8040-exec-1] INFO  com.az.payment.utils.Validation - parameter[responseMessage] not a response code from biller
2025-09-02 19:19:31 [http-nio-8040-exec-1] INFO  com.az.payment.utils.Validation - response returned after mapping data is [] 
2025-09-02 19:19:31 [http-nio-8040-exec-1] INFO  c.az.payment.mapper.ResponseMapper - response returned from mapper and validated as defined  PaymentResponse(responseParams=[], finalStatus=0, isPayment=false, requestParams=null, responseCode=0, responseMessage=Transaction pending, bankReference=null)
2025-09-02 19:19:31 [http-nio-8040-exec-1] INFO  c.az.payment.service.PaymentService - PaymentService::processResponse mapped from toServiceResponse PaymentResponse(responseParams=[], finalStatus=0, isPayment=false, requestParams=null, responseCode=0, responseMessage=Transaction pending, bankReference=null)
2025-09-02 19:19:31 [http-nio-8040-exec-1] INFO  c.az.payment.service.PaymentService - mapResponse --->: PaymentResponse(responseParams=[], finalStatus=-2, isPayment=false, requestParams=null, responseCode=0, responseMessage=Transaction pending, bankReference=250902010030000004)
2025-09-02 19:22:37 [http-nio-8040-exec-5] INFO  c.az.payment.service.PaymentService - inside PaymentService.processRequest
2025-09-02 19:22:37 [http-nio-8040-exec-5] INFO  c.az.payment.service.PaymentService - mobile request : ProcessRequest(id=1, serviceId=3, parameters=[RequestParameter[id=4, key=To_BBAN, value=24074295700001]], accountFrom=0103093800000021)
2025-09-02 19:22:37 [http-nio-8040-exec-5] INFO  c.az.payment.service.PaymentService - transactionLog Id : 19257 : rrn(250902010030000007)
2025-09-02 19:22:37 [http-nio-8040-exec-5] INFO  c.az.payment.service.PaymentService - PaymentService::processRequest Getting service By ID 3 ,,,, and locale en
2025-09-02 19:22:37 [http-nio-8040-exec-5] INFO  c.az.payment.service.ServiceService - ServiceService.findById  return service with id 3
2025-09-02 19:22:41 [http-nio-8040-exec-5] INFO  c.az.payment.service.PaymentService - Biller(1) doesn't have service(3)
2025-09-02 19:22:41 [http-nio-8040-exec-5] INFO  c.az.payment.service.PaymentService - PaymentService::processRequest found Service Named EBS Transfer: By Id 3
2025-09-02 19:22:41 [http-nio-8040-exec-5] INFO  com.az.payment.mapper.RequestMapper - start Mapping Request .... ProcessRequest(id=1, serviceId=3, parameters=[RequestParameter[id=4, key=To_BBAN, value=24074295700001]], accountFrom=0103093800000021)
2025-09-02 19:22:42 [http-nio-8040-exec-5] INFO  com.az.payment.mapper.RequestMapper - reqRrn : -1 : transactionID : 250902010030000007
2025-09-02 19:22:42 [http-nio-8040-exec-5] INFO  com.az.payment.mapper.RequestMapper - start Mapping Additional Request Data Such as fixed Value and transaction ID if available 
2025-09-02 19:22:42 [http-nio-8040-exec-5] INFO  com.az.payment.mapper.RequestMapper - end Mapping Request .... {"To_BBAN":"24074295700001","transactionID":"250902010030000007"}
2025-09-02 19:22:42 [http-nio-8040-exec-5] INFO  c.az.payment.service.PaymentService - PaymentService::processRequest mapped  RequestDTO To JSON Object {"To_BBAN":"24074295700001","transactionID":"250902010030000007"}
2025-09-02 19:22:43 [http-nio-8040-exec-5] INFO  com.az.payment.service.ClientApi - ClientAPi::CallService response: {"customerName":"Mohammed","customerBank":"Khartoum","accountType":"Account","responseCode":999,"responseMessage":"Missing Input"}
2025-09-02 19:22:43 [http-nio-8040-exec-5] INFO  c.az.payment.service.PaymentService - {"accountType":"Account","customerBank":"Khartoum","responseMessage":"Missing Input","customerName":"Mohammed","responseCode":999}
2025-09-02 19:22:44 [http-nio-8040-exec-5] INFO  c.az.payment.service.PaymentService - #################### BILLER TIME OUT CODE
2025-09-02 19:22:44 [http-nio-8040-exec-5] INFO  c.az.payment.service.PaymentService - PaymentService::processResponse  Response returned From restApi {"accountType":"Account","customerBank":"Khartoum","responseMessage":"Missing Input","customerName":"Mohammed","responseCode":999}
2025-09-02 19:22:44 [http-nio-8040-exec-5] INFO  com.az.payment.utils.Validation - Validation::validateResponse Validating response  ,,, apiResponse = {"accountType":"Account","customerBank":"Khartoum","responseMessage":"Missing Input","customerName":"Mohammed","responseCode":999},,,, for service ID 3 , with name EBS Transfer
2025-09-02 19:22:44 [http-nio-8040-exec-5] INFO  c.az.payment.service.ServiceService - ServiceService.findResponseParameterByServiceId  ServiceID : 3
2025-09-02 19:22:44 [http-nio-8040-exec-5] INFO  com.az.payment.utils.Validation - parameter in List is responseCode,,,, first check false , second check false 
2025-09-02 19:22:44 [http-nio-8040-exec-5] INFO  com.az.payment.utils.Validation - parameter in List is responseMessage,,,, first check false , second check false 
2025-09-02 19:22:44 [http-nio-8040-exec-5] INFO  com.az.payment.utils.Validation - parameter[responseMessage] not a response code from biller
2025-09-02 19:22:44 [http-nio-8040-exec-5] INFO  com.az.payment.utils.Validation - response returned after mapping data is [] 
2025-09-02 19:22:44 [http-nio-8040-exec-5] INFO  c.az.payment.mapper.ResponseMapper - response returned from mapper and validated as defined  PaymentResponse(responseParams=[], finalStatus=0, isPayment=false, requestParams=null, responseCode=0, responseMessage=Successful, bankReference=null)
2025-09-02 19:22:44 [http-nio-8040-exec-5] INFO  c.az.payment.service.PaymentService - PaymentService::processResponse mapped from toServiceResponse PaymentResponse(responseParams=[], finalStatus=0, isPayment=false, requestParams=null, responseCode=0, responseMessage=Successful, bankReference=null)
2025-09-02 19:22:44 [http-nio-8040-exec-5] INFO  c.az.payment.service.PaymentService - mapResponse --->: PaymentResponse(responseParams=[], finalStatus=-2, isPayment=false, requestParams=null, responseCode=0, responseMessage=Successful, bankReference=250902010030000007)
2025-09-02 19:25:34 [http-nio-8040-exec-7] INFO  c.az.payment.service.PaymentService - inside PaymentService.processRequest
2025-09-02 19:25:34 [http-nio-8040-exec-7] INFO  c.az.payment.service.PaymentService - mobile request : ProcessRequest(id=1, serviceId=3, parameters=[RequestParameter[id=4, key=To_BBAN, value=24074295700001]], accountFrom=0103093800000021)
2025-09-02 19:25:35 [http-nio-8040-exec-7] INFO  c.az.payment.service.PaymentService - transactionLog Id : 19258 : rrn(250902010030000009)
2025-09-02 19:25:35 [http-nio-8040-exec-7] INFO  c.az.payment.service.PaymentService - PaymentService::processRequest Getting service By ID 3 ,,,, and locale en
2025-09-02 19:25:35 [http-nio-8040-exec-7] INFO  c.az.payment.service.ServiceService - ServiceService.findById  return service with id 3
2025-09-02 19:25:38 [http-nio-8040-exec-7] INFO  c.az.payment.service.PaymentService - Biller(1) doesn't have service(3)
2025-09-02 19:25:38 [http-nio-8040-exec-7] INFO  c.az.payment.service.PaymentService - PaymentService::processRequest found Service Named EBS Transfer: By Id 3
2025-09-02 19:25:38 [http-nio-8040-exec-7] INFO  com.az.payment.mapper.RequestMapper - start Mapping Request .... ProcessRequest(id=1, serviceId=3, parameters=[RequestParameter[id=4, key=To_BBAN, value=24074295700001]], accountFrom=0103093800000021)
2025-09-02 19:25:39 [http-nio-8040-exec-7] INFO  com.az.payment.mapper.RequestMapper - reqRrn : -1 : transactionID : 250902010030000009
2025-09-02 19:25:39 [http-nio-8040-exec-7] INFO  com.az.payment.mapper.RequestMapper - start Mapping Additional Request Data Such as fixed Value and transaction ID if available 
2025-09-02 19:25:39 [http-nio-8040-exec-7] INFO  com.az.payment.mapper.RequestMapper - end Mapping Request .... {"To_BBAN":"24074295700001","transactionID":"250902010030000009"}
2025-09-02 19:25:39 [http-nio-8040-exec-7] INFO  c.az.payment.service.PaymentService - PaymentService::processRequest mapped  RequestDTO To JSON Object {"To_BBAN":"24074295700001","transactionID":"250902010030000009"}
2025-09-02 19:25:40 [http-nio-8040-exec-7] INFO  com.az.payment.service.ClientApi - ClientAPi::CallService response: {"customerName":"Mohammed","customerBank":"Khartoum","accountType":"Account","responseCode":1,"responseMessage":"Success"}
2025-09-02 19:25:40 [http-nio-8040-exec-7] INFO  c.az.payment.service.PaymentService - {"accountType":"Account","customerBank":"Khartoum","responseMessage":"Success","customerName":"Mohammed","responseCode":1}
2025-09-02 19:25:41 [http-nio-8040-exec-7] INFO  c.az.payment.service.PaymentService - #################### SUCCESS
2025-09-02 19:25:41 [http-nio-8040-exec-7] INFO  c.az.payment.service.PaymentService - PaymentService::processResponse  Response returned From restApi {"accountType":"Account","customerBank":"Khartoum","responseMessage":"Success","customerName":"Mohammed","responseCode":1}
2025-09-02 19:25:41 [http-nio-8040-exec-7] INFO  com.az.payment.utils.Validation - Validation::validateResponse Validating response  ,,, apiResponse = {"accountType":"Account","customerBank":"Khartoum","responseMessage":"Success","customerName":"Mohammed","responseCode":1},,,, for service ID 3 , with name EBS Transfer
2025-09-02 19:25:41 [http-nio-8040-exec-7] INFO  c.az.payment.service.ServiceService - ServiceService.findResponseParameterByServiceId  ServiceID : 3
2025-09-02 19:25:42 [http-nio-8040-exec-7] INFO  com.az.payment.utils.Validation - parameter in List is responseCode,,,, first check false , second check false 
2025-09-02 19:25:42 [http-nio-8040-exec-7] INFO  com.az.payment.utils.Validation - parameter in List is responseMessage,,,, first check false , second check false 
2025-09-02 19:25:42 [http-nio-8040-exec-7] INFO  com.az.payment.utils.Validation - parameter[responseMessage] not a response code from biller
2025-09-02 19:25:42 [http-nio-8040-exec-7] INFO  com.az.payment.utils.Validation - response returned after mapping data is [] 
2025-09-02 19:25:42 [http-nio-8040-exec-7] INFO  c.az.payment.mapper.ResponseMapper - response returned from mapper and validated as defined  PaymentResponse(responseParams=[], finalStatus=0, isPayment=false, requestParams=null, responseCode=0, responseMessage=Successful, bankReference=null)
2025-09-02 19:25:42 [http-nio-8040-exec-7] INFO  c.az.payment.service.PaymentService - PaymentService::processResponse mapped from toServiceResponse PaymentResponse(responseParams=[], finalStatus=0, isPayment=false, requestParams=null, responseCode=0, responseMessage=Successful, bankReference=null)
2025-09-02 19:25:42 [http-nio-8040-exec-7] INFO  com.az.payment.mapper.RequestMapper - start toClientResponse .... PaymentResponse(responseParams=[], finalStatus=0, isPayment=false, requestParams=null, responseCode=0, responseMessage=Successful, bankReference=null),,,,, with request ............ProcessRequest(id=1, serviceId=3, parameters=[RequestParameter[id=4, key=To_BBAN, value=24074295700001]], accountFrom=0103093800000021) 
2025-09-02 19:25:42 [http-nio-8040-exec-7] INFO  c.az.payment.service.ServiceService - ServiceService.findParameterByServiceId  ServiceID : 1
2025-09-02 19:25:42 [http-nio-8040-exec-7] INFO  c.az.payment.service.ServiceService - inside stream getting parameterId 1 and true and true and true
2025-09-02 19:25:42 [http-nio-8040-exec-7] INFO  c.az.payment.service.ServiceService - inside stream getting parameterId 2 and true and true and true
2025-09-02 19:25:42 [http-nio-8040-exec-7] INFO  c.az.payment.service.ServiceService - inside stream getting parameterId 3 and true and false and true
2025-09-02 19:25:42 [http-nio-8040-exec-7] INFO  c.az.payment.service.ServiceService - inside stream getting parameterId 4 and true and true and true
2025-09-02 19:25:42 [http-nio-8040-exec-7] INFO  c.az.payment.service.ServiceService - inside stream getting parameterId 5 and false and false and true
2025-09-02 19:25:42 [http-nio-8040-exec-7] INFO  c.az.payment.service.ServiceService - inside stream getting parameterId 9 and true and true and true
2025-09-02 19:25:42 [http-nio-8040-exec-7] INFO  c.az.payment.service.ServiceService - inside stream getting parameterId 10 and true and true and true
2025-09-02 19:25:42 [http-nio-8040-exec-7] INFO  c.az.payment.service.ServiceService - inside stream getting parameterId 11 and true and true and true
2025-09-02 19:25:42 [http-nio-8040-exec-7] INFO  c.az.payment.service.ServiceService - inside stream getting parameterId 12 and true and true and false
2025-09-02 19:25:42 [http-nio-8040-exec-7] INFO  c.az.payment.service.ServiceService - inside stream getting parameterId 13 and true and true and true
2025-09-02 19:25:42 [http-nio-8040-exec-7] INFO  c.az.payment.service.PaymentService - mapResponse --->: PaymentResponse(responseParams=[], finalStatus=1, isPayment=true, requestParams=[ParameterResponse[id=3, name=Amount, description=Amount, internalKey=amount, orderNo=2, regex=^\d+$, inputType=1, jsonType=1, paramType=4, length=-1, minValue=1.0, maxValue=1000000.0, option=[]]], responseCode=0, responseMessage=Successful, bankReference=250902010030000009)
2025-09-02 19:52:28 [http-nio-8040-exec-2] INFO  c.az.payment.service.PaymentService - inside PaymentService.processRequest
2025-09-02 19:52:28 [http-nio-8040-exec-2] INFO  c.az.payment.service.PaymentService - mobile request : ProcessRequest(id=1, serviceId=3, parameters=[RequestParameter[id=4, key=To_BBAN, value=24074295700001]], accountFrom=0103093800000021)
2025-09-02 19:52:28 [http-nio-8040-exec-2] INFO  c.az.payment.service.PaymentService - transactionLog Id : 19259 : rrn(250902010030000010)
2025-09-02 19:52:28 [http-nio-8040-exec-2] INFO  c.az.payment.service.PaymentService - PaymentService::processRequest Getting service By ID 3 ,,,, and locale en
2025-09-02 19:52:28 [http-nio-8040-exec-2] INFO  c.az.payment.service.ServiceService - ServiceService.findById  return service with id 3
2025-09-02 19:52:33 [http-nio-8040-exec-2] INFO  c.az.payment.service.PaymentService - Biller(1) doesn't have service(3)
2025-09-02 19:52:33 [http-nio-8040-exec-2] INFO  c.az.payment.service.PaymentService - PaymentService::processRequest found Service Named EBS Transfer: By Id 3
2025-09-02 19:52:33 [http-nio-8040-exec-2] INFO  com.az.payment.mapper.RequestMapper - start Mapping Request .... ProcessRequest(id=1, serviceId=3, parameters=[RequestParameter[id=4, key=To_BBAN, value=24074295700001]], accountFrom=0103093800000021)
2025-09-02 19:52:33 [http-nio-8040-exec-2] INFO  com.az.payment.mapper.RequestMapper - reqRrn : -1 : transactionID : 250902010030000010
2025-09-02 19:52:33 [http-nio-8040-exec-2] INFO  com.az.payment.mapper.RequestMapper - start Mapping Additional Request Data Such as fixed Value and transaction ID if available 
2025-09-02 19:52:33 [http-nio-8040-exec-2] INFO  com.az.payment.mapper.RequestMapper - end Mapping Request .... {"To_BBAN":"24074295700001","transactionID":"250902010030000010"}
2025-09-02 19:52:33 [http-nio-8040-exec-2] INFO  c.az.payment.service.PaymentService - PaymentService::processRequest mapped  RequestDTO To JSON Object {"To_BBAN":"24074295700001","transactionID":"250902010030000010"}
2025-09-02 19:52:34 [http-nio-8040-exec-2] INFO  com.az.payment.service.ClientApi - ClientAPi::CallService response: {"customerName":"Mohammed","customerBank":"Khartoum","accountType":"Account","responseCode":1,"responseMessage":"Success"}
2025-09-02 19:52:34 [http-nio-8040-exec-2] INFO  c.az.payment.service.PaymentService - {"accountType":"Account","customerBank":"Khartoum","responseMessage":"Success","customerName":"Mohammed","responseCode":1}
2025-09-02 19:52:35 [http-nio-8040-exec-2] INFO  c.az.payment.service.PaymentService - #################### SUCCESS
2025-09-02 19:52:35 [http-nio-8040-exec-2] INFO  c.az.payment.service.PaymentService - PaymentService::processResponse  Response returned From restApi {"accountType":"Account","customerBank":"Khartoum","responseMessage":"Success","customerName":"Mohammed","responseCode":1}
2025-09-02 19:52:35 [http-nio-8040-exec-2] INFO  com.az.payment.utils.Validation - Validation::validateResponse Validating response  ,,, apiResponse = {"accountType":"Account","customerBank":"Khartoum","responseMessage":"Success","customerName":"Mohammed","responseCode":1},,,, for service ID 3 , with name EBS Transfer
2025-09-02 19:52:35 [http-nio-8040-exec-2] INFO  c.az.payment.service.ServiceService - ServiceService.findResponseParameterByServiceId  ServiceID : 3
2025-09-02 19:52:36 [http-nio-8040-exec-2] INFO  com.az.payment.utils.Validation - parameter in List is responseCode,,,, first check false , second check false 
2025-09-02 19:52:36 [http-nio-8040-exec-2] INFO  com.az.payment.utils.Validation - parameter in List is responseMessage,,,, first check false , second check false 
2025-09-02 19:52:36 [http-nio-8040-exec-2] INFO  com.az.payment.utils.Validation - parameter[responseMessage] not a response code from biller
2025-09-02 19:52:36 [http-nio-8040-exec-2] INFO  com.az.payment.utils.Validation - response returned after mapping data is [] 
2025-09-02 19:52:36 [http-nio-8040-exec-2] INFO  c.az.payment.mapper.ResponseMapper - response returned from mapper and validated as defined  PaymentResponse(responseParams=[], finalStatus=0, isPayment=false, requestParams=null, responseCode=0, responseMessage=Successful, bankReference=null)
2025-09-02 19:52:36 [http-nio-8040-exec-2] INFO  c.az.payment.service.PaymentService - PaymentService::processResponse mapped from toServiceResponse PaymentResponse(responseParams=[], finalStatus=0, isPayment=false, requestParams=null, responseCode=0, responseMessage=Successful, bankReference=null)
2025-09-02 19:52:36 [http-nio-8040-exec-2] INFO  com.az.payment.mapper.RequestMapper - start toClientResponse .... PaymentResponse(responseParams=[], finalStatus=0, isPayment=false, requestParams=null, responseCode=0, responseMessage=Successful, bankReference=null),,,,, with request ............ProcessRequest(id=1, serviceId=3, parameters=[RequestParameter[id=4, key=To_BBAN, value=24074295700001]], accountFrom=0103093800000021) 
2025-09-02 19:52:36 [http-nio-8040-exec-2] INFO  c.az.payment.service.ServiceService - ServiceService.findParameterByServiceId  ServiceID : 1
2025-09-02 19:52:36 [http-nio-8040-exec-2] INFO  c.az.payment.service.ServiceService - inside stream getting parameterId 1 and true and true and true
2025-09-02 19:52:36 [http-nio-8040-exec-2] INFO  c.az.payment.service.ServiceService - inside stream getting parameterId 2 and true and true and true
2025-09-02 19:52:36 [http-nio-8040-exec-2] INFO  c.az.payment.service.ServiceService - inside stream getting parameterId 3 and true and false and true
2025-09-02 19:52:36 [http-nio-8040-exec-2] INFO  c.az.payment.service.ServiceService - inside stream getting parameterId 4 and true and true and true
2025-09-02 19:52:36 [http-nio-8040-exec-2] INFO  c.az.payment.service.ServiceService - inside stream getting parameterId 5 and false and false and true
2025-09-02 19:52:36 [http-nio-8040-exec-2] INFO  c.az.payment.service.ServiceService - inside stream getting parameterId 9 and true and true and true
2025-09-02 19:52:36 [http-nio-8040-exec-2] INFO  c.az.payment.service.ServiceService - inside stream getting parameterId 10 and true and true and true
2025-09-02 19:52:36 [http-nio-8040-exec-2] INFO  c.az.payment.service.ServiceService - inside stream getting parameterId 11 and true and true and true
2025-09-02 19:52:36 [http-nio-8040-exec-2] INFO  c.az.payment.service.ServiceService - inside stream getting parameterId 12 and true and true and false
2025-09-02 19:52:36 [http-nio-8040-exec-2] INFO  c.az.payment.service.ServiceService - inside stream getting parameterId 13 and true and true and true
2025-09-02 19:52:36 [http-nio-8040-exec-2] INFO  c.az.payment.service.PaymentService - mapResponse --->: PaymentResponse(responseParams=[], finalStatus=1, isPayment=true, requestParams=[ParameterResponse[id=3, name=Amount, description=Amount, internalKey=amount, orderNo=2, regex=^\d+$, inputType=1, jsonType=1, paramType=4, length=-1, minValue=1.0, maxValue=1000000.0, option=[]]], responseCode=0, responseMessage=Successful, bankReference=250902010030000010)
2025-09-02 21:06:44 [http-nio-8040-exec-4] INFO  c.az.payment.service.PaymentService - inside PaymentService.processRequest
2025-09-02 21:06:44 [http-nio-8040-exec-4] INFO  c.az.payment.service.PaymentService - mobile request : ProcessRequest(id=1, serviceId=3, parameters=[RequestParameter[id=4, key=To_BBAN, value=24074295700001]], accountFrom=0103093800000021)
2025-09-02 21:06:45 [http-nio-8040-exec-4] INFO  c.az.payment.service.PaymentService - transactionLog Id : 19260 : rrn(250902010030000011)
2025-09-02 21:06:45 [http-nio-8040-exec-4] INFO  c.az.payment.service.PaymentService - PaymentService::processRequest Getting service By ID 3 ,,,, and locale en
2025-09-02 21:06:45 [http-nio-8040-exec-4] INFO  c.az.payment.service.ServiceService - ServiceService.findById  return service with id 3
2025-09-02 21:06:49 [http-nio-8040-exec-4] INFO  c.az.payment.service.PaymentService - Biller(1) doesn't have service(3)
2025-09-02 21:06:49 [http-nio-8040-exec-4] INFO  c.az.payment.service.PaymentService - PaymentService::processRequest found Service Named EBS Transfer: By Id 3
2025-09-02 21:06:49 [http-nio-8040-exec-4] INFO  com.az.payment.mapper.RequestMapper - start Mapping Request .... ProcessRequest(id=1, serviceId=3, parameters=[RequestParameter[id=4, key=To_BBAN, value=24074295700001]], accountFrom=0103093800000021)
2025-09-02 21:06:50 [http-nio-8040-exec-4] INFO  com.az.payment.mapper.RequestMapper - reqRrn : -1 : transactionID : 250902010030000011
2025-09-02 21:06:50 [http-nio-8040-exec-4] INFO  com.az.payment.mapper.RequestMapper - start Mapping Additional Request Data Such as fixed Value and transaction ID if available 
2025-09-02 21:06:50 [http-nio-8040-exec-4] INFO  com.az.payment.mapper.RequestMapper - end Mapping Request .... {"To_BBAN":"24074295700001","transactionID":"250902010030000011"}
2025-09-02 21:06:50 [http-nio-8040-exec-4] INFO  c.az.payment.service.PaymentService - PaymentService::processRequest mapped  RequestDTO To JSON Object {"To_BBAN":"24074295700001","transactionID":"250902010030000011"}
2025-09-02 21:06:51 [http-nio-8040-exec-4] INFO  com.az.payment.service.ClientApi - ClientAPi::CallService response: {"customerName":"Mohammed","customerBank":"Khartoum","accountType":"Account","responseCode":1,"responseMessage":"Success"}
2025-09-02 21:06:51 [http-nio-8040-exec-4] INFO  c.az.payment.service.PaymentService - {"accountType":"Account","customerBank":"Khartoum","responseMessage":"Success","customerName":"Mohammed","responseCode":1}
2025-09-02 21:06:52 [http-nio-8040-exec-4] INFO  c.az.payment.service.PaymentService - #################### SUCCESS
2025-09-02 21:06:53 [http-nio-8040-exec-4] INFO  c.az.payment.service.PaymentService - PaymentService::processResponse  Response returned From restApi {"accountType":"Account","customerBank":"Khartoum","responseMessage":"Success","customerName":"Mohammed","responseCode":1}
2025-09-02 21:06:53 [http-nio-8040-exec-4] INFO  com.az.payment.utils.Validation - Validation::validateResponse Validating response  ,,, apiResponse = {"accountType":"Account","customerBank":"Khartoum","responseMessage":"Success","customerName":"Mohammed","responseCode":1},,,, for service ID 3 , with name EBS Transfer
2025-09-02 21:06:53 [http-nio-8040-exec-4] INFO  c.az.payment.service.ServiceService - ServiceService.findResponseParameterByServiceId  ServiceID : 3
2025-09-02 21:06:53 [http-nio-8040-exec-4] INFO  com.az.payment.utils.Validation - parameter in List is responseCode,,,, first check false , second check false 
2025-09-02 21:06:53 [http-nio-8040-exec-4] INFO  com.az.payment.utils.Validation - parameter in List is responseMessage,,,, first check false , second check false 
2025-09-02 21:06:53 [http-nio-8040-exec-4] INFO  com.az.payment.utils.Validation - parameter[responseMessage] not a response code from biller
2025-09-02 21:06:53 [http-nio-8040-exec-4] INFO  com.az.payment.utils.Validation - parameter in List is customerName,,,, first check true , second check true 
2025-09-02 21:06:53 [http-nio-8040-exec-4] INFO  com.az.payment.utils.Validation - parameter in List is customerBank,,,, first check true , second check true 
2025-09-02 21:06:53 [http-nio-8040-exec-4] INFO  com.az.payment.utils.Validation - parameter in List is accountType,,,, first check true , second check true 
2025-09-02 21:06:53 [http-nio-8040-exec-4] INFO  com.az.payment.utils.Validation - response returned after mapping data is [PaymentResponseField[key=customerName, value=Mohammed, displayName=Customer Name, id=28], PaymentResponseField[key=customerBank, value=Khartoum, displayName=Customer Bank, id=43], PaymentResponseField[key=accountType, value=Account, displayName=Account Type, id=47]] 
2025-09-02 21:06:53 [http-nio-8040-exec-4] INFO  c.az.payment.mapper.ResponseMapper - response returned from mapper and validated as defined  PaymentResponse(responseParams=[PaymentResponseField[key=customerName, value=Mohammed, displayName=Customer Name, id=28], PaymentResponseField[key=customerBank, value=Khartoum, displayName=Customer Bank, id=43], PaymentResponseField[key=accountType, value=Account, displayName=Account Type, id=47]], finalStatus=0, isPayment=false, requestParams=null, responseCode=0, responseMessage=Successful, bankReference=null)
2025-09-02 21:06:53 [http-nio-8040-exec-4] INFO  c.az.payment.service.PaymentService - PaymentService::processResponse mapped from toServiceResponse PaymentResponse(responseParams=[PaymentResponseField[key=customerName, value=Mohammed, displayName=Customer Name, id=28], PaymentResponseField[key=customerBank, value=Khartoum, displayName=Customer Bank, id=43], PaymentResponseField[key=accountType, value=Account, displayName=Account Type, id=47]], finalStatus=0, isPayment=false, requestParams=null, responseCode=0, responseMessage=Successful, bankReference=null)
2025-09-02 21:06:53 [http-nio-8040-exec-4] INFO  com.az.payment.mapper.RequestMapper - start toClientResponse .... PaymentResponse(responseParams=[PaymentResponseField[key=customerName, value=Mohammed, displayName=Customer Name, id=28], PaymentResponseField[key=customerBank, value=Khartoum, displayName=Customer Bank, id=43], PaymentResponseField[key=accountType, value=Account, displayName=Account Type, id=47]], finalStatus=0, isPayment=false, requestParams=null, responseCode=0, responseMessage=Successful, bankReference=null),,,,, with request ............ProcessRequest(id=1, serviceId=3, parameters=[RequestParameter[id=4, key=To_BBAN, value=24074295700001]], accountFrom=0103093800000021) 
2025-09-02 21:06:53 [http-nio-8040-exec-4] INFO  c.az.payment.service.ServiceService - ServiceService.findParameterByServiceId  ServiceID : 1
2025-09-02 21:06:53 [http-nio-8040-exec-4] INFO  c.az.payment.service.ServiceService - inside stream getting parameterId 1 and true and true and true
2025-09-02 21:06:53 [http-nio-8040-exec-4] INFO  c.az.payment.service.ServiceService - inside stream getting parameterId 2 and true and true and true
2025-09-02 21:06:53 [http-nio-8040-exec-4] INFO  c.az.payment.service.ServiceService - inside stream getting parameterId 3 and true and false and true
2025-09-02 21:06:53 [http-nio-8040-exec-4] INFO  c.az.payment.service.ServiceService - inside stream getting parameterId 4 and true and true and true
2025-09-02 21:06:53 [http-nio-8040-exec-4] INFO  c.az.payment.service.ServiceService - inside stream getting parameterId 5 and false and false and true
2025-09-02 21:06:53 [http-nio-8040-exec-4] INFO  c.az.payment.service.ServiceService - inside stream getting parameterId 9 and true and true and true
2025-09-02 21:06:53 [http-nio-8040-exec-4] INFO  c.az.payment.service.ServiceService - inside stream getting parameterId 10 and true and true and true
2025-09-02 21:06:53 [http-nio-8040-exec-4] INFO  c.az.payment.service.ServiceService - inside stream getting parameterId 11 and true and true and true
2025-09-02 21:06:53 [http-nio-8040-exec-4] INFO  c.az.payment.service.ServiceService - inside stream getting parameterId 12 and true and true and false
2025-09-02 21:06:53 [http-nio-8040-exec-4] INFO  c.az.payment.service.ServiceService - inside stream getting parameterId 13 and true and true and true
2025-09-02 21:06:53 [http-nio-8040-exec-4] INFO  c.az.payment.service.PaymentService - mapResponse --->: PaymentResponse(responseParams=[PaymentResponseField[key=customerName, value=Mohammed, displayName=Customer Name, id=28], PaymentResponseField[key=customerBank, value=Khartoum, displayName=Customer Bank, id=43], PaymentResponseField[key=accountType, value=Account, displayName=Account Type, id=47]], finalStatus=1, isPayment=true, requestParams=[ParameterResponse[id=3, name=Amount, description=Amount, internalKey=amount, orderNo=2, regex=^\d+$, inputType=1, jsonType=1, paramType=4, length=-1, minValue=1.0, maxValue=1000000.0, option=[]]], responseCode=0, responseMessage=Successful, bankReference=250902010030000011)
