2025-07-25 05:53:55 [main] INFO  com.az.payment.PaymentApplication - Starting PaymentApplication using Java 17.0.12 with PID 16412 (D:\____WorkSpace\AZ\code backups\e-payment_5_5_2025\payment\target\classes started by HP in D:\____WorkSpace\AZ\code backups\e-payment_5_5_2025\payment)
2025-07-25 05:53:55 [main] DEBUG com.az.payment.PaymentApplication - Running with Spring Boot v3.3.0, Spring v6.1.8
2025-07-25 05:53:55 [main] INFO  com.az.payment.PaymentApplication - No active profile set, falling back to 1 default profile: "default"
2025-07-25 05:54:06 [main] INFO  com.az.payment.PaymentApplication - Started PaymentApplication in 12.485 seconds (process running for 13.042)
2025-07-25 05:55:17 [http-nio-8040-exec-1] INFO  c.az.payment.service.PaymentService - inside PaymentService.processRequest
2025-07-25 05:55:18 [http-nio-8040-exec-1] INFO  c.az.payment.service.PaymentService - PaymentService::processRequest Getting service By ID 10 ,,,, and locale ar
2025-07-25 05:55:18 [http-nio-8040-exec-1] INFO  c.az.payment.service.ServiceService - ServiceService.findById  return service with id 10
2025-07-25 05:55:19 [http-nio-8040-exec-1] INFO  c.az.payment.service.PaymentService - PaymentService::processRequest found Service Named MTN TopUp: By Id 10
2025-07-25 05:55:19 [http-nio-8040-exec-1] INFO  c.az.payment.service.PaymentService - bankMapedResponse : PaymentResponse(responseParams=null, finalStatus=1, isPayment=false, requestParams=null, responseCode=0, responseMessage=null, bankReference=250725030100000017)
2025-07-25 05:55:20 [http-nio-8040-exec-1] INFO  com.az.payment.mapper.RequestMapper - reqRrn : 38 : transactionID : nile-250725030100000017
2025-07-25 05:55:20 [http-nio-8040-exec-1] INFO  com.az.payment.mapper.RequestMapper - start Mapping Request .... ProcessRequest(id=3, serviceId=10, parameters=[RequestParameter[id=33, key=mobile, value=0923346709], RequestParameter[id=34, key=amount, value=10], RequestParameter[id=38, key=transactionID, value=nile-250725030100000017]], accountFrom=0103093800000021)
2025-07-25 05:55:20 [http-nio-8040-exec-1] INFO  com.az.payment.mapper.RequestMapper - service : com.az.payment.domain.Service@225756a9
2025-07-25 05:55:20 [http-nio-8040-exec-1] INFO  com.az.payment.mapper.RequestMapper - start Mapping Additional Request Data Such as fixed Value and transaction ID if available 
2025-07-25 05:55:20 [http-nio-8040-exec-1] INFO  com.az.payment.mapper.RequestMapper - inside stream getting parameterId 33 and false and false and false
2025-07-25 05:55:20 [http-nio-8040-exec-1] INFO  com.az.payment.mapper.RequestMapper - inside stream getting parameterId 34 and false and true and false
2025-07-25 05:55:20 [http-nio-8040-exec-1] INFO  com.az.payment.mapper.RequestMapper - inside stream getting parameterId 35 and false and true and false
2025-07-25 05:55:20 [http-nio-8040-exec-1] INFO  com.az.payment.mapper.RequestMapper - inside stream getting parameterId 36 and false and true and false
2025-07-25 05:55:20 [http-nio-8040-exec-1] INFO  com.az.payment.mapper.RequestMapper - inside stream getting parameterId 37 and false and true and false
2025-07-25 05:55:20 [http-nio-8040-exec-1] INFO  com.az.payment.mapper.RequestMapper - inside stream getting parameterId 38 and true and false and false
2025-07-25 05:55:20 [http-nio-8040-exec-1] INFO  com.az.payment.mapper.RequestMapper - end Mapping Request .... {"amount":"10","mobileNumber":"0923346709","transactionID":"nile-250725030100000017"}
2025-07-25 05:55:20 [http-nio-8040-exec-1] INFO  c.az.payment.service.PaymentService - PaymentService::processRequest mapped  RequestDTO To JSON Object {"amount":"10","mobileNumber":"0923346709","transactionID":"nile-250725030100000017"}
2025-07-25 05:55:20 [http-nio-8040-exec-1] INFO  c.az.payment.service.PaymentService - transactionLog.getId().toString() : 12202
2025-07-25 05:55:21 [http-nio-8040-exec-1] INFO  com.az.payment.service.ClientApi - ClientAPi::CallService response: {"receiptNo":null,"responseCode":0,"responseMessage":"Successfully","msisdn":null,"transactionID":"nile-250725030100000017","amount":"10","mobileNumber":null,"ersReference":null,"rcode":"0","rdesc_en":"Operation Completed Successfully.","rdesc_ar":"تمت العملية بنجاح","mdn":"120155425","RCode":"0","RDesc_en":"Operation Completed Successfully.","RDesc_ar":"تمت العملية بنجاح","MDN":"120155425"}
2025-07-25 05:55:21 [http-nio-8040-exec-1] INFO  c.az.payment.service.PaymentService - {"RDesc_en":"Operation Completed Successfully.","amount":"10","mobileNumber":null,"RDesc_ar":"تمت العملية بنجاح","rcode":"0","transactionID":"nile-250725030100000017","responseCode":0,"rdesc_en":"Operation Completed Successfully.","mdn":"120155425","MDN":"120155425","receiptNo":null,"responseMessage":"Successfully","msisdn":null,"ersReference":null,"rdesc_ar":"تمت العملية بنجاح","RCode":"0"}
2025-07-25 05:55:23 [http-nio-8040-exec-1] INFO  c.az.payment.service.PaymentService - #################### SUCCESS
2025-07-25 05:55:23 [http-nio-8040-exec-1] INFO  c.az.payment.service.PaymentService - PaymentService::processResponse  Response returned From restApi {"RDesc_en":"Operation Completed Successfully.","amount":"10","mobileNumber":null,"RDesc_ar":"تمت العملية بنجاح","rcode":"0","transactionID":"nile-250725030100000017","responseCode":0,"rdesc_en":"Operation Completed Successfully.","mdn":"120155425","MDN":"120155425","receiptNo":null,"responseMessage":"Successfully","msisdn":null,"ersReference":null,"rdesc_ar":"تمت العملية بنجاح","RCode":"0"}
2025-07-25 05:55:23 [http-nio-8040-exec-1] INFO  com.az.payment.utils.Validation - Validation::validateResponse Validating response  ,,, apiResponse = {"RDesc_en":"Operation Completed Successfully.","amount":"10","mobileNumber":null,"RDesc_ar":"تمت العملية بنجاح","rcode":"0","transactionID":"nile-250725030100000017","responseCode":0,"rdesc_en":"Operation Completed Successfully.","mdn":"120155425","MDN":"120155425","receiptNo":null,"responseMessage":"Successfully","msisdn":null,"ersReference":null,"rdesc_ar":"تمت العملية بنجاح","RCode":"0"},,,, for service ID 10 , with name MTN TopUp
2025-07-25 05:55:23 [http-nio-8040-exec-1] INFO  c.az.payment.service.ServiceService - ServiceService.findResponseParameterByServiceId  ServiceID : 10
2025-07-25 05:55:23 [http-nio-8040-exec-1] INFO  com.az.payment.utils.Validation - parameter in List is mobileNumber,,,, first check false , second check false 
2025-07-25 05:55:23 [http-nio-8040-exec-1] INFO  com.az.payment.utils.Validation - parameter in List is responseCode,,,, first check false , second check false 
2025-07-25 05:55:23 [http-nio-8040-exec-1] INFO  com.az.payment.utils.Validation - parameter in List is ersReference,,,, first check false , second check false 
2025-07-25 05:55:23 [http-nio-8040-exec-1] INFO  com.az.payment.utils.Validation - parameter in List is responseMessage,,,, first check true , second check true 
2025-07-25 05:55:23 [http-nio-8040-exec-1] ERROR c.az.payment.service.PaymentService - Error while validating response details: Parameters not found in response mobileNumber,,,ersReference,,, 
2025-07-25 05:55:23 [http-nio-8040-exec-1] INFO  c.az.payment.service.PaymentService - PaymentService::processResponse mapped from toServiceResponse PaymentResponse(responseParams=null, finalStatus=0, isPayment=false, requestParams=null, responseCode=0, responseMessage=Success, bankReference=null)
2025-07-25 05:55:23 [http-nio-8040-exec-1] INFO  com.az.payment.mapper.RequestMapper - start toClientResponse .... PaymentResponse(responseParams=null, finalStatus=0, isPayment=false, requestParams=null, responseCode=0, responseMessage=Success, bankReference=null),,,,, with request ............ProcessRequest(id=3, serviceId=10, parameters=[RequestParameter[id=33, key=mobile, value=0923346709], RequestParameter[id=34, key=amount, value=10], RequestParameter[id=38, key=transactionID, value=nile-250725030100000017]], accountFrom=0103093800000021) 
2025-07-25 05:55:26 [http-nio-8040-exec-1] INFO  c.az.payment.service.ServiceService - ServiceService.findParameterByServiceId  ServiceID : 2
2025-07-25 05:55:26 [http-nio-8040-exec-1] INFO  c.az.payment.service.ServiceService - inside stream getting parameterId 53 and true and true and true
2025-07-25 05:55:26 [http-nio-8040-exec-1] INFO  c.az.payment.service.ServiceService - inside stream getting parameterId 54 and true and true and true
2025-07-25 05:55:26 [http-nio-8040-exec-1] INFO  c.az.payment.service.ServiceService - inside stream getting parameterId 55 and true and true and true
2025-07-25 05:55:26 [http-nio-8040-exec-1] INFO  c.az.payment.service.PaymentService - mapResponse --->: PaymentResponse(responseParams=null, finalStatus=2, isPayment=false, requestParams=[ParameterResponse[id=55, name=رقم العمليه, description=Transaction ID, internalKey=transactionId, orderNo=2, regex=null, inputType=1, jsonType=1, paramType=0, length=-1, minValue=-1.0, maxValue=-1.0, option=[]]], responseCode=0, responseMessage=Success, bankReference=250725030100000017)
2025-07-25 05:55:46 [http-nio-8040-exec-3] INFO  c.az.payment.service.PaymentService - inside PaymentService.processRequest
2025-07-25 05:55:46 [http-nio-8040-exec-3] INFO  c.az.payment.service.PaymentService - PaymentService::processRequest Getting service By ID 10 ,,,, and locale ar
2025-07-25 05:55:46 [http-nio-8040-exec-3] INFO  c.az.payment.service.ServiceService - ServiceService.findById  return service with id 10
2025-07-25 05:55:47 [http-nio-8040-exec-3] INFO  c.az.payment.service.PaymentService - PaymentService::processRequest found Service Named MTN TopUp: By Id 10
2025-07-25 05:55:47 [http-nio-8040-exec-3] INFO  c.az.payment.service.PaymentService - bankMapedResponse : PaymentResponse(responseParams=null, finalStatus=1, isPayment=false, requestParams=null, responseCode=0, responseMessage=null, bankReference=250725030100000018)
2025-07-25 05:55:47 [http-nio-8040-exec-3] INFO  com.az.payment.mapper.RequestMapper - reqRrn : 38 : transactionID : nile-250725030100000018
2025-07-25 05:55:47 [http-nio-8040-exec-3] INFO  com.az.payment.mapper.RequestMapper - start Mapping Request .... ProcessRequest(id=3, serviceId=10, parameters=[RequestParameter[id=33, key=mobile, value=0923346709], RequestParameter[id=34, key=amount, value=10], RequestParameter[id=38, key=transactionID, value=nile-250725030100000018]], accountFrom=0103093800000021)
2025-07-25 05:55:47 [http-nio-8040-exec-3] INFO  com.az.payment.mapper.RequestMapper - service : com.az.payment.domain.Service@5fed6e26
2025-07-25 05:55:47 [http-nio-8040-exec-3] INFO  com.az.payment.mapper.RequestMapper - start Mapping Additional Request Data Such as fixed Value and transaction ID if available 
2025-07-25 05:55:47 [http-nio-8040-exec-3] INFO  com.az.payment.mapper.RequestMapper - inside stream getting parameterId 33 and false and false and false
2025-07-25 05:55:47 [http-nio-8040-exec-3] INFO  com.az.payment.mapper.RequestMapper - inside stream getting parameterId 34 and false and true and false
2025-07-25 05:55:47 [http-nio-8040-exec-3] INFO  com.az.payment.mapper.RequestMapper - inside stream getting parameterId 35 and false and true and false
2025-07-25 05:55:47 [http-nio-8040-exec-3] INFO  com.az.payment.mapper.RequestMapper - inside stream getting parameterId 36 and false and true and false
2025-07-25 05:55:47 [http-nio-8040-exec-3] INFO  com.az.payment.mapper.RequestMapper - inside stream getting parameterId 37 and false and true and false
2025-07-25 05:55:47 [http-nio-8040-exec-3] INFO  com.az.payment.mapper.RequestMapper - inside stream getting parameterId 38 and true and false and false
2025-07-25 05:55:47 [http-nio-8040-exec-3] INFO  com.az.payment.mapper.RequestMapper - end Mapping Request .... {"amount":"10","mobileNumber":"0923346709","transactionID":"nile-250725030100000018"}
2025-07-25 05:55:47 [http-nio-8040-exec-3] INFO  c.az.payment.service.PaymentService - PaymentService::processRequest mapped  RequestDTO To JSON Object {"amount":"10","mobileNumber":"0923346709","transactionID":"nile-250725030100000018"}
2025-07-25 05:55:48 [http-nio-8040-exec-3] INFO  c.az.payment.service.PaymentService - transactionLog.getId().toString() : 12203
2025-07-25 05:55:48 [http-nio-8040-exec-3] INFO  com.az.payment.service.ClientApi - ClientAPi::CallService response: {"receiptNo":null,"responseCode":0,"responseMessage":"Successfully","msisdn":null,"transactionID":"nile-250725030100000018","amount":"10","mobileNumber":null,"ersReference":null,"rcode":"0","rdesc_en":"Operation Completed Successfully.","rdesc_ar":"تمت العملية بنجاح","mdn":"120155425","RCode":"0","RDesc_en":"Operation Completed Successfully.","RDesc_ar":"تمت العملية بنجاح","MDN":"120155425"}
2025-07-25 05:55:48 [http-nio-8040-exec-3] INFO  c.az.payment.service.PaymentService - {"RDesc_en":"Operation Completed Successfully.","amount":"10","mobileNumber":null,"RDesc_ar":"تمت العملية بنجاح","rcode":"0","transactionID":"nile-250725030100000018","responseCode":0,"rdesc_en":"Operation Completed Successfully.","mdn":"120155425","MDN":"120155425","receiptNo":null,"responseMessage":"Successfully","msisdn":null,"ersReference":null,"rdesc_ar":"تمت العملية بنجاح","RCode":"0"}
2025-07-25 05:55:50 [http-nio-8040-exec-3] INFO  c.az.payment.service.PaymentService - #################### SUCCESS
2025-07-25 05:55:50 [http-nio-8040-exec-3] INFO  c.az.payment.service.PaymentService - PaymentService::processResponse  Response returned From restApi {"RDesc_en":"Operation Completed Successfully.","amount":"10","mobileNumber":null,"RDesc_ar":"تمت العملية بنجاح","rcode":"0","transactionID":"nile-250725030100000018","responseCode":0,"rdesc_en":"Operation Completed Successfully.","mdn":"120155425","MDN":"120155425","receiptNo":null,"responseMessage":"Successfully","msisdn":null,"ersReference":null,"rdesc_ar":"تمت العملية بنجاح","RCode":"0"}
2025-07-25 05:55:50 [http-nio-8040-exec-3] INFO  com.az.payment.utils.Validation - Validation::validateResponse Validating response  ,,, apiResponse = {"RDesc_en":"Operation Completed Successfully.","amount":"10","mobileNumber":null,"RDesc_ar":"تمت العملية بنجاح","rcode":"0","transactionID":"nile-250725030100000018","responseCode":0,"rdesc_en":"Operation Completed Successfully.","mdn":"120155425","MDN":"120155425","receiptNo":null,"responseMessage":"Successfully","msisdn":null,"ersReference":null,"rdesc_ar":"تمت العملية بنجاح","RCode":"0"},,,, for service ID 10 , with name MTN TopUp
2025-07-25 05:55:50 [http-nio-8040-exec-3] INFO  c.az.payment.service.ServiceService - ServiceService.findResponseParameterByServiceId  ServiceID : 10
2025-07-25 05:55:50 [http-nio-8040-exec-3] INFO  com.az.payment.utils.Validation - parameter in List is mobileNumber,,,, first check false , second check false 
2025-07-25 05:55:50 [http-nio-8040-exec-3] INFO  com.az.payment.utils.Validation - parameter in List is responseCode,,,, first check false , second check false 
2025-07-25 05:55:50 [http-nio-8040-exec-3] INFO  com.az.payment.utils.Validation - parameter in List is ersReference,,,, first check false , second check false 
2025-07-25 05:55:50 [http-nio-8040-exec-3] INFO  com.az.payment.utils.Validation - parameter in List is responseMessage,,,, first check true , second check true 
2025-07-25 05:55:51 [http-nio-8040-exec-3] ERROR c.az.payment.service.PaymentService - Error while validating response details: Parameters not found in response mobileNumber,,,ersReference,,, 
2025-07-25 05:55:51 [http-nio-8040-exec-3] INFO  c.az.payment.service.PaymentService - PaymentService::processResponse mapped from toServiceResponse PaymentResponse(responseParams=null, finalStatus=0, isPayment=false, requestParams=null, responseCode=0, responseMessage=Success, bankReference=null)
2025-07-25 05:55:51 [http-nio-8040-exec-3] INFO  com.az.payment.mapper.RequestMapper - start toClientResponse .... PaymentResponse(responseParams=null, finalStatus=0, isPayment=false, requestParams=null, responseCode=0, responseMessage=Success, bankReference=null),,,,, with request ............ProcessRequest(id=3, serviceId=10, parameters=[RequestParameter[id=33, key=mobile, value=0923346709], RequestParameter[id=34, key=amount, value=10], RequestParameter[id=38, key=transactionID, value=nile-250725030100000018]], accountFrom=0103093800000021) 
2025-07-25 05:55:51 [http-nio-8040-exec-3] INFO  c.az.payment.service.PaymentService - mapResponse --->: PaymentResponse(responseParams=null, finalStatus=0, isPayment=false, requestParams=null, responseCode=0, responseMessage=Success, bankReference=250725030100000018)
2025-07-25 05:56:23 [http-nio-8040-exec-4] INFO  c.az.payment.service.PaymentService - inside PaymentService.processRequest
2025-07-25 05:56:23 [http-nio-8040-exec-4] INFO  c.az.payment.service.PaymentService - PaymentService::processRequest Getting service By ID 10 ,,,, and locale ar
2025-07-25 05:56:23 [http-nio-8040-exec-4] INFO  c.az.payment.service.ServiceService - ServiceService.findById  return service with id 10
2025-07-25 05:56:24 [http-nio-8040-exec-4] INFO  c.az.payment.service.PaymentService - PaymentService::processRequest found Service Named MTN TopUp: By Id 10
2025-07-25 05:56:24 [http-nio-8040-exec-4] INFO  c.az.payment.service.PaymentService - bankMapedResponse : PaymentResponse(responseParams=null, finalStatus=1, isPayment=false, requestParams=null, responseCode=0, responseMessage=null, bankReference=250725030100000019)
2025-07-25 05:56:25 [http-nio-8040-exec-4] INFO  com.az.payment.mapper.RequestMapper - reqRrn : 38 : transactionID : nile-250725030100000019
2025-07-25 05:56:25 [http-nio-8040-exec-4] INFO  com.az.payment.mapper.RequestMapper - start Mapping Request .... ProcessRequest(id=3, serviceId=10, parameters=[RequestParameter[id=33, key=mobile, value=0923346709], RequestParameter[id=34, key=amount, value=10], RequestParameter[id=38, key=transactionID, value=nile-250725030100000019]], accountFrom=0103093800000021)
2025-07-25 05:56:25 [http-nio-8040-exec-4] INFO  com.az.payment.mapper.RequestMapper - service : com.az.payment.domain.Service@2709c3a5
2025-07-25 05:56:25 [http-nio-8040-exec-4] INFO  com.az.payment.mapper.RequestMapper - start Mapping Additional Request Data Such as fixed Value and transaction ID if available 
2025-07-25 05:56:25 [http-nio-8040-exec-4] INFO  com.az.payment.mapper.RequestMapper - inside stream getting parameterId 33 and false and false and false
2025-07-25 05:56:25 [http-nio-8040-exec-4] INFO  com.az.payment.mapper.RequestMapper - inside stream getting parameterId 34 and false and true and false
2025-07-25 05:56:25 [http-nio-8040-exec-4] INFO  com.az.payment.mapper.RequestMapper - inside stream getting parameterId 35 and false and true and false
2025-07-25 05:56:25 [http-nio-8040-exec-4] INFO  com.az.payment.mapper.RequestMapper - inside stream getting parameterId 36 and false and true and false
2025-07-25 05:56:25 [http-nio-8040-exec-4] INFO  com.az.payment.mapper.RequestMapper - inside stream getting parameterId 37 and false and true and false
2025-07-25 05:56:25 [http-nio-8040-exec-4] INFO  com.az.payment.mapper.RequestMapper - inside stream getting parameterId 38 and true and false and false
2025-07-25 05:56:25 [http-nio-8040-exec-4] INFO  com.az.payment.mapper.RequestMapper - end Mapping Request .... {"amount":"10","mobileNumber":"0923346709","transactionID":"nile-250725030100000019"}
2025-07-25 05:56:25 [http-nio-8040-exec-4] INFO  c.az.payment.service.PaymentService - PaymentService::processRequest mapped  RequestDTO To JSON Object {"amount":"10","mobileNumber":"0923346709","transactionID":"nile-250725030100000019"}
2025-07-25 05:56:25 [http-nio-8040-exec-4] INFO  c.az.payment.service.PaymentService - transactionLog.getId().toString() : 12204
2025-07-25 05:56:25 [http-nio-8040-exec-4] INFO  com.az.payment.service.ClientApi - ClientAPi::CallService response: {"receiptNo":null,"responseCode":0,"responseMessage":"Successfully","msisdn":null,"transactionID":"nile-250725030100000019","amount":"10","mobileNumber":null,"ersReference":null,"rcode":"0","rdesc_en":"Operation Completed Successfully.","rdesc_ar":"تمت العملية بنجاح","mdn":"120155425","RCode":"0","RDesc_en":"Operation Completed Successfully.","RDesc_ar":"تمت العملية بنجاح","MDN":"120155425"}
2025-07-25 05:56:25 [http-nio-8040-exec-4] INFO  c.az.payment.service.PaymentService - {"RDesc_en":"Operation Completed Successfully.","amount":"10","mobileNumber":null,"RDesc_ar":"تمت العملية بنجاح","rcode":"0","transactionID":"nile-250725030100000019","responseCode":0,"rdesc_en":"Operation Completed Successfully.","mdn":"120155425","MDN":"120155425","receiptNo":null,"responseMessage":"Successfully","msisdn":null,"ersReference":null,"rdesc_ar":"تمت العملية بنجاح","RCode":"0"}
2025-07-25 05:56:27 [http-nio-8040-exec-4] INFO  c.az.payment.service.PaymentService - #################### SUCCESS
2025-07-25 05:56:27 [http-nio-8040-exec-4] INFO  c.az.payment.service.PaymentService - PaymentService::processResponse  Response returned From restApi {"RDesc_en":"Operation Completed Successfully.","amount":"10","mobileNumber":null,"RDesc_ar":"تمت العملية بنجاح","rcode":"0","transactionID":"nile-250725030100000019","responseCode":0,"rdesc_en":"Operation Completed Successfully.","mdn":"120155425","MDN":"120155425","receiptNo":null,"responseMessage":"Successfully","msisdn":null,"ersReference":null,"rdesc_ar":"تمت العملية بنجاح","RCode":"0"}
2025-07-25 05:56:27 [http-nio-8040-exec-4] INFO  com.az.payment.utils.Validation - Validation::validateResponse Validating response  ,,, apiResponse = {"RDesc_en":"Operation Completed Successfully.","amount":"10","mobileNumber":null,"RDesc_ar":"تمت العملية بنجاح","rcode":"0","transactionID":"nile-250725030100000019","responseCode":0,"rdesc_en":"Operation Completed Successfully.","mdn":"120155425","MDN":"120155425","receiptNo":null,"responseMessage":"Successfully","msisdn":null,"ersReference":null,"rdesc_ar":"تمت العملية بنجاح","RCode":"0"},,,, for service ID 10 , with name MTN TopUp
2025-07-25 05:56:27 [http-nio-8040-exec-4] INFO  c.az.payment.service.ServiceService - ServiceService.findResponseParameterByServiceId  ServiceID : 10
2025-07-25 05:56:28 [http-nio-8040-exec-4] INFO  com.az.payment.utils.Validation - parameter in List is mobileNumber,,,, first check false , second check false 
2025-07-25 05:56:28 [http-nio-8040-exec-4] INFO  com.az.payment.utils.Validation - parameter in List is responseCode,,,, first check false , second check false 
2025-07-25 05:56:28 [http-nio-8040-exec-4] INFO  com.az.payment.utils.Validation - parameter in List is ersReference,,,, first check false , second check false 
2025-07-25 05:56:28 [http-nio-8040-exec-4] INFO  com.az.payment.utils.Validation - parameter in List is responseMessage,,,, first check true , second check true 
2025-07-25 05:56:28 [http-nio-8040-exec-4] ERROR c.az.payment.service.PaymentService - Error while validating response details: Parameters not found in response mobileNumber,,,ersReference,,, 
2025-07-25 05:56:28 [http-nio-8040-exec-4] INFO  c.az.payment.service.PaymentService - PaymentService::processResponse mapped from toServiceResponse PaymentResponse(responseParams=null, finalStatus=0, isPayment=false, requestParams=null, responseCode=0, responseMessage=Success, bankReference=null)
2025-07-25 05:56:28 [http-nio-8040-exec-4] INFO  com.az.payment.mapper.RequestMapper - start toClientResponse .... PaymentResponse(responseParams=null, finalStatus=0, isPayment=false, requestParams=null, responseCode=0, responseMessage=Success, bankReference=null),,,,, with request ............ProcessRequest(id=3, serviceId=10, parameters=[RequestParameter[id=33, key=mobile, value=0923346709], RequestParameter[id=34, key=amount, value=10], RequestParameter[id=38, key=transactionID, value=nile-250725030100000019]], accountFrom=0103093800000021) 
2025-07-25 05:56:28 [http-nio-8040-exec-4] INFO  c.az.payment.service.PaymentService - mapResponse --->: PaymentResponse(responseParams=null, finalStatus=0, isPayment=false, requestParams=null, responseCode=0, responseMessage=Success, bankReference=250725030100000019)
2025-07-25 05:57:28 [main] INFO  com.az.payment.PaymentApplication - Starting PaymentApplication using Java 17.0.12 with PID 8480 (D:\____WorkSpace\AZ\code backups\e-payment_5_5_2025\payment\target\classes started by HP in D:\____WorkSpace\AZ\code backups\e-payment_5_5_2025\payment)
2025-07-25 05:57:28 [main] DEBUG com.az.payment.PaymentApplication - Running with Spring Boot v3.3.0, Spring v6.1.8
2025-07-25 05:57:28 [main] INFO  com.az.payment.PaymentApplication - No active profile set, falling back to 1 default profile: "default"
2025-07-25 05:57:40 [main] INFO  com.az.payment.PaymentApplication - Started PaymentApplication in 12.715 seconds (process running for 13.535)
2025-07-25 05:58:09 [http-nio-8040-exec-2] INFO  c.az.payment.service.PaymentService - inside PaymentService.processRequest
2025-07-25 05:58:09 [http-nio-8040-exec-2] INFO  c.az.payment.service.PaymentService - PaymentService::processRequest Getting service By ID 10 ,,,, and locale ar
2025-07-25 05:58:09 [http-nio-8040-exec-2] INFO  c.az.payment.service.ServiceService - ServiceService.findById  return service with id 10
2025-07-25 05:58:10 [http-nio-8040-exec-2] INFO  c.az.payment.service.PaymentService - PaymentService::processRequest found Service Named MTN TopUp: By Id 10
2025-07-25 05:58:11 [http-nio-8040-exec-2] INFO  c.az.payment.service.PaymentService - bankMapedResponse : PaymentResponse(responseParams=null, finalStatus=1, isPayment=false, requestParams=null, responseCode=0, responseMessage=null, bankReference=250725030100000020)
2025-07-25 05:58:36 [http-nio-8040-exec-2] INFO  com.az.payment.mapper.RequestMapper - reqRrn : 38 : transactionID : nile-250725030100000020
2025-07-25 05:58:36 [http-nio-8040-exec-2] INFO  com.az.payment.mapper.RequestMapper - start Mapping Request .... ProcessRequest(id=3, serviceId=10, parameters=[RequestParameter[id=33, key=mobile, value=0923346709], RequestParameter[id=34, key=amount, value=10], RequestParameter[id=38, key=transactionID, value=nile-250725030100000020]], accountFrom=0103093800000021)
2025-07-25 05:58:36 [http-nio-8040-exec-2] INFO  com.az.payment.mapper.RequestMapper - service : com.az.payment.domain.Service@5373c368
2025-07-25 05:58:36 [http-nio-8040-exec-2] INFO  com.az.payment.mapper.RequestMapper - start Mapping Additional Request Data Such as fixed Value and transaction ID if available 
2025-07-25 05:58:36 [http-nio-8040-exec-2] INFO  com.az.payment.mapper.RequestMapper - inside stream getting parameterId 33 and false and false and false
2025-07-25 05:58:36 [http-nio-8040-exec-2] INFO  com.az.payment.mapper.RequestMapper - inside stream getting parameterId 34 and false and true and false
2025-07-25 05:58:36 [http-nio-8040-exec-2] INFO  com.az.payment.mapper.RequestMapper - inside stream getting parameterId 35 and false and true and false
2025-07-25 05:58:36 [http-nio-8040-exec-2] INFO  com.az.payment.mapper.RequestMapper - inside stream getting parameterId 36 and false and true and false
2025-07-25 05:58:36 [http-nio-8040-exec-2] INFO  com.az.payment.mapper.RequestMapper - inside stream getting parameterId 37 and false and true and false
2025-07-25 05:58:36 [http-nio-8040-exec-2] INFO  com.az.payment.mapper.RequestMapper - inside stream getting parameterId 38 and true and false and false
2025-07-25 05:58:36 [http-nio-8040-exec-2] INFO  com.az.payment.mapper.RequestMapper - end Mapping Request .... {"amount":"10","mobileNumber":"0923346709","transactionID":"nile-250725030100000020"}
2025-07-25 05:58:36 [http-nio-8040-exec-2] INFO  c.az.payment.service.PaymentService - PaymentService::processRequest mapped  RequestDTO To JSON Object {"amount":"10","mobileNumber":"0923346709","transactionID":"nile-250725030100000020"}
2025-07-25 05:58:37 [http-nio-8040-exec-2] INFO  c.az.payment.service.PaymentService - transactionLog.getId().toString() : 12252
2025-07-25 05:58:37 [http-nio-8040-exec-2] INFO  com.az.payment.service.ClientApi - ClientAPi::CallService response: {"receiptNo":null,"responseCode":0,"responseMessage":"Successfully","msisdn":null,"transactionID":"nile-250725030100000020","amount":"10","mobileNumber":null,"ersReference":null,"rcode":"0","rdesc_en":"Operation Completed Successfully.","rdesc_ar":"تمت العملية بنجاح","mdn":"120155425","RCode":"0","RDesc_en":"Operation Completed Successfully.","RDesc_ar":"تمت العملية بنجاح","MDN":"120155425"}
2025-07-25 05:58:37 [http-nio-8040-exec-2] INFO  c.az.payment.service.PaymentService - {"RDesc_en":"Operation Completed Successfully.","amount":"10","mobileNumber":null,"RDesc_ar":"تمت العملية بنجاح","rcode":"0","transactionID":"nile-250725030100000020","responseCode":0,"rdesc_en":"Operation Completed Successfully.","mdn":"120155425","MDN":"120155425","receiptNo":null,"responseMessage":"Successfully","msisdn":null,"ersReference":null,"rdesc_ar":"تمت العملية بنجاح","RCode":"0"}
2025-07-25 05:58:39 [http-nio-8040-exec-2] INFO  c.az.payment.service.PaymentService - #################### SUCCESS
2025-07-25 05:58:46 [http-nio-8040-exec-2] INFO  c.az.payment.service.PaymentService - PaymentService::processResponse  Response returned From restApi {"RDesc_en":"Operation Completed Successfully.","amount":"10","mobileNumber":null,"RDesc_ar":"تمت العملية بنجاح","rcode":"0","transactionID":"nile-250725030100000020","responseCode":0,"rdesc_en":"Operation Completed Successfully.","mdn":"120155425","MDN":"120155425","receiptNo":null,"responseMessage":"Successfully","msisdn":null,"ersReference":null,"rdesc_ar":"تمت العملية بنجاح","RCode":"0"}
2025-07-25 05:59:08 [http-nio-8040-exec-2] INFO  com.az.payment.utils.Validation - Validation::validateResponse Validating response  ,,, apiResponse = {"RDesc_en":"Operation Completed Successfully.","amount":"10","mobileNumber":null,"RDesc_ar":"تمت العملية بنجاح","rcode":"0","transactionID":"nile-250725030100000020","responseCode":0,"rdesc_en":"Operation Completed Successfully.","mdn":"120155425","MDN":"120155425","receiptNo":null,"responseMessage":"Successfully","msisdn":null,"ersReference":null,"rdesc_ar":"تمت العملية بنجاح","RCode":"0"},,,, for service ID 10 , with name MTN TopUp
2025-07-25 05:59:09 [http-nio-8040-exec-2] INFO  c.az.payment.service.ServiceService - ServiceService.findResponseParameterByServiceId  ServiceID : 10
2025-07-25 05:59:16 [http-nio-8040-exec-2] INFO  com.az.payment.utils.Validation - parameter in List is mobileNumber,,,, first check false , second check false 
2025-07-25 05:59:48 [http-nio-8040-exec-2] INFO  com.az.payment.utils.Validation - parameter in List is responseCode,,,, first check false , second check false 
2025-07-25 05:59:58 [http-nio-8040-exec-2] INFO  com.az.payment.utils.Validation - parameter in List is ersReference,,,, first check false , second check false 
2025-07-25 06:00:02 [http-nio-8040-exec-2] INFO  com.az.payment.utils.Validation - parameter in List is responseMessage,,,, first check true , second check true 
2025-07-25 06:01:15 [http-nio-8040-exec-2] ERROR c.az.payment.service.PaymentService - Error while validating response details: Parameters not found in response mobileNumber,,,ersReference,,, 
2025-07-25 06:03:37 [http-nio-8040-exec-2] INFO  c.az.payment.service.PaymentService - PaymentService::processResponse mapped from toServiceResponse PaymentResponse(responseParams=null, finalStatus=0, isPayment=false, requestParams=null, responseCode=0, responseMessage=Success, bankReference=null)
2025-07-25 06:03:38 [http-nio-8040-exec-2] INFO  com.az.payment.mapper.RequestMapper - start toClientResponse .... PaymentResponse(responseParams=null, finalStatus=0, isPayment=false, requestParams=null, responseCode=0, responseMessage=Success, bankReference=null),,,,, with request ............ProcessRequest(id=3, serviceId=10, parameters=[RequestParameter[id=33, key=mobile, value=0923346709], RequestParameter[id=34, key=amount, value=10], RequestParameter[id=38, key=transactionID, value=nile-250725030100000020]], accountFrom=0103093800000021) 
2025-07-25 06:03:48 [http-nio-8040-exec-2] INFO  c.az.payment.service.PaymentService - mapResponse --->: PaymentResponse(responseParams=null, finalStatus=0, isPayment=false, requestParams=null, responseCode=0, responseMessage=Success, bankReference=250725030100000020)
2025-07-25 06:04:29 [main] INFO  com.az.payment.PaymentApplication - Starting PaymentApplication using Java 17.0.12 with PID 8984 (D:\____WorkSpace\AZ\code backups\e-payment_5_5_2025\payment\target\classes started by HP in D:\____WorkSpace\AZ\code backups\e-payment_5_5_2025\payment)
2025-07-25 06:04:29 [main] DEBUG com.az.payment.PaymentApplication - Running with Spring Boot v3.3.0, Spring v6.1.8
2025-07-25 06:04:29 [main] INFO  com.az.payment.PaymentApplication - No active profile set, falling back to 1 default profile: "default"
2025-07-25 06:04:40 [main] INFO  com.az.payment.PaymentApplication - Started PaymentApplication in 12.034 seconds (process running for 12.775)
2025-07-25 06:22:59 [http-nio-8040-exec-1] INFO  c.az.payment.service.PaymentService - inside PaymentService.processRequest
2025-07-25 06:23:21 [http-nio-8040-exec-1] INFO  c.az.payment.service.PaymentService - PaymentService::processRequest Getting service By ID 10 ,,,, and locale ar
2025-07-25 06:23:21 [http-nio-8040-exec-1] INFO  c.az.payment.service.ServiceService - ServiceService.findById  return service with id 10
2025-07-25 06:23:23 [http-nio-8040-exec-1] INFO  c.az.payment.service.PaymentService - PaymentService::processRequest found Service Named MTN TopUp: By Id 10
2025-07-25 06:23:23 [http-nio-8040-exec-1] INFO  c.az.payment.service.PaymentService - bankMapedResponse : PaymentResponse(responseParams=null, finalStatus=1, isPayment=false, requestParams=null, responseCode=0, responseMessage=null, bankReference=250725030100000021)
2025-07-25 06:23:23 [http-nio-8040-exec-1] INFO  com.az.payment.mapper.RequestMapper - reqRrn : 38 : transactionID : nile-250725030100000021
2025-07-25 06:23:23 [http-nio-8040-exec-1] INFO  com.az.payment.mapper.RequestMapper - start Mapping Request .... ProcessRequest(id=3, serviceId=10, parameters=[RequestParameter[id=33, key=mobile, value=0923346709], RequestParameter[id=34, key=amount, value=10], RequestParameter[id=38, key=transactionID, value=nile-250725030100000021]], accountFrom=0103093800000021)
2025-07-25 06:23:23 [http-nio-8040-exec-1] INFO  com.az.payment.mapper.RequestMapper - service : com.az.payment.domain.Service@47c6482
2025-07-25 06:23:23 [http-nio-8040-exec-1] INFO  com.az.payment.mapper.RequestMapper - start Mapping Additional Request Data Such as fixed Value and transaction ID if available 
2025-07-25 06:23:23 [http-nio-8040-exec-1] INFO  com.az.payment.mapper.RequestMapper - inside stream getting parameterId 33 and false and false and false
2025-07-25 06:23:23 [http-nio-8040-exec-1] INFO  com.az.payment.mapper.RequestMapper - inside stream getting parameterId 34 and false and true and false
2025-07-25 06:23:23 [http-nio-8040-exec-1] INFO  com.az.payment.mapper.RequestMapper - inside stream getting parameterId 35 and false and true and false
2025-07-25 06:23:23 [http-nio-8040-exec-1] INFO  com.az.payment.mapper.RequestMapper - inside stream getting parameterId 36 and false and true and false
2025-07-25 06:23:23 [http-nio-8040-exec-1] INFO  com.az.payment.mapper.RequestMapper - inside stream getting parameterId 37 and false and true and false
2025-07-25 06:23:23 [http-nio-8040-exec-1] INFO  com.az.payment.mapper.RequestMapper - inside stream getting parameterId 38 and true and false and false
2025-07-25 06:23:23 [http-nio-8040-exec-1] INFO  com.az.payment.mapper.RequestMapper - end Mapping Request .... {"amount":"10","mobileNumber":"0923346709","transactionID":"nile-250725030100000021"}
2025-07-25 06:23:23 [http-nio-8040-exec-1] INFO  c.az.payment.service.PaymentService - PaymentService::processRequest mapped  RequestDTO To JSON Object {"amount":"10","mobileNumber":"0923346709","transactionID":"nile-250725030100000021"}
2025-07-25 06:23:24 [http-nio-8040-exec-1] INFO  c.az.payment.service.PaymentService - transactionLog.getId().toString() : 12302
2025-07-25 06:23:24 [http-nio-8040-exec-1] INFO  com.az.payment.service.ClientApi - ClientAPi::CallService response: {"receiptNo":null,"responseCode":0,"responseMessage":"Successfully","msisdn":null,"transactionID":"nile-250725030100000021","amount":"10","mobileNumber":null,"ersReference":null,"rcode":"0","rdesc_en":"Operation Completed Successfully.","rdesc_ar":"تمت العملية بنجاح","mdn":"120155425","RCode":"0","RDesc_en":"Operation Completed Successfully.","RDesc_ar":"تمت العملية بنجاح","MDN":"120155425"}
2025-07-25 06:23:24 [http-nio-8040-exec-1] INFO  c.az.payment.service.PaymentService - {"RDesc_en":"Operation Completed Successfully.","amount":"10","mobileNumber":null,"RDesc_ar":"تمت العملية بنجاح","rcode":"0","transactionID":"nile-250725030100000021","responseCode":0,"rdesc_en":"Operation Completed Successfully.","mdn":"120155425","MDN":"120155425","receiptNo":null,"responseMessage":"Successfully","msisdn":null,"ersReference":null,"rdesc_ar":"تمت العملية بنجاح","RCode":"0"}
2025-07-25 06:23:26 [http-nio-8040-exec-1] INFO  c.az.payment.service.PaymentService - #################### SUCCESS
2025-07-25 06:23:44 [http-nio-8040-exec-1] INFO  c.az.payment.service.PaymentService - PaymentService::processResponse  Response returned From restApi {"RDesc_en":"Operation Completed Successfully.","amount":"10","mobileNumber":null,"RDesc_ar":"تمت العملية بنجاح","rcode":"0","transactionID":"nile-250725030100000021","responseCode":0,"rdesc_en":"Operation Completed Successfully.","mdn":"120155425","MDN":"120155425","receiptNo":null,"responseMessage":"Successfully","msisdn":null,"ersReference":null,"rdesc_ar":"تمت العملية بنجاح","RCode":"0"}
2025-07-25 06:23:44 [http-nio-8040-exec-1] INFO  com.az.payment.utils.Validation - Validation::validateResponse Validating response  ,,, apiResponse = {"RDesc_en":"Operation Completed Successfully.","amount":"10","mobileNumber":null,"RDesc_ar":"تمت العملية بنجاح","rcode":"0","transactionID":"nile-250725030100000021","responseCode":0,"rdesc_en":"Operation Completed Successfully.","mdn":"120155425","MDN":"120155425","receiptNo":null,"responseMessage":"Successfully","msisdn":null,"ersReference":null,"rdesc_ar":"تمت العملية بنجاح","RCode":"0"},,,, for service ID 10 , with name MTN TopUp
2025-07-25 06:23:44 [http-nio-8040-exec-1] INFO  c.az.payment.service.ServiceService - ServiceService.findResponseParameterByServiceId  ServiceID : 10
2025-07-25 06:23:44 [http-nio-8040-exec-1] INFO  com.az.payment.utils.Validation - parameter in List is mobileNumber,,,, first check false , second check false 
2025-07-25 06:23:44 [http-nio-8040-exec-1] INFO  com.az.payment.utils.Validation - parameter in List is responseCode,,,, first check false , second check false 
2025-07-25 06:23:45 [http-nio-8040-exec-1] INFO  com.az.payment.utils.Validation - parameter in List is ersReference,,,, first check false , second check false 
2025-07-25 06:23:45 [http-nio-8040-exec-1] INFO  com.az.payment.utils.Validation - parameter in List is responseMessage,,,, first check true , second check true 
2025-07-25 06:23:45 [http-nio-8040-exec-1] ERROR com.az.payment.utils.Validation - Parameters not found in response mobileNumber,,,ersReference,,, 
2025-07-25 06:23:45 [http-nio-8040-exec-1] INFO  com.az.payment.utils.Validation - response returned after mapping data is [PaymentResponseField[key=responseMessage, value=معاملة ناجحة, displayName=حالة العملية, id=37]] 
2025-07-25 06:23:45 [http-nio-8040-exec-1] INFO  c.az.payment.mapper.ResponseMapper - response returned from mapper and validated as defined  PaymentResponse(responseParams=[PaymentResponseField[key=responseMessage, value=معاملة ناجحة, displayName=حالة العملية, id=37]], finalStatus=0, isPayment=false, requestParams=null, responseCode=0, responseMessage=معاملة ناجحة, bankReference=null)
2025-07-25 06:23:45 [http-nio-8040-exec-1] INFO  c.az.payment.service.PaymentService - PaymentService::processResponse mapped from toServiceResponse PaymentResponse(responseParams=[PaymentResponseField[key=responseMessage, value=معاملة ناجحة, displayName=حالة العملية, id=37]], finalStatus=0, isPayment=false, requestParams=null, responseCode=0, responseMessage=معاملة ناجحة, bankReference=null)
2025-07-25 06:23:45 [http-nio-8040-exec-1] INFO  com.az.payment.mapper.RequestMapper - start toClientResponse .... PaymentResponse(responseParams=[PaymentResponseField[key=responseMessage, value=معاملة ناجحة, displayName=حالة العملية, id=37]], finalStatus=0, isPayment=false, requestParams=null, responseCode=0, responseMessage=معاملة ناجحة, bankReference=null),,,,, with request ............ProcessRequest(id=3, serviceId=10, parameters=[RequestParameter[id=33, key=mobile, value=0923346709], RequestParameter[id=34, key=amount, value=10], RequestParameter[id=38, key=transactionID, value=nile-250725030100000021]], accountFrom=0103093800000021) 
2025-07-25 06:23:45 [http-nio-8040-exec-1] INFO  c.az.payment.service.PaymentService - mapResponse --->: PaymentResponse(responseParams=[PaymentResponseField[key=responseMessage, value=معاملة ناجحة, displayName=حالة العملية, id=37]], finalStatus=0, isPayment=false, requestParams=null, responseCode=0, responseMessage=معاملة ناجحة, bankReference=250725030100000021)
2025-07-25 18:31:05 [main] INFO  com.az.payment.PaymentApplication - Starting PaymentApplication using Java 17.0.12 with PID 25132 (D:\____WorkSpace\AZ\code backups\e-payment_5_5_2025\payment\target\classes started by HP in D:\____WorkSpace\AZ\code backups\e-payment_5_5_2025\payment)
2025-07-25 18:31:05 [main] DEBUG com.az.payment.PaymentApplication - Running with Spring Boot v3.3.0, Spring v6.1.8
2025-07-25 18:31:05 [main] INFO  com.az.payment.PaymentApplication - No active profile set, falling back to 1 default profile: "default"
2025-07-25 18:31:18 [main] INFO  com.az.payment.PaymentApplication - Started PaymentApplication in 13.704 seconds (process running for 14.528)
2025-07-25 20:09:07 [http-nio-8040-exec-1] INFO  c.az.payment.service.PaymentService - inside PaymentService.processRequest
2025-07-25 20:09:08 [http-nio-8040-exec-1] INFO  c.az.payment.service.PaymentService - PaymentService::processRequest Getting service By ID 1 ,,,, and locale en
2025-07-25 20:09:08 [http-nio-8040-exec-1] INFO  c.az.payment.service.ServiceService - ServiceService.findById  return service with id 1
2025-07-25 20:09:11 [http-nio-8040-exec-1] INFO  c.az.payment.service.PaymentService - PaymentService::processRequest found Service Named EBS Transfer: By Id 1
2025-07-25 20:09:11 [http-nio-8040-exec-1] INFO  c.az.payment.service.PaymentService - ERROR[payCoreBank]:00068:Proceessing Payment Failed At Branch:-6502:ORA-06502: PL/SQL: numeric or value error: number precision too large
2025-07-25 20:09:11 [http-nio-8040-exec-1] INFO  c.az.payment.service.PaymentService - bankMapedResponse : PaymentResponse(responseParams=null, finalStatus=-1, isPayment=false, requestParams=null, responseCode=-1, responseMessage=Proceessing Payment Failed At Branch, bankReference=null)
2025-07-25 21:39:01 [http-nio-8040-exec-4] INFO  c.az.payment.service.PaymentService - inside PaymentService.processRequest
2025-07-25 21:39:01 [http-nio-8040-exec-4] INFO  c.az.payment.service.PaymentService - PaymentService::processRequest Getting service By ID 1 ,,,, and locale en
2025-07-25 21:39:01 [http-nio-8040-exec-4] INFO  c.az.payment.service.ServiceService - ServiceService.findById  return service with id 1
2025-07-25 21:39:04 [http-nio-8040-exec-4] INFO  c.az.payment.service.PaymentService - PaymentService::processRequest found Service Named EBS Transfer: By Id 1
2025-07-25 21:39:04 [http-nio-8040-exec-4] INFO  c.az.payment.service.PaymentService - ERROR[payCoreBank]:00068:Exception:-4062:ORA-04062: timestamp of procedure "KHTEST.PROCESSHBIMDWBILLPAYMENT_2025" has been changed
2025-07-25 21:39:04 [http-nio-8040-exec-4] INFO  c.az.payment.service.PaymentService - bankMapedResponse : PaymentResponse(responseParams=null, finalStatus=-1, isPayment=false, requestParams=null, responseCode=-1, responseMessage=Exception, bankReference=null)
2025-07-25 21:39:34 [http-nio-8040-exec-6] INFO  c.az.payment.service.PaymentService - inside PaymentService.processRequest
2025-07-25 21:39:34 [http-nio-8040-exec-6] INFO  c.az.payment.service.PaymentService - PaymentService::processRequest Getting service By ID 1 ,,,, and locale en
2025-07-25 21:39:34 [http-nio-8040-exec-6] INFO  c.az.payment.service.ServiceService - ServiceService.findById  return service with id 1
2025-07-25 21:39:37 [http-nio-8040-exec-6] INFO  c.az.payment.service.PaymentService - PaymentService::processRequest found Service Named EBS Transfer: By Id 1
2025-07-25 21:39:37 [http-nio-8040-exec-6] INFO  c.az.payment.service.PaymentService - ERROR[payCoreBank]:00068:Proceessing Payment Failed At Branch:-6502:ORA-06502: PL/SQL: numeric or value error: number precision too large
2025-07-25 21:39:37 [http-nio-8040-exec-6] INFO  c.az.payment.service.PaymentService - bankMapedResponse : PaymentResponse(responseParams=null, finalStatus=-1, isPayment=false, requestParams=null, responseCode=-1, responseMessage=Proceessing Payment Failed At Branch, bankReference=null)
