2025-07-09 03:14:53 [main] INFO  com.az.payment.PaymentApplication - Starting PaymentApplication using Java 17.0.12 with PID 12916 (D:\____WorkSpace\AZ\code backups\e-payment_5_5_2025\payment\target\classes started by HP in D:\____WorkSpace\AZ\code backups\e-payment_5_5_2025\payment)
2025-07-09 03:14:53 [main] DEBUG com.az.payment.PaymentApplication - Running with Spring Boot v3.3.0, Spring v6.1.8
2025-07-09 03:14:53 [main] INFO  com.az.payment.PaymentApplication - No active profile set, falling back to 1 default profile: "default"
2025-07-09 03:15:23 [main] INFO  com.az.payment.PaymentApplication - Started PaymentApplication in 31.971 seconds (process running for 34.034)
2025-07-09 03:15:56 [http-nio-8040-exec-4] INFO  c.az.payment.service.PaymentService - inside PaymentService.processRequest
2025-07-09 03:15:56 [http-nio-8040-exec-4] INFO  c.az.payment.service.PaymentService - PaymentService::processRequest Getting service By ID 9 ,,,, and locale en
2025-07-09 03:15:56 [http-nio-8040-exec-4] INFO  c.az.payment.service.ServiceService - ServiceService.findById  return service with id 9
2025-07-09 03:15:58 [http-nio-8040-exec-4] INFO  c.az.payment.service.PaymentService - PaymentService::processRequest found Service Named ZAIN TopUp: By Id 9
2025-07-09 03:15:58 [http-nio-8040-exec-4] INFO  c.az.payment.service.PaymentService - bankMapedResponse : PaymentResponse(responseParams=null, finalStatus=1, isPayment=false, requestParams=null, responseCode=0, responseMessage=null, bankReference=250709060090000003)
2025-07-09 03:15:59 [http-nio-8040-exec-4] INFO  com.az.payment.mapper.RequestMapper - reqRrn : -1 : transactionID : 250709060090000003
2025-07-09 03:15:59 [http-nio-8040-exec-4] INFO  com.az.payment.mapper.RequestMapper - start Mapping Request .... ProcessRequest(id=6, serviceId=9, parameters=[RequestParameter[id=26, key=mobile, value=917776588], RequestParameter[id=30, key=amount, value=15], RequestParameter[id=-1, key=transactionID, value=250709060090000003]], accountFrom=0103093800000021)
2025-07-09 03:15:59 [http-nio-8040-exec-4] INFO  com.az.payment.mapper.RequestMapper - service : com.az.payment.domain.Service@1939459c
2025-07-09 03:15:59 [http-nio-8040-exec-4] INFO  com.az.payment.mapper.RequestMapper - start Mapping Additional Request Data Such as fixed Value and transaction ID if available 
2025-07-09 03:15:59 [http-nio-8040-exec-4] INFO  com.az.payment.mapper.RequestMapper - inside stream getting parameterId 26 and false and false and false
2025-07-09 03:15:59 [http-nio-8040-exec-4] INFO  com.az.payment.mapper.RequestMapper - inside stream getting parameterId 27 and false and true and false
2025-07-09 03:15:59 [http-nio-8040-exec-4] INFO  com.az.payment.mapper.RequestMapper - inside stream getting parameterId 30 and false and true and false
2025-07-09 03:15:59 [http-nio-8040-exec-4] INFO  com.az.payment.mapper.RequestMapper - inside stream getting parameterId 31 and true and false and false
2025-07-09 03:15:59 [http-nio-8040-exec-4] INFO  com.az.payment.mapper.RequestMapper - inside stream getting parameterId 32 and false and true and false
2025-07-09 03:15:59 [http-nio-8040-exec-4] INFO  com.az.payment.mapper.RequestMapper - inside toJsonFIeld true
2025-07-09 03:15:59 [http-nio-8040-exec-4] INFO  com.az.payment.mapper.RequestMapper - end Mapping Request .... {"msisdn":917776588,"amount":"15","transactionID":"250709060090000003"}
2025-07-09 03:15:59 [http-nio-8040-exec-4] INFO  c.az.payment.service.PaymentService - PaymentService::processRequest mapped  RequestDTO To JSON Object {"msisdn":917776588,"amount":"15","transactionID":"250709060090000003"}
2025-07-09 03:16:00 [http-nio-8040-exec-4] INFO  c.az.payment.service.PaymentService - transactionLog.getId().toString() : 9452
2025-07-09 03:16:01 [http-nio-8040-exec-4] INFO  com.az.payment.service.ClientApi - ClientAPi::CallService response: {"receiptNo":null,"responseCode":0,"responseMessage":null,"msisdn":"917776588","transactionID":"250709060090000003","amount":"15","mobileNumber":null,"ersReference":null,"rdesc_en":"Operation Completed Successfully.","rdesc_ar":"تمت العملية بنجاح","rcode":"0","mdn":"120155425","RCode":"0","RDesc_en":"Operation Completed Successfully.","RDesc_ar":"تمت العملية بنجاح","MDN":"120155425"}
2025-07-09 03:16:01 [http-nio-8040-exec-4] INFO  c.az.payment.service.PaymentService - {"RDesc_en":"Operation Completed Successfully.","amount":"15","mobileNumber":null,"RDesc_ar":"تمت العملية بنجاح","rcode":"0","transactionID":"250709060090000003","responseCode":0,"rdesc_en":"Operation Completed Successfully.","mdn":"120155425","MDN":"120155425","receiptNo":null,"responseMessage":null,"msisdn":"917776588","ersReference":null,"rdesc_ar":"تمت العملية بنجاح","RCode":"0"}
2025-07-09 03:16:03 [http-nio-8040-exec-4] INFO  c.az.payment.service.PaymentService - #################### SUCCESS
2025-07-09 03:16:03 [http-nio-8040-exec-4] INFO  c.az.payment.service.PaymentService - PaymentService::processResponse  Response returned From restApi {"RDesc_en":"Operation Completed Successfully.","amount":"15","mobileNumber":null,"RDesc_ar":"تمت العملية بنجاح","rcode":"0","transactionID":"250709060090000003","responseCode":0,"rdesc_en":"Operation Completed Successfully.","mdn":"120155425","MDN":"120155425","receiptNo":null,"responseMessage":null,"msisdn":"917776588","ersReference":null,"rdesc_ar":"تمت العملية بنجاح","RCode":"0"}
2025-07-09 03:16:03 [http-nio-8040-exec-4] INFO  com.az.payment.utils.Validation - Validation::validateResponse Validating response  ,,, apiResponse = {"RDesc_en":"Operation Completed Successfully.","amount":"15","mobileNumber":null,"RDesc_ar":"تمت العملية بنجاح","rcode":"0","transactionID":"250709060090000003","responseCode":0,"rdesc_en":"Operation Completed Successfully.","mdn":"120155425","MDN":"120155425","receiptNo":null,"responseMessage":null,"msisdn":"917776588","ersReference":null,"rdesc_ar":"تمت العملية بنجاح","RCode":"0"},,,, for service ID 9 , with name ZAIN TopUp
2025-07-09 03:16:03 [http-nio-8040-exec-4] INFO  c.az.payment.service.ServiceService - ServiceService.findResponseParameterByServiceId  ServiceID : 9
2025-07-09 03:16:03 [http-nio-8040-exec-4] INFO  com.az.payment.utils.Validation - parameter in List is msisdn,,,, first check true , second check true 
2025-07-09 03:16:03 [http-nio-8040-exec-4] INFO  com.az.payment.utils.Validation - parameter in List is responseCode,,,, first check false , second check false 
2025-07-09 03:16:04 [http-nio-8040-exec-4] INFO  com.az.payment.utils.Validation - parameter in List is responseMessage,,,, first check false , second check false 
2025-07-09 03:16:04 [http-nio-8040-exec-4] ERROR c.az.payment.service.PaymentService - Error while validating response details: Parameters not found in response responseMessage,,, 
2025-07-09 03:16:04 [http-nio-8040-exec-4] INFO  c.az.payment.service.PaymentService - PaymentService::processResponse mapped from toServiceResponse PaymentResponse(responseParams=null, finalStatus=0, isPayment=false, requestParams=null, responseCode=0, responseMessage=Success, bankReference=null)
2025-07-09 03:16:04 [http-nio-8040-exec-4] INFO  com.az.payment.mapper.RequestMapper - start toClientResponse .... PaymentResponse(responseParams=null, finalStatus=0, isPayment=false, requestParams=null, responseCode=0, responseMessage=Success, bankReference=null),,,,, with request ............ProcessRequest(id=6, serviceId=9, parameters=[RequestParameter[id=26, key=mobile, value=917776588], RequestParameter[id=30, key=amount, value=15], RequestParameter[id=-1, key=transactionID, value=250709060090000003]], accountFrom=0103093800000021) 
2025-07-09 03:16:04 [http-nio-8040-exec-4] INFO  c.az.payment.service.PaymentService - mapResponse --->: PaymentResponse(responseParams=null, finalStatus=0, isPayment=false, requestParams=null, responseCode=0, responseMessage=Success, bankReference=250709060090000003)
2025-07-09 03:20:02 [http-nio-8040-exec-9] INFO  c.az.payment.service.PaymentService - inside PaymentService.processRequest
2025-07-09 03:20:03 [http-nio-8040-exec-9] INFO  c.az.payment.service.PaymentService - PaymentService::processRequest Getting service By ID 9 ,,,, and locale en
2025-07-09 03:20:03 [http-nio-8040-exec-9] INFO  c.az.payment.service.ServiceService - ServiceService.findById  return service with id 9
2025-07-09 03:20:04 [http-nio-8040-exec-9] INFO  c.az.payment.service.PaymentService - PaymentService::processRequest found Service Named ZAIN TopUp: By Id 9
2025-07-09 03:20:04 [http-nio-8040-exec-9] INFO  c.az.payment.service.PaymentService - bankMapedResponse : PaymentResponse(responseParams=null, finalStatus=1, isPayment=false, requestParams=null, responseCode=0, responseMessage=null, bankReference=250709060090000004)
2025-07-09 03:20:04 [http-nio-8040-exec-9] INFO  com.az.payment.mapper.RequestMapper - reqRrn : -1 : transactionID : 250709060090000004
2025-07-09 03:20:04 [http-nio-8040-exec-9] INFO  com.az.payment.mapper.RequestMapper - start Mapping Request .... ProcessRequest(id=6, serviceId=9, parameters=[RequestParameter[id=26, key=mobile, value=917776588], RequestParameter[id=30, key=amount, value=15], RequestParameter[id=-1, key=transactionID, value=250709060090000004]], accountFrom=0103093800000021)
2025-07-09 03:20:04 [http-nio-8040-exec-9] INFO  com.az.payment.mapper.RequestMapper - service : com.az.payment.domain.Service@2f4c37fe
2025-07-09 03:20:04 [http-nio-8040-exec-9] INFO  com.az.payment.mapper.RequestMapper - start Mapping Additional Request Data Such as fixed Value and transaction ID if available 
2025-07-09 03:20:04 [http-nio-8040-exec-9] INFO  com.az.payment.mapper.RequestMapper - inside stream getting parameterId 26 and false and false and false
2025-07-09 03:20:04 [http-nio-8040-exec-9] INFO  com.az.payment.mapper.RequestMapper - inside stream getting parameterId 27 and false and true and false
2025-07-09 03:20:04 [http-nio-8040-exec-9] INFO  com.az.payment.mapper.RequestMapper - inside stream getting parameterId 30 and false and true and false
2025-07-09 03:20:04 [http-nio-8040-exec-9] INFO  com.az.payment.mapper.RequestMapper - inside stream getting parameterId 31 and true and false and false
2025-07-09 03:20:04 [http-nio-8040-exec-9] INFO  com.az.payment.mapper.RequestMapper - inside stream getting parameterId 32 and false and true and false
2025-07-09 03:20:04 [http-nio-8040-exec-9] INFO  com.az.payment.mapper.RequestMapper - inside toJsonFIeld true
2025-07-09 03:20:04 [http-nio-8040-exec-9] INFO  com.az.payment.mapper.RequestMapper - end Mapping Request .... {"msisdn":917776588,"amount":"15","transactionID":"250709060090000004"}
2025-07-09 03:20:04 [http-nio-8040-exec-9] INFO  c.az.payment.service.PaymentService - PaymentService::processRequest mapped  RequestDTO To JSON Object {"msisdn":917776588,"amount":"15","transactionID":"250709060090000004"}
2025-07-09 03:20:05 [http-nio-8040-exec-9] INFO  c.az.payment.service.PaymentService - transactionLog.getId().toString() : 9453
2025-07-09 03:20:06 [http-nio-8040-exec-9] INFO  com.az.payment.service.ClientApi - ClientAPi::CallService response: {"receiptNo":null,"responseCode":0,"responseMessage":"Successfully","msisdn":"917776588","transactionID":"250709060090000004","amount":"15","mobileNumber":null,"ersReference":null,"rdesc_ar":"تمت العملية بنجاح","rcode":"0","mdn":"120155425","rdesc_en":"Operation Completed Successfully.","RCode":"0","RDesc_en":"Operation Completed Successfully.","RDesc_ar":"تمت العملية بنجاح","MDN":"120155425"}
2025-07-09 03:20:06 [http-nio-8040-exec-9] INFO  c.az.payment.service.PaymentService - {"RDesc_en":"Operation Completed Successfully.","amount":"15","mobileNumber":null,"RDesc_ar":"تمت العملية بنجاح","rcode":"0","transactionID":"250709060090000004","responseCode":0,"rdesc_en":"Operation Completed Successfully.","mdn":"120155425","MDN":"120155425","receiptNo":null,"responseMessage":"Successfully","msisdn":"917776588","ersReference":null,"rdesc_ar":"تمت العملية بنجاح","RCode":"0"}
2025-07-09 03:20:07 [http-nio-8040-exec-9] INFO  c.az.payment.service.PaymentService - #################### SUCCESS
2025-07-09 03:20:08 [http-nio-8040-exec-9] INFO  c.az.payment.service.PaymentService - PaymentService::processResponse  Response returned From restApi {"RDesc_en":"Operation Completed Successfully.","amount":"15","mobileNumber":null,"RDesc_ar":"تمت العملية بنجاح","rcode":"0","transactionID":"250709060090000004","responseCode":0,"rdesc_en":"Operation Completed Successfully.","mdn":"120155425","MDN":"120155425","receiptNo":null,"responseMessage":"Successfully","msisdn":"917776588","ersReference":null,"rdesc_ar":"تمت العملية بنجاح","RCode":"0"}
2025-07-09 03:20:08 [http-nio-8040-exec-9] INFO  com.az.payment.utils.Validation - Validation::validateResponse Validating response  ,,, apiResponse = {"RDesc_en":"Operation Completed Successfully.","amount":"15","mobileNumber":null,"RDesc_ar":"تمت العملية بنجاح","rcode":"0","transactionID":"250709060090000004","responseCode":0,"rdesc_en":"Operation Completed Successfully.","mdn":"120155425","MDN":"120155425","receiptNo":null,"responseMessage":"Successfully","msisdn":"917776588","ersReference":null,"rdesc_ar":"تمت العملية بنجاح","RCode":"0"},,,, for service ID 9 , with name ZAIN TopUp
2025-07-09 03:20:08 [http-nio-8040-exec-9] INFO  c.az.payment.service.ServiceService - ServiceService.findResponseParameterByServiceId  ServiceID : 9
2025-07-09 03:20:08 [http-nio-8040-exec-9] INFO  com.az.payment.utils.Validation - parameter in List is msisdn,,,, first check true , second check true 
2025-07-09 03:20:08 [http-nio-8040-exec-9] INFO  com.az.payment.utils.Validation - parameter in List is responseCode,,,, first check false , second check false 
2025-07-09 03:20:08 [http-nio-8040-exec-9] INFO  com.az.payment.utils.Validation - parameter in List is responseMessage,,,, first check true , second check true 
2025-07-09 03:20:08 [http-nio-8040-exec-9] INFO  com.az.payment.utils.Validation - response returned after mapping data is [PaymentResponseField[key=mobile, value=917776588, displayName=Phone Number , id=26], PaymentResponseField[key=responseMessage, value=Success, displayName=Status, id=32]] 
2025-07-09 03:20:08 [http-nio-8040-exec-9] INFO  c.az.payment.mapper.ResponseMapper - response returned from mapper and validated as defined  PaymentResponse(responseParams=[PaymentResponseField[key=mobile, value=917776588, displayName=Phone Number , id=26], PaymentResponseField[key=responseMessage, value=Success, displayName=Status, id=32]], finalStatus=0, isPayment=false, requestParams=null, responseCode=0, responseMessage=Success, bankReference=null)
2025-07-09 03:20:08 [http-nio-8040-exec-9] INFO  c.az.payment.service.PaymentService - PaymentService::processResponse mapped from toServiceResponse PaymentResponse(responseParams=[PaymentResponseField[key=mobile, value=917776588, displayName=Phone Number , id=26], PaymentResponseField[key=responseMessage, value=Success, displayName=Status, id=32]], finalStatus=0, isPayment=false, requestParams=null, responseCode=0, responseMessage=Success, bankReference=null)
2025-07-09 03:20:08 [http-nio-8040-exec-9] INFO  com.az.payment.mapper.RequestMapper - start toClientResponse .... PaymentResponse(responseParams=[PaymentResponseField[key=mobile, value=917776588, displayName=Phone Number , id=26], PaymentResponseField[key=responseMessage, value=Success, displayName=Status, id=32]], finalStatus=0, isPayment=false, requestParams=null, responseCode=0, responseMessage=Success, bankReference=null),,,,, with request ............ProcessRequest(id=6, serviceId=9, parameters=[RequestParameter[id=26, key=mobile, value=917776588], RequestParameter[id=30, key=amount, value=15], RequestParameter[id=-1, key=transactionID, value=250709060090000004]], accountFrom=0103093800000021) 
2025-07-09 03:20:08 [http-nio-8040-exec-9] INFO  c.az.payment.service.PaymentService - mapResponse --->: PaymentResponse(responseParams=[PaymentResponseField[key=mobile, value=917776588, displayName=Phone Number , id=26], PaymentResponseField[key=responseMessage, value=Success, displayName=Status, id=32]], finalStatus=0, isPayment=false, requestParams=null, responseCode=0, responseMessage=Success, bankReference=250709060090000004)
2025-07-09 03:21:17 [main] INFO  com.az.payment.PaymentApplication - Starting PaymentApplication using Java 17.0.12 with PID 17572 (D:\____WorkSpace\AZ\code backups\e-payment_5_5_2025\payment\target\classes started by HP in D:\____WorkSpace\AZ\code backups\e-payment_5_5_2025\payment)
2025-07-09 03:21:17 [main] DEBUG com.az.payment.PaymentApplication - Running with Spring Boot v3.3.0, Spring v6.1.8
2025-07-09 03:21:17 [main] INFO  com.az.payment.PaymentApplication - No active profile set, falling back to 1 default profile: "default"
2025-07-09 03:21:38 [main] INFO  com.az.payment.PaymentApplication - Started PaymentApplication in 21.955 seconds (process running for 23.171)
2025-07-09 03:22:03 [http-nio-8040-exec-1] INFO  c.az.payment.service.PaymentService - inside PaymentService.processRequest
2025-07-09 03:22:03 [http-nio-8040-exec-1] INFO  c.az.payment.service.PaymentService - PaymentService::processRequest Getting service By ID 9 ,,,, and locale en
2025-07-09 03:22:03 [http-nio-8040-exec-1] INFO  c.az.payment.service.ServiceService - ServiceService.findById  return service with id 9
2025-07-09 03:22:05 [http-nio-8040-exec-1] INFO  c.az.payment.service.PaymentService - PaymentService::processRequest found Service Named ZAIN TopUp: By Id 9
2025-07-09 03:22:05 [http-nio-8040-exec-1] INFO  c.az.payment.service.PaymentService - bankMapedResponse : PaymentResponse(responseParams=null, finalStatus=1, isPayment=false, requestParams=null, responseCode=0, responseMessage=null, bankReference=250709060090000005)
2025-07-09 03:22:06 [http-nio-8040-exec-1] INFO  com.az.payment.mapper.RequestMapper - reqRrn : -1 : transactionID : 250709060090000005
2025-07-09 03:22:06 [http-nio-8040-exec-1] INFO  com.az.payment.mapper.RequestMapper - start Mapping Request .... ProcessRequest(id=6, serviceId=9, parameters=[RequestParameter[id=26, key=mobile, value=917776588], RequestParameter[id=30, key=amount, value=15], RequestParameter[id=-1, key=transactionID, value=250709060090000005]], accountFrom=0103093800000021)
2025-07-09 03:22:06 [http-nio-8040-exec-1] INFO  com.az.payment.mapper.RequestMapper - service : com.az.payment.domain.Service@42b744c1
2025-07-09 03:22:06 [http-nio-8040-exec-1] INFO  com.az.payment.mapper.RequestMapper - start Mapping Additional Request Data Such as fixed Value and transaction ID if available 
2025-07-09 03:22:06 [http-nio-8040-exec-1] INFO  com.az.payment.mapper.RequestMapper - inside stream getting parameterId 26 and false and false and false
2025-07-09 03:22:06 [http-nio-8040-exec-1] INFO  com.az.payment.mapper.RequestMapper - inside stream getting parameterId 27 and false and true and false
2025-07-09 03:22:06 [http-nio-8040-exec-1] INFO  com.az.payment.mapper.RequestMapper - inside stream getting parameterId 30 and false and true and false
2025-07-09 03:22:06 [http-nio-8040-exec-1] INFO  com.az.payment.mapper.RequestMapper - inside stream getting parameterId 31 and true and false and false
2025-07-09 03:22:06 [http-nio-8040-exec-1] INFO  com.az.payment.mapper.RequestMapper - inside stream getting parameterId 32 and false and true and false
2025-07-09 03:22:06 [http-nio-8040-exec-1] INFO  com.az.payment.mapper.RequestMapper - inside toJsonFIeld true
2025-07-09 03:22:06 [http-nio-8040-exec-1] INFO  com.az.payment.mapper.RequestMapper - end Mapping Request .... {"msisdn":917776588,"amount":"15","transactionID":"250709060090000005"}
2025-07-09 03:22:06 [http-nio-8040-exec-1] INFO  c.az.payment.service.PaymentService - PaymentService::processRequest mapped  RequestDTO To JSON Object {"msisdn":917776588,"amount":"15","transactionID":"250709060090000005"}
2025-07-09 03:22:07 [http-nio-8040-exec-1] INFO  c.az.payment.service.PaymentService - transactionLog.getId().toString() : 9502
2025-07-09 03:22:07 [http-nio-8040-exec-1] INFO  com.az.payment.service.ClientApi - ClientAPi::CallService response: {"receiptNo":null,"responseCode":0,"responseMessage":"Successfully","msisdn":"917776588","transactionID":"250709060090000005","amount":"15","mobileNumber":null,"ersReference":null,"rdesc_ar":"تمت العملية بنجاح","rcode":"0","mdn":"120155425","rdesc_en":"Operation Completed Successfully.","RCode":"0","RDesc_en":"Operation Completed Successfully.","RDesc_ar":"تمت العملية بنجاح","MDN":"120155425"}
2025-07-09 03:22:07 [http-nio-8040-exec-1] INFO  c.az.payment.service.PaymentService - {"RDesc_en":"Operation Completed Successfully.","amount":"15","mobileNumber":null,"RDesc_ar":"تمت العملية بنجاح","rcode":"0","transactionID":"250709060090000005","responseCode":0,"rdesc_en":"Operation Completed Successfully.","mdn":"120155425","MDN":"120155425","receiptNo":null,"responseMessage":"Successfully","msisdn":"917776588","ersReference":null,"rdesc_ar":"تمت العملية بنجاح","RCode":"0"}
2025-07-09 03:22:09 [http-nio-8040-exec-1] INFO  c.az.payment.service.PaymentService - #################### SUCCESS
2025-07-09 03:22:09 [http-nio-8040-exec-1] INFO  c.az.payment.service.PaymentService - PaymentService::processResponse  Response returned From restApi {"RDesc_en":"Operation Completed Successfully.","amount":"15","mobileNumber":null,"RDesc_ar":"تمت العملية بنجاح","rcode":"0","transactionID":"250709060090000005","responseCode":0,"rdesc_en":"Operation Completed Successfully.","mdn":"120155425","MDN":"120155425","receiptNo":null,"responseMessage":"Successfully","msisdn":"917776588","ersReference":null,"rdesc_ar":"تمت العملية بنجاح","RCode":"0"}
2025-07-09 03:22:09 [http-nio-8040-exec-1] INFO  com.az.payment.utils.Validation - Validation::validateResponse Validating response  ,,, apiResponse = {"RDesc_en":"Operation Completed Successfully.","amount":"15","mobileNumber":null,"RDesc_ar":"تمت العملية بنجاح","rcode":"0","transactionID":"250709060090000005","responseCode":0,"rdesc_en":"Operation Completed Successfully.","mdn":"120155425","MDN":"120155425","receiptNo":null,"responseMessage":"Successfully","msisdn":"917776588","ersReference":null,"rdesc_ar":"تمت العملية بنجاح","RCode":"0"},,,, for service ID 9 , with name ZAIN TopUp
2025-07-09 03:22:09 [http-nio-8040-exec-1] INFO  c.az.payment.service.ServiceService - ServiceService.findResponseParameterByServiceId  ServiceID : 9
2025-07-09 03:22:09 [http-nio-8040-exec-1] INFO  com.az.payment.utils.Validation - parameter in List is msisdn,,,, first check true , second check true 
2025-07-09 03:22:09 [http-nio-8040-exec-1] INFO  com.az.payment.utils.Validation - parameter in List is responseCode,,,, first check false , second check false 
2025-07-09 03:22:10 [http-nio-8040-exec-1] INFO  com.az.payment.utils.Validation - parameter in List is responseMessage,,,, first check true , second check true 
2025-07-09 03:22:10 [http-nio-8040-exec-1] INFO  com.az.payment.utils.Validation - response returned after mapping data is [PaymentResponseField[key=mobile, value=917776588, displayName=Phone Number , id=26], PaymentResponseField[key=responseMessage, value=Success, displayName=Status, id=32]] 
2025-07-09 03:22:10 [http-nio-8040-exec-1] INFO  c.az.payment.mapper.ResponseMapper - response returned from mapper and validated as defined  PaymentResponse(responseParams=[PaymentResponseField[key=mobile, value=917776588, displayName=Phone Number , id=26], PaymentResponseField[key=responseMessage, value=Success, displayName=Status, id=32]], finalStatus=0, isPayment=false, requestParams=null, responseCode=0, responseMessage=Success, bankReference=null)
2025-07-09 03:22:10 [http-nio-8040-exec-1] INFO  c.az.payment.service.PaymentService - PaymentService::processResponse mapped from toServiceResponse PaymentResponse(responseParams=[PaymentResponseField[key=mobile, value=917776588, displayName=Phone Number , id=26], PaymentResponseField[key=responseMessage, value=Success, displayName=Status, id=32]], finalStatus=0, isPayment=false, requestParams=null, responseCode=0, responseMessage=Success, bankReference=null)
2025-07-09 03:22:10 [http-nio-8040-exec-1] INFO  com.az.payment.mapper.RequestMapper - start toClientResponse .... PaymentResponse(responseParams=[PaymentResponseField[key=mobile, value=917776588, displayName=Phone Number , id=26], PaymentResponseField[key=responseMessage, value=Success, displayName=Status, id=32]], finalStatus=0, isPayment=false, requestParams=null, responseCode=0, responseMessage=Success, bankReference=null),,,,, with request ............ProcessRequest(id=6, serviceId=9, parameters=[RequestParameter[id=26, key=mobile, value=917776588], RequestParameter[id=30, key=amount, value=15], RequestParameter[id=-1, key=transactionID, value=250709060090000005]], accountFrom=0103093800000021) 
2025-07-09 03:22:10 [http-nio-8040-exec-1] INFO  c.az.payment.service.PaymentService - mapResponse --->: PaymentResponse(responseParams=[PaymentResponseField[key=mobile, value=917776588, displayName=Phone Number , id=26], PaymentResponseField[key=responseMessage, value=Success, displayName=Status, id=32]], finalStatus=0, isPayment=false, requestParams=null, responseCode=0, responseMessage=Success, bankReference=250709060090000005)
