2025-11-19 09:57:24 [main] INFO  com.az.payment.PaymentApplication - Starting PaymentApplication using Java 17.0.12 with PID 12184 (D:\____WorkSpace\AZ\code backups\e-payment_5_5_2025\payment\target\classes started by HP in D:\____WorkSpace\AZ\code backups\e-payment_5_5_2025\payment)
2025-11-19 09:57:24 [main] DEBUG com.az.payment.PaymentApplication - Running with Spring Boot v3.3.0, Spring v6.1.8
2025-11-19 09:57:24 [main] INFO  com.az.payment.PaymentApplication - No active profile set, falling back to 1 default profile: "default"
2025-11-19 09:57:43 [main] INFO  com.az.payment.PaymentApplication - Started PaymentApplication in 19.917 seconds (process running for 20.655)
2025-11-19 10:16:26 [http-nio-8040-exec-2] INFO  c.az.payment.service.PaymentService - inside PaymentService.checkStatus: CheckStatusRequest(transactionId=250730010010002778)
2025-11-19 10:16:27 [http-nio-8040-exec-2] INFO  c.az.payment.service.PaymentService - Original transaction not found : 250730010010002778
2025-11-19 10:16:28 [http-nio-8040-exec-2] INFO  c.az.payment.service.PaymentService - CheckStatusResponse(responseCode=10, responseMessage=Original transaction not found, trnStatus=0, trnStatusDisc=null, transactionId=null, checkReqId=251119000000000001, trnDetails=null)
2025-11-19 10:17:54 [http-nio-8040-exec-8] INFO  c.az.payment.service.PaymentService - inside PaymentService.checkStatus: CheckStatusRequest(transactionId=250708010010000012)
2025-11-19 10:17:54 [http-nio-8040-exec-8] INFO  c.az.payment.service.PaymentService - Original transaction not found : 250708010010000012
2025-11-19 10:17:54 [http-nio-8040-exec-8] INFO  c.az.payment.service.PaymentService - CheckStatusResponse(responseCode=10, responseMessage=Original transaction not found, trnStatus=0, trnStatusDisc=null, transactionId=null, checkReqId=251119000000000002, trnDetails=null)
2025-11-19 11:58:14 [http-nio-8040-exec-10] INFO  c.az.payment.service.PaymentService - inside PaymentService.checkStatus: CheckStatusRequest(transactionId=250708010010000012)
2025-11-19 11:58:14 [http-nio-8040-exec-10] INFO  c.az.payment.service.PaymentService - Original transaction not found : 250708010010000012
2025-11-19 11:58:15 [http-nio-8040-exec-10] INFO  c.az.payment.service.PaymentService - CheckStatusResponse(responseCode=10, responseMessage=Original transaction not found, trnStatus=0, trnStatusDisc=null, transactionId=null, checkReqId=251119000000000003, trnDetails=null)
2025-11-19 11:58:39 [main] INFO  com.az.payment.PaymentApplication - Starting PaymentApplication using Java 17.0.12 with PID 12964 (D:\____WorkSpace\AZ\code backups\e-payment_5_5_2025\payment\target\classes started by HP in D:\____WorkSpace\AZ\code backups\e-payment_5_5_2025\payment)
2025-11-19 11:58:39 [main] DEBUG com.az.payment.PaymentApplication - Running with Spring Boot v3.3.0, Spring v6.1.8
2025-11-19 11:58:39 [main] INFO  com.az.payment.PaymentApplication - No active profile set, falling back to 1 default profile: "default"
2025-11-19 11:58:53 [main] INFO  com.az.payment.PaymentApplication - Started PaymentApplication in 15.177 seconds (process running for 16.506)
2025-11-19 11:59:22 [http-nio-8040-exec-1] INFO  c.az.payment.service.PaymentService - inside PaymentService.checkStatus: CheckStatusRequest(transactionId=250708010010000012)
2025-11-19 11:59:22 [http-nio-8040-exec-1] INFO  c.az.payment.service.PaymentService - Original transaction not found : 250708010010000012
2025-11-19 11:59:23 [http-nio-8040-exec-1] INFO  c.az.payment.service.PaymentService - CheckStatusResponse(responseCode=10, responseMessage=Original transaction not found, trnStatus=0, trnStatusDisc=null, transactionId=null, checkReqId=251119000000000004, trnDetails=null)
2025-11-19 11:59:40 [http-nio-8040-exec-3] INFO  c.az.payment.service.PaymentService - inside PaymentService.checkStatus: CheckStatusRequest(transactionId=250708010010000012)
2025-11-19 12:00:59 [http-nio-8040-exec-3] INFO  c.az.payment.service.PaymentService - Original transaction not found : 250708010010000012
2025-11-19 12:01:00 [http-nio-8040-exec-3] INFO  c.az.payment.service.PaymentService - An Error occured while processing the request CheckStatusRequest(transactionId=250708010010000012)
2025-11-19 12:01:00 [http-nio-8040-exec-3] INFO  c.az.payment.service.PaymentService - Exception: JDBC exception executing SQL [SELECT RRN_SEQ.NEXTVAL FROM DUAL] [ORA-17002: I/O error
https://docs.oracle.com/error-help/db/ora-17002/] [n/a]
2025-11-19 12:01:00 [http-nio-8040-exec-3] ERROR c.az.payment.service.PaymentService - omniRRN: [Ljava.lang.StackTraceElement;@21ce7cb5
2025-11-19 12:01:07 [main] INFO  com.az.payment.PaymentApplication - Starting PaymentApplication using Java 17.0.12 with PID 20412 (D:\____WorkSpace\AZ\code backups\e-payment_5_5_2025\payment\target\classes started by HP in D:\____WorkSpace\AZ\code backups\e-payment_5_5_2025\payment)
2025-11-19 12:01:07 [main] DEBUG com.az.payment.PaymentApplication - Running with Spring Boot v3.3.0, Spring v6.1.8
2025-11-19 12:01:07 [main] INFO  com.az.payment.PaymentApplication - No active profile set, falling back to 1 default profile: "default"
2025-11-19 12:01:21 [main] INFO  com.az.payment.PaymentApplication - Started PaymentApplication in 15.223 seconds (process running for 15.898)
2025-11-19 12:02:03 [http-nio-8040-exec-1] INFO  c.az.payment.service.PaymentService - inside PaymentService.checkStatus: CheckStatusRequest(transactionId=250708010010000012)
2025-11-19 12:18:15 [http-nio-8040-exec-1] INFO  c.az.payment.service.PaymentService - An Error occured while processing the request CheckStatusRequest(transactionId=250708010010000012)
2025-11-19 12:18:15 [http-nio-8040-exec-1] INFO  c.az.payment.service.PaymentService - Exception: No value present
2025-11-19 12:18:15 [http-nio-8040-exec-1] ERROR c.az.payment.service.PaymentService - omniRRN: [Ljava.lang.StackTraceElement;@3e0c6f74
2025-11-19 12:18:23 [main] INFO  com.az.payment.PaymentApplication - Starting PaymentApplication using Java 17.0.12 with PID 22488 (D:\____WorkSpace\AZ\code backups\e-payment_5_5_2025\payment\target\classes started by HP in D:\____WorkSpace\AZ\code backups\e-payment_5_5_2025\payment)
2025-11-19 12:18:23 [main] DEBUG com.az.payment.PaymentApplication - Running with Spring Boot v3.3.0, Spring v6.1.8
2025-11-19 12:18:23 [main] INFO  com.az.payment.PaymentApplication - No active profile set, falling back to 1 default profile: "default"
2025-11-19 12:18:38 [main] INFO  com.az.payment.PaymentApplication - Started PaymentApplication in 16.238 seconds (process running for 16.933)
2025-11-19 12:18:48 [http-nio-8040-exec-1] INFO  c.az.payment.service.PaymentService - inside PaymentService.checkStatus: CheckStatusRequest(transactionId=250708010010000012)
2025-11-19 12:20:09 [http-nio-8040-exec-1] INFO  c.az.payment.service.PaymentService - Original transaction not found : 250708010010000012
2025-11-19 12:20:50 [http-nio-8040-exec-7] INFO  c.az.payment.service.PaymentService - inside PaymentService.checkStatus: CheckStatusRequest(transactionId=250708010010000012)
2025-11-19 12:20:50 [http-nio-8040-exec-7] INFO  c.az.payment.service.PaymentService - Original transaction not found : 250708010010000012
2025-11-19 12:21:02 [main] INFO  com.az.payment.PaymentApplication - Starting PaymentApplication using Java 17.0.12 with PID 2776 (D:\____WorkSpace\AZ\code backups\e-payment_5_5_2025\payment\target\classes started by HP in D:\____WorkSpace\AZ\code backups\e-payment_5_5_2025\payment)
2025-11-19 12:21:02 [main] DEBUG com.az.payment.PaymentApplication - Running with Spring Boot v3.3.0, Spring v6.1.8
2025-11-19 12:21:02 [main] INFO  com.az.payment.PaymentApplication - No active profile set, falling back to 1 default profile: "default"
2025-11-19 12:22:28 [main] INFO  com.az.payment.PaymentApplication - Starting PaymentApplication using Java 17.0.12 with PID 21952 (D:\____WorkSpace\AZ\code backups\e-payment_5_5_2025\payment\target\classes started by HP in D:\____WorkSpace\AZ\code backups\e-payment_5_5_2025\payment)
2025-11-19 12:22:28 [main] DEBUG com.az.payment.PaymentApplication - Running with Spring Boot v3.3.0, Spring v6.1.8
2025-11-19 12:22:28 [main] INFO  com.az.payment.PaymentApplication - No active profile set, falling back to 1 default profile: "default"
2025-11-19 12:24:31 [main] INFO  com.az.payment.PaymentApplication - Starting PaymentApplication using Java 17.0.12 with PID 12864 (D:\____WorkSpace\AZ\code backups\e-payment_5_5_2025\payment\target\classes started by HP in D:\____WorkSpace\AZ\code backups\e-payment_5_5_2025\payment)
2025-11-19 12:24:31 [main] DEBUG com.az.payment.PaymentApplication - Running with Spring Boot v3.3.0, Spring v6.1.8
2025-11-19 12:24:31 [main] INFO  com.az.payment.PaymentApplication - No active profile set, falling back to 1 default profile: "default"
2025-11-19 12:24:44 [main] INFO  com.az.payment.PaymentApplication - Started PaymentApplication in 14.414 seconds (process running for 15.103)
2025-11-19 12:24:59 [http-nio-8040-exec-2] INFO  c.az.payment.service.PaymentService - inside PaymentService.checkStatus: CheckStatusRequest(transactionId=250708010010000012)
2025-11-19 12:25:26 [http-nio-8040-exec-2] INFO  c.az.payment.service.PaymentService - call biller for service(2) : [RequestParameter[id=53, key=responseCode, value=], RequestParameter[id=54, key=responseMessage, value=], RequestParameter[id=55, key=originalTransactionId, value=], RequestParameter[id=56, key=transactionId, value=]]
2025-11-19 12:25:27 [http-nio-8040-exec-2] INFO  c.az.payment.service.PaymentService - transactionLog Id : 27152 : rrn(251119010020000006)
2025-11-19 12:25:27 [http-nio-8040-exec-2] INFO  c.az.payment.service.PaymentService - PaymentService::callService Getting service By ID 2 ,,,, and locale en
2025-11-19 12:25:27 [http-nio-8040-exec-2] INFO  c.az.payment.service.ServiceService - ServiceService.findById  return service with id 2
2025-11-19 12:25:27 [http-nio-8040-exec-2] INFO  c.az.payment.service.PaymentService - Biller(1) doesn't have service(2)
2025-11-19 12:25:27 [http-nio-8040-exec-2] INFO  c.az.payment.service.PaymentService - PaymentService::checkStatus found Service Named Check Status: By Id 2
2025-11-19 12:25:27 [http-nio-8040-exec-2] INFO  com.az.payment.mapper.RequestMapper - start Mapping Request .... ProcessRequest(id=1, serviceId=2, parameters=[RequestParameter[id=53, key=responseCode, value=], RequestParameter[id=54, key=responseMessage, value=], RequestParameter[id=55, key=originalTransactionId, value=], RequestParameter[id=56, key=transactionId, value=]], accountFrom=0103093800044644)
2025-11-19 12:25:28 [http-nio-8040-exec-2] WARN  com.az.payment.mapper.RequestMapper - found in request : not valid Parameter[responseCode.id(53)] 
2025-11-19 12:25:28 [http-nio-8040-exec-2] WARN  com.az.payment.mapper.RequestMapper - found in request : not valid Parameter[responseMessage.id(54)] 
2025-11-19 12:25:28 [http-nio-8040-exec-2] WARN  com.az.payment.mapper.RequestMapper - found in request : not valid Parameter[transactionId.id(56)] 
2025-11-19 12:25:29 [http-nio-8040-exec-2] INFO  com.az.payment.mapper.RequestMapper - reqRrn : 56 : transactionId : 251119010020000006
2025-11-19 12:25:29 [http-nio-8040-exec-2] INFO  com.az.payment.mapper.RequestMapper - start Mapping Additional Request Data Such as fixed Value and transaction ID if available 
2025-11-19 12:25:29 [http-nio-8040-exec-2] INFO  com.az.payment.mapper.RequestMapper - end Mapping Request .... {"originalTransactionId":"","transactionId":"251119010020000006"}
2025-11-19 12:25:29 [http-nio-8040-exec-2] INFO  c.az.payment.service.PaymentService - PaymentService::checkStatus mapped  RequestDTO To JSON Object {"originalTransactionId":"","transactionId":"251119010020000006"}
2025-11-19 12:25:31 [http-nio-8040-exec-2] ERROR com.az.payment.service.ClientApi - Failed to access the Biller: I/O error on POST request for "http://localhost:9182/api/GetStatus": Connection refused: no further information
2025-11-19 12:25:31 [http-nio-8040-exec-2] INFO  c.az.payment.service.PaymentService - {"code":-12,"message":"Failed to access the Biller: I/O error on POST request for \"http://localhost:9182/api/GetStatus\": Connection refused: no further information","status":-1}
2025-11-19 12:25:32 [http-nio-8040-exec-2] INFO  c.az.payment.service.PaymentService - =================================-12
2025-11-19 12:25:32 [http-nio-8040-exec-2] INFO  c.az.payment.service.PaymentService - An Error occured while processing the request CheckStatusRequest(transactionId=250708010010000012)
2025-11-19 12:25:32 [http-nio-8040-exec-2] INFO  c.az.payment.service.PaymentService - Exception: No value present
2025-11-19 12:25:32 [http-nio-8040-exec-2] ERROR c.az.payment.service.PaymentService - omniRRN: [Ljava.lang.StackTraceElement;@2ae987bd
2025-11-19 12:25:32 [http-nio-8040-exec-2] INFO  c.az.payment.service.PaymentService - CheckStatusResponse(responseCode=10, responseMessage=An Error occured while processing the request, trnStatus=0, trnStatusDisc=null, transactionId=250708010010000012, checkReqId=251119010020000006, trnDetails=null)
2025-11-19 12:57:02 [http-nio-8040-exec-9] INFO  c.az.payment.service.PaymentService - inside PaymentService.checkStatus: CheckStatusRequest(transactionId=250708010010000012)
2025-11-19 12:57:09 [http-nio-8040-exec-9] INFO  c.az.payment.service.PaymentService - call biller for service(2) : [RequestParameter[id=53, key=responseCode, value=], RequestParameter[id=54, key=responseMessage, value=], RequestParameter[id=55, key=originalTransactionId, value=], RequestParameter[id=56, key=transactionId, value=]]
2025-11-19 12:57:10 [http-nio-8040-exec-9] INFO  c.az.payment.service.PaymentService - transactionLog Id : 27153 : rrn(251119010020000007)
2025-11-19 12:57:10 [http-nio-8040-exec-9] INFO  c.az.payment.service.PaymentService - PaymentService::callService Getting service By ID 2 ,,,, and locale en
2025-11-19 12:57:10 [http-nio-8040-exec-9] INFO  c.az.payment.service.ServiceService - ServiceService.findById  return service with id 2
2025-11-19 12:57:10 [http-nio-8040-exec-9] INFO  c.az.payment.service.PaymentService - Biller(1) doesn't have service(2)
2025-11-19 12:57:10 [http-nio-8040-exec-9] INFO  c.az.payment.service.PaymentService - PaymentService::checkStatus found Service Named Check Status: By Id 2
2025-11-19 12:57:10 [http-nio-8040-exec-9] INFO  com.az.payment.mapper.RequestMapper - start Mapping Request .... ProcessRequest(id=1, serviceId=2, parameters=[RequestParameter[id=53, key=responseCode, value=], RequestParameter[id=54, key=responseMessage, value=], RequestParameter[id=55, key=originalTransactionId, value=], RequestParameter[id=56, key=transactionId, value=]], accountFrom=0103093800044644)
2025-11-19 12:57:10 [http-nio-8040-exec-9] WARN  com.az.payment.mapper.RequestMapper - found in request : not valid Parameter[responseCode.id(53)] 
2025-11-19 12:57:10 [http-nio-8040-exec-9] WARN  com.az.payment.mapper.RequestMapper - found in request : not valid Parameter[responseMessage.id(54)] 
2025-11-19 12:57:10 [http-nio-8040-exec-9] WARN  com.az.payment.mapper.RequestMapper - found in request : not valid Parameter[transactionId.id(56)] 
2025-11-19 12:57:11 [http-nio-8040-exec-9] INFO  com.az.payment.mapper.RequestMapper - reqRrn : 56 : transactionId : 251119010020000007
2025-11-19 12:57:11 [http-nio-8040-exec-9] INFO  com.az.payment.mapper.RequestMapper - start Mapping Additional Request Data Such as fixed Value and transaction ID if available 
2025-11-19 12:57:11 [http-nio-8040-exec-9] INFO  com.az.payment.mapper.RequestMapper - end Mapping Request .... {"originalTransactionId":"","transactionId":"251119010020000007"}
2025-11-19 12:57:11 [http-nio-8040-exec-9] INFO  c.az.payment.service.PaymentService - PaymentService::checkStatus mapped  RequestDTO To JSON Object {"originalTransactionId":"","transactionId":"251119010020000007"}
2025-11-19 12:57:12 [http-nio-8040-exec-9] INFO  com.az.payment.service.ClientApi - ClientAPi::CallService response: {"responseCode":1,"responseMessage":"Success","originalTransactionId":""}
2025-11-19 12:57:12 [http-nio-8040-exec-9] INFO  c.az.payment.service.PaymentService - {"originalTransactionId":"","responseMessage":"Success","responseCode":1}
2025-11-19 12:57:14 [http-nio-8040-exec-9] INFO  c.az.payment.service.PaymentService - An Error occured while processing the request CheckStatusRequest(transactionId=250708010010000012)
2025-11-19 12:57:14 [http-nio-8040-exec-9] INFO  c.az.payment.service.PaymentService - Exception: No value present
2025-11-19 12:57:14 [http-nio-8040-exec-9] ERROR c.az.payment.service.PaymentService - omniRRN: [Ljava.lang.StackTraceElement;@3b5ad921
2025-11-19 12:57:14 [http-nio-8040-exec-9] INFO  c.az.payment.service.PaymentService - CheckStatusResponse(responseCode=10, responseMessage=An Error occured while processing the request, trnStatus=0, trnStatusDisc=null, transactionId=250708010010000012, checkReqId=251119010020000007, trnDetails=null)
2025-11-19 12:59:06 [main] INFO  com.az.payment.PaymentApplication - Starting PaymentApplication using Java 17.0.12 with PID 21516 (D:\____WorkSpace\AZ\code backups\e-payment_5_5_2025\payment\target\classes started by HP in D:\____WorkSpace\AZ\code backups\e-payment_5_5_2025\payment)
2025-11-19 12:59:06 [main] DEBUG com.az.payment.PaymentApplication - Running with Spring Boot v3.3.0, Spring v6.1.8
2025-11-19 12:59:06 [main] INFO  com.az.payment.PaymentApplication - No active profile set, falling back to 1 default profile: "default"
2025-11-19 12:59:22 [main] INFO  com.az.payment.PaymentApplication - Started PaymentApplication in 18.0 seconds (process running for 18.787)
2025-11-19 12:59:24 [http-nio-8040-exec-1] INFO  c.az.payment.service.PaymentService - inside PaymentService.checkStatus: CheckStatusRequest(transactionId=250708010010000012)
2025-11-19 13:01:36 [http-nio-8040-exec-1] INFO  c.az.payment.service.PaymentService - call biller for service(2) : [RequestParameter[id=53, key=responseCode, value=], RequestParameter[id=54, key=responseMessage, value=], RequestParameter[id=55, key=originalTransactionId, value=], RequestParameter[id=56, key=transactionId, value=]]
2025-11-19 13:01:36 [http-nio-8040-exec-1] INFO  c.az.payment.service.PaymentService - An Error occured while processing the request CheckStatusRequest(transactionId=250708010010000012)
2025-11-19 13:01:36 [http-nio-8040-exec-1] INFO  c.az.payment.service.PaymentService - Exception: Error creating bean with name 'dataSourceScriptDatabaseInitializer': Singleton bean creation not allowed while singletons of this factory are in destruction (Do not request a bean from a BeanFactory in a destroy method implementation!)
2025-11-19 13:01:36 [http-nio-8040-exec-1] ERROR c.az.payment.service.PaymentService - omniRRN: [Ljava.lang.StackTraceElement;@60879adc
2025-11-19 14:11:54 [main] INFO  com.az.payment.PaymentApplication - Starting PaymentApplication using Java 17.0.12 with PID 7096 (D:\____WorkSpace\AZ\code backups\e-payment_5_5_2025\payment\target\classes started by HP in D:\____WorkSpace\AZ\code backups\e-payment_5_5_2025\payment)
2025-11-19 14:11:54 [main] DEBUG com.az.payment.PaymentApplication - Running with Spring Boot v3.3.0, Spring v6.1.8
2025-11-19 14:11:54 [main] INFO  com.az.payment.PaymentApplication - No active profile set, falling back to 1 default profile: "default"
2025-11-19 14:13:00 [main] INFO  com.az.payment.PaymentApplication - Starting PaymentApplication using Java 17.0.12 with PID 10592 (D:\____WorkSpace\AZ\code backups\e-payment_5_5_2025\payment\target\classes started by HP in D:\____WorkSpace\AZ\code backups\e-payment_5_5_2025\payment)
2025-11-19 14:13:00 [main] DEBUG com.az.payment.PaymentApplication - Running with Spring Boot v3.3.0, Spring v6.1.8
2025-11-19 14:13:00 [main] INFO  com.az.payment.PaymentApplication - No active profile set, falling back to 1 default profile: "default"
2025-11-19 14:13:15 [main] INFO  com.az.payment.PaymentApplication - Started PaymentApplication in 16.419 seconds (process running for 16.993)
2025-11-19 14:13:16 [http-nio-8040-exec-2] INFO  c.az.payment.service.PaymentService - inside PaymentService.checkStatus: CheckStatusRequest(transactionId=2507080100100000123)
2025-11-19 14:13:17 [http-nio-8040-exec-2] INFO  c.az.payment.service.PaymentService - An Error occured while processing the request CheckStatusRequest(transactionId=2507080100100000123)
2025-11-19 14:13:17 [http-nio-8040-exec-2] INFO  c.az.payment.service.PaymentService - Exception: No value present
2025-11-19 14:13:17 [http-nio-8040-exec-2] ERROR c.az.payment.service.PaymentService - omniRRN: [Ljava.lang.StackTraceElement;@77c78651
2025-11-19 14:13:17 [http-nio-8040-exec-2] INFO  c.az.payment.service.PaymentService - CheckStatusResponse(responseCode=10, responseMessage=An Error occured while processing the request, trnStatus=0, trnStatusDisc=null, transactionId=null, checkReqId=251119000000000008, trnDetails=null)
2025-11-19 14:14:31 [main] INFO  com.az.payment.PaymentApplication - Starting PaymentApplication using Java 17.0.12 with PID 22024 (D:\____WorkSpace\AZ\code backups\e-payment_5_5_2025\payment\target\classes started by HP in D:\____WorkSpace\AZ\code backups\e-payment_5_5_2025\payment)
2025-11-19 14:14:31 [main] DEBUG com.az.payment.PaymentApplication - Running with Spring Boot v3.3.0, Spring v6.1.8
2025-11-19 14:14:31 [main] INFO  com.az.payment.PaymentApplication - No active profile set, falling back to 1 default profile: "default"
2025-11-19 14:14:47 [main] INFO  com.az.payment.PaymentApplication - Started PaymentApplication in 16.227 seconds (process running for 16.94)
2025-11-19 14:19:25 [http-nio-8040-exec-1] INFO  c.az.payment.service.PaymentService - inside PaymentService.checkStatus: CheckStatusRequest(transactionId=2507080100100000123)
2025-11-19 14:19:26 [http-nio-8040-exec-1] INFO  c.az.payment.service.PaymentService - An Error occured while processing the request CheckStatusRequest(transactionId=2507080100100000123)
2025-11-19 14:19:26 [http-nio-8040-exec-1] INFO  c.az.payment.service.PaymentService - Exception: No value present
2025-11-19 14:19:26 [http-nio-8040-exec-1] ERROR c.az.payment.service.PaymentService - omniRRN: class java.util.NoSuchElementException:[Ljava.lang.StackTraceElement;@4e80c590
2025-11-19 14:19:26 [http-nio-8040-exec-1] INFO  c.az.payment.service.PaymentService - CheckStatusResponse(responseCode=10, responseMessage=An Error occured while processing the request, trnStatus=0, trnStatusDisc=null, transactionId=null, checkReqId=251119000000000009, trnDetails=null)
2025-11-19 14:22:09 [main] INFO  com.az.payment.PaymentApplication - Starting PaymentApplication using Java 17.0.12 with PID 21420 (D:\____WorkSpace\AZ\code backups\e-payment_5_5_2025\payment\target\classes started by HP in D:\____WorkSpace\AZ\code backups\e-payment_5_5_2025\payment)
2025-11-19 14:22:09 [main] DEBUG com.az.payment.PaymentApplication - Running with Spring Boot v3.3.0, Spring v6.1.8
2025-11-19 14:22:09 [main] INFO  com.az.payment.PaymentApplication - No active profile set, falling back to 1 default profile: "default"
2025-11-19 14:22:21 [main] INFO  com.az.payment.PaymentApplication - Started PaymentApplication in 13.093 seconds (process running for 13.603)
2025-11-19 14:28:17 [http-nio-8040-exec-1] INFO  c.az.payment.service.PaymentService - inside PaymentService.checkStatus: CheckStatusRequest(transactionId=2507080100100000123)
2025-11-19 14:28:17 [http-nio-8040-exec-1] INFO  c.az.payment.service.PaymentService - Original transaction not found : 2507080100100000123
2025-11-19 14:28:18 [http-nio-8040-exec-1] INFO  c.az.payment.service.PaymentService - CheckStatusResponse(responseCode=10, responseMessage=Original transaction not found, trnStatus=0, trnStatusDisc=null, transactionId=null, checkReqId=251119000000000010, trnDetails=null)
2025-11-19 14:31:59 [http-nio-8040-exec-5] INFO  c.az.payment.service.PaymentService - inside PaymentService.checkStatus: CheckStatusRequest(transactionId=250708010010000012)
2025-11-19 14:32:00 [http-nio-8040-exec-5] INFO  c.az.payment.service.PaymentService - An Error occured while processing the request CheckStatusRequest(transactionId=250708010010000012)
2025-11-19 14:32:00 [http-nio-8040-exec-5] INFO  c.az.payment.service.PaymentService - Exception: Service Not found By Id 0
2025-11-19 14:32:00 [http-nio-8040-exec-5] ERROR c.az.payment.service.PaymentService - : class jakarta.persistence.EntityNotFoundException
2025-11-19 14:32:00 [http-nio-8040-exec-5] INFO  c.az.payment.service.PaymentService - CheckStatusResponse(responseCode=10, responseMessage=An Error occured while processing the request, trnStatus=0, trnStatusDisc=null, transactionId=null, checkReqId=251119000000000011, trnDetails=null)
2025-11-19 14:33:52 [main] INFO  com.az.payment.PaymentApplication - Starting PaymentApplication using Java 17.0.12 with PID 22568 (D:\____WorkSpace\AZ\code backups\e-payment_5_5_2025\payment\target\classes started by HP in D:\____WorkSpace\AZ\code backups\e-payment_5_5_2025\payment)
2025-11-19 14:33:52 [main] DEBUG com.az.payment.PaymentApplication - Running with Spring Boot v3.3.0, Spring v6.1.8
2025-11-19 14:33:52 [main] INFO  com.az.payment.PaymentApplication - No active profile set, falling back to 1 default profile: "default"
2025-11-19 14:34:06 [main] INFO  com.az.payment.PaymentApplication - Started PaymentApplication in 13.935 seconds (process running for 14.592)
2025-11-19 14:34:25 [http-nio-8040-exec-2] INFO  c.az.payment.service.PaymentService - inside PaymentService.checkStatus: CheckStatusRequest(transactionId=250708010010000012)
2025-11-19 16:03:29 [http-nio-8040-exec-2] INFO  c.az.payment.service.PaymentService - call biller for service(2) : [RequestParameter[id=53, key=responseCode, value=], RequestParameter[id=54, key=responseMessage, value=], RequestParameter[id=55, key=originalTransactionId, value=], RequestParameter[id=56, key=transactionId, value=]]
2025-11-19 16:03:29 [http-nio-8040-exec-2] INFO  c.az.payment.service.PaymentService - An Error occured while processing the request CheckStatusRequest(transactionId=250708010010000012)
2025-11-19 16:03:29 [http-nio-8040-exec-2] INFO  c.az.payment.service.PaymentService - Exception: Unable to rollback against JDBC Connection
2025-11-19 16:03:29 [http-nio-8040-exec-2] ERROR c.az.payment.service.PaymentService - : class org.springframework.orm.jpa.JpaSystemException
2025-11-19 16:03:44 [main] INFO  com.az.payment.PaymentApplication - Starting PaymentApplication using Java 17.0.12 with PID 20028 (D:\____WorkSpace\AZ\code backups\e-payment_5_5_2025\payment\target\classes started by HP in D:\____WorkSpace\AZ\code backups\e-payment_5_5_2025\payment)
2025-11-19 16:03:44 [main] DEBUG com.az.payment.PaymentApplication - Running with Spring Boot v3.3.0, Spring v6.1.8
2025-11-19 16:03:44 [main] INFO  com.az.payment.PaymentApplication - No active profile set, falling back to 1 default profile: "default"
2025-11-19 16:04:00 [main] INFO  com.az.payment.PaymentApplication - Started PaymentApplication in 16.554 seconds (process running for 17.333)
2025-11-19 16:04:46 [http-nio-8040-exec-3] INFO  c.az.payment.service.PaymentService - inside PaymentService.checkStatus: CheckStatusRequest(transactionId=250708010010000012)
2025-11-19 16:05:54 [http-nio-8040-exec-3] INFO  c.az.payment.service.PaymentService - call biller for service(2) : [RequestParameter[id=55, key=originalTransactionId, value=]]
2025-11-19 16:05:55 [http-nio-8040-exec-3] INFO  c.az.payment.service.PaymentService - transactionLog Id : 27402 : rrn(251119010020000012)
2025-11-19 16:05:55 [http-nio-8040-exec-3] INFO  c.az.payment.service.PaymentService - PaymentService::callService Getting service By ID 2 ,,,, and locale en
2025-11-19 16:05:55 [http-nio-8040-exec-3] INFO  c.az.payment.service.ServiceService - ServiceService.findById  return service with id 2
2025-11-19 16:05:55 [http-nio-8040-exec-3] INFO  c.az.payment.service.PaymentService - Biller(1) doesn't have service(2)
2025-11-19 16:05:55 [http-nio-8040-exec-3] INFO  c.az.payment.service.PaymentService - PaymentService::checkStatus found Service Named Check Status: By Id 2
2025-11-19 16:05:55 [http-nio-8040-exec-3] INFO  com.az.payment.mapper.RequestMapper - start Mapping Request .... ProcessRequest(id=1, serviceId=2, parameters=[RequestParameter[id=55, key=originalTransactionId, value=]], accountFrom=0103093800044644)
2025-11-19 16:05:56 [http-nio-8040-exec-3] INFO  com.az.payment.mapper.RequestMapper - reqRrn : 56 : transactionId : 251119010020000012
2025-11-19 16:05:56 [http-nio-8040-exec-3] INFO  com.az.payment.mapper.RequestMapper - start Mapping Additional Request Data Such as fixed Value and transaction ID if available 
2025-11-19 16:05:57 [http-nio-8040-exec-3] INFO  com.az.payment.mapper.RequestMapper - end Mapping Request .... {"originalTransactionId":"","transactionId":"251119010020000012"}
2025-11-19 16:05:57 [http-nio-8040-exec-3] INFO  c.az.payment.service.PaymentService - PaymentService::checkStatus mapped  RequestDTO To JSON Object {"originalTransactionId":"","transactionId":"251119010020000012"}
2025-11-19 16:05:58 [http-nio-8040-exec-3] INFO  com.az.payment.service.ClientApi - ClientAPi::CallService response: {"responseCode":1,"responseMessage":"Success","originalTransactionId":""}
2025-11-19 16:05:58 [http-nio-8040-exec-3] INFO  c.az.payment.service.PaymentService - {"originalTransactionId":"","responseMessage":"Success","responseCode":1}
2025-11-19 16:06:00 [http-nio-8040-exec-3] INFO  c.az.payment.service.PaymentService - An Error occured while processing the request CheckStatusRequest(transactionId=250708010010000012)
2025-11-19 16:06:00 [http-nio-8040-exec-3] INFO  c.az.payment.service.PaymentService - Exception: No value present
2025-11-19 16:06:00 [http-nio-8040-exec-3] ERROR c.az.payment.service.PaymentService - 251119010020000012: class java.util.NoSuchElementException
2025-11-19 16:06:00 [http-nio-8040-exec-3] INFO  c.az.payment.service.PaymentService - CheckStatusResponse(responseCode=10, responseMessage=An Error occured while processing the request, trnStatus=0, trnStatusDisc=null, transactionId=250708010010000012, checkReqId=251119010020000012, trnDetails=null)
2025-11-19 16:08:01 [main] INFO  com.az.payment.PaymentApplication - Starting PaymentApplication using Java 17.0.12 with PID 17928 (D:\____WorkSpace\AZ\code backups\e-payment_5_5_2025\payment\target\classes started by HP in D:\____WorkSpace\AZ\code backups\e-payment_5_5_2025\payment)
2025-11-19 16:08:01 [main] DEBUG com.az.payment.PaymentApplication - Running with Spring Boot v3.3.0, Spring v6.1.8
2025-11-19 16:08:01 [main] INFO  com.az.payment.PaymentApplication - No active profile set, falling back to 1 default profile: "default"
2025-11-19 16:08:15 [main] INFO  com.az.payment.PaymentApplication - Started PaymentApplication in 15.591 seconds (process running for 16.473)
2025-11-19 16:20:32 [http-nio-8040-exec-1] INFO  c.az.payment.service.PaymentService - inside PaymentService.checkStatus: CheckStatusRequest(transactionId=250708010010000012)
2025-11-19 16:22:40 [http-nio-8040-exec-1] INFO  c.az.payment.service.PaymentService - call biller for service(2) : [RequestParameter[id=55, key=originalTransactionId, value=]]
2025-11-19 16:22:41 [http-nio-8040-exec-1] INFO  c.az.payment.service.PaymentService - transactionLog Id : 27452 : rrn(251119010020000013)
2025-11-19 16:22:41 [http-nio-8040-exec-1] INFO  c.az.payment.service.PaymentService - PaymentService::callService Getting service By ID 2 ,,,, and locale en
2025-11-19 16:22:41 [http-nio-8040-exec-1] INFO  c.az.payment.service.ServiceService - ServiceService.findById  return service with id 2
2025-11-19 16:22:41 [http-nio-8040-exec-1] INFO  c.az.payment.service.PaymentService - Biller(1) doesn't have service(2)
2025-11-19 16:22:41 [http-nio-8040-exec-1] INFO  c.az.payment.service.PaymentService - PaymentService::checkStatus found Service Named Check Status: By Id 2
2025-11-19 16:22:41 [http-nio-8040-exec-1] INFO  com.az.payment.mapper.RequestMapper - start Mapping Request .... ProcessRequest(id=1, serviceId=2, parameters=[RequestParameter[id=55, key=originalTransactionId, value=]], accountFrom=0103093800044644)
2025-11-19 16:22:42 [http-nio-8040-exec-1] INFO  com.az.payment.mapper.RequestMapper - reqRrn : 56 : transactionId : 251119010020000013
2025-11-19 16:22:42 [http-nio-8040-exec-1] INFO  com.az.payment.mapper.RequestMapper - start Mapping Additional Request Data Such as fixed Value and transaction ID if available 
2025-11-19 16:22:42 [http-nio-8040-exec-1] INFO  com.az.payment.mapper.RequestMapper - end Mapping Request .... {"originalTransactionId":"","transactionId":"251119010020000013"}
2025-11-19 16:22:42 [http-nio-8040-exec-1] INFO  c.az.payment.service.PaymentService - PaymentService::checkStatus mapped  RequestDTO To JSON Object {"originalTransactionId":"","transactionId":"251119010020000013"}
2025-11-19 16:22:44 [http-nio-8040-exec-1] INFO  com.az.payment.service.ClientApi - ClientAPi::CallService response: {"responseCode":1,"responseMessage":"Success","originalTransactionId":""}
2025-11-19 16:22:44 [http-nio-8040-exec-1] INFO  c.az.payment.service.PaymentService - {"originalTransactionId":"","responseMessage":"Success","responseCode":1}
2025-11-19 16:22:45 [http-nio-8040-exec-1] INFO  c.az.payment.service.PaymentService - An Error occured while processing the request CheckStatusRequest(transactionId=250708010010000012)
2025-11-19 16:22:45 [http-nio-8040-exec-1] INFO  c.az.payment.service.PaymentService - Exception: No value present
2025-11-19 16:22:45 [http-nio-8040-exec-1] ERROR c.az.payment.service.PaymentService - 251119010020000013: class java.util.NoSuchElementException
2025-11-19 16:22:46 [http-nio-8040-exec-1] INFO  c.az.payment.service.PaymentService - CheckStatusResponse(responseCode=10, responseMessage=An Error occured while processing the request, trnStatus=0, trnStatusDisc=null, transactionId=250708010010000012, checkReqId=251119010020000013, trnDetails=null)
2025-11-19 16:36:10 [main] INFO  com.az.payment.PaymentApplication - Starting PaymentApplication using Java 17.0.12 with PID 16544 (D:\____WorkSpace\AZ\code backups\e-payment_5_5_2025\payment\target\classes started by HP in D:\____WorkSpace\AZ\code backups\e-payment_5_5_2025\payment)
2025-11-19 16:36:10 [main] DEBUG com.az.payment.PaymentApplication - Running with Spring Boot v3.3.0, Spring v6.1.8
2025-11-19 16:36:10 [main] INFO  com.az.payment.PaymentApplication - No active profile set, falling back to 1 default profile: "default"
2025-11-19 16:36:27 [main] INFO  com.az.payment.PaymentApplication - Started PaymentApplication in 18.098 seconds (process running for 18.84)
2025-11-19 16:37:35 [http-nio-8040-exec-2] INFO  c.az.payment.service.PaymentService - inside PaymentService.checkStatus: CheckStatusRequest(transactionId=250708010010000012)
2025-11-19 16:37:43 [http-nio-8040-exec-2] INFO  c.az.payment.service.PaymentService - call biller for service(2) : [RequestParameter[id=55, key=originalTransactionId, value={"Comment":"test","From_IBAN":"SD35350103093800044644","Amount":6,"Lang":"1","To_BBAN":"1231527383734444","transactionID":"250708010010000012"}]]
2025-11-19 16:37:43 [http-nio-8040-exec-2] INFO  c.az.payment.service.PaymentService - transactionLog Id : 27502 : rrn(251119010020000014)
2025-11-19 16:37:43 [http-nio-8040-exec-2] INFO  c.az.payment.service.PaymentService - PaymentService::callService Getting service By ID 2 ,,,, and locale en
2025-11-19 16:37:43 [http-nio-8040-exec-2] INFO  c.az.payment.service.ServiceService - ServiceService.findById  return service with id 2
2025-11-19 16:37:43 [http-nio-8040-exec-2] INFO  c.az.payment.service.PaymentService - Biller(1) doesn't have service(2)
2025-11-19 16:37:43 [http-nio-8040-exec-2] INFO  c.az.payment.service.PaymentService - PaymentService::checkStatus found Service Named Check Status: By Id 2
2025-11-19 16:37:43 [http-nio-8040-exec-2] INFO  com.az.payment.mapper.RequestMapper - start Mapping Request .... ProcessRequest(id=1, serviceId=2, parameters=[RequestParameter[id=55, key=originalTransactionId, value={"Comment":"test","From_IBAN":"SD35350103093800044644","Amount":6,"Lang":"1","To_BBAN":"1231527383734444","transactionID":"250708010010000012"}]], accountFrom=0103093800044644)
2025-11-19 16:37:44 [http-nio-8040-exec-2] INFO  com.az.payment.mapper.RequestMapper - reqRrn : 56 : transactionId : 251119010020000014
2025-11-19 16:37:44 [http-nio-8040-exec-2] INFO  com.az.payment.mapper.RequestMapper - start Mapping Additional Request Data Such as fixed Value and transaction ID if available 
2025-11-19 16:37:44 [http-nio-8040-exec-2] INFO  com.az.payment.mapper.RequestMapper - end Mapping Request .... {"originalTransactionId":"{\"Comment\":\"test\",\"From_IBAN\":\"SD35350103093800044644\",\"Amount\":6,\"Lang\":\"1\",\"To_BBAN\":\"1231527383734444\",\"transactionID\":\"250708010010000012\"}","transactionId":"251119010020000014"}
2025-11-19 16:37:44 [http-nio-8040-exec-2] INFO  c.az.payment.service.PaymentService - PaymentService::checkStatus mapped  RequestDTO To JSON Object {"originalTransactionId":"{\"Comment\":\"test\",\"From_IBAN\":\"SD35350103093800044644\",\"Amount\":6,\"Lang\":\"1\",\"To_BBAN\":\"1231527383734444\",\"transactionID\":\"250708010010000012\"}","transactionId":"251119010020000014"}
2025-11-19 16:37:46 [http-nio-8040-exec-2] INFO  com.az.payment.service.ClientApi - ClientAPi::CallService response: {"responseCode":1,"responseMessage":"Success","originalTransactionId":"{\"Comment\":\"test\",\"From_IBAN\":\"SD35350103093800044644\",\"Amount\":6,\"Lang\":\"1\",\"To_BBAN\":\"1231527383734444\",\"transactionID\":\"250708010010000012\"}"}
2025-11-19 16:37:46 [http-nio-8040-exec-2] INFO  c.az.payment.service.PaymentService - {"originalTransactionId":"{\"Comment\":\"test\",\"From_IBAN\":\"SD35350103093800044644\",\"Amount\":6,\"Lang\":\"1\",\"To_BBAN\":\"1231527383734444\",\"transactionID\":\"250708010010000012\"}","responseMessage":"Success","responseCode":1}
2025-11-19 16:37:47 [http-nio-8040-exec-2] INFO  c.az.payment.service.PaymentService - An Error occured while processing the request CheckStatusRequest(transactionId=250708010010000012)
2025-11-19 16:37:47 [http-nio-8040-exec-2] INFO  c.az.payment.service.PaymentService - Exception: No value present
2025-11-19 16:37:47 [http-nio-8040-exec-2] ERROR c.az.payment.service.PaymentService - 251119010020000014: class java.util.NoSuchElementException
2025-11-19 16:37:47 [http-nio-8040-exec-2] INFO  c.az.payment.service.PaymentService - CheckStatusResponse(responseCode=10, responseMessage=An Error occured while processing the request, trnStatus=0, trnStatusDisc=null, transactionId=250708010010000012, checkReqId=251119010020000014, trnDetails=null)
2025-11-19 17:36:55 [main] INFO  com.az.payment.PaymentApplication - Starting PaymentApplication using Java 17.0.12 with PID 8548 (D:\____WorkSpace\AZ\code backups\e-payment_5_5_2025\payment\target\classes started by HP in D:\____WorkSpace\AZ\code backups\e-payment_5_5_2025\payment)
2025-11-19 17:36:55 [main] DEBUG com.az.payment.PaymentApplication - Running with Spring Boot v3.3.0, Spring v6.1.8
2025-11-19 17:36:55 [main] INFO  com.az.payment.PaymentApplication - No active profile set, falling back to 1 default profile: "default"
2025-11-19 17:37:11 [main] INFO  com.az.payment.PaymentApplication - Started PaymentApplication in 17.061 seconds (process running for 17.842)
2025-11-19 17:37:18 [http-nio-8040-exec-5] INFO  c.az.payment.service.PaymentService - inside PaymentService.checkStatus: CheckStatusRequest(transactionId=250708010010000012)
2025-11-19 17:37:25 [http-nio-8040-exec-5] INFO  c.az.payment.service.PaymentService - An Error occured while processing the request CheckStatusRequest(transactionId=250708010010000012)
2025-11-19 17:37:25 [http-nio-8040-exec-5] INFO  c.az.payment.service.PaymentService - Exception: A JSONObject text must begin with '{' at 1 [character 2 line 1]
2025-11-19 17:37:25 [http-nio-8040-exec-5] ERROR c.az.payment.service.PaymentService - : class org.json.JSONException
2025-11-19 17:37:26 [http-nio-8040-exec-5] INFO  c.az.payment.service.PaymentService - CheckStatusResponse(responseCode=10, responseMessage=An Error occured while processing the request, trnStatus=0, trnStatusDisc=null, transactionId=250708010010000012, checkReqId=251119010000000015, trnDetails=null)
2025-11-19 17:38:02 [http-nio-8040-exec-6] INFO  c.az.payment.service.PaymentService - inside PaymentService.checkStatus: CheckStatusRequest(transactionId=250708010010000012)
2025-11-19 17:38:37 [http-nio-8040-exec-6] INFO  c.az.payment.service.PaymentService - An Error occured while processing the request CheckStatusRequest(transactionId=250708010010000012)
2025-11-19 17:38:37 [http-nio-8040-exec-6] INFO  c.az.payment.service.PaymentService - Exception: A JSONObject text must begin with '{' at 1 [character 2 line 1]
2025-11-19 17:38:37 [http-nio-8040-exec-6] ERROR c.az.payment.service.PaymentService - : class org.json.JSONException
2025-11-19 17:38:37 [http-nio-8040-exec-6] INFO  c.az.payment.service.PaymentService - CheckStatusResponse(responseCode=10, responseMessage=An Error occured while processing the request, trnStatus=0, trnStatusDisc=null, transactionId=250708010010000012, checkReqId=251119010000000016, trnDetails=null)
2025-11-19 17:38:41 [http-nio-8040-exec-3] INFO  c.az.payment.service.PaymentService - inside PaymentService.checkStatus: CheckStatusRequest(transactionId=250708010010000012)
2025-11-19 17:38:48 [http-nio-8040-exec-3] INFO  c.az.payment.service.PaymentService - An Error occured while processing the request CheckStatusRequest(transactionId=250708010010000012)
2025-11-19 17:38:48 [http-nio-8040-exec-3] INFO  c.az.payment.service.PaymentService - Exception: A JSONObject text must begin with '{' at 1 [character 2 line 1]
2025-11-19 17:38:48 [http-nio-8040-exec-3] ERROR c.az.payment.service.PaymentService - : class org.json.JSONException
2025-11-19 17:38:49 [http-nio-8040-exec-3] INFO  c.az.payment.service.PaymentService - CheckStatusResponse(responseCode=10, responseMessage=An Error occured while processing the request, trnStatus=0, trnStatusDisc=null, transactionId=250708010010000012, checkReqId=251119010000000017, trnDetails=null)
2025-11-19 17:39:00 [main] INFO  com.az.payment.PaymentApplication - Starting PaymentApplication using Java 17.0.12 with PID 24048 (D:\____WorkSpace\AZ\code backups\e-payment_5_5_2025\payment\target\classes started by HP in D:\____WorkSpace\AZ\code backups\e-payment_5_5_2025\payment)
2025-11-19 17:39:00 [main] DEBUG com.az.payment.PaymentApplication - Running with Spring Boot v3.3.0, Spring v6.1.8
2025-11-19 17:39:00 [main] INFO  com.az.payment.PaymentApplication - No active profile set, falling back to 1 default profile: "default"
2025-11-19 17:39:13 [main] INFO  com.az.payment.PaymentApplication - Started PaymentApplication in 15.006 seconds (process running for 15.767)
2025-11-19 17:39:43 [http-nio-8040-exec-1] INFO  c.az.payment.service.PaymentService - inside PaymentService.checkStatus: CheckStatusRequest(transactionId=250708010010000012)
2025-11-19 17:41:42 [http-nio-8040-exec-1] INFO  c.az.payment.service.PaymentService - An Error occured while processing the request CheckStatusRequest(transactionId=250708010010000012)
2025-11-19 17:41:42 [http-nio-8040-exec-1] INFO  c.az.payment.service.PaymentService - Exception: A JSONObject text must begin with '{' at 1 [character 2 line 1]
2025-11-19 17:41:42 [http-nio-8040-exec-1] ERROR c.az.payment.service.PaymentService - : class org.json.JSONException
2025-11-19 20:46:36 [main] INFO  com.az.payment.PaymentApplication - Starting PaymentApplication using Java 17.0.12 with PID 25092 (D:\____WorkSpace\AZ\code backups\e-payment_5_5_2025\payment\target\classes started by HP in D:\____WorkSpace\AZ\code backups\e-payment_5_5_2025\payment)
2025-11-19 20:46:36 [main] DEBUG com.az.payment.PaymentApplication - Running with Spring Boot v3.3.0, Spring v6.1.8
2025-11-19 20:46:36 [main] INFO  com.az.payment.PaymentApplication - No active profile set, falling back to 1 default profile: "default"
2025-11-19 20:46:49 [main] INFO  com.az.payment.PaymentApplication - Started PaymentApplication in 14.388 seconds (process running for 15.06)
2025-11-19 20:47:11 [http-nio-8040-exec-1] INFO  c.az.payment.service.PaymentService - inside PaymentService.checkStatus: CheckStatusRequest(transactionId=250708010010000012)
2025-11-19 20:48:04 [http-nio-8040-exec-1] INFO  c.az.payment.service.PaymentService - An Error occured while processing the request CheckStatusRequest(transactionId=250708010010000012)
2025-11-19 20:48:05 [http-nio-8040-exec-1] INFO  c.az.payment.service.PaymentService - Exception: JSONObject["originalTransactionId"] not found.
2025-11-19 20:48:05 [http-nio-8040-exec-1] ERROR c.az.payment.service.PaymentService - : class org.json.JSONException
2025-11-19 20:48:05 [http-nio-8040-exec-1] INFO  c.az.payment.service.PaymentService - CheckStatusResponse(responseCode=10, responseMessage=An Error occured while processing the request, trnStatus=0, trnStatusDisc=null, transactionId=250708010010000012, checkReqId=251119010000000018, trnDetails=null)
