2025-08-07 20:34:32 [main] INFO  com.az.payment.PaymentApplication - Starting PaymentApplication using Java 17.0.12 with PID 10468 (D:\____WorkSpace\AZ\code backups\e-payment_5_5_2025\payment\target\classes started by HP in D:\____WorkSpace\AZ\code backups\e-payment_5_5_2025\payment)
2025-08-07 20:34:32 [main] DEBUG com.az.payment.PaymentApplication - Running with Spring Boot v3.3.0, Spring v6.1.8
2025-08-07 20:34:32 [main] INFO  com.az.payment.PaymentApplication - No active profile set, falling back to 1 default profile: "default"
2025-08-07 20:34:45 [main] INFO  com.az.payment.PaymentApplication - Started PaymentApplication in 13.664 seconds (process running for 14.403)
2025-08-07 20:37:20 [http-nio-8040-exec-1] INFO  c.az.payment.service.PaymentService - inside PaymentService.processRequest
2025-08-07 20:37:20 [http-nio-8040-exec-1] INFO  c.az.payment.service.PaymentService - mobile request : ProcessRequest(id=1, serviceId=2, parameters=[RequestParameter[id=53, key=responseCode, value=], RequestParameter[id=54, key=responseMessage, value=], RequestParameter[id=55, key=originalTransactionId, value=250806010010000087]], accountFrom=null)
2025-08-07 20:37:20 [http-nio-8040-exec-1] INFO  c.az.payment.service.PaymentService - transactionLog Id : 15952 : rrn(250807010020000001)
2025-08-07 20:37:20 [http-nio-8040-exec-1] INFO  c.az.payment.service.PaymentService - PaymentService::processRequest Getting service By ID 2 ,,,, and locale en
2025-08-07 20:37:20 [http-nio-8040-exec-1] INFO  c.az.payment.service.ServiceService - ServiceService.findById  return service with id 2
2025-08-07 20:37:24 [http-nio-8040-exec-1] INFO  c.az.payment.service.PaymentService - PaymentService::processRequest found Service Named EBS Post Check: By Id 2
2025-08-07 20:37:24 [http-nio-8040-exec-1] INFO  com.az.payment.mapper.RequestMapper - start Mapping Request .... ProcessRequest(id=1, serviceId=2, parameters=[RequestParameter[id=53, key=responseCode, value=], RequestParameter[id=54, key=responseMessage, value=], RequestParameter[id=55, key=originalTransactionId, value=250806010010000087]], accountFrom=null)
2025-08-07 20:37:24 [http-nio-8040-exec-1] WARN  com.az.payment.mapper.RequestMapper - found in request : not valid Parameter[responseCode.id(53)] 
2025-08-07 20:37:24 [http-nio-8040-exec-1] WARN  com.az.payment.mapper.RequestMapper - found in request : not valid Parameter[responseMessage.id(54)] 
2025-08-07 20:37:24 [http-nio-8040-exec-1] INFO  com.az.payment.mapper.RequestMapper - reqRrn : 55 : originalTransactionId : 250807010020000001
2025-08-07 20:37:24 [http-nio-8040-exec-1] INFO  com.az.payment.mapper.RequestMapper - start Mapping Additional Request Data Such as fixed Value and transaction ID if available 
2025-08-07 20:37:24 [http-nio-8040-exec-1] INFO  com.az.payment.mapper.RequestMapper - end Mapping Request .... {"originalTransactionId":"250807010020000001"}
2025-08-07 20:37:24 [http-nio-8040-exec-1] INFO  c.az.payment.service.PaymentService - PaymentService::processRequest mapped  RequestDTO To JSON Object {"originalTransactionId":"250807010020000001"}
2025-08-07 20:37:25 [http-nio-8040-exec-1] ERROR com.az.payment.service.ClientApi - Biller call failed: 404 : "{"timestamp":"2025-08-07T16:37:25.772+0000","status":404,"error":"Not Found","message":"No message available","path":"/api/ebsPostCheck"}"
2025-08-07 20:37:25 [http-nio-8040-exec-1] INFO  c.az.payment.service.PaymentService - {"code":-13,"message":"Biller call failed: 404 : \"{\"timestamp\":\"2025-08-07T16:37:25.772+0000\",\"status\":404,\"error\":\"Not Found\",\"message\":\"No message available\",\"path\":\"/api/ebsPostCheck\"}\"","status":-1}
2025-08-07 20:37:26 [http-nio-8040-exec-1] INFO  c.az.payment.service.PaymentService - =================================-13
2025-08-07 20:37:26 [http-nio-8040-exec-1] INFO  c.az.payment.service.PaymentService - #################### Biller Failed:Starting reverse process if the service isPayment
2025-08-07 20:37:26 [http-nio-8040-exec-1] INFO  c.az.payment.service.PaymentService - mapResponseRev : PaymentResponse(responseParams=null, finalStatus=-1, isPayment=false, requestParams=null, responseCode=-2, responseMessage=Fail at Biller, bankReference=null)
2025-08-07 21:02:48 [http-nio-8040-exec-2] INFO  c.az.payment.service.PaymentService - inside PaymentService.processRequest
2025-08-07 21:02:48 [http-nio-8040-exec-2] INFO  c.az.payment.service.PaymentService - mobile request : ProcessRequest(id=1, serviceId=2, parameters=[RequestParameter[id=53, key=responseCode, value=], RequestParameter[id=54, key=responseMessage, value=], RequestParameter[id=55, key=originalTransactionId, value=250807010010000002]], accountFrom=null)
2025-08-07 21:02:49 [http-nio-8040-exec-2] INFO  c.az.payment.service.PaymentService - transactionLog Id : 15953 : rrn(250807010020000003)
2025-08-07 21:02:49 [http-nio-8040-exec-2] INFO  c.az.payment.service.PaymentService - PaymentService::processRequest Getting service By ID 2 ,,,, and locale en
2025-08-07 21:02:49 [http-nio-8040-exec-2] INFO  c.az.payment.service.ServiceService - ServiceService.findById  return service with id 2
2025-08-07 21:02:52 [http-nio-8040-exec-2] INFO  c.az.payment.service.PaymentService - PaymentService::processRequest found Service Named EBS Post Check: By Id 2
2025-08-07 21:02:52 [http-nio-8040-exec-2] INFO  com.az.payment.mapper.RequestMapper - start Mapping Request .... ProcessRequest(id=1, serviceId=2, parameters=[RequestParameter[id=53, key=responseCode, value=], RequestParameter[id=54, key=responseMessage, value=], RequestParameter[id=55, key=originalTransactionId, value=250807010010000002]], accountFrom=null)
2025-08-07 21:02:52 [http-nio-8040-exec-2] WARN  com.az.payment.mapper.RequestMapper - found in request : not valid Parameter[responseCode.id(53)] 
2025-08-07 21:02:52 [http-nio-8040-exec-2] WARN  com.az.payment.mapper.RequestMapper - found in request : not valid Parameter[responseMessage.id(54)] 
2025-08-07 21:02:53 [http-nio-8040-exec-2] INFO  com.az.payment.mapper.RequestMapper - reqRrn : 55 : originalTransactionId : 250807010020000003
2025-08-07 21:02:53 [http-nio-8040-exec-2] INFO  com.az.payment.mapper.RequestMapper - start Mapping Additional Request Data Such as fixed Value and transaction ID if available 
2025-08-07 21:02:53 [http-nio-8040-exec-2] INFO  com.az.payment.mapper.RequestMapper - end Mapping Request .... {"originalTransactionId":"250807010020000003"}
2025-08-07 21:02:53 [http-nio-8040-exec-2] INFO  c.az.payment.service.PaymentService - PaymentService::processRequest mapped  RequestDTO To JSON Object {"originalTransactionId":"250807010020000003"}
2025-08-07 21:02:53 [http-nio-8040-exec-2] INFO  com.az.payment.service.ClientApi - ClientAPi::CallService response: {"responseCode":0,"responseMessage":"Success","originalTransactionId":"250807010020000003"}
2025-08-07 21:02:53 [http-nio-8040-exec-2] INFO  c.az.payment.service.PaymentService - {"originalTransactionId":"250807010020000003","responseMessage":"Success","responseCode":0}
2025-08-07 21:02:54 [http-nio-8040-exec-2] INFO  c.az.payment.service.PaymentService - #################### Biller Failed:Starting reverse process if the service isPayment
2025-08-07 21:02:54 [http-nio-8040-exec-2] INFO  c.az.payment.service.PaymentService - mapResponseRev : PaymentResponse(responseParams=null, finalStatus=-1, isPayment=false, requestParams=null, responseCode=-2, responseMessage=Fail at Biller, bankReference=null)
2025-08-07 21:04:06 [http-nio-8040-exec-5] INFO  c.az.payment.service.PaymentService - inside PaymentService.processRequest
2025-08-07 21:04:06 [http-nio-8040-exec-5] INFO  c.az.payment.service.PaymentService - mobile request : ProcessRequest(id=1, serviceId=2, parameters=[RequestParameter[id=53, key=responseCode, value=], RequestParameter[id=54, key=responseMessage, value=], RequestParameter[id=55, key=originalTransactionId, value=250807010010000004]], accountFrom=null)
2025-08-07 21:04:06 [http-nio-8040-exec-5] INFO  c.az.payment.service.PaymentService - transactionLog Id : 15954 : rrn(250807010020000005)
2025-08-07 21:04:06 [http-nio-8040-exec-5] INFO  c.az.payment.service.PaymentService - PaymentService::processRequest Getting service By ID 2 ,,,, and locale en
2025-08-07 21:04:06 [http-nio-8040-exec-5] INFO  c.az.payment.service.ServiceService - ServiceService.findById  return service with id 2
2025-08-07 21:04:10 [http-nio-8040-exec-5] INFO  c.az.payment.service.PaymentService - PaymentService::processRequest found Service Named EBS Post Check: By Id 2
2025-08-07 21:04:10 [http-nio-8040-exec-5] INFO  com.az.payment.mapper.RequestMapper - start Mapping Request .... ProcessRequest(id=1, serviceId=2, parameters=[RequestParameter[id=53, key=responseCode, value=], RequestParameter[id=54, key=responseMessage, value=], RequestParameter[id=55, key=originalTransactionId, value=250807010010000004]], accountFrom=null)
2025-08-07 21:04:10 [http-nio-8040-exec-5] WARN  com.az.payment.mapper.RequestMapper - found in request : not valid Parameter[responseCode.id(53)] 
2025-08-07 21:04:10 [http-nio-8040-exec-5] WARN  com.az.payment.mapper.RequestMapper - found in request : not valid Parameter[responseMessage.id(54)] 
2025-08-07 21:04:10 [http-nio-8040-exec-5] INFO  com.az.payment.mapper.RequestMapper - reqRrn : 55 : originalTransactionId : 250807010020000005
2025-08-07 21:04:10 [http-nio-8040-exec-5] INFO  com.az.payment.mapper.RequestMapper - start Mapping Additional Request Data Such as fixed Value and transaction ID if available 
2025-08-07 21:04:10 [http-nio-8040-exec-5] INFO  com.az.payment.mapper.RequestMapper - end Mapping Request .... {"originalTransactionId":"250807010020000005"}
2025-08-07 21:04:10 [http-nio-8040-exec-5] INFO  c.az.payment.service.PaymentService - PaymentService::processRequest mapped  RequestDTO To JSON Object {"originalTransactionId":"250807010020000005"}
2025-08-07 21:04:11 [http-nio-8040-exec-5] INFO  com.az.payment.service.ClientApi - ClientAPi::CallService response: {"responseCode":1,"responseMessage":"Success","originalTransactionId":"250807010020000005"}
2025-08-07 21:04:11 [http-nio-8040-exec-5] INFO  c.az.payment.service.PaymentService - {"originalTransactionId":"250807010020000005","responseMessage":"Success","responseCode":1}
2025-08-07 21:04:11 [http-nio-8040-exec-5] INFO  c.az.payment.service.PaymentService - #################### SUCCESS
2025-08-07 21:04:12 [http-nio-8040-exec-5] INFO  c.az.payment.service.PaymentService - PaymentService::processResponse  Response returned From restApi {"originalTransactionId":"250807010020000005","responseMessage":"Success","responseCode":1}
2025-08-07 21:04:12 [http-nio-8040-exec-5] INFO  com.az.payment.utils.Validation - Validation::validateResponse Validating response  ,,, apiResponse = {"originalTransactionId":"250807010020000005","responseMessage":"Success","responseCode":1},,,, for service ID 2 , with name EBS Post Check
2025-08-07 21:04:12 [http-nio-8040-exec-5] INFO  c.az.payment.service.ServiceService - ServiceService.findResponseParameterByServiceId  ServiceID : 2
2025-08-07 21:04:12 [http-nio-8040-exec-5] INFO  com.az.payment.utils.Validation - parameter in List is responseCode,,,, first check false , second check false 
2025-08-07 21:04:12 [http-nio-8040-exec-5] INFO  com.az.payment.utils.Validation - parameter in List is responseMessage,,,, first check true , second check true 
2025-08-07 21:04:12 [http-nio-8040-exec-5] INFO  com.az.payment.utils.Validation - parameter in List is originalTransactionId,,,, first check false , second check false 
2025-08-07 21:04:12 [http-nio-8040-exec-5] INFO  com.az.payment.utils.Validation - parameter[originalTransactionId] not a response code from biller
2025-08-07 21:04:12 [http-nio-8040-exec-5] INFO  com.az.payment.utils.Validation - response returned after mapping data is [PaymentResponseField[key=responseMessage, value=Successful, displayName=Response Message, id=54]] 
2025-08-07 21:04:12 [http-nio-8040-exec-5] INFO  c.az.payment.mapper.ResponseMapper - response returned from mapper and validated as defined  PaymentResponse(responseParams=[PaymentResponseField[key=responseMessage, value=Successful, displayName=Response Message, id=54]], finalStatus=0, isPayment=false, requestParams=null, responseCode=0, responseMessage=Successful, bankReference=null)
2025-08-07 21:04:12 [http-nio-8040-exec-5] INFO  c.az.payment.service.PaymentService - PaymentService::processResponse mapped from toServiceResponse PaymentResponse(responseParams=[PaymentResponseField[key=responseMessage, value=Successful, displayName=Response Message, id=54]], finalStatus=0, isPayment=false, requestParams=null, responseCode=0, responseMessage=Successful, bankReference=null)
2025-08-07 21:04:12 [http-nio-8040-exec-5] INFO  com.az.payment.mapper.RequestMapper - start toClientResponse .... PaymentResponse(responseParams=[PaymentResponseField[key=responseMessage, value=Successful, displayName=Response Message, id=54]], finalStatus=0, isPayment=false, requestParams=null, responseCode=0, responseMessage=Successful, bankReference=null),,,,, with request ............ProcessRequest(id=1, serviceId=2, parameters=[RequestParameter[id=53, key=responseCode, value=], RequestParameter[id=54, key=responseMessage, value=], RequestParameter[id=55, key=originalTransactionId, value=250807010010000004]], accountFrom=null) 
2025-08-07 21:04:12 [http-nio-8040-exec-5] INFO  c.az.payment.service.PaymentService - mapResponse --->: PaymentResponse(responseParams=[PaymentResponseField[key=responseMessage, value=Successful, displayName=Response Message, id=54]], finalStatus=0, isPayment=false, requestParams=null, responseCode=0, responseMessage=Successful, bankReference=250807010020000005)
2025-08-07 21:14:07 [http-nio-8040-exec-7] INFO  c.az.payment.service.PaymentService - inside PaymentService.processRequest
2025-08-07 21:14:07 [http-nio-8040-exec-7] INFO  c.az.payment.service.PaymentService - mobile request : ProcessRequest(id=1, serviceId=2, parameters=[RequestParameter[id=53, key=responseCode, value=], RequestParameter[id=54, key=responseMessage, value=], RequestParameter[id=55, key=originalTransactionId, value=250807010010000006]], accountFrom=null)
2025-08-07 21:14:08 [http-nio-8040-exec-7] INFO  c.az.payment.service.PaymentService - transactionLog Id : 15955 : rrn(250807010020000007)
2025-08-07 21:14:08 [http-nio-8040-exec-7] INFO  c.az.payment.service.PaymentService - PaymentService::processRequest Getting service By ID 2 ,,,, and locale en
2025-08-07 21:14:08 [http-nio-8040-exec-7] INFO  c.az.payment.service.ServiceService - ServiceService.findById  return service with id 2
2025-08-07 21:14:11 [http-nio-8040-exec-7] INFO  c.az.payment.service.PaymentService - PaymentService::processRequest found Service Named EBS Post Check: By Id 2
2025-08-07 21:14:11 [http-nio-8040-exec-7] INFO  com.az.payment.mapper.RequestMapper - start Mapping Request .... ProcessRequest(id=1, serviceId=2, parameters=[RequestParameter[id=53, key=responseCode, value=], RequestParameter[id=54, key=responseMessage, value=], RequestParameter[id=55, key=originalTransactionId, value=250807010010000006]], accountFrom=null)
2025-08-07 21:14:12 [http-nio-8040-exec-7] WARN  com.az.payment.mapper.RequestMapper - found in request : not valid Parameter[responseCode.id(53)] 
2025-08-07 21:14:12 [http-nio-8040-exec-7] WARN  com.az.payment.mapper.RequestMapper - found in request : not valid Parameter[responseMessage.id(54)] 
2025-08-07 21:14:12 [http-nio-8040-exec-7] INFO  com.az.payment.mapper.RequestMapper - reqRrn : 55 : originalTransactionId : 250807010020000007
2025-08-07 21:14:12 [http-nio-8040-exec-7] INFO  com.az.payment.mapper.RequestMapper - start Mapping Additional Request Data Such as fixed Value and transaction ID if available 
2025-08-07 21:14:12 [http-nio-8040-exec-7] INFO  com.az.payment.mapper.RequestMapper - end Mapping Request .... {"originalTransactionId":"250807010020000007"}
2025-08-07 21:14:12 [http-nio-8040-exec-7] INFO  c.az.payment.service.PaymentService - PaymentService::processRequest mapped  RequestDTO To JSON Object {"originalTransactionId":"250807010020000007"}
2025-08-07 21:14:12 [http-nio-8040-exec-7] INFO  com.az.payment.service.ClientApi - ClientAPi::CallService response: {"responseCode":1,"responseMessage":"Success","originalTransactionId":"250807010020000007"}
2025-08-07 21:14:12 [http-nio-8040-exec-7] INFO  c.az.payment.service.PaymentService - {"originalTransactionId":"250807010020000007","responseMessage":"Success","responseCode":1}
2025-08-07 21:14:13 [http-nio-8040-exec-7] INFO  c.az.payment.service.PaymentService - #################### SUCCESS
2025-08-07 21:14:13 [http-nio-8040-exec-7] INFO  c.az.payment.service.PaymentService - PaymentService::processResponse  Response returned From restApi {"originalTransactionId":"250807010020000007","responseMessage":"Success","responseCode":1}
2025-08-07 21:14:13 [http-nio-8040-exec-7] INFO  com.az.payment.utils.Validation - Validation::validateResponse Validating response  ,,, apiResponse = {"originalTransactionId":"250807010020000007","responseMessage":"Success","responseCode":1},,,, for service ID 2 , with name EBS Post Check
2025-08-07 21:14:13 [http-nio-8040-exec-7] INFO  c.az.payment.service.ServiceService - ServiceService.findResponseParameterByServiceId  ServiceID : 2
2025-08-07 21:14:13 [http-nio-8040-exec-7] INFO  com.az.payment.utils.Validation - parameter in List is responseCode,,,, first check false , second check false 
2025-08-07 21:14:14 [http-nio-8040-exec-7] INFO  com.az.payment.utils.Validation - parameter in List is responseMessage,,,, first check true , second check true 
2025-08-07 21:14:14 [http-nio-8040-exec-7] INFO  com.az.payment.utils.Validation - parameter in List is originalTransactionId,,,, first check false , second check false 
2025-08-07 21:14:14 [http-nio-8040-exec-7] INFO  com.az.payment.utils.Validation - parameter[originalTransactionId] not a response code from biller
2025-08-07 21:14:14 [http-nio-8040-exec-7] INFO  com.az.payment.utils.Validation - response returned after mapping data is [PaymentResponseField[key=responseMessage, value=Successful, displayName=Response Message, id=54]] 
2025-08-07 21:14:14 [http-nio-8040-exec-7] INFO  c.az.payment.mapper.ResponseMapper - response returned from mapper and validated as defined  PaymentResponse(responseParams=[PaymentResponseField[key=responseMessage, value=Successful, displayName=Response Message, id=54]], finalStatus=0, isPayment=false, requestParams=null, responseCode=0, responseMessage=Successful, bankReference=null)
2025-08-07 21:14:14 [http-nio-8040-exec-7] INFO  c.az.payment.service.PaymentService - PaymentService::processResponse mapped from toServiceResponse PaymentResponse(responseParams=[PaymentResponseField[key=responseMessage, value=Successful, displayName=Response Message, id=54]], finalStatus=0, isPayment=false, requestParams=null, responseCode=0, responseMessage=Successful, bankReference=null)
2025-08-07 21:14:14 [http-nio-8040-exec-7] INFO  com.az.payment.mapper.RequestMapper - start toClientResponse .... PaymentResponse(responseParams=[PaymentResponseField[key=responseMessage, value=Successful, displayName=Response Message, id=54]], finalStatus=0, isPayment=false, requestParams=null, responseCode=0, responseMessage=Successful, bankReference=null),,,,, with request ............ProcessRequest(id=1, serviceId=2, parameters=[RequestParameter[id=53, key=responseCode, value=], RequestParameter[id=54, key=responseMessage, value=], RequestParameter[id=55, key=originalTransactionId, value=250807010010000006]], accountFrom=null) 
2025-08-07 21:14:14 [http-nio-8040-exec-7] INFO  c.az.payment.service.PaymentService - mapResponse --->: PaymentResponse(responseParams=[PaymentResponseField[key=responseMessage, value=Successful, displayName=Response Message, id=54]], finalStatus=0, isPayment=false, requestParams=null, responseCode=0, responseMessage=Successful, bankReference=250807010020000007)
2025-08-07 21:17:34 [http-nio-8040-exec-9] INFO  c.az.payment.service.PaymentService - inside PaymentService.processRequest
2025-08-07 21:17:34 [http-nio-8040-exec-9] INFO  c.az.payment.service.PaymentService - mobile request : ProcessRequest(id=1, serviceId=2, parameters=[RequestParameter[id=53, key=responseCode, value=], RequestParameter[id=54, key=responseMessage, value=], RequestParameter[id=55, key=originalTransactionId, value=250807010010000006]], accountFrom=null)
2025-08-07 21:17:34 [http-nio-8040-exec-9] INFO  c.az.payment.service.PaymentService - transactionLog Id : 15956 : rrn(250807010020000008)
2025-08-07 21:17:34 [http-nio-8040-exec-9] INFO  c.az.payment.service.PaymentService - PaymentService::processRequest Getting service By ID 2 ,,,, and locale en
2025-08-07 21:17:34 [http-nio-8040-exec-9] INFO  c.az.payment.service.ServiceService - ServiceService.findById  return service with id 2
2025-08-07 21:17:38 [http-nio-8040-exec-9] INFO  c.az.payment.service.PaymentService - PaymentService::processRequest found Service Named EBS Post Check: By Id 2
2025-08-07 21:17:38 [http-nio-8040-exec-9] INFO  com.az.payment.mapper.RequestMapper - start Mapping Request .... ProcessRequest(id=1, serviceId=2, parameters=[RequestParameter[id=53, key=responseCode, value=], RequestParameter[id=54, key=responseMessage, value=], RequestParameter[id=55, key=originalTransactionId, value=250807010010000006]], accountFrom=null)
2025-08-07 21:17:38 [http-nio-8040-exec-9] WARN  com.az.payment.mapper.RequestMapper - found in request : not valid Parameter[responseCode.id(53)] 
2025-08-07 21:17:38 [http-nio-8040-exec-9] WARN  com.az.payment.mapper.RequestMapper - found in request : not valid Parameter[responseMessage.id(54)] 
2025-08-07 21:17:39 [http-nio-8040-exec-9] INFO  com.az.payment.mapper.RequestMapper - reqRrn : 55 : originalTransactionId : 250807010020000008
2025-08-07 21:17:39 [http-nio-8040-exec-9] INFO  com.az.payment.mapper.RequestMapper - start Mapping Additional Request Data Such as fixed Value and transaction ID if available 
2025-08-07 21:17:39 [http-nio-8040-exec-9] INFO  com.az.payment.mapper.RequestMapper - end Mapping Request .... {"originalTransactionId":"250807010020000008"}
2025-08-07 21:17:39 [http-nio-8040-exec-9] INFO  c.az.payment.service.PaymentService - PaymentService::processRequest mapped  RequestDTO To JSON Object {"originalTransactionId":"250807010020000008"}
2025-08-07 21:17:39 [http-nio-8040-exec-9] INFO  com.az.payment.service.ClientApi - ClientAPi::CallService response: {"responseCode":1,"responseMessage":"Success","originalTransactionId":"250807010020000008"}
2025-08-07 21:17:39 [http-nio-8040-exec-9] INFO  c.az.payment.service.PaymentService - {"originalTransactionId":"250807010020000008","responseMessage":"Success","responseCode":1}
2025-08-07 21:17:40 [http-nio-8040-exec-9] INFO  c.az.payment.service.PaymentService - #################### SUCCESS
2025-08-07 21:17:40 [http-nio-8040-exec-9] INFO  c.az.payment.service.PaymentService - PaymentService::processResponse  Response returned From restApi {"originalTransactionId":"250807010020000008","responseMessage":"Success","responseCode":1}
2025-08-07 21:17:40 [http-nio-8040-exec-9] INFO  com.az.payment.utils.Validation - Validation::validateResponse Validating response  ,,, apiResponse = {"originalTransactionId":"250807010020000008","responseMessage":"Success","responseCode":1},,,, for service ID 2 , with name EBS Post Check
2025-08-07 21:17:40 [http-nio-8040-exec-9] INFO  c.az.payment.service.ServiceService - ServiceService.findResponseParameterByServiceId  ServiceID : 2
2025-08-07 21:17:40 [http-nio-8040-exec-9] INFO  com.az.payment.utils.Validation - parameter in List is responseCode,,,, first check false , second check false 
2025-08-07 21:17:40 [http-nio-8040-exec-9] INFO  com.az.payment.utils.Validation - parameter in List is responseMessage,,,, first check true , second check true 
2025-08-07 21:17:40 [http-nio-8040-exec-9] INFO  com.az.payment.utils.Validation - parameter in List is originalTransactionId,,,, first check false , second check false 
2025-08-07 21:17:40 [http-nio-8040-exec-9] INFO  com.az.payment.utils.Validation - parameter[originalTransactionId] not a response code from biller
2025-08-07 21:17:40 [http-nio-8040-exec-9] INFO  com.az.payment.utils.Validation - response returned after mapping data is [PaymentResponseField[key=responseMessage, value=Successful, displayName=Response Message, id=54]] 
2025-08-07 21:17:40 [http-nio-8040-exec-9] INFO  c.az.payment.mapper.ResponseMapper - response returned from mapper and validated as defined  PaymentResponse(responseParams=[PaymentResponseField[key=responseMessage, value=Successful, displayName=Response Message, id=54]], finalStatus=0, isPayment=false, requestParams=null, responseCode=0, responseMessage=Successful, bankReference=null)
2025-08-07 21:17:40 [http-nio-8040-exec-9] INFO  c.az.payment.service.PaymentService - PaymentService::processResponse mapped from toServiceResponse PaymentResponse(responseParams=[PaymentResponseField[key=responseMessage, value=Successful, displayName=Response Message, id=54]], finalStatus=0, isPayment=false, requestParams=null, responseCode=0, responseMessage=Successful, bankReference=null)
2025-08-07 21:17:40 [http-nio-8040-exec-9] INFO  com.az.payment.mapper.RequestMapper - start toClientResponse .... PaymentResponse(responseParams=[PaymentResponseField[key=responseMessage, value=Successful, displayName=Response Message, id=54]], finalStatus=0, isPayment=false, requestParams=null, responseCode=0, responseMessage=Successful, bankReference=null),,,,, with request ............ProcessRequest(id=1, serviceId=2, parameters=[RequestParameter[id=53, key=responseCode, value=], RequestParameter[id=54, key=responseMessage, value=], RequestParameter[id=55, key=originalTransactionId, value=250807010010000006]], accountFrom=null) 
2025-08-07 21:17:40 [http-nio-8040-exec-9] INFO  c.az.payment.service.PaymentService - mapResponse --->: PaymentResponse(responseParams=[PaymentResponseField[key=responseMessage, value=Successful, displayName=Response Message, id=54]], finalStatus=0, isPayment=false, requestParams=null, responseCode=0, responseMessage=Successful, bankReference=250807010020000008)
2025-08-07 21:18:06 [http-nio-8040-exec-1] INFO  c.az.payment.service.PaymentService - inside PaymentService.processRequest
2025-08-07 21:18:06 [http-nio-8040-exec-1] INFO  c.az.payment.service.PaymentService - mobile request : ProcessRequest(id=1, serviceId=2, parameters=[RequestParameter[id=53, key=responseCode, value=], RequestParameter[id=54, key=responseMessage, value=], RequestParameter[id=55, key=originalTransactionId, value=250807010010000009]], accountFrom=null)
2025-08-07 21:18:07 [http-nio-8040-exec-1] INFO  c.az.payment.service.PaymentService - transactionLog Id : 15957 : rrn(250807010020000010)
2025-08-07 21:18:07 [http-nio-8040-exec-1] INFO  c.az.payment.service.PaymentService - PaymentService::processRequest Getting service By ID 2 ,,,, and locale en
2025-08-07 21:18:07 [http-nio-8040-exec-1] INFO  c.az.payment.service.ServiceService - ServiceService.findById  return service with id 2
2025-08-07 21:18:10 [http-nio-8040-exec-1] INFO  c.az.payment.service.PaymentService - PaymentService::processRequest found Service Named EBS Post Check: By Id 2
2025-08-07 21:18:10 [http-nio-8040-exec-1] INFO  com.az.payment.mapper.RequestMapper - start Mapping Request .... ProcessRequest(id=1, serviceId=2, parameters=[RequestParameter[id=53, key=responseCode, value=], RequestParameter[id=54, key=responseMessage, value=], RequestParameter[id=55, key=originalTransactionId, value=250807010010000009]], accountFrom=null)
2025-08-07 21:18:11 [http-nio-8040-exec-1] WARN  com.az.payment.mapper.RequestMapper - found in request : not valid Parameter[responseCode.id(53)] 
2025-08-07 21:18:11 [http-nio-8040-exec-1] WARN  com.az.payment.mapper.RequestMapper - found in request : not valid Parameter[responseMessage.id(54)] 
2025-08-07 21:18:11 [http-nio-8040-exec-1] INFO  com.az.payment.mapper.RequestMapper - reqRrn : 55 : originalTransactionId : 250807010020000010
2025-08-07 21:18:11 [http-nio-8040-exec-1] INFO  com.az.payment.mapper.RequestMapper - start Mapping Additional Request Data Such as fixed Value and transaction ID if available 
2025-08-07 21:18:11 [http-nio-8040-exec-1] INFO  com.az.payment.mapper.RequestMapper - end Mapping Request .... {"originalTransactionId":"250807010020000010"}
2025-08-07 21:18:11 [http-nio-8040-exec-1] INFO  c.az.payment.service.PaymentService - PaymentService::processRequest mapped  RequestDTO To JSON Object {"originalTransactionId":"250807010020000010"}
2025-08-07 21:18:11 [http-nio-8040-exec-1] INFO  com.az.payment.service.ClientApi - ClientAPi::CallService response: {"responseCode":1,"responseMessage":"Success","originalTransactionId":"250807010020000010"}
2025-08-07 21:18:11 [http-nio-8040-exec-1] INFO  c.az.payment.service.PaymentService - {"originalTransactionId":"250807010020000010","responseMessage":"Success","responseCode":1}
2025-08-07 21:18:12 [http-nio-8040-exec-1] INFO  c.az.payment.service.PaymentService - #################### SUCCESS
2025-08-07 21:18:12 [http-nio-8040-exec-1] INFO  c.az.payment.service.PaymentService - PaymentService::processResponse  Response returned From restApi {"originalTransactionId":"250807010020000010","responseMessage":"Success","responseCode":1}
2025-08-07 21:18:12 [http-nio-8040-exec-1] INFO  com.az.payment.utils.Validation - Validation::validateResponse Validating response  ,,, apiResponse = {"originalTransactionId":"250807010020000010","responseMessage":"Success","responseCode":1},,,, for service ID 2 , with name EBS Post Check
2025-08-07 21:18:12 [http-nio-8040-exec-1] INFO  c.az.payment.service.ServiceService - ServiceService.findResponseParameterByServiceId  ServiceID : 2
2025-08-07 21:18:12 [http-nio-8040-exec-1] INFO  com.az.payment.utils.Validation - parameter in List is responseCode,,,, first check false , second check false 
2025-08-07 21:18:12 [http-nio-8040-exec-1] INFO  com.az.payment.utils.Validation - parameter in List is responseMessage,,,, first check true , second check true 
2025-08-07 21:18:13 [http-nio-8040-exec-1] INFO  com.az.payment.utils.Validation - parameter in List is originalTransactionId,,,, first check false , second check false 
2025-08-07 21:18:13 [http-nio-8040-exec-1] INFO  com.az.payment.utils.Validation - parameter[originalTransactionId] not a response code from biller
2025-08-07 21:18:13 [http-nio-8040-exec-1] INFO  com.az.payment.utils.Validation - response returned after mapping data is [PaymentResponseField[key=responseMessage, value=Successful, displayName=Response Message, id=54]] 
2025-08-07 21:18:13 [http-nio-8040-exec-1] INFO  c.az.payment.mapper.ResponseMapper - response returned from mapper and validated as defined  PaymentResponse(responseParams=[PaymentResponseField[key=responseMessage, value=Successful, displayName=Response Message, id=54]], finalStatus=0, isPayment=false, requestParams=null, responseCode=0, responseMessage=Successful, bankReference=null)
2025-08-07 21:18:13 [http-nio-8040-exec-1] INFO  c.az.payment.service.PaymentService - PaymentService::processResponse mapped from toServiceResponse PaymentResponse(responseParams=[PaymentResponseField[key=responseMessage, value=Successful, displayName=Response Message, id=54]], finalStatus=0, isPayment=false, requestParams=null, responseCode=0, responseMessage=Successful, bankReference=null)
2025-08-07 21:18:13 [http-nio-8040-exec-1] INFO  com.az.payment.mapper.RequestMapper - start toClientResponse .... PaymentResponse(responseParams=[PaymentResponseField[key=responseMessage, value=Successful, displayName=Response Message, id=54]], finalStatus=0, isPayment=false, requestParams=null, responseCode=0, responseMessage=Successful, bankReference=null),,,,, with request ............ProcessRequest(id=1, serviceId=2, parameters=[RequestParameter[id=53, key=responseCode, value=], RequestParameter[id=54, key=responseMessage, value=], RequestParameter[id=55, key=originalTransactionId, value=250807010010000009]], accountFrom=null) 
2025-08-07 21:18:13 [http-nio-8040-exec-1] INFO  c.az.payment.service.PaymentService - mapResponse --->: PaymentResponse(responseParams=[PaymentResponseField[key=responseMessage, value=Successful, displayName=Response Message, id=54]], finalStatus=0, isPayment=false, requestParams=null, responseCode=0, responseMessage=Successful, bankReference=250807010020000010)
