2025-08-21 05:37:31 [main] INFO  com.az.payment.PaymentApplication - Starting PaymentApplication using Java 17.0.12 with PID 16532 (D:\____WorkSpace\AZ\code backups\e-payment_5_5_2025\payment\target\classes started by HP in D:\____WorkSpace\AZ\code backups\e-payment_5_5_2025\payment)
2025-08-21 05:37:31 [main] DEBUG com.az.payment.PaymentApplication - Running with Spring Boot v3.3.0, Spring v6.1.8
2025-08-21 05:37:31 [main] INFO  com.az.payment.PaymentApplication - No active profile set, falling back to 1 default profile: "default"
2025-08-21 05:37:42 [main] INFO  com.az.payment.PaymentApplication - Started PaymentApplication in 11.253 seconds (process running for 11.852)
2025-08-21 05:38:23 [http-nio-8040-exec-2] INFO  c.az.payment.service.PaymentService - inside PaymentService.processRequest
2025-08-21 05:38:23 [http-nio-8040-exec-2] INFO  c.az.payment.service.PaymentService - mobile request : ProcessRequest(id=6, serviceId=9, parameters=[RequestParameter[id=26, key=mobile, value=917776588], RequestParameter[id=30, key=amount, value=15]], accountFrom=0103093800000021)
2025-08-21 05:38:24 [http-nio-8040-exec-2] INFO  c.az.payment.service.PaymentService - transactionLog Id : 17402 : rrn(250821060090000005)
2025-08-21 05:38:24 [http-nio-8040-exec-2] INFO  c.az.payment.service.PaymentService - PaymentService::processRequest Getting service By ID 9 ,,,, and locale en
2025-08-21 05:38:24 [http-nio-8040-exec-2] INFO  c.az.payment.service.ServiceService - ServiceService.findById  return service with id 9
2025-08-21 05:38:25 [http-nio-8040-exec-2] INFO  c.az.payment.service.PaymentService - Biller(6) doesn't have service(9)
2025-08-21 05:38:25 [http-nio-8040-exec-2] INFO  c.az.payment.service.PaymentService - PaymentService::processRequest found Service Named ZAIN TopUp: By Id 9
2025-08-21 05:38:25 [http-nio-8040-exec-2] INFO  com.az.payment.mapper.RequestMapper - start Mapping Request .... ProcessRequest(id=6, serviceId=9, parameters=[RequestParameter[id=26, key=mobile, value=917776588], RequestParameter[id=30, key=amount, value=15]], accountFrom=0103093800000021)
2025-08-21 05:38:26 [http-nio-8040-exec-2] INFO  com.az.payment.mapper.RequestMapper - reqRrn : -1 : transactionID : 250821060090000005
2025-08-21 05:38:26 [http-nio-8040-exec-2] INFO  com.az.payment.mapper.RequestMapper - start Mapping Additional Request Data Such as fixed Value and transaction ID if available 
2025-08-21 05:38:26 [http-nio-8040-exec-2] INFO  com.az.payment.mapper.RequestMapper - inside toJsonFIeld true
2025-08-21 05:38:26 [http-nio-8040-exec-2] INFO  com.az.payment.mapper.RequestMapper - end Mapping Request .... {"msisdn":917776588,"amount":"15","transactionID":"250821060090000005"}
2025-08-21 05:38:26 [http-nio-8040-exec-2] INFO  c.az.payment.service.PaymentService - PaymentService::processRequest mapped  RequestDTO To JSON Object {"msisdn":917776588,"amount":"15","transactionID":"250821060090000005"}
2025-08-21 05:38:27 [http-nio-8040-exec-2] INFO  c.az.payment.service.PaymentService - processing payment from account : 0103093800000021
2025-08-21 05:38:27 [http-nio-8040-exec-2] INFO  c.az.payment.service.PaymentService - bankMapedResponse : PaymentResponse(responseParams=null, finalStatus=1, isPayment=false, requestParams=null, responseCode=0, responseMessage=null, bankReference=250821060090000005)
2025-08-21 05:38:27 [http-nio-8040-exec-2] ERROR com.az.payment.service.ClientApi - Failed to access the Biller: I/O error on POST request for "http://localhost:9182/api/topup": Connection refused: no further information
2025-08-21 05:38:27 [http-nio-8040-exec-2] INFO  c.az.payment.service.PaymentService - {"code":-12,"message":"Failed to access the Biller: I/O error on POST request for \"http://localhost:9182/api/topup\": Connection refused: no further information","status":-1}
2025-08-21 05:38:28 [http-nio-8040-exec-2] INFO  c.az.payment.service.PaymentService - =================================-12
2025-08-21 05:38:28 [http-nio-8040-exec-2] INFO  c.az.payment.service.PaymentService - #################### HTML ERR
2025-08-21 05:41:36 [http-nio-8040-exec-5] INFO  c.az.payment.service.PaymentService - inside PaymentService.processRequest
2025-08-21 05:41:36 [http-nio-8040-exec-5] INFO  c.az.payment.service.PaymentService - mobile request : ProcessRequest(id=6, serviceId=9, parameters=[RequestParameter[id=26, key=mobile, value=917776588], RequestParameter[id=30, key=amount, value=15]], accountFrom=0103093800000021)
2025-08-21 05:41:37 [http-nio-8040-exec-5] INFO  c.az.payment.service.PaymentService - transactionLog Id : 17403 : rrn(250821060090000008)
2025-08-21 05:41:37 [http-nio-8040-exec-5] INFO  c.az.payment.service.PaymentService - PaymentService::processRequest Getting service By ID 9 ,,,, and locale en
2025-08-21 05:41:37 [http-nio-8040-exec-5] INFO  c.az.payment.service.ServiceService - ServiceService.findById  return service with id 9
2025-08-21 05:41:38 [http-nio-8040-exec-5] INFO  c.az.payment.service.PaymentService - Biller(6) doesn't have service(9)
2025-08-21 05:41:38 [http-nio-8040-exec-5] INFO  c.az.payment.service.PaymentService - PaymentService::processRequest found Service Named ZAIN TopUp: By Id 9
2025-08-21 05:41:38 [http-nio-8040-exec-5] INFO  com.az.payment.mapper.RequestMapper - start Mapping Request .... ProcessRequest(id=6, serviceId=9, parameters=[RequestParameter[id=26, key=mobile, value=917776588], RequestParameter[id=30, key=amount, value=15]], accountFrom=0103093800000021)
2025-08-21 05:41:39 [http-nio-8040-exec-5] INFO  com.az.payment.mapper.RequestMapper - reqRrn : -1 : transactionID : 250821060090000008
2025-08-21 05:41:39 [http-nio-8040-exec-5] INFO  com.az.payment.mapper.RequestMapper - start Mapping Additional Request Data Such as fixed Value and transaction ID if available 
2025-08-21 05:41:39 [http-nio-8040-exec-5] INFO  com.az.payment.mapper.RequestMapper - inside toJsonFIeld true
2025-08-21 05:41:39 [http-nio-8040-exec-5] INFO  com.az.payment.mapper.RequestMapper - end Mapping Request .... {"msisdn":917776588,"amount":"15","transactionID":"250821060090000008"}
2025-08-21 05:41:39 [http-nio-8040-exec-5] INFO  c.az.payment.service.PaymentService - PaymentService::processRequest mapped  RequestDTO To JSON Object {"msisdn":917776588,"amount":"15","transactionID":"250821060090000008"}
2025-08-21 05:41:39 [http-nio-8040-exec-5] INFO  c.az.payment.service.PaymentService - processing payment from account : 0103093800000021
2025-08-21 05:41:40 [http-nio-8040-exec-5] INFO  c.az.payment.service.PaymentService - bankMapedResponse : PaymentResponse(responseParams=null, finalStatus=1, isPayment=false, requestParams=null, responseCode=0, responseMessage=null, bankReference=250821060090000008)
2025-08-21 05:41:40 [http-nio-8040-exec-5] ERROR com.az.payment.service.ClientApi - Failed to access the Biller: I/O error on POST request for "http://localhost:9182/api/topup": Connection refused: no further information
2025-08-21 05:41:40 [http-nio-8040-exec-5] INFO  c.az.payment.service.PaymentService - {"code":-12,"message":"Failed to access the Biller: I/O error on POST request for \"http://localhost:9182/api/topup\": Connection refused: no further information","status":-1}
2025-08-21 05:41:41 [http-nio-8040-exec-5] INFO  c.az.payment.service.PaymentService - =================================-12
2025-08-21 05:41:41 [http-nio-8040-exec-5] INFO  c.az.payment.service.PaymentService - #################### HTML ERR
2025-08-21 05:46:11 [http-nio-8040-exec-8] INFO  c.az.payment.service.PaymentService - inside PaymentService.processRequest
2025-08-21 05:46:11 [http-nio-8040-exec-8] INFO  c.az.payment.service.PaymentService - mobile request : ProcessRequest(id=6, serviceId=9, parameters=[RequestParameter[id=26, key=mobile, value=917776588], RequestParameter[id=30, key=amount, value=15]], accountFrom=0103093800000021)
2025-08-21 05:46:11 [http-nio-8040-exec-8] INFO  c.az.payment.service.PaymentService - transactionLog Id : 17404 : rrn(250821060090000009)
2025-08-21 05:46:11 [http-nio-8040-exec-8] INFO  c.az.payment.service.PaymentService - PaymentService::processRequest Getting service By ID 9 ,,,, and locale en
2025-08-21 05:46:11 [http-nio-8040-exec-8] INFO  c.az.payment.service.ServiceService - ServiceService.findById  return service with id 9
2025-08-21 05:46:12 [http-nio-8040-exec-8] INFO  c.az.payment.service.PaymentService - Biller(6) doesn't have service(9)
2025-08-21 05:46:12 [http-nio-8040-exec-8] INFO  c.az.payment.service.PaymentService - PaymentService::processRequest found Service Named ZAIN TopUp: By Id 9
2025-08-21 05:46:12 [http-nio-8040-exec-8] INFO  com.az.payment.mapper.RequestMapper - start Mapping Request .... ProcessRequest(id=6, serviceId=9, parameters=[RequestParameter[id=26, key=mobile, value=917776588], RequestParameter[id=30, key=amount, value=15]], accountFrom=0103093800000021)
2025-08-21 05:46:13 [http-nio-8040-exec-8] INFO  com.az.payment.mapper.RequestMapper - reqRrn : -1 : transactionID : 250821060090000009
2025-08-21 05:46:13 [http-nio-8040-exec-8] INFO  com.az.payment.mapper.RequestMapper - start Mapping Additional Request Data Such as fixed Value and transaction ID if available 
2025-08-21 05:46:13 [http-nio-8040-exec-8] INFO  com.az.payment.mapper.RequestMapper - inside toJsonFIeld true
2025-08-21 05:46:13 [http-nio-8040-exec-8] INFO  com.az.payment.mapper.RequestMapper - end Mapping Request .... {"msisdn":917776588,"amount":"15","transactionID":"250821060090000009"}
2025-08-21 05:46:13 [http-nio-8040-exec-8] INFO  c.az.payment.service.PaymentService - PaymentService::processRequest mapped  RequestDTO To JSON Object {"msisdn":917776588,"amount":"15","transactionID":"250821060090000009"}
2025-08-21 05:46:14 [http-nio-8040-exec-8] INFO  c.az.payment.service.PaymentService - processing payment from account : 0103093800000021
2025-08-21 05:46:14 [http-nio-8040-exec-8] INFO  c.az.payment.service.PaymentService - bankMapedResponse : PaymentResponse(responseParams=null, finalStatus=1, isPayment=false, requestParams=null, responseCode=0, responseMessage=null, bankReference=250821060090000009)
2025-08-21 05:46:14 [http-nio-8040-exec-8] INFO  com.az.payment.service.ClientApi - ClientAPi::CallService response: {"receiptNo":null,"responseCode":0,"responseMessage":"Successfully","msisdn":"917776588","transactionID":"250821060090000009","amount":"15","mobileNumber":null,"ersReference":null,"mdn":"120155425","rcode":"0","rdesc_en":"Operation Completed Successfully.","rdesc_ar":"تمت العملية بنجاح","RCode":"0","RDesc_en":"Operation Completed Successfully.","RDesc_ar":"تمت العملية بنجاح","MDN":"120155425"}
2025-08-21 05:46:14 [http-nio-8040-exec-8] INFO  c.az.payment.service.PaymentService - {"RDesc_en":"Operation Completed Successfully.","amount":"15","mobileNumber":null,"RDesc_ar":"تمت العملية بنجاح","rcode":"0","transactionID":"250821060090000009","responseCode":0,"rdesc_en":"Operation Completed Successfully.","mdn":"120155425","MDN":"120155425","receiptNo":null,"responseMessage":"Successfully","msisdn":"917776588","ersReference":null,"rdesc_ar":"تمت العملية بنجاح","RCode":"0"}
2025-08-21 05:46:16 [http-nio-8040-exec-8] INFO  c.az.payment.service.PaymentService - #################### SUCCESS
2025-08-21 05:46:16 [http-nio-8040-exec-8] INFO  c.az.payment.service.PaymentService - PaymentService::processResponse  Response returned From restApi {"RDesc_en":"Operation Completed Successfully.","amount":"15","mobileNumber":null,"RDesc_ar":"تمت العملية بنجاح","rcode":"0","transactionID":"250821060090000009","responseCode":0,"rdesc_en":"Operation Completed Successfully.","mdn":"120155425","MDN":"120155425","receiptNo":null,"responseMessage":"Successfully","msisdn":"917776588","ersReference":null,"rdesc_ar":"تمت العملية بنجاح","RCode":"0"}
2025-08-21 05:46:16 [http-nio-8040-exec-8] INFO  com.az.payment.utils.Validation - Validation::validateResponse Validating response  ,,, apiResponse = {"RDesc_en":"Operation Completed Successfully.","amount":"15","mobileNumber":null,"RDesc_ar":"تمت العملية بنجاح","rcode":"0","transactionID":"250821060090000009","responseCode":0,"rdesc_en":"Operation Completed Successfully.","mdn":"120155425","MDN":"120155425","receiptNo":null,"responseMessage":"Successfully","msisdn":"917776588","ersReference":null,"rdesc_ar":"تمت العملية بنجاح","RCode":"0"},,,, for service ID 9 , with name ZAIN TopUp
2025-08-21 05:46:16 [http-nio-8040-exec-8] INFO  c.az.payment.service.ServiceService - ServiceService.findResponseParameterByServiceId  ServiceID : 9
2025-08-21 05:46:17 [http-nio-8040-exec-8] INFO  com.az.payment.utils.Validation - parameter in List is msisdn,,,, first check true , second check true 
2025-08-21 05:46:17 [http-nio-8040-exec-8] INFO  com.az.payment.utils.Validation - parameter in List is responseCode,,,, first check false , second check false 
2025-08-21 05:46:17 [http-nio-8040-exec-8] INFO  com.az.payment.utils.Validation - parameter in List is responseMessage,,,, first check true , second check true 
2025-08-21 05:46:17 [http-nio-8040-exec-8] INFO  com.az.payment.utils.Validation - response returned after mapping data is [PaymentResponseField[key=mobile, value=917776588, displayName=Phone Number , id=26], PaymentResponseField[key=responseMessage, value=Success, displayName=Status, id=32]] 
2025-08-21 05:46:17 [http-nio-8040-exec-8] INFO  c.az.payment.mapper.ResponseMapper - response returned from mapper and validated as defined  PaymentResponse(responseParams=[PaymentResponseField[key=mobile, value=917776588, displayName=Phone Number , id=26], PaymentResponseField[key=responseMessage, value=Success, displayName=Status, id=32]], finalStatus=0, isPayment=false, requestParams=null, responseCode=0, responseMessage=Success, bankReference=null)
2025-08-21 05:46:17 [http-nio-8040-exec-8] INFO  c.az.payment.service.PaymentService - PaymentService::processResponse mapped from toServiceResponse PaymentResponse(responseParams=[PaymentResponseField[key=mobile, value=917776588, displayName=Phone Number , id=26], PaymentResponseField[key=responseMessage, value=Success, displayName=Status, id=32]], finalStatus=0, isPayment=false, requestParams=null, responseCode=0, responseMessage=Success, bankReference=null)
2025-08-21 05:46:17 [http-nio-8040-exec-8] INFO  com.az.payment.mapper.RequestMapper - start toClientResponse .... PaymentResponse(responseParams=[PaymentResponseField[key=mobile, value=917776588, displayName=Phone Number , id=26], PaymentResponseField[key=responseMessage, value=Success, displayName=Status, id=32]], finalStatus=0, isPayment=false, requestParams=null, responseCode=0, responseMessage=Success, bankReference=null),,,,, with request ............ProcessRequest(id=6, serviceId=9, parameters=[RequestParameter[id=26, key=mobile, value=917776588], RequestParameter[id=30, key=amount, value=15]], accountFrom=0103093800000021) 
2025-08-21 05:46:17 [http-nio-8040-exec-8] INFO  c.az.payment.service.PaymentService - mapResponse --->: PaymentResponse(responseParams=[PaymentResponseField[key=mobile, value=917776588, displayName=Phone Number , id=26], PaymentResponseField[key=responseMessage, value=Success, displayName=Status, id=32]], finalStatus=0, isPayment=false, requestParams=null, responseCode=0, responseMessage=Success, bankReference=250821060090000009)
2025-08-21 05:47:24 [http-nio-8040-exec-1] INFO  c.az.payment.service.PaymentService - inside PaymentService.processRequest
2025-08-21 05:47:24 [http-nio-8040-exec-1] INFO  c.az.payment.service.PaymentService - mobile request : ProcessRequest(id=6, serviceId=9, parameters=[RequestParameter[id=26, key=mobile, value=917776588], RequestParameter[id=30, key=amount, value=15]], accountFrom=0103093800000021)
2025-08-21 05:47:24 [http-nio-8040-exec-1] INFO  c.az.payment.service.PaymentService - transactionLog Id : 17405 : rrn(250821060090000010)
2025-08-21 05:47:24 [http-nio-8040-exec-1] INFO  c.az.payment.service.PaymentService - PaymentService::processRequest Getting service By ID 9 ,,,, and locale en
2025-08-21 05:47:24 [http-nio-8040-exec-1] INFO  c.az.payment.service.ServiceService - ServiceService.findById  return service with id 9
2025-08-21 05:47:25 [http-nio-8040-exec-1] INFO  c.az.payment.service.PaymentService - Biller(6) doesn't have service(9)
2025-08-21 05:47:25 [http-nio-8040-exec-1] INFO  c.az.payment.service.PaymentService - PaymentService::processRequest found Service Named ZAIN TopUp: By Id 9
2025-08-21 05:47:25 [http-nio-8040-exec-1] INFO  com.az.payment.mapper.RequestMapper - start Mapping Request .... ProcessRequest(id=6, serviceId=9, parameters=[RequestParameter[id=26, key=mobile, value=917776588], RequestParameter[id=30, key=amount, value=15]], accountFrom=0103093800000021)
2025-08-21 05:47:26 [http-nio-8040-exec-1] INFO  com.az.payment.mapper.RequestMapper - reqRrn : -1 : transactionID : 250821060090000010
2025-08-21 05:47:26 [http-nio-8040-exec-1] INFO  com.az.payment.mapper.RequestMapper - start Mapping Additional Request Data Such as fixed Value and transaction ID if available 
2025-08-21 05:47:26 [http-nio-8040-exec-1] INFO  com.az.payment.mapper.RequestMapper - inside toJsonFIeld true
2025-08-21 05:47:26 [http-nio-8040-exec-1] INFO  com.az.payment.mapper.RequestMapper - end Mapping Request .... {"msisdn":917776588,"amount":"15","transactionID":"250821060090000010"}
2025-08-21 05:47:26 [http-nio-8040-exec-1] INFO  c.az.payment.service.PaymentService - PaymentService::processRequest mapped  RequestDTO To JSON Object {"msisdn":917776588,"amount":"15","transactionID":"250821060090000010"}
2025-08-21 05:47:27 [http-nio-8040-exec-1] INFO  c.az.payment.service.PaymentService - processing payment from account : 0103093800000021
2025-08-21 05:47:27 [http-nio-8040-exec-1] INFO  c.az.payment.service.PaymentService - bankMapedResponse : PaymentResponse(responseParams=null, finalStatus=1, isPayment=false, requestParams=null, responseCode=0, responseMessage=null, bankReference=250821060090000010)
2025-08-21 05:47:27 [http-nio-8040-exec-1] INFO  com.az.payment.service.ClientApi - ClientAPi::CallService response: {"receiptNo":null,"responseCode":1,"responseMessage":"Successfully","msisdn":"917776588","transactionID":"250821060090000010","amount":"15","mobileNumber":null,"ersReference":null,"rcode":"0","rdesc_en":"Operation Completed Successfully.","rdesc_ar":"تمت العملية بنجاح","mdn":"120155425","RCode":"0","RDesc_en":"Operation Completed Successfully.","RDesc_ar":"تمت العملية بنجاح","MDN":"120155425"}
2025-08-21 05:47:27 [http-nio-8040-exec-1] INFO  c.az.payment.service.PaymentService - {"RDesc_en":"Operation Completed Successfully.","amount":"15","mobileNumber":null,"RDesc_ar":"تمت العملية بنجاح","rcode":"0","transactionID":"250821060090000010","responseCode":1,"rdesc_en":"Operation Completed Successfully.","mdn":"120155425","MDN":"120155425","receiptNo":null,"responseMessage":"Successfully","msisdn":"917776588","ersReference":null,"rdesc_ar":"تمت العملية بنجاح","RCode":"0"}
2025-08-21 05:47:29 [http-nio-8040-exec-1] INFO  c.az.payment.service.PaymentService - #################### Biller Failed:Starting reverse process if the service isPayment
2025-08-21 05:47:30 [http-nio-8040-exec-1] ERROR c.az.payment.service.PaymentService - SYSTEM ERR: response Code 1 from biller 6 does not have equivalent definition 
2025-08-21 05:51:45 [http-nio-8040-exec-4] INFO  c.az.payment.service.PaymentService - inside PaymentService.processRequest
2025-08-21 05:51:45 [http-nio-8040-exec-4] INFO  c.az.payment.service.PaymentService - mobile request : ProcessRequest(id=6, serviceId=9, parameters=[RequestParameter[id=26, key=mobile, value=917776588], RequestParameter[id=30, key=amount, value=15]], accountFrom=0103093800000021)
2025-08-21 05:51:45 [http-nio-8040-exec-4] INFO  c.az.payment.service.PaymentService - transactionLog Id : 17406 : rrn(250821060090000011)
2025-08-21 05:51:45 [http-nio-8040-exec-4] INFO  c.az.payment.service.PaymentService - PaymentService::processRequest Getting service By ID 9 ,,,, and locale en
2025-08-21 05:51:45 [http-nio-8040-exec-4] INFO  c.az.payment.service.ServiceService - ServiceService.findById  return service with id 9
2025-08-21 05:51:46 [http-nio-8040-exec-4] INFO  c.az.payment.service.PaymentService - Biller(6) doesn't have service(9)
2025-08-21 05:51:46 [http-nio-8040-exec-4] INFO  c.az.payment.service.PaymentService - PaymentService::processRequest found Service Named ZAIN TopUp: By Id 9
2025-08-21 05:51:46 [http-nio-8040-exec-4] INFO  com.az.payment.mapper.RequestMapper - start Mapping Request .... ProcessRequest(id=6, serviceId=9, parameters=[RequestParameter[id=26, key=mobile, value=917776588], RequestParameter[id=30, key=amount, value=15]], accountFrom=0103093800000021)
2025-08-21 05:51:47 [http-nio-8040-exec-4] INFO  com.az.payment.mapper.RequestMapper - reqRrn : -1 : transactionID : 250821060090000011
2025-08-21 05:51:47 [http-nio-8040-exec-4] INFO  com.az.payment.mapper.RequestMapper - start Mapping Additional Request Data Such as fixed Value and transaction ID if available 
2025-08-21 05:51:47 [http-nio-8040-exec-4] INFO  com.az.payment.mapper.RequestMapper - inside toJsonFIeld true
2025-08-21 05:51:47 [http-nio-8040-exec-4] INFO  com.az.payment.mapper.RequestMapper - end Mapping Request .... {"msisdn":917776588,"amount":"15","transactionID":"250821060090000011"}
2025-08-21 05:51:47 [http-nio-8040-exec-4] INFO  c.az.payment.service.PaymentService - PaymentService::processRequest mapped  RequestDTO To JSON Object {"msisdn":917776588,"amount":"15","transactionID":"250821060090000011"}
2025-08-21 05:51:48 [http-nio-8040-exec-4] INFO  c.az.payment.service.PaymentService - processing payment from account : 0103093800000021
2025-08-21 05:51:48 [http-nio-8040-exec-4] INFO  c.az.payment.service.PaymentService - bankMapedResponse : PaymentResponse(responseParams=null, finalStatus=1, isPayment=false, requestParams=null, responseCode=0, responseMessage=null, bankReference=250821060090000011)
2025-08-21 05:51:48 [http-nio-8040-exec-4] INFO  com.az.payment.service.ClientApi - ClientAPi::CallService response: {"receiptNo":null,"responseCode":3,"responseMessage":"Successfully","msisdn":"917776588","transactionID":"250821060090000011","amount":"15","mobileNumber":null,"ersReference":null,"rdesc_en":"Operation Completed Successfully.","rdesc_ar":"تمت العملية بنجاح","mdn":"120155425","rcode":"0","RCode":"0","RDesc_en":"Operation Completed Successfully.","RDesc_ar":"تمت العملية بنجاح","MDN":"120155425"}
2025-08-21 05:51:48 [http-nio-8040-exec-4] INFO  c.az.payment.service.PaymentService - {"RDesc_en":"Operation Completed Successfully.","amount":"15","mobileNumber":null,"RDesc_ar":"تمت العملية بنجاح","rcode":"0","transactionID":"250821060090000011","responseCode":3,"rdesc_en":"Operation Completed Successfully.","mdn":"120155425","MDN":"120155425","receiptNo":null,"responseMessage":"Successfully","msisdn":"917776588","ersReference":null,"rdesc_ar":"تمت العملية بنجاح","RCode":"0"}
2025-08-21 05:51:50 [http-nio-8040-exec-4] INFO  c.az.payment.service.PaymentService - #################### Biller Failed:Starting reverse process if the service isPayment
2025-08-21 06:00:54 [http-nio-8040-exec-7] INFO  c.az.payment.service.PaymentService - inside PaymentService.processRequest
2025-08-21 06:00:54 [http-nio-8040-exec-7] INFO  c.az.payment.service.PaymentService - mobile request : ProcessRequest(id=6, serviceId=9, parameters=[RequestParameter[id=26, key=mobile, value=917776588], RequestParameter[id=30, key=amount, value=15]], accountFrom=0103093800000021)
2025-08-21 06:00:54 [http-nio-8040-exec-7] INFO  c.az.payment.service.PaymentService - transactionLog Id : 17407 : rrn(250821060090000012)
2025-08-21 06:00:54 [http-nio-8040-exec-7] INFO  c.az.payment.service.PaymentService - PaymentService::processRequest Getting service By ID 9 ,,,, and locale en
2025-08-21 06:00:54 [http-nio-8040-exec-7] INFO  c.az.payment.service.ServiceService - ServiceService.findById  return service with id 9
2025-08-21 06:00:56 [http-nio-8040-exec-7] INFO  c.az.payment.service.PaymentService - Biller(6) doesn't have service(9)
2025-08-21 06:00:56 [http-nio-8040-exec-7] INFO  c.az.payment.service.PaymentService - PaymentService::processRequest found Service Named ZAIN TopUp: By Id 9
2025-08-21 06:00:56 [http-nio-8040-exec-7] INFO  com.az.payment.mapper.RequestMapper - start Mapping Request .... ProcessRequest(id=6, serviceId=9, parameters=[RequestParameter[id=26, key=mobile, value=917776588], RequestParameter[id=30, key=amount, value=15]], accountFrom=0103093800000021)
2025-08-21 06:00:56 [http-nio-8040-exec-7] INFO  com.az.payment.mapper.RequestMapper - reqRrn : -1 : transactionID : 250821060090000012
2025-08-21 06:00:56 [http-nio-8040-exec-7] INFO  com.az.payment.mapper.RequestMapper - start Mapping Additional Request Data Such as fixed Value and transaction ID if available 
2025-08-21 06:00:56 [http-nio-8040-exec-7] INFO  com.az.payment.mapper.RequestMapper - inside toJsonFIeld true
2025-08-21 06:00:56 [http-nio-8040-exec-7] INFO  com.az.payment.mapper.RequestMapper - end Mapping Request .... {"msisdn":917776588,"amount":"15","transactionID":"250821060090000012"}
2025-08-21 06:00:56 [http-nio-8040-exec-7] INFO  c.az.payment.service.PaymentService - PaymentService::processRequest mapped  RequestDTO To JSON Object {"msisdn":917776588,"amount":"15","transactionID":"250821060090000012"}
2025-08-21 06:00:57 [http-nio-8040-exec-7] INFO  c.az.payment.service.PaymentService - processing payment from account : 0103093800000021
2025-08-21 06:00:57 [http-nio-8040-exec-7] INFO  c.az.payment.service.PaymentService - bankMapedResponse : PaymentResponse(responseParams=null, finalStatus=1, isPayment=false, requestParams=null, responseCode=0, responseMessage=null, bankReference=250821060090000012)
2025-08-21 06:00:58 [http-nio-8040-exec-7] ERROR com.az.payment.service.ClientApi - Biller not responding: I/O error on POST request for "http://localhost:9182/api/topup": Read timed out
2025-08-21 06:00:58 [http-nio-8040-exec-7] INFO  c.az.payment.service.PaymentService - {"code":-10,"message":"Biller not responding: I/O error on POST request for \"http://localhost:9182/api/topup\": Read timed out","status":-2}
2025-08-21 06:00:59 [http-nio-8040-exec-7] INFO  c.az.payment.service.PaymentService - =================================-10
2025-08-21 06:00:59 [http-nio-8040-exec-7] INFO  c.az.payment.service.PaymentService - #################### TIME OUT
2025-08-21 06:01:00 [http-nio-8040-exec-7] INFO  c.az.payment.service.PaymentService - PaymentService::processResponse  Response returned From restApi {"code":-10,"message":"Biller not responding: I/O error on POST request for \"http://localhost:9182/api/topup\": Read timed out","responseMessage":"Transacion bending","status":-2,"responseCode":"no code"}
2025-08-21 06:01:00 [http-nio-8040-exec-7] INFO  com.az.payment.utils.Validation - Validation::validateResponse Validating response  ,,, apiResponse = {"code":-10,"message":"Biller not responding: I/O error on POST request for \"http://localhost:9182/api/topup\": Read timed out","responseMessage":"Transacion bending","status":-2,"responseCode":"no code"},,,, for service ID 9 , with name ZAIN TopUp
2025-08-21 06:01:00 [http-nio-8040-exec-7] INFO  c.az.payment.service.ServiceService - ServiceService.findResponseParameterByServiceId  ServiceID : 9
2025-08-21 06:01:00 [http-nio-8040-exec-7] ERROR c.az.payment.service.PaymentService - Error while validating response details: JSONObject["responseCode"] is not a int (class java.lang.String : no code).
2025-08-21 06:01:00 [http-nio-8040-exec-7] ERROR c.az.payment.service.PaymentService - SYSTEM ERR: response Code -10 from biller 6 does not have equivalent definition 
2025-08-21 11:19:36 [http-nio-8040-exec-10] INFO  c.az.payment.service.PaymentService - inside PaymentService.processRequest
2025-08-21 11:19:36 [http-nio-8040-exec-10] INFO  c.az.payment.service.PaymentService - mobile request : ProcessRequest(id=6, serviceId=9, parameters=[RequestParameter[id=26, key=mobile, value=917776588], RequestParameter[id=30, key=amount, value=15]], accountFrom=0103093800000021)
2025-08-21 11:19:36 [http-nio-8040-exec-10] INFO  c.az.payment.service.PaymentService - transactionLog Id : 17408 : rrn(250821060090000013)
2025-08-21 11:19:36 [http-nio-8040-exec-10] INFO  c.az.payment.service.PaymentService - PaymentService::processRequest Getting service By ID 9 ,,,, and locale en
2025-08-21 11:19:36 [http-nio-8040-exec-10] INFO  c.az.payment.service.ServiceService - ServiceService.findById  return service with id 9
2025-08-21 11:19:38 [http-nio-8040-exec-10] INFO  c.az.payment.service.PaymentService - Biller(6) doesn't have service(9)
2025-08-21 11:19:38 [http-nio-8040-exec-10] INFO  c.az.payment.service.PaymentService - PaymentService::processRequest found Service Named ZAIN TopUp: By Id 9
2025-08-21 11:19:38 [http-nio-8040-exec-10] INFO  com.az.payment.mapper.RequestMapper - start Mapping Request .... ProcessRequest(id=6, serviceId=9, parameters=[RequestParameter[id=26, key=mobile, value=917776588], RequestParameter[id=30, key=amount, value=15]], accountFrom=0103093800000021)
2025-08-21 11:19:39 [http-nio-8040-exec-10] INFO  com.az.payment.mapper.RequestMapper - reqRrn : -1 : transactionID : 250821060090000013
2025-08-21 11:19:39 [http-nio-8040-exec-10] INFO  com.az.payment.mapper.RequestMapper - start Mapping Additional Request Data Such as fixed Value and transaction ID if available 
2025-08-21 11:19:39 [http-nio-8040-exec-10] INFO  com.az.payment.mapper.RequestMapper - inside toJsonFIeld true
2025-08-21 11:19:39 [http-nio-8040-exec-10] INFO  com.az.payment.mapper.RequestMapper - end Mapping Request .... {"msisdn":917776588,"amount":"15","transactionID":"250821060090000013"}
2025-08-21 11:19:39 [http-nio-8040-exec-10] INFO  c.az.payment.service.PaymentService - PaymentService::processRequest mapped  RequestDTO To JSON Object {"msisdn":917776588,"amount":"15","transactionID":"250821060090000013"}
2025-08-21 11:19:39 [http-nio-8040-exec-10] INFO  c.az.payment.service.PaymentService - processing payment from account : 0103093800000021
2025-08-21 11:19:40 [http-nio-8040-exec-10] INFO  c.az.payment.service.PaymentService - bankMapedResponse : PaymentResponse(responseParams=null, finalStatus=1, isPayment=false, requestParams=null, responseCode=0, responseMessage=null, bankReference=250821060090000013)
2025-08-21 11:19:41 [http-nio-8040-exec-10] ERROR com.az.payment.service.ClientApi - Biller not responding: I/O error on POST request for "http://localhost:9182/api/topup": Read timed out
2025-08-21 11:19:41 [http-nio-8040-exec-10] INFO  c.az.payment.service.PaymentService - {"code":-10,"message":"Biller not responding: I/O error on POST request for \"http://localhost:9182/api/topup\": Read timed out","status":-2}
2025-08-21 11:19:41 [http-nio-8040-exec-10] INFO  c.az.payment.service.PaymentService - =================================-10
2025-08-21 11:19:41 [http-nio-8040-exec-10] INFO  c.az.payment.service.PaymentService - #################### BILLER TIME OUT CODE
2025-08-21 11:19:42 [http-nio-8040-exec-10] INFO  c.az.payment.service.PaymentService - PaymentService::processResponse  Response returned From restApi {"code":-10,"message":"Biller not responding: I/O error on POST request for \"http://localhost:9182/api/topup\": Read timed out","status":-2}
2025-08-21 11:19:42 [http-nio-8040-exec-10] INFO  com.az.payment.utils.Validation - Validation::validateResponse Validating response  ,,, apiResponse = {"code":-10,"message":"Biller not responding: I/O error on POST request for \"http://localhost:9182/api/topup\": Read timed out","status":-2},,,, for service ID 9 , with name ZAIN TopUp
2025-08-21 11:19:42 [http-nio-8040-exec-10] INFO  c.az.payment.service.ServiceService - ServiceService.findResponseParameterByServiceId  ServiceID : 9
2025-08-21 11:19:42 [http-nio-8040-exec-10] INFO  com.az.payment.utils.Validation - parameter in List is msisdn,,,, first check false , second check false 
2025-08-21 11:19:42 [http-nio-8040-exec-10] INFO  com.az.payment.utils.Validation - parameter in List is responseCode,,,, first check false , second check false 
2025-08-21 11:19:42 [http-nio-8040-exec-10] INFO  com.az.payment.utils.Validation - parameter in List is responseMessage,,,, first check false , second check false 
2025-08-21 11:19:42 [http-nio-8040-exec-10] ERROR com.az.payment.utils.Validation - Parameters not found in response msisdn,,,responseCode,,,responseMessage,,, 
2025-08-21 11:19:42 [http-nio-8040-exec-10] INFO  com.az.payment.utils.Validation - response returned after mapping data is [] 
2025-08-21 11:19:42 [http-nio-8040-exec-10] INFO  c.az.payment.mapper.ResponseMapper - response returned from mapper and validated as defined  PaymentResponse(responseParams=[], finalStatus=0, isPayment=false, requestParams=null, responseCode=0, responseMessage=null, bankReference=null)
2025-08-21 11:19:42 [http-nio-8040-exec-10] INFO  c.az.payment.service.PaymentService - PaymentService::processResponse mapped from toServiceResponse PaymentResponse(responseParams=[], finalStatus=0, isPayment=false, requestParams=null, responseCode=0, responseMessage=null, bankReference=null)
2025-08-21 11:19:42 [http-nio-8040-exec-10] INFO  c.az.payment.service.PaymentService - mapResponse --->: PaymentResponse(responseParams=[], finalStatus=-2, isPayment=false, requestParams=null, responseCode=0, responseMessage=null, bankReference=250821060090000013)
2025-08-21 11:22:01 [main] INFO  com.az.payment.PaymentApplication - Starting PaymentApplication using Java 17.0.12 with PID 6484 (D:\____WorkSpace\AZ\code backups\e-payment_5_5_2025\payment\target\classes started by HP in D:\____WorkSpace\AZ\code backups\e-payment_5_5_2025\payment)
2025-08-21 11:22:01 [main] DEBUG com.az.payment.PaymentApplication - Running with Spring Boot v3.3.0, Spring v6.1.8
2025-08-21 11:22:01 [main] INFO  com.az.payment.PaymentApplication - No active profile set, falling back to 1 default profile: "default"
2025-08-21 11:22:13 [main] INFO  com.az.payment.PaymentApplication - Started PaymentApplication in 12.594 seconds (process running for 13.929)
2025-08-21 11:22:34 [http-nio-8040-exec-3] INFO  c.az.payment.service.PaymentService - inside PaymentService.processRequest
2025-08-21 11:22:34 [http-nio-8040-exec-3] INFO  c.az.payment.service.PaymentService - mobile request : ProcessRequest(id=6, serviceId=9, parameters=[RequestParameter[id=26, key=mobile, value=917776588], RequestParameter[id=30, key=amount, value=15]], accountFrom=0103093800000021)
2025-08-21 11:22:35 [http-nio-8040-exec-3] INFO  c.az.payment.service.PaymentService - transactionLog Id : 17452 : rrn(250821060090000014)
2025-08-21 11:22:35 [http-nio-8040-exec-3] INFO  c.az.payment.service.PaymentService - PaymentService::processRequest Getting service By ID 9 ,,,, and locale en
2025-08-21 11:22:35 [http-nio-8040-exec-3] INFO  c.az.payment.service.ServiceService - ServiceService.findById  return service with id 9
2025-08-21 11:22:36 [http-nio-8040-exec-3] INFO  c.az.payment.service.PaymentService - Biller(6) doesn't have service(9)
2025-08-21 11:22:36 [http-nio-8040-exec-3] INFO  c.az.payment.service.PaymentService - PaymentService::processRequest found Service Named ZAIN TopUp: By Id 9
2025-08-21 11:22:36 [http-nio-8040-exec-3] INFO  com.az.payment.mapper.RequestMapper - start Mapping Request .... ProcessRequest(id=6, serviceId=9, parameters=[RequestParameter[id=26, key=mobile, value=917776588], RequestParameter[id=30, key=amount, value=15]], accountFrom=0103093800000021)
2025-08-21 11:22:37 [http-nio-8040-exec-3] INFO  com.az.payment.mapper.RequestMapper - reqRrn : -1 : transactionID : 250821060090000014
2025-08-21 11:22:37 [http-nio-8040-exec-3] INFO  com.az.payment.mapper.RequestMapper - start Mapping Additional Request Data Such as fixed Value and transaction ID if available 
2025-08-21 11:22:37 [http-nio-8040-exec-3] INFO  com.az.payment.mapper.RequestMapper - inside toJsonFIeld true
2025-08-21 11:22:37 [http-nio-8040-exec-3] INFO  com.az.payment.mapper.RequestMapper - end Mapping Request .... {"msisdn":917776588,"amount":"15","transactionID":"250821060090000014"}
2025-08-21 11:22:37 [http-nio-8040-exec-3] INFO  c.az.payment.service.PaymentService - PaymentService::processRequest mapped  RequestDTO To JSON Object {"msisdn":917776588,"amount":"15","transactionID":"250821060090000014"}
2025-08-21 11:22:38 [http-nio-8040-exec-3] INFO  c.az.payment.service.PaymentService - processing payment from account : 0103093800000021
2025-08-21 11:22:38 [http-nio-8040-exec-3] INFO  c.az.payment.service.PaymentService - bankMapedResponse : PaymentResponse(responseParams=null, finalStatus=1, isPayment=false, requestParams=null, responseCode=0, responseMessage=null, bankReference=250821060090000014)
2025-08-21 11:22:40 [http-nio-8040-exec-3] ERROR com.az.payment.service.ClientApi - Biller not responding: I/O error on POST request for "http://localhost:9182/api/topup": Read timed out
2025-08-21 11:22:40 [http-nio-8040-exec-3] INFO  c.az.payment.service.PaymentService - {"code":-10,"message":"Biller not responding: I/O error on POST request for \"http://localhost:9182/api/topup\": Read timed out","status":-2}
2025-08-21 11:22:40 [http-nio-8040-exec-3] INFO  c.az.payment.service.PaymentService - =================================-10
2025-08-21 11:22:40 [http-nio-8040-exec-3] INFO  c.az.payment.service.PaymentService - #################### BILLER TIME OUT CODE
2025-08-21 11:22:41 [http-nio-8040-exec-3] INFO  c.az.payment.service.PaymentService - PaymentService::processResponse  Response returned From restApi {"code":-10,"message":"Biller not responding: I/O error on POST request for \"http://localhost:9182/api/topup\": Read timed out","status":-2}
2025-08-21 11:22:41 [http-nio-8040-exec-3] INFO  com.az.payment.utils.Validation - Validation::validateResponse Validating response  ,,, apiResponse = {"code":-10,"message":"Biller not responding: I/O error on POST request for \"http://localhost:9182/api/topup\": Read timed out","status":-2},,,, for service ID 9 , with name ZAIN TopUp
2025-08-21 11:22:41 [http-nio-8040-exec-3] INFO  c.az.payment.service.ServiceService - ServiceService.findResponseParameterByServiceId  ServiceID : 9
2025-08-21 11:22:41 [http-nio-8040-exec-3] INFO  com.az.payment.utils.Validation - parameter in List is msisdn,,,, first check false , second check false 
2025-08-21 11:22:41 [http-nio-8040-exec-3] INFO  com.az.payment.utils.Validation - parameter in List is responseCode,,,, first check false , second check false 
2025-08-21 11:22:41 [http-nio-8040-exec-3] INFO  com.az.payment.utils.Validation - parameter in List is responseMessage,,,, first check false , second check false 
2025-08-21 11:22:41 [http-nio-8040-exec-3] ERROR com.az.payment.utils.Validation - Parameters not found in response msisdn,,,responseCode,,,responseMessage,,, 
2025-08-21 11:22:41 [http-nio-8040-exec-3] INFO  com.az.payment.utils.Validation - response returned after mapping data is [] 
2025-08-21 11:22:41 [http-nio-8040-exec-3] INFO  c.az.payment.mapper.ResponseMapper - response returned from mapper and validated as defined  PaymentResponse(responseParams=[], finalStatus=0, isPayment=false, requestParams=null, responseCode=0, responseMessage=null, bankReference=null)
2025-08-21 11:22:41 [http-nio-8040-exec-3] INFO  c.az.payment.service.PaymentService - PaymentService::processResponse mapped from toServiceResponse PaymentResponse(responseParams=[], finalStatus=0, isPayment=false, requestParams=null, responseCode=0, responseMessage=null, bankReference=null)
2025-08-21 11:22:41 [http-nio-8040-exec-3] INFO  c.az.payment.service.PaymentService - mapResponse --->: PaymentResponse(responseParams=[], finalStatus=-2, isPayment=false, requestParams=null, responseCode=0, responseMessage=null, bankReference=250821060090000014)
2025-08-21 11:27:09 [main] INFO  com.az.payment.PaymentApplication - Starting PaymentApplication using Java 17.0.12 with PID 6020 (D:\____WorkSpace\AZ\code backups\e-payment_5_5_2025\payment\target\classes started by HP in D:\____WorkSpace\AZ\code backups\e-payment_5_5_2025\payment)
2025-08-21 11:27:09 [main] DEBUG com.az.payment.PaymentApplication - Running with Spring Boot v3.3.0, Spring v6.1.8
2025-08-21 11:27:09 [main] INFO  com.az.payment.PaymentApplication - No active profile set, falling back to 1 default profile: "default"
2025-08-21 11:27:20 [main] INFO  com.az.payment.PaymentApplication - Started PaymentApplication in 11.043 seconds (process running for 11.576)
2025-08-21 11:27:30 [http-nio-8040-exec-1] INFO  c.az.payment.service.PaymentService - inside PaymentService.processRequest
2025-08-21 11:27:30 [http-nio-8040-exec-1] INFO  c.az.payment.service.PaymentService - mobile request : ProcessRequest(id=6, serviceId=9, parameters=[RequestParameter[id=26, key=mobile, value=917776588], RequestParameter[id=30, key=amount, value=15]], accountFrom=0103093800000021)
2025-08-21 11:27:31 [http-nio-8040-exec-1] INFO  c.az.payment.service.PaymentService - transactionLog Id : 17502 : rrn(250821060090000015)
2025-08-21 11:27:31 [http-nio-8040-exec-1] INFO  c.az.payment.service.PaymentService - PaymentService::processRequest Getting service By ID 9 ,,,, and locale en
2025-08-21 11:27:31 [http-nio-8040-exec-1] INFO  c.az.payment.service.ServiceService - ServiceService.findById  return service with id 9
2025-08-21 11:27:33 [http-nio-8040-exec-1] INFO  c.az.payment.service.PaymentService - Biller(6) doesn't have service(9)
2025-08-21 11:27:33 [http-nio-8040-exec-1] INFO  c.az.payment.service.PaymentService - PaymentService::processRequest found Service Named ZAIN TopUp: By Id 9
2025-08-21 11:27:33 [http-nio-8040-exec-1] INFO  com.az.payment.mapper.RequestMapper - start Mapping Request .... ProcessRequest(id=6, serviceId=9, parameters=[RequestParameter[id=26, key=mobile, value=917776588], RequestParameter[id=30, key=amount, value=15]], accountFrom=0103093800000021)
2025-08-21 11:27:33 [http-nio-8040-exec-1] INFO  com.az.payment.mapper.RequestMapper - reqRrn : -1 : transactionID : 250821060090000015
2025-08-21 11:27:33 [http-nio-8040-exec-1] INFO  com.az.payment.mapper.RequestMapper - start Mapping Additional Request Data Such as fixed Value and transaction ID if available 
2025-08-21 11:27:33 [http-nio-8040-exec-1] INFO  com.az.payment.mapper.RequestMapper - inside toJsonFIeld true
2025-08-21 11:27:33 [http-nio-8040-exec-1] INFO  com.az.payment.mapper.RequestMapper - end Mapping Request .... {"msisdn":917776588,"amount":"15","transactionID":"250821060090000015"}
2025-08-21 11:27:33 [http-nio-8040-exec-1] INFO  c.az.payment.service.PaymentService - PaymentService::processRequest mapped  RequestDTO To JSON Object {"msisdn":917776588,"amount":"15","transactionID":"250821060090000015"}
2025-08-21 11:27:34 [http-nio-8040-exec-1] INFO  c.az.payment.service.PaymentService - processing payment from account : 0103093800000021
2025-08-21 11:27:35 [http-nio-8040-exec-1] INFO  c.az.payment.service.PaymentService - bankMapedResponse : PaymentResponse(responseParams=null, finalStatus=1, isPayment=false, requestParams=null, responseCode=0, responseMessage=null, bankReference=250821060090000015)
2025-08-21 11:27:36 [http-nio-8040-exec-1] ERROR com.az.payment.service.ClientApi - Biller not responding: I/O error on POST request for "http://localhost:9182/api/topup": Read timed out
2025-08-21 11:27:36 [http-nio-8040-exec-1] INFO  c.az.payment.service.PaymentService - {"code":-10,"message":"Biller not responding: I/O error on POST request for \"http://localhost:9182/api/topup\": Read timed out","status":-2}
2025-08-21 11:27:37 [http-nio-8040-exec-1] INFO  c.az.payment.service.PaymentService - =================================-10
2025-08-21 11:27:37 [http-nio-8040-exec-1] INFO  c.az.payment.service.PaymentService - #################### TIME OUT
2025-08-21 11:27:38 [http-nio-8040-exec-1] INFO  c.az.payment.service.PaymentService - PaymentService::processResponse  Response returned From restApi {"code":-10,"message":"Biller not responding: I/O error on POST request for \"http://localhost:9182/api/topup\": Read timed out","responseMessage":"Transacion bending","status":-2,"responseCode":"-10"}
2025-08-21 11:27:38 [http-nio-8040-exec-1] INFO  com.az.payment.utils.Validation - Validation::validateResponse Validating response  ,,, apiResponse = {"code":-10,"message":"Biller not responding: I/O error on POST request for \"http://localhost:9182/api/topup\": Read timed out","responseMessage":"Transacion bending","status":-2,"responseCode":"-10"},,,, for service ID 9 , with name ZAIN TopUp
2025-08-21 11:27:38 [http-nio-8040-exec-1] INFO  c.az.payment.service.ServiceService - ServiceService.findResponseParameterByServiceId  ServiceID : 9
2025-08-21 11:27:38 [http-nio-8040-exec-1] INFO  com.az.payment.utils.Validation - parameter in List is msisdn,,,, first check false , second check false 
2025-08-21 11:27:38 [http-nio-8040-exec-1] INFO  com.az.payment.utils.Validation - parameter in List is responseCode,,,, first check false , second check false 
2025-08-21 11:27:38 [http-nio-8040-exec-1] INFO  com.az.payment.utils.Validation - parameter in List is responseMessage,,,, first check true , second check true 
2025-08-21 11:27:38 [http-nio-8040-exec-1] ERROR com.az.payment.utils.Validation - Parameters not found in response msisdn,,, 
2025-08-21 11:27:38 [http-nio-8040-exec-1] INFO  com.az.payment.utils.Validation - response returned after mapping data is [PaymentResponseField[key=responseMessage, value=Transaction pending, displayName=Status, id=32]] 
2025-08-21 11:27:38 [http-nio-8040-exec-1] INFO  c.az.payment.mapper.ResponseMapper - response returned from mapper and validated as defined  PaymentResponse(responseParams=[PaymentResponseField[key=responseMessage, value=Transaction pending, displayName=Status, id=32]], finalStatus=0, isPayment=false, requestParams=null, responseCode=0, responseMessage=Transaction pending, bankReference=null)
2025-08-21 11:27:38 [http-nio-8040-exec-1] INFO  c.az.payment.service.PaymentService - PaymentService::processResponse mapped from toServiceResponse PaymentResponse(responseParams=[PaymentResponseField[key=responseMessage, value=Transaction pending, displayName=Status, id=32]], finalStatus=0, isPayment=false, requestParams=null, responseCode=0, responseMessage=Transaction pending, bankReference=null)
2025-08-21 11:27:38 [http-nio-8040-exec-1] INFO  c.az.payment.service.PaymentService - mapResponse --->: PaymentResponse(responseParams=[PaymentResponseField[key=responseMessage, value=Transaction pending, displayName=Status, id=32]], finalStatus=-2, isPayment=false, requestParams=null, responseCode=0, responseMessage=Transaction pending, bankReference=250821060090000015)
2025-08-21 11:40:02 [http-nio-8040-exec-5] INFO  c.az.payment.service.PaymentService - inside PaymentService.processRequest
2025-08-21 11:40:02 [http-nio-8040-exec-5] INFO  c.az.payment.service.PaymentService - mobile request : ProcessRequest(id=6, serviceId=9, parameters=[RequestParameter[id=26, key=mobile, value=917776588], RequestParameter[id=30, key=amount, value=15]], accountFrom=0103093800000021)
2025-08-21 11:40:02 [http-nio-8040-exec-5] INFO  c.az.payment.service.PaymentService - transactionLog Id : 17503 : rrn(250821060090000016)
2025-08-21 11:40:02 [http-nio-8040-exec-5] INFO  c.az.payment.service.PaymentService - PaymentService::processRequest Getting service By ID 9 ,,,, and locale en
2025-08-21 11:40:02 [http-nio-8040-exec-5] INFO  c.az.payment.service.ServiceService - ServiceService.findById  return service with id 9
2025-08-21 11:40:03 [http-nio-8040-exec-5] INFO  c.az.payment.service.PaymentService - Biller(6) doesn't have service(9)
2025-08-21 11:40:03 [http-nio-8040-exec-5] INFO  c.az.payment.service.PaymentService - PaymentService::processRequest found Service Named ZAIN TopUp: By Id 9
2025-08-21 11:40:03 [http-nio-8040-exec-5] INFO  com.az.payment.mapper.RequestMapper - start Mapping Request .... ProcessRequest(id=6, serviceId=9, parameters=[RequestParameter[id=26, key=mobile, value=917776588], RequestParameter[id=30, key=amount, value=15]], accountFrom=0103093800000021)
2025-08-21 11:40:04 [http-nio-8040-exec-5] INFO  com.az.payment.mapper.RequestMapper - reqRrn : -1 : transactionID : 250821060090000016
2025-08-21 11:40:04 [http-nio-8040-exec-5] INFO  com.az.payment.mapper.RequestMapper - start Mapping Additional Request Data Such as fixed Value and transaction ID if available 
2025-08-21 11:40:04 [http-nio-8040-exec-5] INFO  com.az.payment.mapper.RequestMapper - inside toJsonFIeld true
2025-08-21 11:40:04 [http-nio-8040-exec-5] INFO  com.az.payment.mapper.RequestMapper - end Mapping Request .... {"msisdn":917776588,"amount":"15","transactionID":"250821060090000016"}
2025-08-21 11:40:04 [http-nio-8040-exec-5] INFO  c.az.payment.service.PaymentService - PaymentService::processRequest mapped  RequestDTO To JSON Object {"msisdn":917776588,"amount":"15","transactionID":"250821060090000016"}
2025-08-21 11:40:05 [http-nio-8040-exec-5] INFO  c.az.payment.service.PaymentService - processing payment from account : 0103093800000021
2025-08-21 11:40:05 [http-nio-8040-exec-5] INFO  c.az.payment.service.PaymentService - bankMapedResponse : PaymentResponse(responseParams=null, finalStatus=1, isPayment=false, requestParams=null, responseCode=0, responseMessage=null, bankReference=250821060090000016)
2025-08-21 11:40:06 [http-nio-8040-exec-5] ERROR com.az.payment.service.ClientApi - Biller not responding: I/O error on POST request for "http://localhost:9182/api/topup": Read timed out
2025-08-21 11:40:06 [http-nio-8040-exec-5] INFO  c.az.payment.service.PaymentService - {"code":-10,"message":"Biller not responding: I/O error on POST request for \"http://localhost:9182/api/topup\": Read timed out","status":-2}
2025-08-21 11:40:07 [http-nio-8040-exec-5] INFO  c.az.payment.service.PaymentService - =================================-10
2025-08-21 11:40:07 [http-nio-8040-exec-5] INFO  c.az.payment.service.PaymentService - #################### TIME OUT
2025-08-21 11:40:07 [http-nio-8040-exec-5] INFO  c.az.payment.service.PaymentService - PaymentService::processResponse  Response returned From restApi {"code":-10,"message":"Biller not responding: I/O error on POST request for \"http://localhost:9182/api/topup\": Read timed out","responseMessage":"Transacion bending","status":-2,"responseCode":"-10"}
2025-08-21 11:40:07 [http-nio-8040-exec-5] INFO  com.az.payment.utils.Validation - Validation::validateResponse Validating response  ,,, apiResponse = {"code":-10,"message":"Biller not responding: I/O error on POST request for \"http://localhost:9182/api/topup\": Read timed out","responseMessage":"Transacion bending","status":-2,"responseCode":"-10"},,,, for service ID 9 , with name ZAIN TopUp
2025-08-21 11:40:07 [http-nio-8040-exec-5] INFO  c.az.payment.service.ServiceService - ServiceService.findResponseParameterByServiceId  ServiceID : 9
2025-08-21 11:40:08 [http-nio-8040-exec-5] INFO  com.az.payment.utils.Validation - parameter in List is msisdn,,,, first check false , second check false 
2025-08-21 11:40:08 [http-nio-8040-exec-5] INFO  com.az.payment.utils.Validation - parameter in List is responseCode,,,, first check false , second check false 
2025-08-21 11:40:08 [http-nio-8040-exec-5] INFO  com.az.payment.utils.Validation - parameter in List is responseMessage,,,, first check true , second check true 
2025-08-21 11:40:08 [http-nio-8040-exec-5] ERROR com.az.payment.utils.Validation - Parameters not found in response msisdn,,, 
2025-08-21 11:40:08 [http-nio-8040-exec-5] INFO  com.az.payment.utils.Validation - response returned after mapping data is [PaymentResponseField[key=responseMessage, value=Transaction pending, displayName=Status, id=32]] 
2025-08-21 11:40:08 [http-nio-8040-exec-5] INFO  c.az.payment.mapper.ResponseMapper - response returned from mapper and validated as defined  PaymentResponse(responseParams=[PaymentResponseField[key=responseMessage, value=Transaction pending, displayName=Status, id=32]], finalStatus=0, isPayment=false, requestParams=null, responseCode=0, responseMessage=Transaction pending, bankReference=null)
2025-08-21 11:40:08 [http-nio-8040-exec-5] INFO  c.az.payment.service.PaymentService - PaymentService::processResponse mapped from toServiceResponse PaymentResponse(responseParams=[PaymentResponseField[key=responseMessage, value=Transaction pending, displayName=Status, id=32]], finalStatus=0, isPayment=false, requestParams=null, responseCode=0, responseMessage=Transaction pending, bankReference=null)
2025-08-21 11:40:08 [http-nio-8040-exec-5] INFO  c.az.payment.service.PaymentService - mapResponse --->: PaymentResponse(responseParams=[PaymentResponseField[key=responseMessage, value=Transaction pending, displayName=Status, id=32]], finalStatus=-2, isPayment=false, requestParams=null, responseCode=0, responseMessage=Transaction pending, bankReference=250821060090000016)
2025-08-21 11:40:59 [http-nio-8040-exec-6] INFO  c.az.payment.service.PaymentService - inside PaymentService.processRequest
2025-08-21 11:40:59 [http-nio-8040-exec-6] INFO  c.az.payment.service.PaymentService - mobile request : ProcessRequest(id=6, serviceId=9, parameters=[RequestParameter[id=26, key=mobile, value=917776588], RequestParameter[id=30, key=amount, value=15]], accountFrom=0103093800000021)
2025-08-21 11:40:59 [http-nio-8040-exec-6] INFO  c.az.payment.service.PaymentService - transactionLog Id : 17504 : rrn(250821060090000017)
2025-08-21 11:40:59 [http-nio-8040-exec-6] INFO  c.az.payment.service.PaymentService - PaymentService::processRequest Getting service By ID 9 ,,,, and locale en
2025-08-21 11:40:59 [http-nio-8040-exec-6] INFO  c.az.payment.service.ServiceService - ServiceService.findById  return service with id 9
2025-08-21 11:41:01 [http-nio-8040-exec-6] INFO  c.az.payment.service.PaymentService - Biller(6) doesn't have service(9)
2025-08-21 11:41:01 [http-nio-8040-exec-6] INFO  c.az.payment.service.PaymentService - PaymentService::processRequest found Service Named ZAIN TopUp: By Id 9
2025-08-21 11:41:01 [http-nio-8040-exec-6] INFO  com.az.payment.mapper.RequestMapper - start Mapping Request .... ProcessRequest(id=6, serviceId=9, parameters=[RequestParameter[id=26, key=mobile, value=917776588], RequestParameter[id=30, key=amount, value=15]], accountFrom=0103093800000021)
2025-08-21 11:41:02 [http-nio-8040-exec-6] INFO  com.az.payment.mapper.RequestMapper - reqRrn : -1 : transactionID : 250821060090000017
2025-08-21 11:41:02 [http-nio-8040-exec-6] INFO  com.az.payment.mapper.RequestMapper - start Mapping Additional Request Data Such as fixed Value and transaction ID if available 
2025-08-21 11:41:02 [http-nio-8040-exec-6] INFO  com.az.payment.mapper.RequestMapper - inside toJsonFIeld true
2025-08-21 11:41:02 [http-nio-8040-exec-6] INFO  com.az.payment.mapper.RequestMapper - end Mapping Request .... {"msisdn":917776588,"amount":"15","transactionID":"250821060090000017"}
2025-08-21 11:41:02 [http-nio-8040-exec-6] INFO  c.az.payment.service.PaymentService - PaymentService::processRequest mapped  RequestDTO To JSON Object {"msisdn":917776588,"amount":"15","transactionID":"250821060090000017"}
2025-08-21 11:41:02 [http-nio-8040-exec-6] INFO  c.az.payment.service.PaymentService - processing payment from account : 0103093800000021
2025-08-21 11:41:02 [http-nio-8040-exec-6] INFO  c.az.payment.service.PaymentService - bankMapedResponse : PaymentResponse(responseParams=null, finalStatus=1, isPayment=false, requestParams=null, responseCode=0, responseMessage=null, bankReference=250821060090000017)
2025-08-21 11:41:03 [http-nio-8040-exec-6] INFO  com.az.payment.service.ClientApi - ClientAPi::CallService response: {"receiptNo":null,"responseCode":3,"responseMessage":"Successfully","msisdn":"917776588","transactionID":"250821060090000017","amount":"15","mobileNumber":null,"ersReference":null,"rcode":"-2","rdesc_ar":"تمت العملية بنجاح","rdesc_en":"Operation Completed Successfully.","mdn":"120155425","RCode":"-2","RDesc_en":"Operation Completed Successfully.","RDesc_ar":"تمت العملية بنجاح","MDN":"120155425"}
2025-08-21 11:41:03 [http-nio-8040-exec-6] INFO  c.az.payment.service.PaymentService - {"RDesc_en":"Operation Completed Successfully.","amount":"15","mobileNumber":null,"RDesc_ar":"تمت العملية بنجاح","rcode":"-2","transactionID":"250821060090000017","responseCode":3,"rdesc_en":"Operation Completed Successfully.","mdn":"120155425","MDN":"120155425","receiptNo":null,"responseMessage":"Successfully","msisdn":"917776588","ersReference":null,"rdesc_ar":"تمت العملية بنجاح","RCode":"-2"}
2025-08-21 11:41:05 [http-nio-8040-exec-6] INFO  c.az.payment.service.PaymentService - #################### Biller Failed:Starting reverse process if the service isPayment
2025-08-21 11:41:06 [http-nio-8040-exec-6] INFO  c.az.payment.service.PaymentService - PaymentResponse(responseParams=null, finalStatus=-1, isPayment=false, requestParams=null, responseCode=10, responseMessage=Invalid amount., bankReference=250821060090000017)
2025-08-21 11:42:39 [http-nio-8040-exec-9] INFO  c.az.payment.service.PaymentService - inside PaymentService.processRequest
2025-08-21 11:42:39 [http-nio-8040-exec-9] INFO  c.az.payment.service.PaymentService - mobile request : ProcessRequest(id=6, serviceId=9, parameters=[RequestParameter[id=26, key=mobile, value=917776588], RequestParameter[id=30, key=amount, value=15]], accountFrom=0103093800000021)
2025-08-21 11:42:39 [http-nio-8040-exec-9] INFO  c.az.payment.service.PaymentService - transactionLog Id : 17505 : rrn(250821060090000018)
2025-08-21 11:42:39 [http-nio-8040-exec-9] INFO  c.az.payment.service.PaymentService - PaymentService::processRequest Getting service By ID 9 ,,,, and locale en
2025-08-21 11:42:39 [http-nio-8040-exec-9] INFO  c.az.payment.service.ServiceService - ServiceService.findById  return service with id 9
2025-08-21 11:42:41 [http-nio-8040-exec-9] INFO  c.az.payment.service.PaymentService - Biller(6) doesn't have service(9)
2025-08-21 11:42:41 [http-nio-8040-exec-9] INFO  c.az.payment.service.PaymentService - PaymentService::processRequest found Service Named ZAIN TopUp: By Id 9
2025-08-21 11:42:41 [http-nio-8040-exec-9] INFO  com.az.payment.mapper.RequestMapper - start Mapping Request .... ProcessRequest(id=6, serviceId=9, parameters=[RequestParameter[id=26, key=mobile, value=917776588], RequestParameter[id=30, key=amount, value=15]], accountFrom=0103093800000021)
2025-08-21 11:42:41 [http-nio-8040-exec-9] INFO  com.az.payment.mapper.RequestMapper - reqRrn : -1 : transactionID : 250821060090000018
2025-08-21 11:42:41 [http-nio-8040-exec-9] INFO  com.az.payment.mapper.RequestMapper - start Mapping Additional Request Data Such as fixed Value and transaction ID if available 
2025-08-21 11:42:41 [http-nio-8040-exec-9] INFO  com.az.payment.mapper.RequestMapper - inside toJsonFIeld true
2025-08-21 11:42:41 [http-nio-8040-exec-9] INFO  com.az.payment.mapper.RequestMapper - end Mapping Request .... {"msisdn":917776588,"amount":"15","transactionID":"250821060090000018"}
2025-08-21 11:42:41 [http-nio-8040-exec-9] INFO  c.az.payment.service.PaymentService - PaymentService::processRequest mapped  RequestDTO To JSON Object {"msisdn":917776588,"amount":"15","transactionID":"250821060090000018"}
2025-08-21 11:42:42 [http-nio-8040-exec-9] INFO  c.az.payment.service.PaymentService - processing payment from account : 0103093800000021
2025-08-21 11:42:42 [http-nio-8040-exec-9] INFO  c.az.payment.service.PaymentService - bankMapedResponse : PaymentResponse(responseParams=null, finalStatus=1, isPayment=false, requestParams=null, responseCode=0, responseMessage=null, bankReference=250821060090000018)
2025-08-21 11:42:43 [http-nio-8040-exec-9] INFO  com.az.payment.service.ClientApi - ClientAPi::CallService response: {"receiptNo":null,"responseCode":-2,"responseMessage":"Successfully","msisdn":"917776588","transactionID":"250821060090000018","amount":"15","mobileNumber":null,"ersReference":null,"rdesc_en":"Operation Completed Successfully.","rdesc_ar":"تمت العملية بنجاح","mdn":"120155425","rcode":"-2","RCode":"-2","RDesc_en":"Operation Completed Successfully.","RDesc_ar":"تمت العملية بنجاح","MDN":"120155425"}
2025-08-21 11:42:43 [http-nio-8040-exec-9] INFO  c.az.payment.service.PaymentService - {"RDesc_en":"Operation Completed Successfully.","amount":"15","mobileNumber":null,"RDesc_ar":"تمت العملية بنجاح","rcode":"-2","transactionID":"250821060090000018","responseCode":-2,"rdesc_en":"Operation Completed Successfully.","mdn":"120155425","MDN":"120155425","receiptNo":null,"responseMessage":"Successfully","msisdn":"917776588","ersReference":null,"rdesc_ar":"تمت العملية بنجاح","RCode":"-2"}
2025-08-21 11:42:44 [http-nio-8040-exec-9] INFO  c.az.payment.service.PaymentService - #################### Biller Failed:Starting reverse process if the service isPayment
2025-08-21 11:42:45 [http-nio-8040-exec-9] ERROR c.az.payment.service.PaymentService - SYSTEM ERR: response Code -2 from biller 6 does not have equivalent definition 
2025-08-21 11:43:37 [http-nio-8040-exec-10] INFO  c.az.payment.service.PaymentService - inside PaymentService.processRequest
2025-08-21 11:43:37 [http-nio-8040-exec-10] INFO  c.az.payment.service.PaymentService - mobile request : ProcessRequest(id=6, serviceId=9, parameters=[RequestParameter[id=26, key=mobile, value=917776588], RequestParameter[id=30, key=amount, value=15]], accountFrom=0103093800000021)
2025-08-21 11:43:37 [http-nio-8040-exec-10] INFO  c.az.payment.service.PaymentService - transactionLog Id : 17506 : rrn(250821060090000019)
2025-08-21 11:43:37 [http-nio-8040-exec-10] INFO  c.az.payment.service.PaymentService - PaymentService::processRequest Getting service By ID 9 ,,,, and locale en
2025-08-21 11:43:37 [http-nio-8040-exec-10] INFO  c.az.payment.service.ServiceService - ServiceService.findById  return service with id 9
2025-08-21 11:43:39 [http-nio-8040-exec-10] INFO  c.az.payment.service.PaymentService - Biller(6) doesn't have service(9)
2025-08-21 11:43:39 [http-nio-8040-exec-10] INFO  c.az.payment.service.PaymentService - PaymentService::processRequest found Service Named ZAIN TopUp: By Id 9
2025-08-21 11:43:39 [http-nio-8040-exec-10] INFO  com.az.payment.mapper.RequestMapper - start Mapping Request .... ProcessRequest(id=6, serviceId=9, parameters=[RequestParameter[id=26, key=mobile, value=917776588], RequestParameter[id=30, key=amount, value=15]], accountFrom=0103093800000021)
2025-08-21 11:43:39 [http-nio-8040-exec-10] INFO  com.az.payment.mapper.RequestMapper - reqRrn : -1 : transactionID : 250821060090000019
2025-08-21 11:43:39 [http-nio-8040-exec-10] INFO  com.az.payment.mapper.RequestMapper - start Mapping Additional Request Data Such as fixed Value and transaction ID if available 
2025-08-21 11:43:39 [http-nio-8040-exec-10] INFO  com.az.payment.mapper.RequestMapper - inside toJsonFIeld true
2025-08-21 11:43:39 [http-nio-8040-exec-10] INFO  com.az.payment.mapper.RequestMapper - end Mapping Request .... {"msisdn":917776588,"amount":"15","transactionID":"250821060090000019"}
2025-08-21 11:43:39 [http-nio-8040-exec-10] INFO  c.az.payment.service.PaymentService - PaymentService::processRequest mapped  RequestDTO To JSON Object {"msisdn":917776588,"amount":"15","transactionID":"250821060090000019"}
2025-08-21 11:43:40 [http-nio-8040-exec-10] INFO  c.az.payment.service.PaymentService - processing payment from account : 0103093800000021
2025-08-21 11:43:40 [http-nio-8040-exec-10] INFO  c.az.payment.service.PaymentService - bankMapedResponse : PaymentResponse(responseParams=null, finalStatus=1, isPayment=false, requestParams=null, responseCode=0, responseMessage=null, bankReference=250821060090000019)
2025-08-21 11:43:41 [http-nio-8040-exec-10] INFO  com.az.payment.service.ClientApi - ClientAPi::CallService response: {"receiptNo":null,"responseCode":-10,"responseMessage":"Successfully","msisdn":"917776588","transactionID":"250821060090000019","amount":"15","mobileNumber":null,"ersReference":null,"rcode":"0","rdesc_ar":"تمت العملية بنجاح","mdn":"120155425","rdesc_en":"Operation Completed Successfully.","RCode":"0","RDesc_en":"Operation Completed Successfully.","RDesc_ar":"تمت العملية بنجاح","MDN":"120155425"}
2025-08-21 11:43:41 [http-nio-8040-exec-10] INFO  c.az.payment.service.PaymentService - {"RDesc_en":"Operation Completed Successfully.","amount":"15","mobileNumber":null,"RDesc_ar":"تمت العملية بنجاح","rcode":"0","transactionID":"250821060090000019","responseCode":-10,"rdesc_en":"Operation Completed Successfully.","mdn":"120155425","MDN":"120155425","receiptNo":null,"responseMessage":"Successfully","msisdn":"917776588","ersReference":null,"rdesc_ar":"تمت العملية بنجاح","RCode":"0"}
2025-08-21 11:43:42 [http-nio-8040-exec-10] INFO  c.az.payment.service.PaymentService - #################### BILLER TIME OUT CODE
2025-08-21 11:43:43 [http-nio-8040-exec-10] INFO  c.az.payment.service.PaymentService - PaymentService::processResponse  Response returned From restApi {"RDesc_en":"Operation Completed Successfully.","amount":"15","mobileNumber":null,"RDesc_ar":"تمت العملية بنجاح","rcode":"0","transactionID":"250821060090000019","responseCode":-10,"rdesc_en":"Operation Completed Successfully.","mdn":"120155425","MDN":"120155425","receiptNo":null,"responseMessage":"Successfully","msisdn":"917776588","ersReference":null,"rdesc_ar":"تمت العملية بنجاح","RCode":"0"}
2025-08-21 11:43:43 [http-nio-8040-exec-10] INFO  com.az.payment.utils.Validation - Validation::validateResponse Validating response  ,,, apiResponse = {"RDesc_en":"Operation Completed Successfully.","amount":"15","mobileNumber":null,"RDesc_ar":"تمت العملية بنجاح","rcode":"0","transactionID":"250821060090000019","responseCode":-10,"rdesc_en":"Operation Completed Successfully.","mdn":"120155425","MDN":"120155425","receiptNo":null,"responseMessage":"Successfully","msisdn":"917776588","ersReference":null,"rdesc_ar":"تمت العملية بنجاح","RCode":"0"},,,, for service ID 9 , with name ZAIN TopUp
2025-08-21 11:43:43 [http-nio-8040-exec-10] INFO  c.az.payment.service.ServiceService - ServiceService.findResponseParameterByServiceId  ServiceID : 9
2025-08-21 11:43:43 [http-nio-8040-exec-10] INFO  com.az.payment.utils.Validation - parameter in List is msisdn,,,, first check true , second check true 
2025-08-21 11:43:43 [http-nio-8040-exec-10] INFO  com.az.payment.utils.Validation - parameter in List is responseCode,,,, first check false , second check false 
2025-08-21 11:43:43 [http-nio-8040-exec-10] INFO  com.az.payment.utils.Validation - parameter in List is responseMessage,,,, first check true , second check true 
2025-08-21 11:43:43 [http-nio-8040-exec-10] INFO  com.az.payment.utils.Validation - response returned after mapping data is [PaymentResponseField[key=mobile, value=917776588, displayName=Phone Number , id=26], PaymentResponseField[key=responseMessage, value=Transaction pending, displayName=Status, id=32]] 
2025-08-21 11:43:43 [http-nio-8040-exec-10] INFO  c.az.payment.mapper.ResponseMapper - response returned from mapper and validated as defined  PaymentResponse(responseParams=[PaymentResponseField[key=mobile, value=917776588, displayName=Phone Number , id=26], PaymentResponseField[key=responseMessage, value=Transaction pending, displayName=Status, id=32]], finalStatus=0, isPayment=false, requestParams=null, responseCode=0, responseMessage=Transaction pending, bankReference=null)
2025-08-21 11:43:43 [http-nio-8040-exec-10] INFO  c.az.payment.service.PaymentService - PaymentService::processResponse mapped from toServiceResponse PaymentResponse(responseParams=[PaymentResponseField[key=mobile, value=917776588, displayName=Phone Number , id=26], PaymentResponseField[key=responseMessage, value=Transaction pending, displayName=Status, id=32]], finalStatus=0, isPayment=false, requestParams=null, responseCode=0, responseMessage=Transaction pending, bankReference=null)
2025-08-21 11:43:43 [http-nio-8040-exec-10] INFO  c.az.payment.service.PaymentService - mapResponse --->: PaymentResponse(responseParams=[PaymentResponseField[key=mobile, value=917776588, displayName=Phone Number , id=26], PaymentResponseField[key=responseMessage, value=Transaction pending, displayName=Status, id=32]], finalStatus=-2, isPayment=false, requestParams=null, responseCode=0, responseMessage=Transaction pending, bankReference=250821060090000019)
2025-08-21 12:02:36 [http-nio-8040-exec-3] INFO  c.az.payment.service.PaymentService - inside PaymentService.processRequest
2025-08-21 12:02:36 [http-nio-8040-exec-3] INFO  c.az.payment.service.PaymentService - mobile request : ProcessRequest(id=1, serviceId=1, parameters=[RequestParameter[id=3, key=amount, value=1.0], RequestParameter[id=4, key=To_BBAN, value=80111111112222]], accountFrom=0103093800000021)
2025-08-21 12:02:37 [http-nio-8040-exec-3] INFO  c.az.payment.service.PaymentService - transactionLog Id : 17507 : rrn(250821010010000020)
2025-08-21 12:02:37 [http-nio-8040-exec-3] INFO  c.az.payment.service.PaymentService - PaymentService::processRequest Getting service By ID 1 ,,,, and locale en
2025-08-21 12:02:37 [http-nio-8040-exec-3] INFO  c.az.payment.service.ServiceService - ServiceService.findById  return service with id 1
2025-08-21 12:02:41 [http-nio-8040-exec-3] INFO  c.az.payment.service.PaymentService - PaymentService::processRequest found Service Named EBS Transfer: By Id 1
2025-08-21 12:02:41 [http-nio-8040-exec-3] INFO  com.az.payment.mapper.RequestMapper - start Mapping Request .... ProcessRequest(id=1, serviceId=1, parameters=[RequestParameter[id=3, key=amount, value=1.0], RequestParameter[id=4, key=To_BBAN, value=80111111112222]], accountFrom=0103093800000021)
2025-08-21 12:02:42 [http-nio-8040-exec-3] INFO  com.az.payment.mapper.RequestMapper - reqRrn : 5 : transactionId : 250821010010000020
2025-08-21 12:02:42 [http-nio-8040-exec-3] INFO  com.az.payment.mapper.RequestMapper - start Mapping Additional Request Data Such as fixed Value and transaction ID if available 
2025-08-21 12:02:42 [http-nio-8040-exec-3] INFO  com.az.payment.mapper.RequestMapper - Lang : fixed
2025-08-21 12:02:42 [http-nio-8040-exec-3] INFO  com.az.payment.mapper.RequestMapper - end Mapping Request .... {"Lang":"1","To_BBAN":"80111111112222","transactionId":"250821010010000020","Amount":1}
2025-08-21 12:02:42 [http-nio-8040-exec-3] INFO  c.az.payment.service.PaymentService - PaymentService::processRequest mapped  RequestDTO To JSON Object {"Lang":"1","To_BBAN":"80111111112222","transactionId":"250821010010000020","Amount":1}
2025-08-21 12:02:42 [http-nio-8040-exec-3] INFO  c.az.payment.service.ServiceService - ServiceService.findById  return service with id 11
2025-08-21 12:02:44 [http-nio-8040-exec-3] INFO  com.az.payment.mapper.RequestMapper - start Mapping Request .... ProcessRequest(id=1, serviceId=11, parameters=[RequestParameter[id=41, key=accountFrom, value=0103093800000021]], accountFrom=null)
2025-08-21 12:02:44 [http-nio-8040-exec-3] INFO  com.az.payment.mapper.RequestMapper - reqRrn : -1 : transactionID : 250821010010000020
2025-08-21 12:02:44 [http-nio-8040-exec-3] INFO  com.az.payment.mapper.RequestMapper - start Mapping Additional Request Data Such as fixed Value and transaction ID if available 
2025-08-21 12:02:44 [http-nio-8040-exec-3] INFO  com.az.payment.mapper.RequestMapper - end Mapping Request .... {"transactionID":"250821010010000020","accountNo":"0103093800000021"}
2025-08-21 12:02:44 [http-nio-8040-exec-3] INFO  com.az.payment.service.ClientApi - ClientAPi::CallService response: {"ibanNo":"SD3408010000353201","accName":"زاكى الدين بلال محمد محمد","transactionID":"250821010010000020","responseCode":0,"responseMessage":"Success"}
2025-08-21 12:02:44 [http-nio-8040-exec-3] INFO  c.az.payment.service.ServiceService - ServiceService.findById  return service with id 11
2025-08-21 12:02:44 [http-nio-8040-exec-3] INFO  com.az.payment.mapper.RequestMapper - start Mapping Request .... ProcessRequest(id=1, serviceId=11, parameters=[RequestParameter[id=41, key=accountFrom, value=0103093800000021]], accountFrom=null)
2025-08-21 12:02:44 [http-nio-8040-exec-3] INFO  com.az.payment.mapper.RequestMapper - reqRrn : -1 : transactionID : 250821010010000020
2025-08-21 12:02:44 [http-nio-8040-exec-3] INFO  com.az.payment.mapper.RequestMapper - start Mapping Additional Request Data Such as fixed Value and transaction ID if available 
2025-08-21 12:02:44 [http-nio-8040-exec-3] INFO  com.az.payment.mapper.RequestMapper - end Mapping Request .... {"transactionID":"250821010010000020","accountNo":"0103093800000021"}
2025-08-21 12:02:44 [http-nio-8040-exec-3] INFO  com.az.payment.service.ClientApi - ClientAPi::CallService response: {"ibanNo":"SD3408010000353201","accName":"زاكى الدين بلال محمد محمد","transactionID":"250821010010000020","responseCode":0,"responseMessage":"Success"}
2025-08-21 12:02:45 [http-nio-8040-exec-3] INFO  c.az.payment.service.PaymentService - processing payment from account : 0103093800000021
2025-08-21 12:02:45 [http-nio-8040-exec-3] INFO  c.az.payment.service.PaymentService - bankMapedResponse : PaymentResponse(responseParams=null, finalStatus=1, isPayment=false, requestParams=null, responseCode=0, responseMessage=null, bankReference=250821010010000020)
2025-08-21 12:02:45 [http-nio-8040-exec-3] ERROR com.az.payment.service.ClientApi - Failed to access the Biller: I/O error on POST request for "http://localhost:9182/api/TransferCredit": Connection refused: no further information
2025-08-21 12:02:45 [http-nio-8040-exec-3] INFO  c.az.payment.service.PaymentService - {"code":-12,"message":"Failed to access the Biller: I/O error on POST request for \"http://localhost:9182/api/TransferCredit\": Connection refused: no further information","status":-1}
2025-08-21 12:02:46 [http-nio-8040-exec-3] INFO  c.az.payment.service.PaymentService - =================================-12
2025-08-21 12:02:46 [http-nio-8040-exec-3] INFO  c.az.payment.service.PaymentService - #################### HTML ERR
2025-08-21 12:02:46 [http-nio-8040-exec-3] INFO  c.az.payment.service.PaymentService - PaymentResponse(responseParams=null, finalStatus=-3, isPayment=false, requestParams=null, responseCode=10, responseMessage=Unknown from Biller, please check transaction history, bankReference=250821010010000020)
2025-08-21 12:07:38 [http-nio-8040-exec-6] INFO  c.az.payment.service.PaymentService - inside PaymentService.processRequest
2025-08-21 12:07:38 [http-nio-8040-exec-6] INFO  c.az.payment.service.PaymentService - mobile request : ProcessRequest(id=1, serviceId=1, parameters=[RequestParameter[id=3, key=amount, value=1.0], RequestParameter[id=4, key=To_BBAN, value=80111111112222]], accountFrom=0103093800000021)
2025-08-21 12:07:39 [http-nio-8040-exec-6] INFO  c.az.payment.service.PaymentService - transactionLog Id : 17508 : rrn(250821010010000026)
2025-08-21 12:07:39 [http-nio-8040-exec-6] INFO  c.az.payment.service.PaymentService - PaymentService::processRequest Getting service By ID 1 ,,,, and locale en
2025-08-21 12:07:39 [http-nio-8040-exec-6] INFO  c.az.payment.service.ServiceService - ServiceService.findById  return service with id 1
2025-08-21 12:07:43 [http-nio-8040-exec-6] INFO  c.az.payment.service.PaymentService - PaymentService::processRequest found Service Named EBS Transfer: By Id 1
2025-08-21 12:07:43 [http-nio-8040-exec-6] INFO  com.az.payment.mapper.RequestMapper - start Mapping Request .... ProcessRequest(id=1, serviceId=1, parameters=[RequestParameter[id=3, key=amount, value=1.0], RequestParameter[id=4, key=To_BBAN, value=80111111112222]], accountFrom=0103093800000021)
2025-08-21 12:07:44 [http-nio-8040-exec-6] INFO  com.az.payment.mapper.RequestMapper - reqRrn : 5 : transactionId : 250821010010000026
2025-08-21 12:07:44 [http-nio-8040-exec-6] INFO  com.az.payment.mapper.RequestMapper - start Mapping Additional Request Data Such as fixed Value and transaction ID if available 
2025-08-21 12:07:44 [http-nio-8040-exec-6] INFO  com.az.payment.mapper.RequestMapper - Lang : fixed
2025-08-21 12:07:44 [http-nio-8040-exec-6] INFO  com.az.payment.mapper.RequestMapper - end Mapping Request .... {"Lang":"1","To_BBAN":"80111111112222","transactionId":"250821010010000026","Amount":1}
2025-08-21 12:07:44 [http-nio-8040-exec-6] INFO  c.az.payment.service.PaymentService - PaymentService::processRequest mapped  RequestDTO To JSON Object {"Lang":"1","To_BBAN":"80111111112222","transactionId":"250821010010000026","Amount":1}
2025-08-21 12:07:44 [http-nio-8040-exec-6] INFO  c.az.payment.service.ServiceService - ServiceService.findById  return service with id 11
2025-08-21 12:07:46 [http-nio-8040-exec-6] INFO  com.az.payment.mapper.RequestMapper - start Mapping Request .... ProcessRequest(id=1, serviceId=11, parameters=[RequestParameter[id=41, key=accountFrom, value=0103093800000021]], accountFrom=null)
2025-08-21 12:07:46 [http-nio-8040-exec-6] INFO  com.az.payment.mapper.RequestMapper - reqRrn : -1 : transactionID : 250821010010000026
2025-08-21 12:07:46 [http-nio-8040-exec-6] INFO  com.az.payment.mapper.RequestMapper - start Mapping Additional Request Data Such as fixed Value and transaction ID if available 
2025-08-21 12:07:46 [http-nio-8040-exec-6] INFO  com.az.payment.mapper.RequestMapper - end Mapping Request .... {"transactionID":"250821010010000026","accountNo":"0103093800000021"}
2025-08-21 12:07:46 [http-nio-8040-exec-6] INFO  com.az.payment.service.ClientApi - ClientAPi::CallService response: {"ibanNo":"SD3408010000353201","accName":"زاكى الدين بلال محمد محمد","transactionID":"250821010010000026","responseCode":0,"responseMessage":"Success"}
2025-08-21 12:07:46 [http-nio-8040-exec-6] INFO  c.az.payment.service.ServiceService - ServiceService.findById  return service with id 11
2025-08-21 12:07:46 [http-nio-8040-exec-6] INFO  com.az.payment.mapper.RequestMapper - start Mapping Request .... ProcessRequest(id=1, serviceId=11, parameters=[RequestParameter[id=41, key=accountFrom, value=0103093800000021]], accountFrom=null)
2025-08-21 12:07:46 [http-nio-8040-exec-6] INFO  com.az.payment.mapper.RequestMapper - reqRrn : -1 : transactionID : 250821010010000026
2025-08-21 12:07:46 [http-nio-8040-exec-6] INFO  com.az.payment.mapper.RequestMapper - start Mapping Additional Request Data Such as fixed Value and transaction ID if available 
2025-08-21 12:07:46 [http-nio-8040-exec-6] INFO  com.az.payment.mapper.RequestMapper - end Mapping Request .... {"transactionID":"250821010010000026","accountNo":"0103093800000021"}
2025-08-21 12:07:46 [http-nio-8040-exec-6] INFO  com.az.payment.service.ClientApi - ClientAPi::CallService response: {"ibanNo":"SD3408010000353201","accName":"زاكى الدين بلال محمد محمد","transactionID":"250821010010000026","responseCode":0,"responseMessage":"Success"}
2025-08-21 12:07:47 [http-nio-8040-exec-6] INFO  c.az.payment.service.PaymentService - processing payment from account : 0103093800000021
2025-08-21 12:07:47 [http-nio-8040-exec-6] INFO  c.az.payment.service.PaymentService - bankMapedResponse : PaymentResponse(responseParams=null, finalStatus=1, isPayment=false, requestParams=null, responseCode=0, responseMessage=null, bankReference=250821010010000026)
2025-08-21 12:07:47 [http-nio-8040-exec-6] INFO  com.az.payment.service.ClientApi - ClientAPi::CallService response: {"responseCode":-33,"responseMessage":"Success","transactionId":"250821010010000026","Amount":1.0,"To_BBAN":"80111111112222","Tran_DateTime":"210825100747","NS_RRN":"25082101001000002647844"}
2025-08-21 12:07:47 [http-nio-8040-exec-6] INFO  c.az.payment.service.PaymentService - {"Tran_DateTime":"210825100747","Amount":1,"responseMessage":"Success","NS_RRN":"25082101001000002647844","transactionId":"250821010010000026","To_BBAN":"80111111112222","responseCode":-33}
2025-08-21 12:07:48 [http-nio-8040-exec-6] INFO  c.az.payment.service.PaymentService - #################### Biller Failed:Starting reverse process if the service isPayment
2025-08-21 12:07:49 [http-nio-8040-exec-6] ERROR c.az.payment.service.PaymentService - SYSTEM ERR: response Code -33 from biller 1 does not have equivalent definition 
2025-08-21 12:10:53 [http-nio-8040-exec-9] INFO  c.az.payment.service.PaymentService - inside PaymentService.processRequest
2025-08-21 12:10:53 [http-nio-8040-exec-9] INFO  c.az.payment.service.PaymentService - mobile request : ProcessRequest(id=1, serviceId=1, parameters=[RequestParameter[id=3, key=amount, value=1.0], RequestParameter[id=4, key=To_BBAN, value=80111111112222]], accountFrom=0103093800000021)
2025-08-21 12:10:54 [http-nio-8040-exec-9] INFO  c.az.payment.service.PaymentService - transactionLog Id : 17509 : rrn(250821010010000033)
2025-08-21 12:10:54 [http-nio-8040-exec-9] INFO  c.az.payment.service.PaymentService - PaymentService::processRequest Getting service By ID 1 ,,,, and locale en
2025-08-21 12:10:54 [http-nio-8040-exec-9] INFO  c.az.payment.service.ServiceService - ServiceService.findById  return service with id 1
2025-08-21 12:10:58 [http-nio-8040-exec-9] INFO  c.az.payment.service.PaymentService - PaymentService::processRequest found Service Named EBS Transfer: By Id 1
2025-08-21 12:10:58 [http-nio-8040-exec-9] INFO  com.az.payment.mapper.RequestMapper - start Mapping Request .... ProcessRequest(id=1, serviceId=1, parameters=[RequestParameter[id=3, key=amount, value=1.0], RequestParameter[id=4, key=To_BBAN, value=80111111112222]], accountFrom=0103093800000021)
2025-08-21 12:10:59 [http-nio-8040-exec-9] INFO  com.az.payment.mapper.RequestMapper - reqRrn : 5 : transactionId : 250821010010000033
2025-08-21 12:10:59 [http-nio-8040-exec-9] INFO  com.az.payment.mapper.RequestMapper - start Mapping Additional Request Data Such as fixed Value and transaction ID if available 
2025-08-21 12:10:59 [http-nio-8040-exec-9] INFO  com.az.payment.mapper.RequestMapper - Lang : fixed
2025-08-21 12:10:59 [http-nio-8040-exec-9] INFO  com.az.payment.mapper.RequestMapper - end Mapping Request .... {"Lang":"1","To_BBAN":"80111111112222","transactionId":"250821010010000033","Amount":1}
2025-08-21 12:10:59 [http-nio-8040-exec-9] INFO  c.az.payment.service.PaymentService - PaymentService::processRequest mapped  RequestDTO To JSON Object {"Lang":"1","To_BBAN":"80111111112222","transactionId":"250821010010000033","Amount":1}
2025-08-21 12:10:59 [http-nio-8040-exec-9] INFO  c.az.payment.service.ServiceService - ServiceService.findById  return service with id 11
2025-08-21 12:11:01 [http-nio-8040-exec-9] INFO  com.az.payment.mapper.RequestMapper - start Mapping Request .... ProcessRequest(id=1, serviceId=11, parameters=[RequestParameter[id=41, key=accountFrom, value=0103093800000021]], accountFrom=null)
2025-08-21 12:11:01 [http-nio-8040-exec-9] INFO  com.az.payment.mapper.RequestMapper - reqRrn : -1 : transactionID : 250821010010000033
2025-08-21 12:11:01 [http-nio-8040-exec-9] INFO  com.az.payment.mapper.RequestMapper - start Mapping Additional Request Data Such as fixed Value and transaction ID if available 
2025-08-21 12:11:01 [http-nio-8040-exec-9] INFO  com.az.payment.mapper.RequestMapper - end Mapping Request .... {"transactionID":"250821010010000033","accountNo":"0103093800000021"}
2025-08-21 12:11:01 [http-nio-8040-exec-9] INFO  com.az.payment.service.ClientApi - ClientAPi::CallService response: {"ibanNo":"SD3408010000353201","accName":"زاكى الدين بلال محمد محمد","transactionID":"250821010010000033","responseCode":0,"responseMessage":"Success"}
2025-08-21 12:11:01 [http-nio-8040-exec-9] INFO  c.az.payment.service.ServiceService - ServiceService.findById  return service with id 11
2025-08-21 12:11:01 [http-nio-8040-exec-9] INFO  com.az.payment.mapper.RequestMapper - start Mapping Request .... ProcessRequest(id=1, serviceId=11, parameters=[RequestParameter[id=41, key=accountFrom, value=0103093800000021]], accountFrom=null)
2025-08-21 12:11:01 [http-nio-8040-exec-9] INFO  com.az.payment.mapper.RequestMapper - reqRrn : -1 : transactionID : 250821010010000033
2025-08-21 12:11:01 [http-nio-8040-exec-9] INFO  com.az.payment.mapper.RequestMapper - start Mapping Additional Request Data Such as fixed Value and transaction ID if available 
2025-08-21 12:11:01 [http-nio-8040-exec-9] INFO  com.az.payment.mapper.RequestMapper - end Mapping Request .... {"transactionID":"250821010010000033","accountNo":"0103093800000021"}
2025-08-21 12:11:01 [http-nio-8040-exec-9] INFO  com.az.payment.service.ClientApi - ClientAPi::CallService response: {"ibanNo":"SD3408010000353201","accName":"زاكى الدين بلال محمد محمد","transactionID":"250821010010000033","responseCode":0,"responseMessage":"Success"}
2025-08-21 12:11:02 [http-nio-8040-exec-9] INFO  c.az.payment.service.PaymentService - processing payment from account : 0103093800000021
2025-08-21 12:11:02 [http-nio-8040-exec-9] INFO  c.az.payment.service.PaymentService - bankMapedResponse : PaymentResponse(responseParams=null, finalStatus=1, isPayment=false, requestParams=null, responseCode=0, responseMessage=null, bankReference=250821010010000033)
2025-08-21 12:11:02 [http-nio-8040-exec-9] INFO  com.az.payment.service.ClientApi - ClientAPi::CallService response: {"responseCode":90,"responseMessage":"Success","transactionId":"250821010010000033","Amount":1.0,"To_BBAN":"80111111112222","Tran_DateTime":"210825101102","NS_RRN":"25082101001000003302687"}
2025-08-21 12:11:02 [http-nio-8040-exec-9] INFO  c.az.payment.service.PaymentService - {"Tran_DateTime":"210825101102","Amount":1,"responseMessage":"Success","NS_RRN":"25082101001000003302687","transactionId":"250821010010000033","To_BBAN":"80111111112222","responseCode":90}
2025-08-21 12:11:03 [http-nio-8040-exec-9] INFO  c.az.payment.service.PaymentService - #################### Biller Failed:Starting reverse process if the service isPayment
2025-08-21 12:11:04 [http-nio-8040-exec-9] ERROR c.az.payment.service.PaymentService - SYSTEM ERR: response Code 90 from biller 1 does not have equivalent definition 
2025-08-21 12:12:31 [http-nio-8040-exec-1] INFO  c.az.payment.service.PaymentService - inside PaymentService.processRequest
2025-08-21 12:12:31 [http-nio-8040-exec-1] INFO  c.az.payment.service.PaymentService - mobile request : ProcessRequest(id=1, serviceId=1, parameters=[RequestParameter[id=3, key=amount, value=1.0], RequestParameter[id=4, key=To_BBAN, value=80111111112222]], accountFrom=0103093800000021)
2025-08-21 12:12:31 [http-nio-8040-exec-1] INFO  c.az.payment.service.PaymentService - transactionLog Id : 17510 : rrn(250821010010000040)
2025-08-21 12:12:31 [http-nio-8040-exec-1] INFO  c.az.payment.service.PaymentService - PaymentService::processRequest Getting service By ID 1 ,,,, and locale en
2025-08-21 12:12:31 [http-nio-8040-exec-1] INFO  c.az.payment.service.ServiceService - ServiceService.findById  return service with id 1
2025-08-21 12:12:35 [http-nio-8040-exec-1] INFO  c.az.payment.service.PaymentService - PaymentService::processRequest found Service Named EBS Transfer: By Id 1
2025-08-21 12:12:35 [http-nio-8040-exec-1] INFO  com.az.payment.mapper.RequestMapper - start Mapping Request .... ProcessRequest(id=1, serviceId=1, parameters=[RequestParameter[id=3, key=amount, value=1.0], RequestParameter[id=4, key=To_BBAN, value=80111111112222]], accountFrom=0103093800000021)
2025-08-21 12:12:36 [http-nio-8040-exec-1] INFO  com.az.payment.mapper.RequestMapper - reqRrn : 5 : transactionId : 250821010010000040
2025-08-21 12:12:36 [http-nio-8040-exec-1] INFO  com.az.payment.mapper.RequestMapper - start Mapping Additional Request Data Such as fixed Value and transaction ID if available 
2025-08-21 12:12:36 [http-nio-8040-exec-1] INFO  com.az.payment.mapper.RequestMapper - Lang : fixed
2025-08-21 12:12:36 [http-nio-8040-exec-1] INFO  com.az.payment.mapper.RequestMapper - end Mapping Request .... {"Lang":"1","To_BBAN":"80111111112222","transactionId":"250821010010000040","Amount":1}
2025-08-21 12:12:36 [http-nio-8040-exec-1] INFO  c.az.payment.service.PaymentService - PaymentService::processRequest mapped  RequestDTO To JSON Object {"Lang":"1","To_BBAN":"80111111112222","transactionId":"250821010010000040","Amount":1}
2025-08-21 12:12:37 [http-nio-8040-exec-1] INFO  c.az.payment.service.ServiceService - ServiceService.findById  return service with id 11
2025-08-21 12:12:38 [http-nio-8040-exec-1] INFO  com.az.payment.mapper.RequestMapper - start Mapping Request .... ProcessRequest(id=1, serviceId=11, parameters=[RequestParameter[id=41, key=accountFrom, value=0103093800000021]], accountFrom=null)
2025-08-21 12:12:38 [http-nio-8040-exec-1] INFO  com.az.payment.mapper.RequestMapper - reqRrn : -1 : transactionID : 250821010010000040
2025-08-21 12:12:38 [http-nio-8040-exec-1] INFO  com.az.payment.mapper.RequestMapper - start Mapping Additional Request Data Such as fixed Value and transaction ID if available 
2025-08-21 12:12:38 [http-nio-8040-exec-1] INFO  com.az.payment.mapper.RequestMapper - end Mapping Request .... {"transactionID":"250821010010000040","accountNo":"0103093800000021"}
2025-08-21 12:12:38 [http-nio-8040-exec-1] INFO  com.az.payment.service.ClientApi - ClientAPi::CallService response: {"ibanNo":"SD3408010000353201","accName":"زاكى الدين بلال محمد محمد","transactionID":"250821010010000040","responseCode":0,"responseMessage":"Success"}
2025-08-21 12:12:38 [http-nio-8040-exec-1] INFO  c.az.payment.service.ServiceService - ServiceService.findById  return service with id 11
2025-08-21 12:12:38 [http-nio-8040-exec-1] INFO  com.az.payment.mapper.RequestMapper - start Mapping Request .... ProcessRequest(id=1, serviceId=11, parameters=[RequestParameter[id=41, key=accountFrom, value=0103093800000021]], accountFrom=null)
2025-08-21 12:12:38 [http-nio-8040-exec-1] INFO  com.az.payment.mapper.RequestMapper - reqRrn : -1 : transactionID : 250821010010000040
2025-08-21 12:12:38 [http-nio-8040-exec-1] INFO  com.az.payment.mapper.RequestMapper - start Mapping Additional Request Data Such as fixed Value and transaction ID if available 
2025-08-21 12:12:38 [http-nio-8040-exec-1] INFO  com.az.payment.mapper.RequestMapper - end Mapping Request .... {"transactionID":"250821010010000040","accountNo":"0103093800000021"}
2025-08-21 12:12:38 [http-nio-8040-exec-1] INFO  com.az.payment.service.ClientApi - ClientAPi::CallService response: {"ibanNo":"SD3408010000353201","accName":"زاكى الدين بلال محمد محمد","transactionID":"250821010010000040","responseCode":0,"responseMessage":"Success"}
2025-08-21 12:12:39 [http-nio-8040-exec-1] INFO  c.az.payment.service.PaymentService - processing payment from account : 0103093800000021
2025-08-21 12:12:39 [http-nio-8040-exec-1] INFO  c.az.payment.service.PaymentService - bankMapedResponse : PaymentResponse(responseParams=null, finalStatus=1, isPayment=false, requestParams=null, responseCode=0, responseMessage=null, bankReference=250821010010000040)
2025-08-21 12:12:39 [http-nio-8040-exec-1] INFO  com.az.payment.service.ClientApi - ClientAPi::CallService response: {"responseCode":71,"responseMessage":"Success","transactionId":"250821010010000040","Amount":1.0,"To_BBAN":"80111111112222","Tran_DateTime":"210825101239","NS_RRN":"25082101001000004039907"}
2025-08-21 12:12:39 [http-nio-8040-exec-1] INFO  c.az.payment.service.PaymentService - {"Tran_DateTime":"210825101239","Amount":1,"responseMessage":"Success","NS_RRN":"25082101001000004039907","transactionId":"250821010010000040","To_BBAN":"80111111112222","responseCode":71}
2025-08-21 12:12:40 [http-nio-8040-exec-1] INFO  c.az.payment.service.PaymentService - #################### Biller Failed:Starting reverse process if the service isPayment
2025-08-21 12:12:41 [http-nio-8040-exec-1] INFO  c.az.payment.service.PaymentService - PaymentResponse(responseParams=null, finalStatus=-1, isPayment=false, requestParams=null, responseCode=10, responseMessage=Contact Account issuer, bankReference=250821010010000040)
