2025-05-20 15:04:10 [main] INFO  com.az.payment.PaymentApplication - Starting PaymentApplication using Java 17.0.12 with PID 2380 (D:\____WorkSpace\AZ\code backups\e-payment_5_5_2025\payment\target\classes started by HP in D:\____WorkSpace\AZ\code backups\e-payment_5_5_2025\payment)
2025-05-20 15:04:10 [main] DEBUG com.az.payment.PaymentApplication - Running with Spring Boot v3.3.0, Spring v6.1.8
2025-05-20 15:04:10 [main] INFO  com.az.payment.PaymentApplication - No active profile set, falling back to 1 default profile: "default"
2025-05-20 15:04:22 [main] INFO  com.az.payment.PaymentApplication - Started PaymentApplication in 12.474 seconds (process running for 13.119)
2025-05-20 15:06:11 [http-nio-8040-exec-1] INFO  c.az.payment.service.PaymentService - inside PaymentService.processRequest
2025-05-20 15:06:11 [http-nio-8040-exec-1] INFO  c.az.payment.service.PaymentService - PaymentService::processRequest Getting service By ID 4 ,,,, and locale en
2025-05-20 15:06:11 [http-nio-8040-exec-1] INFO  c.az.payment.service.ServiceService - ServiceService.findById  return service with id 4
2025-05-20 15:06:13 [http-nio-8040-exec-1] INFO  c.az.payment.service.PaymentService - PaymentService::processRequest found Service Named Sudani TopUp: By Id 4
2025-05-20 15:06:13 [http-nio-8040-exec-1] INFO  c.az.payment.service.PaymentService - bankMapedResponse : PaymentResponse(responseParams=null, finalStatus=1, isPayment=false, requestParams=null, responseCode=0, responseMessage=null, bankReference=25052000211516)
2025-05-20 15:06:13 [http-nio-8040-exec-1] INFO  com.az.payment.mapper.RequestMapper - reqRrn : 25 : Merchant_Ref : 25052000211516
2025-05-20 15:06:13 [http-nio-8040-exec-1] INFO  com.az.payment.mapper.RequestMapper - start Validating request .... ProcessRequest(id=2, serviceId=4, parameters=[RequestParameter[id=22, key=mobile, value=0120155425], RequestParameter[id=24, key=amount, value=1], RequestParameter[id=25, key=Merchant_Ref, value=25052000211516]], accountFrom=0103093800000021)
2025-05-20 15:06:13 [http-nio-8040-exec-1] INFO  com.az.payment.utils.Validation - Validating request
2025-05-20 15:06:13 [http-nio-8040-exec-1] INFO  c.az.payment.service.ServiceService - ServiceService.findParameterByServiceId  ServiceID : 4
2025-05-20 15:06:13 [http-nio-8040-exec-1] INFO  c.az.payment.service.ServiceService - inside stream getting parameterId 39 and true and true and true
2025-05-20 15:06:13 [http-nio-8040-exec-1] INFO  c.az.payment.service.ServiceService - inside stream getting parameterId 24 and true and false and true
2025-05-20 15:06:13 [http-nio-8040-exec-1] INFO  c.az.payment.service.ServiceService - inside stream getting parameterId 22 and true and false and true
2025-05-20 15:06:13 [http-nio-8040-exec-1] INFO  c.az.payment.service.ServiceService - inside stream getting parameterId 25 and true and true and true
2025-05-20 15:06:13 [http-nio-8040-exec-1] INFO  com.az.payment.utils.Validation - Validating request parameters in request against actual parameters counts  2
2025-05-20 15:06:13 [http-nio-8040-exec-1] INFO  com.az.payment.utils.Validation - Found 2 parameters in request ,,,against actual parameters counts  2
2025-05-20 15:06:13 [http-nio-8040-exec-1] INFO  com.az.payment.utils.Validation - Validating parameter mobile ::: with value 0120155425
2025-05-20 15:06:13 [http-nio-8040-exec-1] INFO  c.a.payment.service.ParameterService - ParameterService::findById  Find parameter by id 22
2025-05-20 15:06:13 [http-nio-8040-exec-1] INFO  com.az.payment.utils.Validation - Validating parameter amount ::: with value 1
2025-05-20 15:06:13 [http-nio-8040-exec-1] INFO  c.a.payment.service.ParameterService - ParameterService::findById  Find parameter by id 24
2025-05-20 15:06:13 [http-nio-8040-exec-1] INFO  com.az.payment.utils.Validation - Validating parameter Merchant_Ref ::: with value 25052000211516
2025-05-20 15:06:13 [http-nio-8040-exec-1] INFO  c.a.payment.service.ParameterService - ParameterService::findById  Find parameter by id 25
2025-05-20 15:06:13 [http-nio-8040-exec-1] INFO  com.az.payment.utils.Validation - Validation::validateRequest After validating params against its definition 
2025-05-20 15:06:13 [http-nio-8040-exec-1] INFO  com.az.payment.mapper.RequestMapper - end Validating request .... ProcessRequest(id=2, serviceId=4, parameters=[RequestParameter[id=22, key=mobile, value=0120155425], RequestParameter[id=24, key=amount, value=1], RequestParameter[id=25, key=Merchant_Ref, value=25052000211516]], accountFrom=0103093800000021)
2025-05-20 15:06:13 [http-nio-8040-exec-1] INFO  com.az.payment.mapper.RequestMapper - start Mapping Request .... ProcessRequest(id=2, serviceId=4, parameters=[RequestParameter[id=22, key=mobile, value=0120155425], RequestParameter[id=24, key=amount, value=1], RequestParameter[id=25, key=Merchant_Ref, value=25052000211516]], accountFrom=0103093800000021)
2025-05-20 15:06:13 [http-nio-8040-exec-1] INFO  com.az.payment.mapper.RequestMapper - service : com.az.payment.domain.Service@116e540
2025-05-20 15:06:13 [http-nio-8040-exec-1] INFO  com.az.payment.mapper.RequestMapper - start Mapping Additional Request Data Such as fixed Value and transaction ID if available 
2025-05-20 15:06:13 [http-nio-8040-exec-1] INFO  com.az.payment.mapper.RequestMapper - inside stream getting parameterId 39 and false and true and false
2025-05-20 15:06:13 [http-nio-8040-exec-1] INFO  com.az.payment.mapper.RequestMapper - inside stream getting parameterId 24 and false and false and false
2025-05-20 15:06:13 [http-nio-8040-exec-1] INFO  com.az.payment.mapper.RequestMapper - inside stream getting parameterId 22 and false and false and false
2025-05-20 15:06:13 [http-nio-8040-exec-1] INFO  com.az.payment.mapper.RequestMapper - inside stream getting parameterId 25 and false and true and false
2025-05-20 15:06:13 [http-nio-8040-exec-1] INFO  com.az.payment.mapper.RequestMapper - inside toJsonFIeld true
2025-05-20 15:06:13 [http-nio-8040-exec-1] INFO  com.az.payment.mapper.RequestMapper - end Mapping Request .... {"MDN":120155425,"Merchant_Ref":"25052000211516","Amount":1}
2025-05-20 15:06:13 [http-nio-8040-exec-1] INFO  c.az.payment.service.PaymentService - PaymentService::processRequest mapped  RequestDTO To JSON Object {"MDN":120155425,"Merchant_Ref":"25052000211516","Amount":1}
2025-05-20 15:06:14 [http-nio-8040-exec-1] INFO  c.az.payment.service.PaymentService - transactionLog.getId().toString() : 4952
2025-05-20 15:06:15 [http-nio-8040-exec-1] INFO  com.az.payment.service.ClientApi - ClientAPi::CallService response: {"RCode":"0","RDesc_en":"Operation Completed Successfully.","RDesc_ar":"تمت العملية بنجاح","MDN":"120155425"}
2025-05-20 15:06:15 [http-nio-8040-exec-1] INFO  c.az.payment.service.PaymentService - {"RDesc_en":"Operation Completed Successfully.","MDN":"120155425","RDesc_ar":"تمت العملية بنجاح","RCode":"0"}
2025-05-20 15:06:16 [http-nio-8040-exec-1] INFO  c.az.payment.service.PaymentService - PaymentService::processResponse  Response returned From restApi {"RDesc_en":"Operation Completed Successfully.","MDN":"120155425","RDesc_ar":"تمت العملية بنجاح","RCode":"0"}
2025-05-20 15:06:16 [http-nio-8040-exec-1] INFO  com.az.payment.utils.Validation - Validation::validateResponse Validating response  ,,, apiResponse = {"RDesc_en":"Operation Completed Successfully.","MDN":"120155425","RDesc_ar":"تمت العملية بنجاح","RCode":"0"},,,, for service ID 4 , with name Sudani TopUp
2025-05-20 15:06:16 [http-nio-8040-exec-1] INFO  c.az.payment.service.ServiceService - ServiceService.findResponseParameterByServiceId  ServiceID : 4
2025-05-20 15:06:16 [http-nio-8040-exec-1] INFO  com.az.payment.utils.Validation - parameter in List is RCode,,,, first check false , second check false 
2025-05-20 15:06:17 [http-nio-8040-exec-1] INFO  com.az.payment.utils.Validation - parameter in List is Amount,,,, first check false , second check false 
2025-05-20 15:06:17 [http-nio-8040-exec-1] INFO  com.az.payment.utils.Validation - parameter in List is MDN,,,, first check true , second check true 
2025-05-20 15:06:17 [http-nio-8040-exec-1] INFO  com.az.payment.utils.Validation - parameter in List is Merchant_Ref,,,, first check false , second check false 
2025-05-20 15:44:46 [main] INFO  com.az.payment.PaymentApplication - Starting PaymentApplication using Java 17.0.12 with PID 8664 (D:\____WorkSpace\AZ\code backups\e-payment_5_5_2025\payment\target\classes started by HP in D:\____WorkSpace\AZ\code backups\e-payment_5_5_2025\payment)
2025-05-20 15:44:46 [main] DEBUG com.az.payment.PaymentApplication - Running with Spring Boot v3.3.0, Spring v6.1.8
2025-05-20 15:44:46 [main] INFO  com.az.payment.PaymentApplication - No active profile set, falling back to 1 default profile: "default"
2025-05-20 15:44:57 [main] INFO  com.az.payment.PaymentApplication - Started PaymentApplication in 10.986 seconds (process running for 11.519)
2025-05-20 15:47:54 [http-nio-8040-exec-2] INFO  c.az.payment.service.PaymentService - inside PaymentService.processRequest
2025-05-20 15:47:54 [http-nio-8040-exec-2] INFO  c.az.payment.service.PaymentService - PaymentService::processRequest Getting service By ID 4 ,,,, and locale en
2025-05-20 15:47:54 [http-nio-8040-exec-2] INFO  c.az.payment.service.ServiceService - ServiceService.findById  return service with id 4
2025-05-20 15:47:55 [http-nio-8040-exec-2] INFO  c.az.payment.service.PaymentService - PaymentService::processRequest found Service Named Sudani TopUp: By Id 4
2025-05-20 15:47:56 [http-nio-8040-exec-2] INFO  c.az.payment.service.PaymentService - bankMapedResponse : PaymentResponse(responseParams=null, finalStatus=1, isPayment=false, requestParams=null, responseCode=0, responseMessage=null, bankReference=25052000254295)
2025-05-20 15:47:56 [http-nio-8040-exec-2] INFO  com.az.payment.mapper.RequestMapper - reqRrn : 25 : Merchant_Ref : 25052000254295
2025-05-20 15:47:56 [http-nio-8040-exec-2] INFO  com.az.payment.mapper.RequestMapper - start Validating request .... ProcessRequest(id=2, serviceId=4, parameters=[RequestParameter[id=22, key=mobile, value=0120155425], RequestParameter[id=24, key=amount, value=1], RequestParameter[id=25, key=Merchant_Ref, value=25052000254295]], accountFrom=0103093800000021)
2025-05-20 15:47:56 [http-nio-8040-exec-2] INFO  com.az.payment.utils.Validation - Validating request
2025-05-20 15:47:56 [http-nio-8040-exec-2] INFO  c.az.payment.service.ServiceService - ServiceService.findParameterByServiceId  ServiceID : 4
2025-05-20 15:47:56 [http-nio-8040-exec-2] INFO  c.az.payment.service.ServiceService - inside stream getting parameterId 39 and true and true and true
2025-05-20 15:47:56 [http-nio-8040-exec-2] INFO  c.az.payment.service.ServiceService - inside stream getting parameterId 24 and true and false and true
2025-05-20 15:47:56 [http-nio-8040-exec-2] INFO  c.az.payment.service.ServiceService - inside stream getting parameterId 22 and true and false and true
2025-05-20 15:47:56 [http-nio-8040-exec-2] INFO  c.az.payment.service.ServiceService - inside stream getting parameterId 25 and false and true and true
2025-05-20 15:47:56 [http-nio-8040-exec-2] INFO  com.az.payment.utils.Validation - Validating request parameters in request against actual parameters counts  2
2025-05-20 15:47:56 [http-nio-8040-exec-2] INFO  com.az.payment.utils.Validation - Found 2 parameters in request ,,,against actual parameters counts  2
2025-05-20 15:47:56 [http-nio-8040-exec-2] INFO  com.az.payment.utils.Validation - Validating parameter mobile ::: with value 0120155425
2025-05-20 15:47:56 [http-nio-8040-exec-2] INFO  c.a.payment.service.ParameterService - ParameterService::findById  Find parameter by id 22
2025-05-20 15:47:56 [http-nio-8040-exec-2] INFO  com.az.payment.utils.Validation - Validating parameter amount ::: with value 1
2025-05-20 15:47:56 [http-nio-8040-exec-2] INFO  c.a.payment.service.ParameterService - ParameterService::findById  Find parameter by id 24
2025-05-20 15:47:56 [http-nio-8040-exec-2] INFO  com.az.payment.utils.Validation - Validating parameter Merchant_Ref ::: with value 25052000254295
2025-05-20 15:47:56 [http-nio-8040-exec-2] INFO  c.a.payment.service.ParameterService - ParameterService::findById  Find parameter by id 25
2025-05-20 15:47:56 [http-nio-8040-exec-2] INFO  com.az.payment.utils.Validation - Validation::validateRequest After validating params against its definition 
2025-05-20 15:47:56 [http-nio-8040-exec-2] INFO  com.az.payment.mapper.RequestMapper - end Validating request .... ProcessRequest(id=2, serviceId=4, parameters=[RequestParameter[id=22, key=mobile, value=0120155425], RequestParameter[id=24, key=amount, value=1], RequestParameter[id=25, key=Merchant_Ref, value=25052000254295]], accountFrom=0103093800000021)
2025-05-20 15:47:56 [http-nio-8040-exec-2] INFO  com.az.payment.mapper.RequestMapper - start Mapping Request .... ProcessRequest(id=2, serviceId=4, parameters=[RequestParameter[id=22, key=mobile, value=0120155425], RequestParameter[id=24, key=amount, value=1], RequestParameter[id=25, key=Merchant_Ref, value=25052000254295]], accountFrom=0103093800000021)
2025-05-20 15:47:56 [http-nio-8040-exec-2] INFO  com.az.payment.mapper.RequestMapper - service : com.az.payment.domain.Service@7a1427b7
2025-05-20 15:47:56 [http-nio-8040-exec-2] INFO  com.az.payment.mapper.RequestMapper - start Mapping Additional Request Data Such as fixed Value and transaction ID if available 
2025-05-20 15:47:56 [http-nio-8040-exec-2] INFO  com.az.payment.mapper.RequestMapper - inside stream getting parameterId 39 and false and true and false
2025-05-20 15:47:56 [http-nio-8040-exec-2] INFO  com.az.payment.mapper.RequestMapper - inside stream getting parameterId 24 and false and false and false
2025-05-20 15:47:56 [http-nio-8040-exec-2] INFO  com.az.payment.mapper.RequestMapper - inside stream getting parameterId 22 and false and false and false
2025-05-20 15:47:56 [http-nio-8040-exec-2] INFO  com.az.payment.mapper.RequestMapper - inside stream getting parameterId 25 and true and true and false
2025-05-20 15:47:56 [http-nio-8040-exec-2] INFO  com.az.payment.mapper.RequestMapper - inside toJsonFIeld true
2025-05-20 16:25:02 [main] INFO  com.az.payment.PaymentApplication - Starting PaymentApplication using Java 17.0.12 with PID 18172 (D:\____WorkSpace\AZ\code backups\e-payment_5_5_2025\payment\target\classes started by HP in D:\____WorkSpace\AZ\code backups\e-payment_5_5_2025\payment)
2025-05-20 16:25:02 [main] DEBUG com.az.payment.PaymentApplication - Running with Spring Boot v3.3.0, Spring v6.1.8
2025-05-20 16:25:02 [main] INFO  com.az.payment.PaymentApplication - No active profile set, falling back to 1 default profile: "default"
2025-05-20 16:25:14 [main] INFO  com.az.payment.PaymentApplication - Started PaymentApplication in 12.13 seconds (process running for 12.692)
2025-05-20 16:25:42 [http-nio-8040-exec-2] INFO  c.az.payment.service.PaymentService - inside PaymentService.processRequest
2025-05-20 16:25:42 [http-nio-8040-exec-2] INFO  c.az.payment.service.PaymentService - PaymentService::processRequest Getting service By ID 4 ,,,, and locale en
2025-05-20 16:25:42 [http-nio-8040-exec-2] INFO  c.az.payment.service.ServiceService - ServiceService.findById  return service with id 4
2025-05-20 16:25:44 [http-nio-8040-exec-2] INFO  c.az.payment.service.PaymentService - PaymentService::processRequest found Service Named Sudani TopUp: By Id 4
2025-05-20 16:25:45 [http-nio-8040-exec-2] INFO  c.az.payment.service.PaymentService - bankMapedResponse : PaymentResponse(responseParams=null, finalStatus=1, isPayment=false, requestParams=null, responseCode=0, responseMessage=null, bankReference=25052000242921)
2025-05-20 16:25:46 [http-nio-8040-exec-2] INFO  com.az.payment.mapper.RequestMapper - reqRrn : 25 : Merchant_Ref : 25052000242921
2025-05-20 16:25:46 [http-nio-8040-exec-2] INFO  com.az.payment.mapper.RequestMapper - start Validating request .... ProcessRequest(id=2, serviceId=4, parameters=[RequestParameter[id=22, key=mobile, value=0120155425], RequestParameter[id=24, key=amount, value=1], RequestParameter[id=25, key=Merchant_Ref, value=25052000242921]], accountFrom=0103093800000021)
2025-05-20 16:25:46 [http-nio-8040-exec-2] INFO  com.az.payment.utils.Validation - Validating request
2025-05-20 16:25:46 [http-nio-8040-exec-2] INFO  c.az.payment.service.ServiceService - ServiceService.findParameterByServiceId  ServiceID : 4
2025-05-20 16:25:46 [http-nio-8040-exec-2] INFO  c.az.payment.service.ServiceService - inside stream getting parameterId 39 and true and true and true
2025-05-20 16:25:46 [http-nio-8040-exec-2] INFO  c.az.payment.service.ServiceService - inside stream getting parameterId 24 and true and false and true
2025-05-20 16:25:46 [http-nio-8040-exec-2] INFO  c.az.payment.service.ServiceService - inside stream getting parameterId 22 and true and false and true
2025-05-20 16:25:46 [http-nio-8040-exec-2] INFO  c.az.payment.service.ServiceService - inside stream getting parameterId 25 and false and true and true
2025-05-20 16:25:46 [http-nio-8040-exec-2] INFO  com.az.payment.utils.Validation - Validating request parameters in request against actual parameters counts  2
2025-05-20 16:25:46 [http-nio-8040-exec-2] INFO  com.az.payment.utils.Validation - Found 2 parameters in request ,,,against actual parameters counts  2
2025-05-20 16:25:46 [http-nio-8040-exec-2] INFO  com.az.payment.utils.Validation - Validating parameter mobile ::: with value 0120155425
2025-05-20 16:25:46 [http-nio-8040-exec-2] INFO  c.a.payment.service.ParameterService - ParameterService::findById  Find parameter by id 22
2025-05-20 16:25:46 [http-nio-8040-exec-2] INFO  com.az.payment.utils.Validation - Validating parameter amount ::: with value 1
2025-05-20 16:25:46 [http-nio-8040-exec-2] INFO  c.a.payment.service.ParameterService - ParameterService::findById  Find parameter by id 24
2025-05-20 16:25:46 [http-nio-8040-exec-2] INFO  com.az.payment.utils.Validation - Validating parameter Merchant_Ref ::: with value 25052000242921
2025-05-20 16:25:46 [http-nio-8040-exec-2] INFO  c.a.payment.service.ParameterService - ParameterService::findById  Find parameter by id 25
2025-05-20 16:25:46 [http-nio-8040-exec-2] INFO  com.az.payment.utils.Validation - Validation::validateRequest After validating params against its definition 
2025-05-20 16:25:46 [http-nio-8040-exec-2] INFO  com.az.payment.mapper.RequestMapper - end Validating request .... ProcessRequest(id=2, serviceId=4, parameters=[RequestParameter[id=22, key=mobile, value=0120155425], RequestParameter[id=24, key=amount, value=1], RequestParameter[id=25, key=Merchant_Ref, value=25052000242921]], accountFrom=0103093800000021)
2025-05-20 16:25:46 [http-nio-8040-exec-2] INFO  com.az.payment.mapper.RequestMapper - start Mapping Request .... ProcessRequest(id=2, serviceId=4, parameters=[RequestParameter[id=22, key=mobile, value=0120155425], RequestParameter[id=24, key=amount, value=1], RequestParameter[id=25, key=Merchant_Ref, value=25052000242921]], accountFrom=0103093800000021)
2025-05-20 16:25:46 [http-nio-8040-exec-2] INFO  com.az.payment.mapper.RequestMapper - service : com.az.payment.domain.Service@7091af0c
2025-05-20 16:25:46 [http-nio-8040-exec-2] INFO  com.az.payment.mapper.RequestMapper - start Mapping Additional Request Data Such as fixed Value and transaction ID if available 
2025-05-20 16:25:46 [http-nio-8040-exec-2] INFO  com.az.payment.mapper.RequestMapper - inside stream getting parameterId 39 and false and true and false
2025-05-20 16:25:46 [http-nio-8040-exec-2] INFO  com.az.payment.mapper.RequestMapper - inside stream getting parameterId 24 and false and false and false
2025-05-20 16:25:46 [http-nio-8040-exec-2] INFO  com.az.payment.mapper.RequestMapper - inside stream getting parameterId 22 and false and false and false
2025-05-20 16:25:46 [http-nio-8040-exec-2] INFO  com.az.payment.mapper.RequestMapper - inside stream getting parameterId 25 and true and true and false
2025-05-20 16:25:46 [http-nio-8040-exec-2] INFO  com.az.payment.mapper.RequestMapper - inside toJsonFIeld true
2025-05-20 16:29:25 [main] INFO  com.az.payment.PaymentApplication - Starting PaymentApplication using Java 17.0.12 with PID 7368 (D:\____WorkSpace\AZ\code backups\e-payment_5_5_2025\payment\target\classes started by HP in D:\____WorkSpace\AZ\code backups\e-payment_5_5_2025\payment)
2025-05-20 16:29:25 [main] DEBUG com.az.payment.PaymentApplication - Running with Spring Boot v3.3.0, Spring v6.1.8
2025-05-20 16:29:25 [main] INFO  com.az.payment.PaymentApplication - No active profile set, falling back to 1 default profile: "default"
2025-05-20 16:29:35 [main] INFO  com.az.payment.PaymentApplication - Started PaymentApplication in 11.082 seconds (process running for 11.61)
2025-05-20 16:29:42 [http-nio-8040-exec-2] INFO  c.az.payment.service.PaymentService - inside PaymentService.processRequest
2025-05-20 16:29:42 [http-nio-8040-exec-2] INFO  c.az.payment.service.PaymentService - PaymentService::processRequest Getting service By ID 4 ,,,, and locale en
2025-05-20 16:29:42 [http-nio-8040-exec-2] INFO  c.az.payment.service.ServiceService - ServiceService.findById  return service with id 4
2025-05-20 16:29:45 [http-nio-8040-exec-2] INFO  c.az.payment.service.PaymentService - PaymentService::processRequest found Service Named Sudani TopUp: By Id 4
2025-05-20 16:29:45 [http-nio-8040-exec-2] INFO  c.az.payment.service.PaymentService - bankMapedResponse : PaymentResponse(responseParams=null, finalStatus=1, isPayment=false, requestParams=null, responseCode=0, responseMessage=null, bankReference=25052000242974)
2025-05-20 16:29:45 [http-nio-8040-exec-2] INFO  com.az.payment.mapper.RequestMapper - reqRrn : 25 : Merchant_Ref : 25052000242974
2025-05-20 16:29:45 [http-nio-8040-exec-2] INFO  com.az.payment.mapper.RequestMapper - start Validating request .... ProcessRequest(id=2, serviceId=4, parameters=[RequestParameter[id=22, key=mobile, value=0120155425], RequestParameter[id=24, key=amount, value=1], RequestParameter[id=25, key=Merchant_Ref, value=25052000242974]], accountFrom=0103093800000021)
2025-05-20 16:29:45 [http-nio-8040-exec-2] INFO  com.az.payment.utils.Validation - Validating request
2025-05-20 16:29:45 [http-nio-8040-exec-2] INFO  c.az.payment.service.ServiceService - ServiceService.findParameterByServiceId  ServiceID : 4
2025-05-20 16:29:45 [http-nio-8040-exec-2] INFO  c.az.payment.service.ServiceService - inside stream getting parameterId 39 and true and true and true
2025-05-20 16:29:45 [http-nio-8040-exec-2] INFO  c.az.payment.service.ServiceService - inside stream getting parameterId 24 and true and false and true
2025-05-20 16:29:45 [http-nio-8040-exec-2] INFO  c.az.payment.service.ServiceService - inside stream getting parameterId 22 and true and false and true
2025-05-20 16:29:45 [http-nio-8040-exec-2] INFO  c.az.payment.service.ServiceService - inside stream getting parameterId 25 and false and true and true
2025-05-20 16:29:45 [http-nio-8040-exec-2] INFO  com.az.payment.utils.Validation - Validating request parameters in request against actual parameters counts  2
2025-05-20 16:29:45 [http-nio-8040-exec-2] INFO  com.az.payment.utils.Validation - Found 2 parameters in request ,,,against actual parameters counts  2
2025-05-20 16:29:45 [http-nio-8040-exec-2] INFO  com.az.payment.utils.Validation - Validating parameter mobile ::: with value 0120155425
2025-05-20 16:29:45 [http-nio-8040-exec-2] INFO  c.a.payment.service.ParameterService - ParameterService::findById  Find parameter by id 22
2025-05-20 16:29:45 [http-nio-8040-exec-2] INFO  com.az.payment.utils.Validation - Validating parameter amount ::: with value 1
2025-05-20 16:29:45 [http-nio-8040-exec-2] INFO  c.a.payment.service.ParameterService - ParameterService::findById  Find parameter by id 24
2025-05-20 16:29:45 [http-nio-8040-exec-2] INFO  com.az.payment.utils.Validation - Validating parameter Merchant_Ref ::: with value 25052000242974
2025-05-20 16:29:45 [http-nio-8040-exec-2] INFO  c.a.payment.service.ParameterService - ParameterService::findById  Find parameter by id 25
2025-05-20 16:29:45 [http-nio-8040-exec-2] INFO  com.az.payment.utils.Validation - Validation::validateRequest After validating params against its definition 
2025-05-20 16:29:45 [http-nio-8040-exec-2] INFO  com.az.payment.mapper.RequestMapper - end Validating request .... ProcessRequest(id=2, serviceId=4, parameters=[RequestParameter[id=22, key=mobile, value=0120155425], RequestParameter[id=24, key=amount, value=1], RequestParameter[id=25, key=Merchant_Ref, value=25052000242974]], accountFrom=0103093800000021)
2025-05-20 16:29:45 [http-nio-8040-exec-2] INFO  com.az.payment.mapper.RequestMapper - start Mapping Request .... ProcessRequest(id=2, serviceId=4, parameters=[RequestParameter[id=22, key=mobile, value=0120155425], RequestParameter[id=24, key=amount, value=1], RequestParameter[id=25, key=Merchant_Ref, value=25052000242974]], accountFrom=0103093800000021)
2025-05-20 16:29:45 [http-nio-8040-exec-2] INFO  com.az.payment.mapper.RequestMapper - service : com.az.payment.domain.Service@64b0a64
2025-05-20 16:29:45 [http-nio-8040-exec-2] INFO  com.az.payment.mapper.RequestMapper - start Mapping Additional Request Data Such as fixed Value and transaction ID if available 
2025-05-20 16:29:45 [http-nio-8040-exec-2] INFO  com.az.payment.mapper.RequestMapper - inside stream getting parameterId 39 and false and true and false
2025-05-20 16:29:45 [http-nio-8040-exec-2] INFO  com.az.payment.mapper.RequestMapper - inside stream getting parameterId 24 and false and false and false
2025-05-20 16:29:45 [http-nio-8040-exec-2] INFO  com.az.payment.mapper.RequestMapper - inside stream getting parameterId 22 and false and false and false
2025-05-20 16:29:45 [http-nio-8040-exec-2] INFO  com.az.payment.mapper.RequestMapper - inside stream getting parameterId 25 and true and true and false
2025-05-20 16:29:45 [http-nio-8040-exec-2] INFO  com.az.payment.mapper.RequestMapper - inside toJsonFIeld true
2025-05-20 16:29:45 [http-nio-8040-exec-2] INFO  com.az.payment.mapper.RequestMapper - end Mapping Request .... {"Merchant_Ref":"25052000242974","MDN":120155425,"transactionId":"373727611470900","Amount":1}
2025-05-20 16:29:45 [http-nio-8040-exec-2] INFO  c.az.payment.service.PaymentService - PaymentService::processRequest mapped  RequestDTO To JSON Object {"Merchant_Ref":"25052000242974","MDN":120155425,"transactionId":"373727611470900","Amount":1}
2025-05-20 16:29:46 [http-nio-8040-exec-2] INFO  c.az.payment.service.PaymentService - transactionLog.getId().toString() : 5002
2025-05-20 16:29:47 [http-nio-8040-exec-2] INFO  com.az.payment.service.ClientApi - ClientAPi::CallService response: {"receiptNo":null,"responseMessage":null,"msisdn":null,"transactionID":null,"responseCode":0,"amount":null,"mobileNumber":null,"ersReference":null,"rdesc_ar":"تمت العملية بنجاح","mdn":"120155425","rdesc_en":"Operation Completed Successfully.","rcode":"0"}
2025-05-20 16:29:47 [http-nio-8040-exec-2] INFO  c.az.payment.service.PaymentService - {"amount":null,"rdesc_en":"Operation Completed Successfully.","mobileNumber":null,"mdn":"120155425","receiptNo":null,"rcode":"0","responseMessage":null,"msisdn":null,"ersReference":null,"rdesc_ar":"تمت العملية بنجاح","transactionID":null,"responseCode":0}
2025-05-20 16:29:50 [http-nio-8040-exec-2] INFO  c.az.payment.service.PaymentService - Biller Failed:Begin reverse process
2025-05-20 16:29:50 [http-nio-8040-exec-2] INFO  c.az.payment.service.PaymentService - mapResponseRev : PaymentResponse(responseParams=null, finalStatus=-1, isPayment=false, requestParams=null, responseCode=-2, responseMessage=Fail at Biller, bankReference=null)
2025-05-20 16:43:15 [http-nio-8040-exec-5] INFO  c.az.payment.service.PaymentService - inside PaymentService.processRequest
2025-05-20 16:43:15 [http-nio-8040-exec-5] INFO  c.az.payment.service.PaymentService - PaymentService::processRequest Getting service By ID 4 ,,,, and locale en
2025-05-20 16:43:15 [http-nio-8040-exec-5] INFO  c.az.payment.service.ServiceService - ServiceService.findById  return service with id 4
2025-05-20 16:43:17 [http-nio-8040-exec-5] INFO  c.az.payment.service.PaymentService - PaymentService::processRequest found Service Named Sudani TopUp: By Id 4
2025-05-20 16:43:17 [http-nio-8040-exec-5] INFO  c.az.payment.service.PaymentService - bankMapedResponse : PaymentResponse(responseParams=null, finalStatus=1, isPayment=false, requestParams=null, responseCode=0, responseMessage=null, bankReference=25052000215521)
2025-05-20 16:43:18 [http-nio-8040-exec-5] INFO  com.az.payment.mapper.RequestMapper - reqRrn : 25 : Merchant_Ref : 25052000215521
2025-05-20 16:43:18 [http-nio-8040-exec-5] INFO  com.az.payment.mapper.RequestMapper - start Validating request .... ProcessRequest(id=2, serviceId=4, parameters=[RequestParameter[id=22, key=mobile, value=0120155425], RequestParameter[id=24, key=amount, value=1], RequestParameter[id=25, key=Merchant_Ref, value=25052000215521]], accountFrom=0103093800000021)
2025-05-20 16:43:18 [http-nio-8040-exec-5] INFO  com.az.payment.utils.Validation - Validating request
2025-05-20 16:43:18 [http-nio-8040-exec-5] INFO  c.az.payment.service.ServiceService - ServiceService.findParameterByServiceId  ServiceID : 4
2025-05-20 16:43:18 [http-nio-8040-exec-5] INFO  c.az.payment.service.ServiceService - inside stream getting parameterId 39 and true and true and true
2025-05-20 16:43:18 [http-nio-8040-exec-5] INFO  c.az.payment.service.ServiceService - inside stream getting parameterId 24 and true and false and true
2025-05-20 16:43:18 [http-nio-8040-exec-5] INFO  c.az.payment.service.ServiceService - inside stream getting parameterId 22 and true and false and true
2025-05-20 16:43:18 [http-nio-8040-exec-5] INFO  c.az.payment.service.ServiceService - inside stream getting parameterId 25 and false and true and true
2025-05-20 16:43:18 [http-nio-8040-exec-5] INFO  com.az.payment.utils.Validation - Validating request parameters in request against actual parameters counts  2
2025-05-20 16:43:18 [http-nio-8040-exec-5] INFO  com.az.payment.utils.Validation - Found 2 parameters in request ,,,against actual parameters counts  2
2025-05-20 16:43:18 [http-nio-8040-exec-5] INFO  com.az.payment.utils.Validation - Validating parameter mobile ::: with value 0120155425
2025-05-20 16:43:18 [http-nio-8040-exec-5] INFO  c.a.payment.service.ParameterService - ParameterService::findById  Find parameter by id 22
2025-05-20 16:43:18 [http-nio-8040-exec-5] INFO  com.az.payment.utils.Validation - Validating parameter amount ::: with value 1
2025-05-20 16:43:18 [http-nio-8040-exec-5] INFO  c.a.payment.service.ParameterService - ParameterService::findById  Find parameter by id 24
2025-05-20 16:43:18 [http-nio-8040-exec-5] INFO  com.az.payment.utils.Validation - Validating parameter Merchant_Ref ::: with value 25052000215521
2025-05-20 16:43:18 [http-nio-8040-exec-5] INFO  c.a.payment.service.ParameterService - ParameterService::findById  Find parameter by id 25
2025-05-20 16:43:18 [http-nio-8040-exec-5] INFO  com.az.payment.utils.Validation - Validation::validateRequest After validating params against its definition 
2025-05-20 16:43:18 [http-nio-8040-exec-5] INFO  com.az.payment.mapper.RequestMapper - end Validating request .... ProcessRequest(id=2, serviceId=4, parameters=[RequestParameter[id=22, key=mobile, value=0120155425], RequestParameter[id=24, key=amount, value=1], RequestParameter[id=25, key=Merchant_Ref, value=25052000215521]], accountFrom=0103093800000021)
2025-05-20 16:43:18 [http-nio-8040-exec-5] INFO  com.az.payment.mapper.RequestMapper - start Mapping Request .... ProcessRequest(id=2, serviceId=4, parameters=[RequestParameter[id=22, key=mobile, value=0120155425], RequestParameter[id=24, key=amount, value=1], RequestParameter[id=25, key=Merchant_Ref, value=25052000215521]], accountFrom=0103093800000021)
2025-05-20 16:43:18 [http-nio-8040-exec-5] INFO  com.az.payment.mapper.RequestMapper - service : com.az.payment.domain.Service@5f083d78
2025-05-20 16:43:18 [http-nio-8040-exec-5] INFO  com.az.payment.mapper.RequestMapper - start Mapping Additional Request Data Such as fixed Value and transaction ID if available 
2025-05-20 16:43:18 [http-nio-8040-exec-5] INFO  com.az.payment.mapper.RequestMapper - inside stream getting parameterId 39 and false and true and false
2025-05-20 16:43:18 [http-nio-8040-exec-5] INFO  com.az.payment.mapper.RequestMapper - inside stream getting parameterId 24 and false and false and false
2025-05-20 16:43:18 [http-nio-8040-exec-5] INFO  com.az.payment.mapper.RequestMapper - inside stream getting parameterId 22 and false and false and false
2025-05-20 16:43:18 [http-nio-8040-exec-5] INFO  com.az.payment.mapper.RequestMapper - inside stream getting parameterId 25 and true and true and false
2025-05-20 16:43:18 [http-nio-8040-exec-5] INFO  com.az.payment.mapper.RequestMapper - inside toJsonFIeld true
2025-05-20 16:43:18 [http-nio-8040-exec-5] INFO  com.az.payment.mapper.RequestMapper - end Mapping Request .... {"Merchant_Ref":"25052000215521","MDN":120155425,"transactionId":"374540102618000","Amount":1}
2025-05-20 16:43:18 [http-nio-8040-exec-5] INFO  c.az.payment.service.PaymentService - PaymentService::processRequest mapped  RequestDTO To JSON Object {"Merchant_Ref":"25052000215521","MDN":120155425,"transactionId":"374540102618000","Amount":1}
2025-05-20 16:43:18 [http-nio-8040-exec-5] INFO  c.az.payment.service.PaymentService - transactionLog.getId().toString() : 5003
2025-05-20 16:43:19 [http-nio-8040-exec-5] INFO  com.az.payment.service.ClientApi - ClientAPi::CallService response: {"receiptNo":null,"responseMessage":null,"msisdn":null,"transactionID":null,"responseCode":0,"amount":null,"mobileNumber":null,"ersReference":null,"rdesc_en":"Operation Completed Successfully.","mdn":"120155425","rcode":"0","rdesc_ar":"تمت العملية بنجاح","RCode":"0","RDesc_en":"Operation Completed Successfully.","RDesc_ar":"تمت العملية بنجاح","MDN":"120155425"}
2025-05-20 16:43:19 [http-nio-8040-exec-5] INFO  c.az.payment.service.PaymentService - {"RDesc_en":"Operation Completed Successfully.","amount":null,"mobileNumber":null,"RDesc_ar":"تمت العملية بنجاح","rcode":"0","transactionID":null,"responseCode":0,"rdesc_en":"Operation Completed Successfully.","mdn":"120155425","MDN":"120155425","receiptNo":null,"responseMessage":null,"msisdn":null,"ersReference":null,"rdesc_ar":"تمت العملية بنجاح","RCode":"0"}
2025-05-20 16:43:23 [http-nio-8040-exec-5] INFO  c.az.payment.service.PaymentService - PaymentService::processResponse  Response returned From restApi {"RDesc_en":"Operation Completed Successfully.","amount":null,"mobileNumber":null,"RDesc_ar":"تمت العملية بنجاح","rcode":"0","transactionID":null,"responseCode":0,"rdesc_en":"Operation Completed Successfully.","mdn":"120155425","MDN":"120155425","receiptNo":null,"responseMessage":null,"msisdn":null,"ersReference":null,"rdesc_ar":"تمت العملية بنجاح","RCode":"0"}
2025-05-20 16:43:23 [http-nio-8040-exec-5] INFO  com.az.payment.utils.Validation - Validation::validateResponse Validating response  ,,, apiResponse = {"RDesc_en":"Operation Completed Successfully.","amount":null,"mobileNumber":null,"RDesc_ar":"تمت العملية بنجاح","rcode":"0","transactionID":null,"responseCode":0,"rdesc_en":"Operation Completed Successfully.","mdn":"120155425","MDN":"120155425","receiptNo":null,"responseMessage":null,"msisdn":null,"ersReference":null,"rdesc_ar":"تمت العملية بنجاح","RCode":"0"},,,, for service ID 4 , with name Sudani TopUp
2025-05-20 16:43:23 [http-nio-8040-exec-5] INFO  c.az.payment.service.ServiceService - ServiceService.findResponseParameterByServiceId  ServiceID : 4
2025-05-20 16:43:23 [http-nio-8040-exec-5] INFO  com.az.payment.utils.Validation - parameter in List is RCode,,,, first check true , second check true 
2025-05-20 16:43:23 [http-nio-8040-exec-5] INFO  com.az.payment.utils.Validation - parameter in List is Amount,,,, first check false , second check false 
2025-05-20 16:43:23 [http-nio-8040-exec-5] INFO  com.az.payment.utils.Validation - parameter in List is MDN,,,, first check true , second check true 
2025-05-20 16:43:23 [http-nio-8040-exec-5] ERROR c.az.payment.service.PaymentService - Error while validating response detailsParameters not found in response Amount,,, 
2025-05-20 16:43:23 [http-nio-8040-exec-5] INFO  c.az.payment.service.PaymentService - PaymentService::processResponse mapped from toServiceResponse PaymentResponse(responseParams=null, finalStatus=0, isPayment=false, requestParams=null, responseCode=0, responseMessage=Success, bankReference=null)
2025-05-20 16:43:23 [http-nio-8040-exec-5] INFO  com.az.payment.mapper.RequestMapper - start toClientResponse .... PaymentResponse(responseParams=null, finalStatus=0, isPayment=false, requestParams=null, responseCode=0, responseMessage=Success, bankReference=null),,,,, with request ............ProcessRequest(id=2, serviceId=4, parameters=[RequestParameter[id=22, key=mobile, value=0120155425], RequestParameter[id=24, key=amount, value=1], RequestParameter[id=25, key=Merchant_Ref, value=25052000215521]], accountFrom=0103093800000021) 
2025-05-20 16:43:23 [http-nio-8040-exec-5] INFO  c.az.payment.service.PaymentService - mapResponse --->: PaymentResponse(responseParams=null, finalStatus=0, isPayment=false, requestParams=null, responseCode=0, responseMessage=Success, bankReference=25052000215521)
2025-05-20 16:47:01 [main] INFO  com.az.payment.PaymentApplication - Starting PaymentApplication using Java 17.0.12 with PID 15700 (D:\____WorkSpace\AZ\code backups\e-payment_5_5_2025\payment\target\classes started by HP in D:\____WorkSpace\AZ\code backups\e-payment_5_5_2025\payment)
2025-05-20 16:47:01 [main] DEBUG com.az.payment.PaymentApplication - Running with Spring Boot v3.3.0, Spring v6.1.8
2025-05-20 16:47:01 [main] INFO  com.az.payment.PaymentApplication - No active profile set, falling back to 1 default profile: "default"
2025-05-20 16:47:13 [main] INFO  com.az.payment.PaymentApplication - Started PaymentApplication in 13.316 seconds (process running for 14.746)
2025-05-20 16:47:24 [http-nio-8040-exec-3] INFO  c.az.payment.service.PaymentService - inside PaymentService.processRequest
2025-05-20 16:47:24 [http-nio-8040-exec-3] INFO  c.az.payment.service.PaymentService - PaymentService::processRequest Getting service By ID 4 ,,,, and locale en
2025-05-20 16:47:24 [http-nio-8040-exec-3] INFO  c.az.payment.service.ServiceService - ServiceService.findById  return service with id 4
2025-05-20 16:47:26 [http-nio-8040-exec-3] INFO  c.az.payment.service.PaymentService - PaymentService::processRequest found Service Named Sudani TopUp: By Id 4
2025-05-20 16:47:26 [http-nio-8040-exec-3] INFO  c.az.payment.service.PaymentService - bankMapedResponse : PaymentResponse(responseParams=null, finalStatus=1, isPayment=false, requestParams=null, responseCode=0, responseMessage=null, bankReference=25052000224703)
2025-05-20 16:47:27 [http-nio-8040-exec-3] INFO  com.az.payment.mapper.RequestMapper - reqRrn : 25 : Merchant_Ref : 25052000224703
2025-05-20 16:47:27 [http-nio-8040-exec-3] INFO  com.az.payment.mapper.RequestMapper - start Validating request .... ProcessRequest(id=2, serviceId=4, parameters=[RequestParameter[id=22, key=mobile, value=0120155425], RequestParameter[id=24, key=amount, value=1], RequestParameter[id=25, key=Merchant_Ref, value=25052000224703]], accountFrom=0103093800000021)
2025-05-20 16:47:27 [http-nio-8040-exec-3] INFO  com.az.payment.utils.Validation - Validating request
2025-05-20 16:47:27 [http-nio-8040-exec-3] INFO  c.az.payment.service.ServiceService - ServiceService.findParameterByServiceId  ServiceID : 4
2025-05-20 16:47:27 [http-nio-8040-exec-3] INFO  c.az.payment.service.ServiceService - inside stream getting parameterId 39 and true and true and true
2025-05-20 16:47:27 [http-nio-8040-exec-3] INFO  c.az.payment.service.ServiceService - inside stream getting parameterId 24 and true and false and true
2025-05-20 16:47:27 [http-nio-8040-exec-3] INFO  c.az.payment.service.ServiceService - inside stream getting parameterId 22 and true and false and true
2025-05-20 16:47:27 [http-nio-8040-exec-3] INFO  c.az.payment.service.ServiceService - inside stream getting parameterId 25 and false and true and true
2025-05-20 16:47:27 [http-nio-8040-exec-3] INFO  com.az.payment.utils.Validation - Validating request parameters in request against actual parameters counts  2
2025-05-20 16:47:27 [http-nio-8040-exec-3] INFO  com.az.payment.utils.Validation - Found 2 parameters in request ,,,against actual parameters counts  2
2025-05-20 16:47:27 [http-nio-8040-exec-3] INFO  com.az.payment.utils.Validation - Validating parameter mobile ::: with value 0120155425
2025-05-20 16:47:27 [http-nio-8040-exec-3] INFO  c.a.payment.service.ParameterService - ParameterService::findById  Find parameter by id 22
2025-05-20 16:47:27 [http-nio-8040-exec-3] INFO  com.az.payment.utils.Validation - Validating parameter amount ::: with value 1
2025-05-20 16:47:27 [http-nio-8040-exec-3] INFO  c.a.payment.service.ParameterService - ParameterService::findById  Find parameter by id 24
2025-05-20 16:47:27 [http-nio-8040-exec-3] INFO  com.az.payment.utils.Validation - Validating parameter Merchant_Ref ::: with value 25052000224703
2025-05-20 16:47:27 [http-nio-8040-exec-3] INFO  c.a.payment.service.ParameterService - ParameterService::findById  Find parameter by id 25
2025-05-20 16:47:27 [http-nio-8040-exec-3] INFO  com.az.payment.utils.Validation - Validation::validateRequest After validating params against its definition 
2025-05-20 16:47:27 [http-nio-8040-exec-3] INFO  com.az.payment.mapper.RequestMapper - end Validating request .... ProcessRequest(id=2, serviceId=4, parameters=[RequestParameter[id=22, key=mobile, value=0120155425], RequestParameter[id=24, key=amount, value=1], RequestParameter[id=25, key=Merchant_Ref, value=25052000224703]], accountFrom=0103093800000021)
2025-05-20 16:47:27 [http-nio-8040-exec-3] INFO  com.az.payment.mapper.RequestMapper - start Mapping Request .... ProcessRequest(id=2, serviceId=4, parameters=[RequestParameter[id=22, key=mobile, value=0120155425], RequestParameter[id=24, key=amount, value=1], RequestParameter[id=25, key=Merchant_Ref, value=25052000224703]], accountFrom=0103093800000021)
2025-05-20 16:47:27 [http-nio-8040-exec-3] INFO  com.az.payment.mapper.RequestMapper - service : com.az.payment.domain.Service@2d426e27
2025-05-20 16:47:27 [http-nio-8040-exec-3] INFO  com.az.payment.mapper.RequestMapper - start Mapping Additional Request Data Such as fixed Value and transaction ID if available 
2025-05-20 16:47:27 [http-nio-8040-exec-3] INFO  com.az.payment.mapper.RequestMapper - inside stream getting parameterId 39 and false and true and false
2025-05-20 16:47:27 [http-nio-8040-exec-3] INFO  com.az.payment.mapper.RequestMapper - inside stream getting parameterId 24 and false and false and false
2025-05-20 16:47:27 [http-nio-8040-exec-3] INFO  com.az.payment.mapper.RequestMapper - inside stream getting parameterId 22 and false and false and false
2025-05-20 16:47:27 [http-nio-8040-exec-3] INFO  com.az.payment.mapper.RequestMapper - inside stream getting parameterId 25 and true and true and false
2025-05-20 16:47:27 [http-nio-8040-exec-3] INFO  com.az.payment.mapper.RequestMapper - inside toJsonFIeld true
2025-05-20 16:47:27 [http-nio-8040-exec-3] INFO  com.az.payment.mapper.RequestMapper - end Mapping Request .... {"Merchant_Ref":"25052000224703","MDN":120155425,"transactionId":"374789164444600","Amount":1}
2025-05-20 16:47:27 [http-nio-8040-exec-3] INFO  c.az.payment.service.PaymentService - PaymentService::processRequest mapped  RequestDTO To JSON Object {"Merchant_Ref":"25052000224703","MDN":120155425,"transactionId":"374789164444600","Amount":1}
2025-05-20 16:47:27 [http-nio-8040-exec-3] INFO  c.az.payment.service.PaymentService - transactionLog.getId().toString() : 5052
2025-05-20 16:47:29 [http-nio-8040-exec-3] INFO  com.az.payment.service.ClientApi - ClientAPi::CallService response: {"receiptNo":null,"responseMessage":null,"msisdn":null,"transactionID":null,"responseCode":0,"amount":null,"mobileNumber":null,"ersReference":null,"rdesc_en":"Operation Completed Successfully.","mdn":"120155425","rcode":"0","rdesc_ar":"تمت العملية بنجاح","RCode":"0","RDesc_en":"Operation Completed Successfully.","RDesc_ar":"تمت العملية بنجاح","MDN":"120155425"}
2025-05-20 16:47:29 [http-nio-8040-exec-3] INFO  c.az.payment.service.PaymentService - {"RDesc_en":"Operation Completed Successfully.","amount":null,"mobileNumber":null,"RDesc_ar":"تمت العملية بنجاح","rcode":"0","transactionID":null,"responseCode":0,"rdesc_en":"Operation Completed Successfully.","mdn":"120155425","MDN":"120155425","receiptNo":null,"responseMessage":null,"msisdn":null,"ersReference":null,"rdesc_ar":"تمت العملية بنجاح","RCode":"0"}
2025-05-20 16:47:32 [http-nio-8040-exec-3] INFO  c.az.payment.service.PaymentService - PaymentService::processResponse  Response returned From restApi {"RDesc_en":"Operation Completed Successfully.","amount":null,"mobileNumber":null,"RDesc_ar":"تمت العملية بنجاح","rcode":"0","transactionID":null,"responseCode":0,"rdesc_en":"Operation Completed Successfully.","mdn":"120155425","MDN":"120155425","receiptNo":null,"responseMessage":null,"msisdn":null,"ersReference":null,"rdesc_ar":"تمت العملية بنجاح","RCode":"0"}
2025-05-20 16:47:32 [http-nio-8040-exec-3] INFO  com.az.payment.utils.Validation - Validation::validateResponse Validating response  ,,, apiResponse = {"RDesc_en":"Operation Completed Successfully.","amount":null,"mobileNumber":null,"RDesc_ar":"تمت العملية بنجاح","rcode":"0","transactionID":null,"responseCode":0,"rdesc_en":"Operation Completed Successfully.","mdn":"120155425","MDN":"120155425","receiptNo":null,"responseMessage":null,"msisdn":null,"ersReference":null,"rdesc_ar":"تمت العملية بنجاح","RCode":"0"},,,, for service ID 4 , with name Sudani TopUp
2025-05-20 16:47:32 [http-nio-8040-exec-3] INFO  c.az.payment.service.ServiceService - ServiceService.findResponseParameterByServiceId  ServiceID : 4
2025-05-20 17:02:13 [http-nio-8040-exec-3] INFO  com.az.payment.utils.Validation - parameter in List is RCode,,,, first check true , second check true 
2025-05-20 17:02:15 [http-nio-8040-exec-3] INFO  com.az.payment.utils.Validation - parameter in List is Amount,,,, first check false , second check false 
2025-05-20 17:02:18 [http-nio-8040-exec-3] INFO  com.az.payment.utils.Validation - parameter in List is MDN,,,, first check true , second check true 
2025-05-20 17:02:22 [http-nio-8040-exec-3] ERROR c.az.payment.service.PaymentService - Error while validating response details: Parameters not found in response Amount,,, 
2025-05-20 17:02:25 [http-nio-8040-exec-3] INFO  c.az.payment.service.PaymentService - PaymentService::processResponse mapped from toServiceResponse PaymentResponse(responseParams=null, finalStatus=0, isPayment=false, requestParams=null, responseCode=0, responseMessage=Success, bankReference=null)
2025-05-20 17:02:25 [http-nio-8040-exec-3] INFO  com.az.payment.mapper.RequestMapper - start toClientResponse .... PaymentResponse(responseParams=null, finalStatus=0, isPayment=false, requestParams=null, responseCode=0, responseMessage=Success, bankReference=null),,,,, with request ............ProcessRequest(id=2, serviceId=4, parameters=[RequestParameter[id=22, key=mobile, value=0120155425], RequestParameter[id=24, key=amount, value=1], RequestParameter[id=25, key=Merchant_Ref, value=25052000224703]], accountFrom=0103093800000021) 
2025-05-20 17:02:27 [http-nio-8040-exec-3] INFO  c.az.payment.service.PaymentService - mapResponse --->: PaymentResponse(responseParams=null, finalStatus=0, isPayment=false, requestParams=null, responseCode=0, responseMessage=Success, bankReference=25052000224703)
2025-05-20 17:02:55 [http-nio-8040-exec-5] INFO  c.az.payment.service.PaymentService - inside PaymentService.processRequest
2025-05-20 17:02:55 [http-nio-8040-exec-5] INFO  c.az.payment.service.PaymentService - PaymentService::processRequest Getting service By ID 4 ,,,, and locale en
2025-05-20 17:02:55 [http-nio-8040-exec-5] INFO  c.az.payment.service.ServiceService - ServiceService.findById  return service with id 4
2025-05-20 17:02:57 [http-nio-8040-exec-5] INFO  c.az.payment.service.PaymentService - PaymentService::processRequest found Service Named Sudani TopUp: By Id 4
2025-05-20 17:02:58 [http-nio-8040-exec-5] INFO  c.az.payment.service.PaymentService - bankMapedResponse : PaymentResponse(responseParams=null, finalStatus=1, isPayment=false, requestParams=null, responseCode=0, responseMessage=null, bankReference=25052000255228)
2025-05-20 17:02:58 [http-nio-8040-exec-5] INFO  com.az.payment.mapper.RequestMapper - reqRrn : 25 : Merchant_Ref : 25052000255228
2025-05-20 17:02:58 [http-nio-8040-exec-5] INFO  com.az.payment.mapper.RequestMapper - start Validating request .... ProcessRequest(id=2, serviceId=4, parameters=[RequestParameter[id=22, key=mobile, value=0120155425], RequestParameter[id=24, key=amount, value=1], RequestParameter[id=25, key=Merchant_Ref, value=25052000255228]], accountFrom=0103093800000021)
2025-05-20 17:02:58 [http-nio-8040-exec-5] INFO  com.az.payment.utils.Validation - Validating request
2025-05-20 17:02:58 [http-nio-8040-exec-5] INFO  c.az.payment.service.ServiceService - ServiceService.findParameterByServiceId  ServiceID : 4
2025-05-20 17:02:58 [http-nio-8040-exec-5] INFO  c.az.payment.service.ServiceService - inside stream getting parameterId 39 and true and true and true
2025-05-20 17:02:58 [http-nio-8040-exec-5] INFO  c.az.payment.service.ServiceService - inside stream getting parameterId 24 and true and false and true
2025-05-20 17:02:58 [http-nio-8040-exec-5] INFO  c.az.payment.service.ServiceService - inside stream getting parameterId 22 and true and false and true
2025-05-20 17:02:58 [http-nio-8040-exec-5] INFO  c.az.payment.service.ServiceService - inside stream getting parameterId 25 and false and true and true
2025-05-20 17:02:58 [http-nio-8040-exec-5] INFO  com.az.payment.utils.Validation - Validating request parameters in request against actual parameters counts  2
2025-05-20 17:02:58 [http-nio-8040-exec-5] INFO  com.az.payment.utils.Validation - Found 2 parameters in request ,,,against actual parameters counts  2
2025-05-20 17:02:58 [http-nio-8040-exec-5] INFO  com.az.payment.utils.Validation - Validating parameter mobile ::: with value 0120155425
2025-05-20 17:02:58 [http-nio-8040-exec-5] INFO  c.a.payment.service.ParameterService - ParameterService::findById  Find parameter by id 22
2025-05-20 17:02:58 [http-nio-8040-exec-5] INFO  com.az.payment.utils.Validation - Validating parameter amount ::: with value 1
2025-05-20 17:02:58 [http-nio-8040-exec-5] INFO  c.a.payment.service.ParameterService - ParameterService::findById  Find parameter by id 24
2025-05-20 17:02:58 [http-nio-8040-exec-5] INFO  com.az.payment.utils.Validation - Validating parameter Merchant_Ref ::: with value 25052000255228
2025-05-20 17:02:58 [http-nio-8040-exec-5] INFO  c.a.payment.service.ParameterService - ParameterService::findById  Find parameter by id 25
2025-05-20 17:02:58 [http-nio-8040-exec-5] INFO  com.az.payment.utils.Validation - Validation::validateRequest After validating params against its definition 
2025-05-20 17:02:58 [http-nio-8040-exec-5] INFO  com.az.payment.mapper.RequestMapper - end Validating request .... ProcessRequest(id=2, serviceId=4, parameters=[RequestParameter[id=22, key=mobile, value=0120155425], RequestParameter[id=24, key=amount, value=1], RequestParameter[id=25, key=Merchant_Ref, value=25052000255228]], accountFrom=0103093800000021)
2025-05-20 17:02:58 [http-nio-8040-exec-5] INFO  com.az.payment.mapper.RequestMapper - start Mapping Request .... ProcessRequest(id=2, serviceId=4, parameters=[RequestParameter[id=22, key=mobile, value=0120155425], RequestParameter[id=24, key=amount, value=1], RequestParameter[id=25, key=Merchant_Ref, value=25052000255228]], accountFrom=0103093800000021)
2025-05-20 17:02:58 [http-nio-8040-exec-5] INFO  com.az.payment.mapper.RequestMapper - service : com.az.payment.domain.Service@531589dc
2025-05-20 17:02:58 [http-nio-8040-exec-5] INFO  com.az.payment.mapper.RequestMapper - start Mapping Additional Request Data Such as fixed Value and transaction ID if available 
2025-05-20 17:02:58 [http-nio-8040-exec-5] INFO  com.az.payment.mapper.RequestMapper - inside stream getting parameterId 39 and false and true and false
2025-05-20 17:02:58 [http-nio-8040-exec-5] INFO  com.az.payment.mapper.RequestMapper - inside stream getting parameterId 24 and false and false and false
2025-05-20 17:02:58 [http-nio-8040-exec-5] INFO  com.az.payment.mapper.RequestMapper - inside stream getting parameterId 22 and false and false and false
2025-05-20 17:02:58 [http-nio-8040-exec-5] INFO  com.az.payment.mapper.RequestMapper - inside stream getting parameterId 25 and true and true and false
2025-05-20 17:02:58 [http-nio-8040-exec-5] INFO  com.az.payment.mapper.RequestMapper - inside toJsonFIeld true
2025-05-20 17:02:58 [http-nio-8040-exec-5] INFO  com.az.payment.mapper.RequestMapper - end Mapping Request .... {"Merchant_Ref":"25052000255228","MDN":120155425,"transactionId":"375720349574800","Amount":1}
2025-05-20 17:02:58 [http-nio-8040-exec-5] INFO  c.az.payment.service.PaymentService - PaymentService::processRequest mapped  RequestDTO To JSON Object {"Merchant_Ref":"25052000255228","MDN":120155425,"transactionId":"375720349574800","Amount":1}
2025-05-20 17:02:58 [http-nio-8040-exec-5] INFO  c.az.payment.service.PaymentService - transactionLog.getId().toString() : 5053
2025-05-20 17:02:59 [http-nio-8040-exec-5] INFO  com.az.payment.service.ClientApi - ClientAPi::CallService response: {"receiptNo":null,"responseMessage":null,"msisdn":null,"transactionID":null,"responseCode":0,"amount":null,"mobileNumber":null,"ersReference":null,"rdesc_en":"Operation Completed Successfully.","mdn":"120155425","rcode":"0","rdesc_ar":"تمت العملية بنجاح","RCode":"0","RDesc_en":"Operation Completed Successfully.","RDesc_ar":"تمت العملية بنجاح","MDN":"120155425"}
2025-05-20 17:02:59 [http-nio-8040-exec-5] INFO  c.az.payment.service.PaymentService - {"RDesc_en":"Operation Completed Successfully.","amount":null,"mobileNumber":null,"RDesc_ar":"تمت العملية بنجاح","rcode":"0","transactionID":null,"responseCode":0,"rdesc_en":"Operation Completed Successfully.","mdn":"120155425","MDN":"120155425","receiptNo":null,"responseMessage":null,"msisdn":null,"ersReference":null,"rdesc_ar":"تمت العملية بنجاح","RCode":"0"}
2025-05-20 17:03:03 [http-nio-8040-exec-5] INFO  c.az.payment.service.PaymentService - PaymentService::processResponse  Response returned From restApi {"RDesc_en":"Operation Completed Successfully.","amount":null,"mobileNumber":null,"RDesc_ar":"تمت العملية بنجاح","rcode":"0","transactionID":null,"responseCode":0,"rdesc_en":"Operation Completed Successfully.","mdn":"120155425","MDN":"120155425","receiptNo":null,"responseMessage":null,"msisdn":null,"ersReference":null,"rdesc_ar":"تمت العملية بنجاح","RCode":"0"}
2025-05-20 17:03:03 [http-nio-8040-exec-5] INFO  com.az.payment.utils.Validation - Validation::validateResponse Validating response  ,,, apiResponse = {"RDesc_en":"Operation Completed Successfully.","amount":null,"mobileNumber":null,"RDesc_ar":"تمت العملية بنجاح","rcode":"0","transactionID":null,"responseCode":0,"rdesc_en":"Operation Completed Successfully.","mdn":"120155425","MDN":"120155425","receiptNo":null,"responseMessage":null,"msisdn":null,"ersReference":null,"rdesc_ar":"تمت العملية بنجاح","RCode":"0"},,,, for service ID 4 , with name Sudani TopUp
2025-05-20 17:03:03 [http-nio-8040-exec-5] INFO  c.az.payment.service.ServiceService - ServiceService.findResponseParameterByServiceId  ServiceID : 4
2025-05-20 17:03:03 [http-nio-8040-exec-5] INFO  com.az.payment.utils.Validation - parameter in List is RCode,,,, first check true , second check true 
2025-05-20 17:03:03 [http-nio-8040-exec-5] INFO  com.az.payment.utils.Validation - parameter in List is Amount,,,, first check false , second check false 
2025-05-20 17:03:03 [http-nio-8040-exec-5] INFO  com.az.payment.utils.Validation - parameter in List is MDN,,,, first check true , second check true 
2025-05-20 17:03:03 [http-nio-8040-exec-5] ERROR c.az.payment.service.PaymentService - Error while validating response details: Parameters not found in response Amount,,, 
2025-05-20 17:03:03 [http-nio-8040-exec-5] INFO  c.az.payment.service.PaymentService - PaymentService::processResponse mapped from toServiceResponse PaymentResponse(responseParams=null, finalStatus=0, isPayment=false, requestParams=null, responseCode=0, responseMessage=Success, bankReference=null)
2025-05-20 17:03:03 [http-nio-8040-exec-5] INFO  com.az.payment.mapper.RequestMapper - start toClientResponse .... PaymentResponse(responseParams=null, finalStatus=0, isPayment=false, requestParams=null, responseCode=0, responseMessage=Success, bankReference=null),,,,, with request ............ProcessRequest(id=2, serviceId=4, parameters=[RequestParameter[id=22, key=mobile, value=0120155425], RequestParameter[id=24, key=amount, value=1], RequestParameter[id=25, key=Merchant_Ref, value=25052000255228]], accountFrom=0103093800000021) 
2025-05-20 17:03:03 [http-nio-8040-exec-5] INFO  c.az.payment.service.PaymentService - mapResponse --->: PaymentResponse(responseParams=null, finalStatus=0, isPayment=false, requestParams=null, responseCode=0, responseMessage=Success, bankReference=25052000255228)
2025-05-20 17:04:36 [main] INFO  com.az.payment.PaymentApplication - Starting PaymentApplication using Java 17.0.12 with PID 13728 (D:\____WorkSpace\AZ\code backups\e-payment_5_5_2025\payment\target\classes started by HP in D:\____WorkSpace\AZ\code backups\e-payment_5_5_2025\payment)
2025-05-20 17:04:36 [main] DEBUG com.az.payment.PaymentApplication - Running with Spring Boot v3.3.0, Spring v6.1.8
2025-05-20 17:04:36 [main] INFO  com.az.payment.PaymentApplication - No active profile set, falling back to 1 default profile: "default"
2025-05-20 17:04:47 [main] INFO  com.az.payment.PaymentApplication - Started PaymentApplication in 12.713 seconds (process running for 13.506)
2025-05-20 17:09:21 [http-nio-8040-exec-4] INFO  c.az.payment.service.PaymentService - inside PaymentService.processRequest
2025-05-20 17:09:21 [http-nio-8040-exec-4] INFO  c.az.payment.service.PaymentService - PaymentService::processRequest Getting service By ID 4 ,,,, and locale en
2025-05-20 17:09:21 [http-nio-8040-exec-4] INFO  c.az.payment.service.ServiceService - ServiceService.findById  return service with id 4
2025-05-20 17:09:23 [http-nio-8040-exec-4] INFO  c.az.payment.service.PaymentService - PaymentService::processRequest found Service Named Sudani TopUp: By Id 4
2025-05-20 17:09:23 [http-nio-8040-exec-4] INFO  c.az.payment.service.PaymentService - bankMapedResponse : PaymentResponse(responseParams=null, finalStatus=1, isPayment=false, requestParams=null, responseCode=0, responseMessage=null, bankReference=25052000221383)
2025-05-20 17:09:23 [http-nio-8040-exec-4] INFO  com.az.payment.mapper.RequestMapper - reqRrn : 25 : Merchant_Ref : 25052000221383
2025-05-20 17:09:23 [http-nio-8040-exec-4] INFO  com.az.payment.mapper.RequestMapper - start Validating request .... ProcessRequest(id=2, serviceId=4, parameters=[RequestParameter[id=22, key=mobile, value=0120155425], RequestParameter[id=24, key=amount, value=1], RequestParameter[id=25, key=Merchant_Ref, value=25052000221383]], accountFrom=0103093800000021)
2025-05-20 17:09:23 [http-nio-8040-exec-4] INFO  com.az.payment.utils.Validation - Validating request
2025-05-20 17:09:23 [http-nio-8040-exec-4] INFO  c.az.payment.service.ServiceService - ServiceService.findParameterByServiceId  ServiceID : 4
2025-05-20 17:09:23 [http-nio-8040-exec-4] INFO  c.az.payment.service.ServiceService - inside stream getting parameterId 39 and true and true and true
2025-05-20 17:09:23 [http-nio-8040-exec-4] INFO  c.az.payment.service.ServiceService - inside stream getting parameterId 24 and true and false and true
2025-05-20 17:09:23 [http-nio-8040-exec-4] INFO  c.az.payment.service.ServiceService - inside stream getting parameterId 22 and true and false and true
2025-05-20 17:09:23 [http-nio-8040-exec-4] INFO  c.az.payment.service.ServiceService - inside stream getting parameterId 25 and false and true and true
2025-05-20 17:09:23 [http-nio-8040-exec-4] INFO  com.az.payment.utils.Validation - Validating request parameters in request against actual parameters counts  2
2025-05-20 17:09:23 [http-nio-8040-exec-4] INFO  com.az.payment.utils.Validation - Found 2 parameters in request ,,,against actual parameters counts  2
2025-05-20 17:09:23 [http-nio-8040-exec-4] INFO  com.az.payment.utils.Validation - Validating parameter mobile ::: with value 0120155425
2025-05-20 17:09:23 [http-nio-8040-exec-4] INFO  c.a.payment.service.ParameterService - ParameterService::findById  Find parameter by id 22
2025-05-20 17:09:23 [http-nio-8040-exec-4] INFO  com.az.payment.utils.Validation - Validating parameter amount ::: with value 1
2025-05-20 17:09:23 [http-nio-8040-exec-4] INFO  c.a.payment.service.ParameterService - ParameterService::findById  Find parameter by id 24
2025-05-20 17:09:23 [http-nio-8040-exec-4] INFO  com.az.payment.utils.Validation - Validating parameter Merchant_Ref ::: with value 25052000221383
2025-05-20 17:09:23 [http-nio-8040-exec-4] INFO  c.a.payment.service.ParameterService - ParameterService::findById  Find parameter by id 25
2025-05-20 17:09:23 [http-nio-8040-exec-4] INFO  com.az.payment.utils.Validation - Validation::validateRequest After validating params against its definition 
2025-05-20 17:09:23 [http-nio-8040-exec-4] INFO  com.az.payment.mapper.RequestMapper - end Validating request .... ProcessRequest(id=2, serviceId=4, parameters=[RequestParameter[id=22, key=mobile, value=0120155425], RequestParameter[id=24, key=amount, value=1], RequestParameter[id=25, key=Merchant_Ref, value=25052000221383]], accountFrom=0103093800000021)
2025-05-20 17:09:23 [http-nio-8040-exec-4] INFO  com.az.payment.mapper.RequestMapper - start Mapping Request .... ProcessRequest(id=2, serviceId=4, parameters=[RequestParameter[id=22, key=mobile, value=0120155425], RequestParameter[id=24, key=amount, value=1], RequestParameter[id=25, key=Merchant_Ref, value=25052000221383]], accountFrom=0103093800000021)
2025-05-20 17:09:23 [http-nio-8040-exec-4] INFO  com.az.payment.mapper.RequestMapper - service : com.az.payment.domain.Service@7afd5cfd
2025-05-20 17:09:23 [http-nio-8040-exec-4] INFO  com.az.payment.mapper.RequestMapper - start Mapping Additional Request Data Such as fixed Value and transaction ID if available 
2025-05-20 17:09:23 [http-nio-8040-exec-4] INFO  com.az.payment.mapper.RequestMapper - inside stream getting parameterId 39 and false and true and false
2025-05-20 17:09:23 [http-nio-8040-exec-4] INFO  com.az.payment.mapper.RequestMapper - inside stream getting parameterId 24 and false and false and false
2025-05-20 17:09:23 [http-nio-8040-exec-4] INFO  com.az.payment.mapper.RequestMapper - inside stream getting parameterId 22 and false and false and false
2025-05-20 17:09:23 [http-nio-8040-exec-4] INFO  com.az.payment.mapper.RequestMapper - inside stream getting parameterId 25 and true and true and false
2025-05-20 17:09:23 [http-nio-8040-exec-4] INFO  com.az.payment.mapper.RequestMapper - inside toJsonFIeld true
2025-05-20 17:09:23 [http-nio-8040-exec-4] INFO  com.az.payment.mapper.RequestMapper - end Mapping Request .... {"Merchant_Ref":"25052000221383","MDN":120155425,"transactionId":"376105618637100","Amount":1}
2025-05-20 17:09:23 [http-nio-8040-exec-4] INFO  c.az.payment.service.PaymentService - PaymentService::processRequest mapped  RequestDTO To JSON Object {"Merchant_Ref":"25052000221383","MDN":120155425,"transactionId":"376105618637100","Amount":1}
2025-05-20 17:09:24 [http-nio-8040-exec-4] INFO  c.az.payment.service.PaymentService - transactionLog.getId().toString() : 5102
2025-05-20 17:09:25 [http-nio-8040-exec-4] INFO  com.az.payment.service.ClientApi - ClientAPi::CallService response: {"receiptNo":null,"responseMessage":null,"msisdn":null,"transactionID":null,"responseCode":0,"amount":null,"mobileNumber":null,"ersReference":null,"rdesc_en":"Operation Completed Successfully.","mdn":"120155425","rcode":"0","rdesc_ar":"تمت العملية بنجاح","RCode":"0","RDesc_en":"Operation Completed Successfully.","RDesc_ar":"تمت العملية بنجاح","MDN":"120155425"}
2025-05-20 17:09:25 [http-nio-8040-exec-4] INFO  c.az.payment.service.PaymentService - {"RDesc_en":"Operation Completed Successfully.","amount":null,"mobileNumber":null,"RDesc_ar":"تمت العملية بنجاح","rcode":"0","transactionID":null,"responseCode":0,"rdesc_en":"Operation Completed Successfully.","mdn":"120155425","MDN":"120155425","receiptNo":null,"responseMessage":null,"msisdn":null,"ersReference":null,"rdesc_ar":"تمت العملية بنجاح","RCode":"0"}
2025-05-20 17:09:28 [http-nio-8040-exec-4] INFO  c.az.payment.service.PaymentService - PaymentService::processResponse  Response returned From restApi {"RDesc_en":"Operation Completed Successfully.","amount":null,"mobileNumber":null,"RDesc_ar":"تمت العملية بنجاح","rcode":"0","transactionID":null,"responseCode":0,"rdesc_en":"Operation Completed Successfully.","mdn":"120155425","MDN":"120155425","receiptNo":null,"responseMessage":null,"msisdn":null,"ersReference":null,"rdesc_ar":"تمت العملية بنجاح","RCode":"0"}
2025-05-20 17:09:28 [http-nio-8040-exec-4] INFO  com.az.payment.utils.Validation - Validation::validateResponse Validating response  ,,, apiResponse = {"RDesc_en":"Operation Completed Successfully.","amount":null,"mobileNumber":null,"RDesc_ar":"تمت العملية بنجاح","rcode":"0","transactionID":null,"responseCode":0,"rdesc_en":"Operation Completed Successfully.","mdn":"120155425","MDN":"120155425","receiptNo":null,"responseMessage":null,"msisdn":null,"ersReference":null,"rdesc_ar":"تمت العملية بنجاح","RCode":"0"},,,, for service ID 4 , with name Sudani TopUp
2025-05-20 17:10:00 [http-nio-8040-exec-4] INFO  c.az.payment.service.ServiceService - ServiceService.findResponseParameterByServiceId  ServiceID : 4
2025-05-20 17:13:34 [http-nio-8040-exec-4] INFO  com.az.payment.utils.Validation - parameter in List is RCode,,,, first check true , second check true 
2025-05-20 17:13:34 [http-nio-8040-exec-4] INFO  com.az.payment.utils.Validation - parameter in List is Amount,,,, first check false , second check false 
2025-05-20 17:13:34 [http-nio-8040-exec-4] INFO  com.az.payment.utils.Validation - parameter in List is MDN,,,, first check true , second check true 
2025-05-20 17:13:34 [http-nio-8040-exec-4] ERROR c.az.payment.service.PaymentService - Error while validating response details: Parameters not found in response Amount,,, 
2025-05-20 17:13:34 [http-nio-8040-exec-4] INFO  c.az.payment.service.PaymentService - PaymentService::processResponse mapped from toServiceResponse PaymentResponse(responseParams=null, finalStatus=0, isPayment=false, requestParams=null, responseCode=0, responseMessage=Success, bankReference=null)
2025-05-20 17:13:34 [http-nio-8040-exec-4] INFO  com.az.payment.mapper.RequestMapper - start toClientResponse .... PaymentResponse(responseParams=null, finalStatus=0, isPayment=false, requestParams=null, responseCode=0, responseMessage=Success, bankReference=null),,,,, with request ............ProcessRequest(id=2, serviceId=4, parameters=[RequestParameter[id=22, key=mobile, value=0120155425], RequestParameter[id=24, key=amount, value=1], RequestParameter[id=25, key=Merchant_Ref, value=25052000221383]], accountFrom=0103093800000021) 
2025-05-20 17:13:34 [http-nio-8040-exec-4] INFO  c.az.payment.service.PaymentService - mapResponse --->: PaymentResponse(responseParams=null, finalStatus=0, isPayment=false, requestParams=null, responseCode=0, responseMessage=Success, bankReference=25052000221383)
2025-05-20 17:13:39 [main] INFO  com.az.payment.PaymentApplication - Starting PaymentApplication using Java 17.0.12 with PID 2340 (D:\____WorkSpace\AZ\code backups\e-payment_5_5_2025\payment\target\classes started by HP in D:\____WorkSpace\AZ\code backups\e-payment_5_5_2025\payment)
2025-05-20 17:13:39 [main] DEBUG com.az.payment.PaymentApplication - Running with Spring Boot v3.3.0, Spring v6.1.8
2025-05-20 17:13:39 [main] INFO  com.az.payment.PaymentApplication - No active profile set, falling back to 1 default profile: "default"
2025-05-20 17:13:55 [main] INFO  com.az.payment.PaymentApplication - Started PaymentApplication in 16.781 seconds (process running for 17.451)
2025-05-20 17:14:10 [http-nio-8040-exec-2] INFO  c.az.payment.service.PaymentService - inside PaymentService.processRequest
2025-05-20 17:14:10 [http-nio-8040-exec-2] INFO  c.az.payment.service.PaymentService - PaymentService::processRequest Getting service By ID 4 ,,,, and locale en
2025-05-20 17:14:10 [http-nio-8040-exec-2] INFO  c.az.payment.service.ServiceService - ServiceService.findById  return service with id 4
2025-05-20 17:14:12 [http-nio-8040-exec-2] INFO  c.az.payment.service.PaymentService - PaymentService::processRequest found Service Named Sudani TopUp: By Id 4
2025-05-20 17:14:12 [http-nio-8040-exec-2] INFO  c.az.payment.service.PaymentService - bankMapedResponse : PaymentResponse(responseParams=null, finalStatus=1, isPayment=false, requestParams=null, responseCode=0, responseMessage=null, bankReference=25052000210407)
2025-05-20 17:14:12 [http-nio-8040-exec-2] INFO  com.az.payment.mapper.RequestMapper - reqRrn : 25 : Merchant_Ref : 25052000210407
2025-05-20 17:14:12 [http-nio-8040-exec-2] INFO  com.az.payment.mapper.RequestMapper - start Validating request .... ProcessRequest(id=2, serviceId=4, parameters=[RequestParameter[id=22, key=mobile, value=0120155425], RequestParameter[id=24, key=amount, value=1], RequestParameter[id=25, key=Merchant_Ref, value=25052000210407]], accountFrom=0103093800000021)
2025-05-20 17:14:12 [http-nio-8040-exec-2] INFO  com.az.payment.utils.Validation - Validating request
2025-05-20 17:14:12 [http-nio-8040-exec-2] INFO  c.az.payment.service.ServiceService - ServiceService.findParameterByServiceId  ServiceID : 4
2025-05-20 17:14:12 [http-nio-8040-exec-2] INFO  c.az.payment.service.ServiceService - inside stream getting parameterId 39 and true and true and true
2025-05-20 17:14:12 [http-nio-8040-exec-2] INFO  c.az.payment.service.ServiceService - inside stream getting parameterId 24 and true and false and true
2025-05-20 17:14:12 [http-nio-8040-exec-2] INFO  c.az.payment.service.ServiceService - inside stream getting parameterId 22 and true and false and true
2025-05-20 17:14:12 [http-nio-8040-exec-2] INFO  c.az.payment.service.ServiceService - inside stream getting parameterId 25 and false and true and true
2025-05-20 17:14:12 [http-nio-8040-exec-2] INFO  com.az.payment.utils.Validation - Validating request parameters in request against actual parameters counts  2
2025-05-20 17:14:12 [http-nio-8040-exec-2] INFO  com.az.payment.utils.Validation - Found 2 parameters in request ,,,against actual parameters counts  2
2025-05-20 17:14:12 [http-nio-8040-exec-2] INFO  com.az.payment.utils.Validation - Validating parameter mobile ::: with value 0120155425
2025-05-20 17:14:12 [http-nio-8040-exec-2] INFO  c.a.payment.service.ParameterService - ParameterService::findById  Find parameter by id 22
2025-05-20 17:14:12 [http-nio-8040-exec-2] INFO  com.az.payment.utils.Validation - Validating parameter amount ::: with value 1
2025-05-20 17:14:12 [http-nio-8040-exec-2] INFO  c.a.payment.service.ParameterService - ParameterService::findById  Find parameter by id 24
2025-05-20 17:14:12 [http-nio-8040-exec-2] INFO  com.az.payment.utils.Validation - Validating parameter Merchant_Ref ::: with value 25052000210407
2025-05-20 17:14:12 [http-nio-8040-exec-2] INFO  c.a.payment.service.ParameterService - ParameterService::findById  Find parameter by id 25
2025-05-20 17:14:12 [http-nio-8040-exec-2] INFO  com.az.payment.utils.Validation - Validation::validateRequest After validating params against its definition 
2025-05-20 17:14:12 [http-nio-8040-exec-2] INFO  com.az.payment.mapper.RequestMapper - end Validating request .... ProcessRequest(id=2, serviceId=4, parameters=[RequestParameter[id=22, key=mobile, value=0120155425], RequestParameter[id=24, key=amount, value=1], RequestParameter[id=25, key=Merchant_Ref, value=25052000210407]], accountFrom=0103093800000021)
2025-05-20 17:14:12 [http-nio-8040-exec-2] INFO  com.az.payment.mapper.RequestMapper - start Mapping Request .... ProcessRequest(id=2, serviceId=4, parameters=[RequestParameter[id=22, key=mobile, value=0120155425], RequestParameter[id=24, key=amount, value=1], RequestParameter[id=25, key=Merchant_Ref, value=25052000210407]], accountFrom=0103093800000021)
2025-05-20 17:14:12 [http-nio-8040-exec-2] INFO  com.az.payment.mapper.RequestMapper - service : com.az.payment.domain.Service@76d112f3
2025-05-20 17:14:12 [http-nio-8040-exec-2] INFO  com.az.payment.mapper.RequestMapper - start Mapping Additional Request Data Such as fixed Value and transaction ID if available 
2025-05-20 17:14:12 [http-nio-8040-exec-2] INFO  com.az.payment.mapper.RequestMapper - inside stream getting parameterId 39 and false and true and false
2025-05-20 17:14:12 [http-nio-8040-exec-2] INFO  com.az.payment.mapper.RequestMapper - inside stream getting parameterId 24 and false and false and false
2025-05-20 17:14:12 [http-nio-8040-exec-2] INFO  com.az.payment.mapper.RequestMapper - inside stream getting parameterId 22 and false and false and false
2025-05-20 17:14:12 [http-nio-8040-exec-2] INFO  com.az.payment.mapper.RequestMapper - inside stream getting parameterId 25 and true and true and false
2025-05-20 17:14:12 [http-nio-8040-exec-2] INFO  com.az.payment.mapper.RequestMapper - inside toJsonFIeld true
2025-05-20 17:14:12 [http-nio-8040-exec-2] INFO  com.az.payment.mapper.RequestMapper - end Mapping Request .... {"Merchant_Ref":"25052000210407","MDN":120155425,"transactionId":"376394483623800","Amount":1}
2025-05-20 17:14:12 [http-nio-8040-exec-2] INFO  c.az.payment.service.PaymentService - PaymentService::processRequest mapped  RequestDTO To JSON Object {"Merchant_Ref":"25052000210407","MDN":120155425,"transactionId":"376394483623800","Amount":1}
2025-05-20 17:14:12 [http-nio-8040-exec-2] INFO  c.az.payment.service.PaymentService - transactionLog.getId().toString() : 5152
2025-05-20 17:14:14 [http-nio-8040-exec-2] INFO  com.az.payment.service.ClientApi - ClientAPi::CallService response: {"receiptNo":null,"responseMessage":null,"msisdn":null,"transactionID":null,"responseCode":0,"amount":null,"mobileNumber":null,"ersReference":null,"rdesc_en":"Operation Completed Successfully.","mdn":"120155425","rcode":"0","rdesc_ar":"تمت العملية بنجاح","RCode":"0","RDesc_en":"Operation Completed Successfully.","RDesc_ar":"تمت العملية بنجاح","MDN":"120155425"}
2025-05-20 17:14:14 [http-nio-8040-exec-2] INFO  c.az.payment.service.PaymentService - {"RDesc_en":"Operation Completed Successfully.","amount":null,"mobileNumber":null,"RDesc_ar":"تمت العملية بنجاح","rcode":"0","transactionID":null,"responseCode":0,"rdesc_en":"Operation Completed Successfully.","mdn":"120155425","MDN":"120155425","receiptNo":null,"responseMessage":null,"msisdn":null,"ersReference":null,"rdesc_ar":"تمت العملية بنجاح","RCode":"0"}
2025-05-20 17:14:17 [http-nio-8040-exec-2] INFO  c.az.payment.service.PaymentService - PaymentService::processResponse  Response returned From restApi {"RDesc_en":"Operation Completed Successfully.","amount":null,"mobileNumber":null,"RDesc_ar":"تمت العملية بنجاح","rcode":"0","transactionID":null,"responseCode":0,"rdesc_en":"Operation Completed Successfully.","mdn":"120155425","MDN":"120155425","receiptNo":null,"responseMessage":null,"msisdn":null,"ersReference":null,"rdesc_ar":"تمت العملية بنجاح","RCode":"0"}
2025-05-20 17:14:17 [http-nio-8040-exec-2] INFO  com.az.payment.utils.Validation - Validation::validateResponse Validating response  ,,, apiResponse = {"RDesc_en":"Operation Completed Successfully.","amount":null,"mobileNumber":null,"RDesc_ar":"تمت العملية بنجاح","rcode":"0","transactionID":null,"responseCode":0,"rdesc_en":"Operation Completed Successfully.","mdn":"120155425","MDN":"120155425","receiptNo":null,"responseMessage":null,"msisdn":null,"ersReference":null,"rdesc_ar":"تمت العملية بنجاح","RCode":"0"},,,, for service ID 4 , with name Sudani TopUp
2025-05-20 17:14:17 [http-nio-8040-exec-2] INFO  c.az.payment.service.ServiceService - ServiceService.findResponseParameterByServiceId  ServiceID : 4
2025-05-20 17:26:01 [http-nio-8040-exec-2] INFO  com.az.payment.utils.Validation - parameter in List is RCode,,,, first check true , second check true 
2025-05-20 17:26:01 [http-nio-8040-exec-2] INFO  com.az.payment.utils.Validation - parameter in List is Amount,,,, first check false , second check false 
2025-05-20 17:26:01 [http-nio-8040-exec-2] INFO  com.az.payment.utils.Validation - parameter in List is MDN,,,, first check true , second check true 
2025-05-20 17:26:01 [http-nio-8040-exec-2] ERROR c.az.payment.service.PaymentService - Error while validating response details: Parameters not found in response Amount,,, 
2025-05-20 17:26:01 [http-nio-8040-exec-2] INFO  c.az.payment.service.PaymentService - PaymentService::processResponse mapped from toServiceResponse PaymentResponse(responseParams=null, finalStatus=0, isPayment=false, requestParams=null, responseCode=0, responseMessage=Success, bankReference=null)
2025-05-20 17:26:01 [http-nio-8040-exec-2] INFO  com.az.payment.mapper.RequestMapper - start toClientResponse .... PaymentResponse(responseParams=null, finalStatus=0, isPayment=false, requestParams=null, responseCode=0, responseMessage=Success, bankReference=null),,,,, with request ............ProcessRequest(id=2, serviceId=4, parameters=[RequestParameter[id=22, key=mobile, value=0120155425], RequestParameter[id=24, key=amount, value=1], RequestParameter[id=25, key=Merchant_Ref, value=25052000210407]], accountFrom=0103093800000021) 
2025-05-20 17:26:01 [http-nio-8040-exec-2] INFO  c.az.payment.service.PaymentService - mapResponse --->: PaymentResponse(responseParams=null, finalStatus=0, isPayment=false, requestParams=null, responseCode=0, responseMessage=Success, bankReference=25052000210407)
2025-05-20 17:26:24 [http-nio-8040-exec-4] INFO  c.az.payment.service.PaymentService - inside PaymentService.processRequest
2025-05-20 17:26:24 [http-nio-8040-exec-4] INFO  c.az.payment.service.PaymentService - PaymentService::processRequest Getting service By ID 4 ,,,, and locale en
2025-05-20 17:26:24 [http-nio-8040-exec-4] INFO  c.az.payment.service.ServiceService - ServiceService.findById  return service with id 4
2025-05-20 17:26:26 [http-nio-8040-exec-4] INFO  c.az.payment.service.PaymentService - PaymentService::processRequest found Service Named Sudani TopUp: By Id 4
2025-05-20 17:26:27 [http-nio-8040-exec-4] INFO  c.az.payment.service.PaymentService - bankMapedResponse : PaymentResponse(responseParams=null, finalStatus=1, isPayment=false, requestParams=null, responseCode=0, responseMessage=null, bankReference=25052000224684)
2025-05-20 17:26:27 [http-nio-8040-exec-4] INFO  com.az.payment.mapper.RequestMapper - reqRrn : 25 : Merchant_Ref : 25052000224684
2025-05-20 17:26:27 [http-nio-8040-exec-4] INFO  com.az.payment.mapper.RequestMapper - start Validating request .... ProcessRequest(id=2, serviceId=4, parameters=[RequestParameter[id=22, key=mobile, value=0120155425], RequestParameter[id=24, key=amount, value=1], RequestParameter[id=25, key=Merchant_Ref, value=25052000224684]], accountFrom=0103093800000021)
2025-05-20 17:26:27 [http-nio-8040-exec-4] INFO  com.az.payment.utils.Validation - Validating request
2025-05-20 17:26:27 [http-nio-8040-exec-4] INFO  c.az.payment.service.ServiceService - ServiceService.findParameterByServiceId  ServiceID : 4
2025-05-20 17:26:27 [http-nio-8040-exec-4] INFO  c.az.payment.service.ServiceService - inside stream getting parameterId 39 and true and true and true
2025-05-20 17:26:27 [http-nio-8040-exec-4] INFO  c.az.payment.service.ServiceService - inside stream getting parameterId 24 and true and true and true
2025-05-20 17:26:27 [http-nio-8040-exec-4] INFO  c.az.payment.service.ServiceService - inside stream getting parameterId 22 and true and false and true
2025-05-20 17:26:27 [http-nio-8040-exec-4] INFO  c.az.payment.service.ServiceService - inside stream getting parameterId 25 and false and true and true
2025-05-20 17:26:27 [http-nio-8040-exec-4] INFO  com.az.payment.utils.Validation - Validating request parameters in request against actual parameters counts  2
2025-05-20 17:26:27 [http-nio-8040-exec-4] INFO  com.az.payment.utils.Validation - Found 2 parameters in request ,,,against actual parameters counts  2
2025-05-20 17:26:27 [http-nio-8040-exec-4] INFO  com.az.payment.utils.Validation - Validating parameter mobile ::: with value 0120155425
2025-05-20 17:26:27 [http-nio-8040-exec-4] INFO  c.a.payment.service.ParameterService - ParameterService::findById  Find parameter by id 22
2025-05-20 17:26:27 [http-nio-8040-exec-4] INFO  com.az.payment.utils.Validation - Validating parameter amount ::: with value 1
2025-05-20 17:26:27 [http-nio-8040-exec-4] INFO  c.a.payment.service.ParameterService - ParameterService::findById  Find parameter by id 24
2025-05-20 17:26:27 [http-nio-8040-exec-4] INFO  com.az.payment.utils.Validation - Validating parameter Merchant_Ref ::: with value 25052000224684
2025-05-20 17:26:27 [http-nio-8040-exec-4] INFO  c.a.payment.service.ParameterService - ParameterService::findById  Find parameter by id 25
2025-05-20 17:26:27 [http-nio-8040-exec-4] INFO  com.az.payment.utils.Validation - Validation::validateRequest After validating params against its definition 
2025-05-20 17:26:27 [http-nio-8040-exec-4] INFO  com.az.payment.mapper.RequestMapper - end Validating request .... ProcessRequest(id=2, serviceId=4, parameters=[RequestParameter[id=22, key=mobile, value=0120155425], RequestParameter[id=24, key=amount, value=1], RequestParameter[id=25, key=Merchant_Ref, value=25052000224684]], accountFrom=0103093800000021)
2025-05-20 17:26:27 [http-nio-8040-exec-4] INFO  com.az.payment.mapper.RequestMapper - start Mapping Request .... ProcessRequest(id=2, serviceId=4, parameters=[RequestParameter[id=22, key=mobile, value=0120155425], RequestParameter[id=24, key=amount, value=1], RequestParameter[id=25, key=Merchant_Ref, value=25052000224684]], accountFrom=0103093800000021)
2025-05-20 17:26:27 [http-nio-8040-exec-4] INFO  com.az.payment.mapper.RequestMapper - service : com.az.payment.domain.Service@732e8118
2025-05-20 17:26:27 [http-nio-8040-exec-4] INFO  com.az.payment.mapper.RequestMapper - start Mapping Additional Request Data Such as fixed Value and transaction ID if available 
2025-05-20 17:26:27 [http-nio-8040-exec-4] INFO  com.az.payment.mapper.RequestMapper - inside stream getting parameterId 39 and false and true and false
2025-05-20 17:26:27 [http-nio-8040-exec-4] INFO  com.az.payment.mapper.RequestMapper - inside stream getting parameterId 24 and false and true and false
2025-05-20 17:26:27 [http-nio-8040-exec-4] INFO  com.az.payment.mapper.RequestMapper - inside stream getting parameterId 22 and false and false and false
2025-05-20 17:26:27 [http-nio-8040-exec-4] INFO  com.az.payment.mapper.RequestMapper - inside stream getting parameterId 25 and true and true and false
2025-05-20 17:26:27 [http-nio-8040-exec-4] INFO  com.az.payment.mapper.RequestMapper - inside toJsonFIeld true
2025-05-20 17:26:27 [http-nio-8040-exec-4] INFO  com.az.payment.mapper.RequestMapper - end Mapping Request .... {"Merchant_Ref":"25052000224684","MDN":120155425,"transactionId":"377129307106900","Amount":1}
2025-05-20 17:26:27 [http-nio-8040-exec-4] INFO  c.az.payment.service.PaymentService - PaymentService::processRequest mapped  RequestDTO To JSON Object {"Merchant_Ref":"25052000224684","MDN":120155425,"transactionId":"377129307106900","Amount":1}
2025-05-20 17:26:27 [http-nio-8040-exec-4] INFO  c.az.payment.service.PaymentService - transactionLog.getId().toString() : 5153
2025-05-20 17:26:28 [http-nio-8040-exec-4] INFO  com.az.payment.service.ClientApi - ClientAPi::CallService response: {"receiptNo":null,"responseMessage":null,"msisdn":null,"transactionID":null,"responseCode":0,"amount":null,"mobileNumber":null,"ersReference":null,"rdesc_en":"Operation Completed Successfully.","mdn":"120155425","rcode":"0","rdesc_ar":"تمت العملية بنجاح","RCode":"0","RDesc_en":"Operation Completed Successfully.","RDesc_ar":"تمت العملية بنجاح","MDN":"120155425"}
2025-05-20 17:26:28 [http-nio-8040-exec-4] INFO  c.az.payment.service.PaymentService - {"RDesc_en":"Operation Completed Successfully.","amount":null,"mobileNumber":null,"RDesc_ar":"تمت العملية بنجاح","rcode":"0","transactionID":null,"responseCode":0,"rdesc_en":"Operation Completed Successfully.","mdn":"120155425","MDN":"120155425","receiptNo":null,"responseMessage":null,"msisdn":null,"ersReference":null,"rdesc_ar":"تمت العملية بنجاح","RCode":"0"}
2025-05-20 17:26:33 [http-nio-8040-exec-4] INFO  c.az.payment.service.PaymentService - PaymentService::processResponse  Response returned From restApi {"RDesc_en":"Operation Completed Successfully.","amount":null,"mobileNumber":null,"RDesc_ar":"تمت العملية بنجاح","rcode":"0","transactionID":null,"responseCode":0,"rdesc_en":"Operation Completed Successfully.","mdn":"120155425","MDN":"120155425","receiptNo":null,"responseMessage":null,"msisdn":null,"ersReference":null,"rdesc_ar":"تمت العملية بنجاح","RCode":"0"}
2025-05-20 17:26:33 [http-nio-8040-exec-4] INFO  com.az.payment.utils.Validation - Validation::validateResponse Validating response  ,,, apiResponse = {"RDesc_en":"Operation Completed Successfully.","amount":null,"mobileNumber":null,"RDesc_ar":"تمت العملية بنجاح","rcode":"0","transactionID":null,"responseCode":0,"rdesc_en":"Operation Completed Successfully.","mdn":"120155425","MDN":"120155425","receiptNo":null,"responseMessage":null,"msisdn":null,"ersReference":null,"rdesc_ar":"تمت العملية بنجاح","RCode":"0"},,,, for service ID 4 , with name Sudani TopUp
2025-05-20 17:26:33 [http-nio-8040-exec-4] INFO  c.az.payment.service.ServiceService - ServiceService.findResponseParameterByServiceId  ServiceID : 4
2025-05-20 17:26:33 [http-nio-8040-exec-4] INFO  com.az.payment.utils.Validation - parameter in List is RCode,,,, first check true , second check true 
2025-05-20 17:26:33 [http-nio-8040-exec-4] INFO  com.az.payment.utils.Validation - parameter in List is MDN,,,, first check true , second check true 
2025-05-20 17:26:33 [http-nio-8040-exec-4] INFO  com.az.payment.utils.Validation - response returned after mapping data is [PaymentResponseField[key=responseCode, value=0, displayName=responseCode, id=39], PaymentResponseField[key=mobile, value=120155425, displayName=Phone Number , id=22]] 
2025-05-20 17:26:33 [http-nio-8040-exec-4] INFO  com.az.payment.mapper.RequestMapper - response returned from mapper and validated as defined  PaymentResponse(responseParams=[PaymentResponseField[key=responseCode, value=0, displayName=responseCode, id=39], PaymentResponseField[key=mobile, value=120155425, displayName=Phone Number , id=22]], finalStatus=0, isPayment=false, requestParams=null, responseCode=0, responseMessage=null, bankReference=null)
2025-05-20 17:26:33 [http-nio-8040-exec-4] INFO  c.az.payment.service.PaymentService - PaymentService::processResponse mapped from toServiceResponse PaymentResponse(responseParams=[PaymentResponseField[key=responseCode, value=0, displayName=responseCode, id=39], PaymentResponseField[key=mobile, value=120155425, displayName=Phone Number , id=22]], finalStatus=0, isPayment=false, requestParams=null, responseCode=0, responseMessage=null, bankReference=null)
2025-05-20 17:26:33 [http-nio-8040-exec-4] INFO  com.az.payment.mapper.RequestMapper - start toClientResponse .... PaymentResponse(responseParams=[PaymentResponseField[key=responseCode, value=0, displayName=responseCode, id=39], PaymentResponseField[key=mobile, value=120155425, displayName=Phone Number , id=22]], finalStatus=0, isPayment=false, requestParams=null, responseCode=0, responseMessage=null, bankReference=null),,,,, with request ............ProcessRequest(id=2, serviceId=4, parameters=[RequestParameter[id=22, key=mobile, value=0120155425], RequestParameter[id=24, key=amount, value=1], RequestParameter[id=25, key=Merchant_Ref, value=25052000224684]], accountFrom=0103093800000021) 
2025-05-20 17:26:33 [http-nio-8040-exec-4] INFO  c.az.payment.service.PaymentService - mapResponse --->: PaymentResponse(responseParams=[PaymentResponseField[key=responseCode, value=0, displayName=responseCode, id=39], PaymentResponseField[key=mobile, value=120155425, displayName=Phone Number , id=22]], finalStatus=0, isPayment=false, requestParams=null, responseCode=0, responseMessage=null, bankReference=25052000224684)
