2025-08-31 19:37:35 [http-nio-8040-exec-2] INFO  c.az.payment.service.PaymentService - inside PaymentService.processRequest
2025-08-31 19:37:35 [http-nio-8040-exec-2] INFO  c.az.payment.service.PaymentService - mobile request : ProcessRequest(id=4, serviceId=5, parameters=[RequestParameter[id=6, key=meter, value=04000000077], RequestParameter[id=7, key=tarrifCode, value=01]], accountFrom=null)
2025-08-31 19:37:37 [http-nio-8040-exec-2] INFO  c.az.payment.service.PaymentService - transactionLog Id : 18952 : rrn(250831040050000016)
2025-08-31 19:37:37 [http-nio-8040-exec-2] INFO  c.az.payment.service.PaymentService - PaymentService::processRequest Getting service By ID 5 ,,,, and locale en
2025-08-31 19:37:37 [http-nio-8040-exec-2] INFO  c.az.payment.service.ServiceService - ServiceService.findById  return service with id 5
2025-08-31 19:37:39 [http-nio-8040-exec-2] INFO  c.az.payment.service.PaymentService - Biller(4) doesn't have service(5)
2025-08-31 19:37:39 [http-nio-8040-exec-2] INFO  c.az.payment.service.PaymentService - PaymentService::processRequest found Service Named Sudan Electricity: By Id 5
2025-08-31 19:37:39 [http-nio-8040-exec-2] INFO  com.az.payment.mapper.RequestMapper - start Mapping Request .... ProcessRequest(id=4, serviceId=5, parameters=[RequestParameter[id=6, key=meter, value=04000000077], RequestParameter[id=7, key=tarrifCode, value=01]], accountFrom=null)
2025-08-31 19:37:40 [http-nio-8040-exec-2] INFO  com.az.payment.mapper.RequestMapper - reqRrn : -1 : transactionID : 250831040050000016
2025-08-31 19:37:40 [http-nio-8040-exec-2] INFO  com.az.payment.mapper.RequestMapper - start Mapping Additional Request Data Such as fixed Value and transaction ID if available 
2025-08-31 19:37:40 [http-nio-8040-exec-2] INFO  com.az.payment.mapper.RequestMapper - end Mapping Request .... {"meterno":"04000000077","tariff_code":"01","transactionID":"250831040050000016"}
2025-08-31 19:37:40 [http-nio-8040-exec-2] INFO  c.az.payment.service.PaymentService - PaymentService::processRequest mapped  RequestDTO To JSON Object {"meterno":"04000000077","tariff_code":"01","transactionID":"250831040050000016"}
2025-08-31 19:37:42 [http-nio-8040-exec-2] INFO  com.az.payment.service.ClientApi - ClientAPi::CallService response: {"meterno":"04000000077","amount":1000.0,"calcQty":303.3,"PayCustomerName":"HASsan Mustafa","AdditionalRefrence":"1524115512441","tariff_code":"01","BillerVoucher":"12222115222415","responseCode":"0"}
2025-08-31 19:37:42 [http-nio-8040-exec-2] INFO  c.az.payment.service.PaymentService - {"amount":1000,"AdditionalRefrence":"1524115512441","tariff_code":"01","meterno":"04000000077","BillerVoucher":"12222115222415","PayCustomerName":"HASsan Mustafa","calcQty":303.3,"responseCode":"0"}
2025-08-31 19:37:43 [http-nio-8040-exec-2] INFO  c.az.payment.service.PaymentService - #################### SUCCESS
2025-08-31 19:37:44 [http-nio-8040-exec-2] INFO  c.az.payment.service.PaymentService - PaymentService::processResponse  Response returned From restApi {"amount":1000,"AdditionalRefrence":"1524115512441","tariff_code":"01","meterno":"04000000077","BillerVoucher":"12222115222415","PayCustomerName":"HASsan Mustafa","calcQty":303.3,"responseCode":"0"}
2025-08-31 19:37:44 [http-nio-8040-exec-2] INFO  com.az.payment.utils.Validation - Validation::validateResponse Validating response  ,,, apiResponse = {"amount":1000,"AdditionalRefrence":"1524115512441","tariff_code":"01","meterno":"04000000077","BillerVoucher":"12222115222415","PayCustomerName":"HASsan Mustafa","calcQty":303.3,"responseCode":"0"},,,, for service ID 5 , with name Sudan Electricity
2025-08-31 19:37:44 [http-nio-8040-exec-2] INFO  c.az.payment.service.ServiceService - ServiceService.findResponseParameterByServiceId  ServiceID : 5
2025-08-31 19:37:44 [http-nio-8040-exec-2] INFO  com.az.payment.utils.Validation - parameter in List is tariff_code,,,, first check true , second check true 
2025-08-31 19:37:44 [http-nio-8040-exec-2] INFO  com.az.payment.utils.Validation - parameter in List is meterno,,,, first check true , second check true 
2025-08-31 19:37:44 [http-nio-8040-exec-2] INFO  com.az.payment.utils.Validation - parameter in List is AdditionalRefrence,,,, first check true , second check true 
2025-08-31 19:37:44 [http-nio-8040-exec-2] INFO  com.az.payment.utils.Validation - parameter in List is responseCode,,,, first check false , second check false 
2025-08-31 19:37:44 [http-nio-8040-exec-2] INFO  com.az.payment.utils.Validation - parameter in List is PayCustomerName,,,, first check true , second check true 
2025-08-31 19:37:44 [http-nio-8040-exec-2] INFO  com.az.payment.utils.Validation - response returned after mapping data is [PaymentResponseField[key=tarrifCode, value=01, displayName=Tariff Code, id=7], PaymentResponseField[key=meter, value=04000000077, displayName=Meter NO, id=6], PaymentResponseField[key=additional_reference, value=1524115512441, displayName=Additional Reference, id=8], PaymentResponseField[key=PayCustomerName, value=HASsan Mustafa, displayName=Customer Name, id=20]] 
2025-08-31 19:37:44 [http-nio-8040-exec-2] INFO  c.az.payment.mapper.ResponseMapper - response returned from mapper and validated as defined  PaymentResponse(responseParams=[PaymentResponseField[key=tarrifCode, value=01, displayName=Tariff Code, id=7], PaymentResponseField[key=meter, value=04000000077, displayName=Meter NO, id=6], PaymentResponseField[key=additional_reference, value=1524115512441, displayName=Additional Reference, id=8], PaymentResponseField[key=PayCustomerName, value=HASsan Mustafa, displayName=Customer Name, id=20]], finalStatus=0, isPayment=false, requestParams=null, responseCode=0, responseMessage=Successful, bankReference=null)
2025-08-31 19:37:45 [http-nio-8040-exec-2] INFO  c.az.payment.service.PaymentService - PaymentService::processResponse mapped from toServiceResponse PaymentResponse(responseParams=[PaymentResponseField[key=tarrifCode, value=01, displayName=Tariff Code, id=7], PaymentResponseField[key=meter, value=04000000077, displayName=Meter NO, id=6], PaymentResponseField[key=additional_reference, value=1524115512441, displayName=Additional Reference, id=8], PaymentResponseField[key=PayCustomerName, value=HASsan Mustafa, displayName=Customer Name, id=20]], finalStatus=0, isPayment=false, requestParams=null, responseCode=0, responseMessage=Successful, bankReference=null)
2025-08-31 19:37:45 [http-nio-8040-exec-2] INFO  com.az.payment.mapper.RequestMapper - start toClientResponse .... PaymentResponse(responseParams=[PaymentResponseField[key=tarrifCode, value=01, displayName=Tariff Code, id=7], PaymentResponseField[key=meter, value=04000000077, displayName=Meter NO, id=6], PaymentResponseField[key=additional_reference, value=1524115512441, displayName=Additional Reference, id=8], PaymentResponseField[key=PayCustomerName, value=HASsan Mustafa, displayName=Customer Name, id=20]], finalStatus=0, isPayment=false, requestParams=null, responseCode=0, responseMessage=Successful, bankReference=null),,,,, with request ............ProcessRequest(id=4, serviceId=5, parameters=[RequestParameter[id=6, key=meter, value=04000000077], RequestParameter[id=7, key=tarrifCode, value=01]], accountFrom=null) 
2025-08-31 19:37:45 [http-nio-8040-exec-2] INFO  c.az.payment.service.ServiceService - ServiceService.findParameterByServiceId  ServiceID : 6
2025-08-31 19:37:45 [http-nio-8040-exec-2] INFO  c.az.payment.service.ServiceService - inside stream getting parameterId 7 and true and false and true
2025-08-31 19:37:45 [http-nio-8040-exec-2] INFO  c.az.payment.service.ServiceService - inside stream getting parameterId 6 and true and false and true
2025-08-31 19:37:45 [http-nio-8040-exec-2] INFO  c.az.payment.service.ServiceService - inside stream getting parameterId 8 and true and true and true
2025-08-31 19:37:45 [http-nio-8040-exec-2] INFO  c.az.payment.service.ServiceService - inside stream getting parameterId 15 and true and false and true
2025-08-31 19:37:45 [http-nio-8040-exec-2] INFO  c.az.payment.service.ServiceService - inside stream getting parameterId 17 and true and true and true
2025-08-31 19:37:45 [http-nio-8040-exec-2] INFO  c.az.payment.service.ServiceService - inside stream getting parameterId 18 and true and true and true
2025-08-31 19:37:45 [http-nio-8040-exec-2] INFO  c.az.payment.service.ServiceService - inside stream getting parameterId 21 and true and true and true
2025-08-31 19:37:45 [http-nio-8040-exec-2] INFO  c.az.payment.service.PaymentService - mapResponse --->: PaymentResponse(responseParams=[PaymentResponseField[key=tarrifCode, value=01, displayName=Tariff Code, id=7], PaymentResponseField[key=meter, value=04000000077, displayName=Meter NO, id=6], PaymentResponseField[key=additional_reference, value=1524115512441, displayName=Additional Reference, id=8], PaymentResponseField[key=PayCustomerName, value=HASsan Mustafa, displayName=Customer Name, id=20]], finalStatus=6, isPayment=true, requestParams=[ParameterResponse[id=7, name=Tariff Code, description=Tarrif Code, internalKey=tarrifCode, orderNo=2, regex=null, inputType=2, jsonType=1, paramType=0, length=2, minValue=-1.0, maxValue=-1.0, option=[OptionResponse[id=4, name=Comercial, value=04], OptionResponse[id=1, name=Domestic single phase, value=01], OptionResponse[id=2, name=Domestic Three phase, value=02], OptionResponse[id=3, name=Operational, value=03]]], ParameterResponse[id=6, name=Meter NO, description=Meter No, internalKey=meter, orderNo=1, regex=null, inputType=1, jsonType=1, paramType=0, length=11, minValue=-1.0, maxValue=-1.0, option=[]], ParameterResponse[id=15, name=Amount, description=amount, internalKey=amount, orderNo=5, regex=null, inputType=1, jsonType=1, paramType=4, length=-1, minValue=1000.0, maxValue=50000.0, option=[]]], responseCode=0, responseMessage=Successful, bankReference=250831040050000016)
