2025-08-05 14:13:24 [main] INFO  com.az.payment.PaymentApplication - Starting PaymentApplication using Java 17.0.12 with PID 716 (D:\____WorkSpace\AZ\code backups\e-payment_5_5_2025\payment\target\classes started by HP in D:\____WorkSpace\AZ\code backups\e-payment_5_5_2025\payment)
2025-08-05 14:13:24 [main] DEBUG com.az.payment.PaymentApplication - Running with Spring Boot v3.3.0, Spring v6.1.8
2025-08-05 14:13:24 [main] INFO  com.az.payment.PaymentApplication - No active profile set, falling back to 1 default profile: "default"
2025-08-05 14:13:38 [main] INFO  com.az.payment.PaymentApplication - Started PaymentApplication in 15.006 seconds (process running for 15.812)
2025-08-05 14:13:48 [http-nio-8040-exec-6] INFO  c.az.payment.service.PaymentService - inside PaymentService.processRequest
2025-08-05 14:13:48 [http-nio-8040-exec-6] INFO  c.az.payment.service.PaymentService - mobile request : ProcessRequest(id=1, serviceId=1, parameters=[RequestParameter[id=3, key=amount, value=1.0], RequestParameter[id=4, key=To_BBAN, value=80111111112222]], accountFrom=0103093800000021)
2025-08-05 14:13:49 [http-nio-8040-exec-6] INFO  c.az.payment.service.PaymentService - transactionLog Id : 15202 : rrn(250805010010000002)
2025-08-05 14:13:49 [http-nio-8040-exec-6] INFO  c.az.payment.service.PaymentService - PaymentService::processRequest Getting service By ID 1 ,,,, and locale en
2025-08-05 14:13:49 [http-nio-8040-exec-6] INFO  c.az.payment.service.ServiceService - ServiceService.findById  return service with id 1
2025-08-05 14:13:53 [http-nio-8040-exec-6] INFO  c.az.payment.service.PaymentService - PaymentService::processRequest found Service Named EBS Transfer: By Id 1
2025-08-05 14:13:53 [http-nio-8040-exec-6] INFO  com.az.payment.mapper.RequestMapper - start Mapping Request .... ProcessRequest(id=1, serviceId=1, parameters=[RequestParameter[id=3, key=amount, value=1.0], RequestParameter[id=4, key=To_BBAN, value=80111111112222]], accountFrom=0103093800000021)
2025-08-05 14:13:54 [http-nio-8040-exec-6] INFO  com.az.payment.mapper.RequestMapper - reqRrn : 5 : transactionId : 250805010010000002
2025-08-05 14:13:54 [http-nio-8040-exec-6] INFO  com.az.payment.mapper.RequestMapper - start Mapping Additional Request Data Such as fixed Value and transaction ID if available 
2025-08-05 14:13:54 [http-nio-8040-exec-6] INFO  com.az.payment.mapper.RequestMapper - Lang : fixed
2025-08-05 14:13:54 [http-nio-8040-exec-6] INFO  com.az.payment.mapper.RequestMapper - end Mapping Request .... {"Lang":"1","To_BBAN":"80111111112222","transactionId":"250805010010000002","Amount":1}
2025-08-05 14:13:54 [http-nio-8040-exec-6] INFO  c.az.payment.service.PaymentService - PaymentService::processRequest mapped  RequestDTO To JSON Object {"Lang":"1","To_BBAN":"80111111112222","transactionId":"250805010010000002","Amount":1}
2025-08-05 14:13:54 [http-nio-8040-exec-6] INFO  c.az.payment.service.ServiceService - ServiceService.findById  return service with id 11
2025-08-05 14:13:55 [http-nio-8040-exec-6] INFO  com.az.payment.mapper.RequestMapper - start Mapping Request .... ProcessRequest(id=1, serviceId=11, parameters=[RequestParameter[id=41, key=accountFrom, value=0103093800000021]], accountFrom=null)
2025-08-05 14:13:55 [http-nio-8040-exec-6] INFO  com.az.payment.mapper.RequestMapper - reqRrn : -1 : transactionID : 250805010010000002
2025-08-05 14:13:55 [http-nio-8040-exec-6] INFO  com.az.payment.mapper.RequestMapper - start Mapping Additional Request Data Such as fixed Value and transaction ID if available 
2025-08-05 14:13:55 [http-nio-8040-exec-6] INFO  com.az.payment.mapper.RequestMapper - end Mapping Request .... {"transactionID":"250805010010000002","accountNo":"0103093800000021"}
2025-08-05 14:13:56 [http-nio-8040-exec-6] INFO  com.az.payment.service.ClientApi - ClientAPi::CallService response: {"ibanNo":"SD3408010000353201","accName":"زاكى الدين بلال محمد محمد","transactionID":"250805010010000002","responseCode":0,"responseMessage":"Success"}
2025-08-05 14:13:56 [http-nio-8040-exec-6] INFO  c.az.payment.service.ServiceService - ServiceService.findById  return service with id 11
2025-08-05 14:13:56 [http-nio-8040-exec-6] INFO  com.az.payment.mapper.RequestMapper - start Mapping Request .... ProcessRequest(id=1, serviceId=11, parameters=[RequestParameter[id=41, key=accountFrom, value=0103093800000021]], accountFrom=null)
2025-08-05 14:13:56 [http-nio-8040-exec-6] INFO  com.az.payment.mapper.RequestMapper - reqRrn : -1 : transactionID : 250805010010000002
2025-08-05 14:13:56 [http-nio-8040-exec-6] INFO  com.az.payment.mapper.RequestMapper - start Mapping Additional Request Data Such as fixed Value and transaction ID if available 
2025-08-05 14:13:56 [http-nio-8040-exec-6] INFO  com.az.payment.mapper.RequestMapper - end Mapping Request .... {"transactionID":"250805010010000002","accountNo":"0103093800000021"}
2025-08-05 14:13:56 [http-nio-8040-exec-6] INFO  com.az.payment.service.ClientApi - ClientAPi::CallService response: {"ibanNo":"SD3408010000353201","accName":"زاكى الدين بلال محمد محمد","transactionID":"250805010010000002","responseCode":0,"responseMessage":"Success"}
2025-08-05 14:13:56 [http-nio-8040-exec-6] INFO  c.az.payment.service.PaymentService - processing payment from account : 0103093800000021
2025-08-05 14:13:57 [http-nio-8040-exec-6] INFO  c.az.payment.service.PaymentService - bankMapedResponse : PaymentResponse(responseParams=null, finalStatus=1, isPayment=false, requestParams=null, responseCode=0, responseMessage=null, bankReference=250805010010000002)
2025-08-05 14:13:57 [http-nio-8040-exec-6] ERROR com.az.payment.service.ClientApi - Failed to access the Biller: I/O error on POST request for "http://localhost:9182/api/TransferCredit": Connection refused: no further information
2025-08-05 14:13:57 [http-nio-8040-exec-6] INFO  c.az.payment.service.PaymentService - {"code":-12,"message":"Failed to access the Biller: I/O error on POST request for \"http://localhost:9182/api/TransferCredit\": Connection refused: no further information","status":-1}
2025-08-05 14:13:58 [http-nio-8040-exec-6] INFO  c.az.payment.service.PaymentService - =================================-12
2025-08-05 14:13:58 [http-nio-8040-exec-6] INFO  c.az.payment.service.PaymentService - #################### Biller Failed:Start reverse process if the service ispPayment
2025-08-05 14:13:59 [http-nio-8040-exec-6] INFO  c.az.payment.service.PaymentService - mapResponseRev : PaymentResponse(responseParams=null, finalStatus=-1, isPayment=false, requestParams=null, responseCode=-2, responseMessage=Fail at Biller, bankReference=null)
2025-08-05 14:15:19 [http-nio-8040-exec-9] INFO  c.az.payment.service.PaymentService - inside PaymentService.processRequest
2025-08-05 14:15:19 [http-nio-8040-exec-9] INFO  c.az.payment.service.PaymentService - mobile request : ProcessRequest(id=1, serviceId=1, parameters=[RequestParameter[id=3, key=amount, value=1.0], RequestParameter[id=4, key=To_BBAN, value=80111111112222]], accountFrom=0103093800000021)
2025-08-05 14:15:19 [http-nio-8040-exec-9] INFO  c.az.payment.service.PaymentService - transactionLog Id : 15203 : rrn(250805010010000003)
2025-08-05 14:15:19 [http-nio-8040-exec-9] INFO  c.az.payment.service.PaymentService - PaymentService::processRequest Getting service By ID 1 ,,,, and locale en
2025-08-05 14:15:19 [http-nio-8040-exec-9] INFO  c.az.payment.service.ServiceService - ServiceService.findById  return service with id 1
2025-08-05 14:15:23 [http-nio-8040-exec-9] INFO  c.az.payment.service.PaymentService - PaymentService::processRequest found Service Named EBS Transfer: By Id 1
2025-08-05 14:15:23 [http-nio-8040-exec-9] INFO  com.az.payment.mapper.RequestMapper - start Mapping Request .... ProcessRequest(id=1, serviceId=1, parameters=[RequestParameter[id=3, key=amount, value=1.0], RequestParameter[id=4, key=To_BBAN, value=80111111112222]], accountFrom=0103093800000021)
2025-08-05 14:15:24 [http-nio-8040-exec-9] INFO  com.az.payment.mapper.RequestMapper - reqRrn : 5 : transactionId : 250805010010000003
2025-08-05 14:15:24 [http-nio-8040-exec-9] INFO  com.az.payment.mapper.RequestMapper - start Mapping Additional Request Data Such as fixed Value and transaction ID if available 
2025-08-05 14:15:24 [http-nio-8040-exec-9] INFO  com.az.payment.mapper.RequestMapper - Lang : fixed
2025-08-05 14:15:24 [http-nio-8040-exec-9] INFO  com.az.payment.mapper.RequestMapper - end Mapping Request .... {"Lang":"1","To_BBAN":"80111111112222","transactionId":"250805010010000003","Amount":1}
2025-08-05 14:15:24 [http-nio-8040-exec-9] INFO  c.az.payment.service.PaymentService - PaymentService::processRequest mapped  RequestDTO To JSON Object {"Lang":"1","To_BBAN":"80111111112222","transactionId":"250805010010000003","Amount":1}
2025-08-05 14:15:24 [http-nio-8040-exec-9] INFO  c.az.payment.service.ServiceService - ServiceService.findById  return service with id 11
2025-08-05 14:15:25 [http-nio-8040-exec-9] INFO  com.az.payment.mapper.RequestMapper - start Mapping Request .... ProcessRequest(id=1, serviceId=11, parameters=[RequestParameter[id=41, key=accountFrom, value=0103093800000021]], accountFrom=null)
2025-08-05 14:15:25 [http-nio-8040-exec-9] INFO  com.az.payment.mapper.RequestMapper - reqRrn : -1 : transactionID : 250805010010000003
2025-08-05 14:15:25 [http-nio-8040-exec-9] INFO  com.az.payment.mapper.RequestMapper - start Mapping Additional Request Data Such as fixed Value and transaction ID if available 
2025-08-05 14:15:25 [http-nio-8040-exec-9] INFO  com.az.payment.mapper.RequestMapper - end Mapping Request .... {"transactionID":"250805010010000003","accountNo":"0103093800000021"}
2025-08-05 14:15:25 [http-nio-8040-exec-9] INFO  com.az.payment.service.ClientApi - ClientAPi::CallService response: {"ibanNo":"SD3408010000353201","accName":"زاكى الدين بلال محمد محمد","transactionID":"250805010010000003","responseCode":0,"responseMessage":"Success"}
2025-08-05 14:15:25 [http-nio-8040-exec-9] INFO  c.az.payment.service.ServiceService - ServiceService.findById  return service with id 11
2025-08-05 14:15:25 [http-nio-8040-exec-9] INFO  com.az.payment.mapper.RequestMapper - start Mapping Request .... ProcessRequest(id=1, serviceId=11, parameters=[RequestParameter[id=41, key=accountFrom, value=0103093800000021]], accountFrom=null)
2025-08-05 14:15:25 [http-nio-8040-exec-9] INFO  com.az.payment.mapper.RequestMapper - reqRrn : -1 : transactionID : 250805010010000003
2025-08-05 14:15:25 [http-nio-8040-exec-9] INFO  com.az.payment.mapper.RequestMapper - start Mapping Additional Request Data Such as fixed Value and transaction ID if available 
2025-08-05 14:15:25 [http-nio-8040-exec-9] INFO  com.az.payment.mapper.RequestMapper - end Mapping Request .... {"transactionID":"250805010010000003","accountNo":"0103093800000021"}
2025-08-05 14:15:25 [http-nio-8040-exec-9] INFO  com.az.payment.service.ClientApi - ClientAPi::CallService response: {"ibanNo":"SD3408010000353201","accName":"زاكى الدين بلال محمد محمد","transactionID":"250805010010000003","responseCode":0,"responseMessage":"Success"}
2025-08-05 14:15:26 [http-nio-8040-exec-9] INFO  c.az.payment.service.PaymentService - processing payment from account : 0103093800000021
2025-08-05 14:15:26 [http-nio-8040-exec-9] INFO  c.az.payment.service.PaymentService - bankMapedResponse : PaymentResponse(responseParams=null, finalStatus=1, isPayment=false, requestParams=null, responseCode=0, responseMessage=null, bankReference=250805010010000003)
2025-08-05 14:15:27 [http-nio-8040-exec-9] ERROR com.az.payment.service.ClientApi - Biller not responding: I/O error on POST request for "http://localhost:9182/api/TransferCredit": Read timed out
2025-08-05 14:15:27 [http-nio-8040-exec-9] INFO  c.az.payment.service.PaymentService - {"code":-10,"message":"Biller not responding: I/O error on POST request for \"http://localhost:9182/api/TransferCredit\": Read timed out","status":-2}
2025-08-05 14:15:28 [http-nio-8040-exec-9] INFO  c.az.payment.service.PaymentService - =================================-10
2025-08-05 14:15:28 [http-nio-8040-exec-9] INFO  c.az.payment.service.PaymentService - #################### TIME OUT
2025-08-05 14:15:29 [http-nio-8040-exec-9] INFO  c.az.payment.service.PaymentService - PaymentService::processResponse  Response returned From restApi {"code":-10,"message":"Biller not responding: I/O error on POST request for \"http://localhost:9182/api/TransferCredit\": Read timed out","responseMessage":"sdsd","status":-2,"responseCode":"999"}
2025-08-05 14:15:29 [http-nio-8040-exec-9] INFO  com.az.payment.utils.Validation - Validation::validateResponse Validating response  ,,, apiResponse = {"code":-10,"message":"Biller not responding: I/O error on POST request for \"http://localhost:9182/api/TransferCredit\": Read timed out","responseMessage":"sdsd","status":-2,"responseCode":"999"},,,, for service ID 1 , with name EBS Transfer
2025-08-05 14:15:29 [http-nio-8040-exec-9] INFO  c.az.payment.service.ServiceService - ServiceService.findResponseParameterByServiceId  ServiceID : 1
2025-08-05 14:15:29 [http-nio-8040-exec-9] INFO  com.az.payment.utils.Validation - parameter in List is responseCode,,,, first check false , second check false 
2025-08-05 14:15:29 [http-nio-8040-exec-9] INFO  com.az.payment.utils.Validation - parameter in List is responseMessage,,,, first check true , second check true 
2025-08-05 14:15:29 [http-nio-8040-exec-9] INFO  com.az.payment.utils.Validation - parameter in List is Amount,,,, first check false , second check false 
2025-08-05 14:15:29 [http-nio-8040-exec-9] INFO  com.az.payment.utils.Validation - parameter in List is Tran_DateTime,,,, first check false , second check false 
2025-08-05 14:15:29 [http-nio-8040-exec-9] INFO  com.az.payment.utils.Validation - parameter in List is NS_RRN,,,, first check false , second check false 
2025-08-05 14:15:29 [http-nio-8040-exec-9] ERROR com.az.payment.utils.Validation - Parameters not found in response Amount,,,Tran_DateTime,,,NS_RRN,,, 
2025-08-05 14:15:29 [http-nio-8040-exec-9] INFO  com.az.payment.utils.Validation - response returned after mapping data is [PaymentResponseField[key=responseMessage, value=Transaction pending, displayName=Response Message, id=2]] 
2025-08-05 14:15:29 [http-nio-8040-exec-9] INFO  c.az.payment.mapper.ResponseMapper - response returned from mapper and validated as defined  PaymentResponse(responseParams=[PaymentResponseField[key=responseMessage, value=Transaction pending, displayName=Response Message, id=2]], finalStatus=0, isPayment=false, requestParams=null, responseCode=0, responseMessage=Transaction pending, bankReference=null)
2025-08-05 14:15:29 [http-nio-8040-exec-9] INFO  c.az.payment.service.PaymentService - PaymentService::processResponse mapped from toServiceResponse PaymentResponse(responseParams=[PaymentResponseField[key=responseMessage, value=Transaction pending, displayName=Response Message, id=2]], finalStatus=0, isPayment=false, requestParams=null, responseCode=0, responseMessage=Transaction pending, bankReference=null)
2025-08-05 14:15:29 [http-nio-8040-exec-9] INFO  com.az.payment.mapper.RequestMapper - start toClientResponse .... PaymentResponse(responseParams=[PaymentResponseField[key=responseMessage, value=Transaction pending, displayName=Response Message, id=2]], finalStatus=0, isPayment=false, requestParams=null, responseCode=0, responseMessage=Transaction pending, bankReference=null),,,,, with request ............ProcessRequest(id=1, serviceId=1, parameters=[RequestParameter[id=3, key=amount, value=1.0], RequestParameter[id=4, key=To_BBAN, value=80111111112222]], accountFrom=0103093800000021) 
2025-08-05 14:15:29 [http-nio-8040-exec-9] INFO  c.az.payment.service.PaymentService - mapResponse --->: PaymentResponse(responseParams=[PaymentResponseField[key=responseMessage, value=Transaction pending, displayName=Response Message, id=2]], finalStatus=0, isPayment=false, requestParams=null, responseCode=0, responseMessage=Transaction pending, bankReference=250805010010000003)
