2025-07-08 15:23:32 [main] INFO  com.az.payment.PaymentApplication - Starting PaymentApplication using Java 17.0.12 with PID 9080 (D:\____WorkSpace\AZ\code backups\e-payment_5_5_2025\payment\target\classes started by HP in D:\____WorkSpace\AZ\code backups\e-payment_5_5_2025\payment)
2025-07-08 15:23:32 [main] DEBUG com.az.payment.PaymentApplication - Running with Spring Boot v3.3.0, Spring v6.1.8
2025-07-08 15:23:32 [main] INFO  com.az.payment.PaymentApplication - No active profile set, falling back to 1 default profile: "default"
2025-07-08 15:26:11 [main] INFO  com.az.payment.PaymentApplication - Starting PaymentApplication using Java 17.0.12 with PID 13640 (D:\____WorkSpace\AZ\code backups\e-payment_5_5_2025\payment\target\classes started by HP in D:\____WorkSpace\AZ\code backups\e-payment_5_5_2025\payment)
2025-07-08 15:26:11 [main] DEBUG com.az.payment.PaymentApplication - Running with Spring Boot v3.3.0, Spring v6.1.8
2025-07-08 15:26:11 [main] INFO  com.az.payment.PaymentApplication - No active profile set, falling back to 1 default profile: "default"
2025-07-08 15:26:22 [main] INFO  com.az.payment.PaymentApplication - Started PaymentApplication in 11.842 seconds (process running for 12.495)
2025-07-08 15:27:40 [http-nio-8040-exec-2] INFO  c.az.payment.service.PaymentService - inside PaymentService.processRequest
2025-07-08 15:27:40 [http-nio-8040-exec-2] INFO  c.az.payment.service.PaymentService - PaymentService::processRequest Getting service By ID 9 ,,,, and locale en
2025-07-08 15:27:40 [http-nio-8040-exec-2] INFO  c.az.payment.service.ServiceService - ServiceService.findById  return service with id 9
2025-07-08 15:27:42 [http-nio-8040-exec-2] INFO  c.az.payment.service.PaymentService - PaymentService::processRequest found Service Named ZAIN TopUp: By Id 9
2025-07-08 15:27:42 [http-nio-8040-exec-2] INFO  c.az.payment.service.PaymentService - bankMapedResponse : PaymentResponse(responseParams=null, finalStatus=1, isPayment=false, requestParams=null, responseCode=0, responseMessage=null, bankReference=250708060000043)
2025-07-08 15:27:42 [http-nio-8040-exec-2] INFO  com.az.payment.mapper.RequestMapper - reqRrn : -1 : transactionID : 250708060000043
2025-07-08 15:27:42 [http-nio-8040-exec-2] INFO  com.az.payment.mapper.RequestMapper - start Mapping Request .... ProcessRequest(id=6, serviceId=9, parameters=[RequestParameter[id=26, key=mobile, value=917776588], RequestParameter[id=30, key=amount, value=15], RequestParameter[id=-1, key=transactionID, value=250708060000043]], accountFrom=0103093800000021)
2025-07-08 15:27:42 [http-nio-8040-exec-2] INFO  com.az.payment.mapper.RequestMapper - service : com.az.payment.domain.Service@71c63241
2025-07-08 15:27:42 [http-nio-8040-exec-2] INFO  com.az.payment.mapper.RequestMapper - start Mapping Additional Request Data Such as fixed Value and transaction ID if available 
2025-07-08 15:27:42 [http-nio-8040-exec-2] INFO  com.az.payment.mapper.RequestMapper - inside stream getting parameterId 26 and false and false and false
2025-07-08 15:27:42 [http-nio-8040-exec-2] INFO  com.az.payment.mapper.RequestMapper - inside stream getting parameterId 27 and false and true and false
2025-07-08 15:27:42 [http-nio-8040-exec-2] INFO  com.az.payment.mapper.RequestMapper - inside stream getting parameterId 30 and false and true and false
2025-07-08 15:27:42 [http-nio-8040-exec-2] INFO  com.az.payment.mapper.RequestMapper - inside stream getting parameterId 31 and true and false and false
2025-07-08 15:27:42 [http-nio-8040-exec-2] INFO  com.az.payment.mapper.RequestMapper - inside stream getting parameterId 32 and false and true and false
2025-07-08 15:27:42 [http-nio-8040-exec-2] INFO  com.az.payment.mapper.RequestMapper - inside toJsonFIeld true
2025-07-08 15:27:42 [http-nio-8040-exec-2] INFO  com.az.payment.mapper.RequestMapper - end Mapping Request .... {"msisdn":917776588,"amount":"15","transactionID":"250708060000043"}
2025-07-08 15:27:42 [http-nio-8040-exec-2] INFO  c.az.payment.service.PaymentService - PaymentService::processRequest mapped  RequestDTO To JSON Object {"msisdn":917776588,"amount":"15","transactionID":"250708060000043"}
2025-07-08 15:27:43 [http-nio-8040-exec-2] INFO  c.az.payment.service.PaymentService - transactionLog.getId().toString() : 9152
2025-07-08 15:27:44 [http-nio-8040-exec-2] INFO  com.az.payment.service.ClientApi - ClientAPi::CallService response: {"receiptNo":null,"responseCode":0,"responseMessage":null,"msisdn":"917776588","transactionID":"250708060000043","amount":"15","mobileNumber":null,"ersReference":null,"rcode":"0","rdesc_en":"Operation Completed Successfully.","rdesc_ar":"تمت العملية بنجاح","mdn":"120155425","RCode":"0","RDesc_en":"Operation Completed Successfully.","RDesc_ar":"تمت العملية بنجاح","MDN":"120155425"}
2025-07-08 15:27:44 [http-nio-8040-exec-2] INFO  c.az.payment.service.PaymentService - {"RDesc_en":"Operation Completed Successfully.","amount":"15","mobileNumber":null,"RDesc_ar":"تمت العملية بنجاح","rcode":"0","transactionID":"250708060000043","responseCode":0,"rdesc_en":"Operation Completed Successfully.","mdn":"120155425","MDN":"120155425","receiptNo":null,"responseMessage":null,"msisdn":"917776588","ersReference":null,"rdesc_ar":"تمت العملية بنجاح","RCode":"0"}
2025-07-08 15:27:46 [http-nio-8040-exec-2] INFO  c.az.payment.service.PaymentService - #################### SUCCESS
2025-07-08 15:27:46 [http-nio-8040-exec-2] INFO  c.az.payment.service.PaymentService - PaymentService::processResponse  Response returned From restApi {"RDesc_en":"Operation Completed Successfully.","amount":"15","mobileNumber":null,"RDesc_ar":"تمت العملية بنجاح","rcode":"0","transactionID":"250708060000043","responseCode":0,"rdesc_en":"Operation Completed Successfully.","mdn":"120155425","MDN":"120155425","receiptNo":null,"responseMessage":null,"msisdn":"917776588","ersReference":null,"rdesc_ar":"تمت العملية بنجاح","RCode":"0"}
2025-07-08 15:27:46 [http-nio-8040-exec-2] INFO  com.az.payment.utils.Validation - Validation::validateResponse Validating response  ,,, apiResponse = {"RDesc_en":"Operation Completed Successfully.","amount":"15","mobileNumber":null,"RDesc_ar":"تمت العملية بنجاح","rcode":"0","transactionID":"250708060000043","responseCode":0,"rdesc_en":"Operation Completed Successfully.","mdn":"120155425","MDN":"120155425","receiptNo":null,"responseMessage":null,"msisdn":"917776588","ersReference":null,"rdesc_ar":"تمت العملية بنجاح","RCode":"0"},,,, for service ID 9 , with name ZAIN TopUp
2025-07-08 15:27:46 [http-nio-8040-exec-2] INFO  c.az.payment.service.ServiceService - ServiceService.findResponseParameterByServiceId  ServiceID : 9
2025-07-08 15:27:46 [http-nio-8040-exec-2] INFO  com.az.payment.utils.Validation - parameter in List is msisdn,,,, first check true , second check true 
2025-07-08 15:27:46 [http-nio-8040-exec-2] INFO  com.az.payment.utils.Validation - parameter in List is responseCode,,,, first check false , second check false 
2025-07-08 15:27:47 [http-nio-8040-exec-2] INFO  com.az.payment.utils.Validation - parameter in List is responseMessage,,,, first check false , second check false 
2025-07-08 15:27:47 [http-nio-8040-exec-2] ERROR c.az.payment.service.PaymentService - Error while validating response details: Parameters not found in response responseMessage,,, 
2025-07-08 15:27:47 [http-nio-8040-exec-2] INFO  c.az.payment.service.PaymentService - PaymentService::processResponse mapped from toServiceResponse PaymentResponse(responseParams=null, finalStatus=0, isPayment=false, requestParams=null, responseCode=0, responseMessage=Success, bankReference=null)
2025-07-08 15:27:47 [http-nio-8040-exec-2] INFO  com.az.payment.mapper.RequestMapper - start toClientResponse .... PaymentResponse(responseParams=null, finalStatus=0, isPayment=false, requestParams=null, responseCode=0, responseMessage=Success, bankReference=null),,,,, with request ............ProcessRequest(id=6, serviceId=9, parameters=[RequestParameter[id=26, key=mobile, value=917776588], RequestParameter[id=30, key=amount, value=15], RequestParameter[id=-1, key=transactionID, value=250708060000043]], accountFrom=0103093800000021) 
2025-07-08 15:27:47 [http-nio-8040-exec-2] INFO  c.az.payment.service.PaymentService - mapResponse --->: PaymentResponse(responseParams=null, finalStatus=0, isPayment=false, requestParams=null, responseCode=0, responseMessage=Success, bankReference=250708060000043)
2025-07-08 15:30:25 [main] INFO  com.az.payment.PaymentApplication - Starting PaymentApplication using Java 17.0.12 with PID 2392 (D:\____WorkSpace\AZ\code backups\e-payment_5_5_2025\payment\target\classes started by HP in D:\____WorkSpace\AZ\code backups\e-payment_5_5_2025\payment)
2025-07-08 15:30:25 [main] DEBUG com.az.payment.PaymentApplication - Running with Spring Boot v3.3.0, Spring v6.1.8
2025-07-08 15:30:25 [main] INFO  com.az.payment.PaymentApplication - No active profile set, falling back to 1 default profile: "default"
2025-07-08 15:30:39 [main] INFO  com.az.payment.PaymentApplication - Started PaymentApplication in 14.744 seconds (process running for 15.429)
2025-07-08 15:33:43 [http-nio-8040-exec-1] INFO  c.az.payment.service.PaymentService - inside PaymentService.processRequest
2025-07-08 15:33:43 [http-nio-8040-exec-1] INFO  c.az.payment.service.PaymentService - PaymentService::processRequest Getting service By ID 9 ,,,, and locale en
2025-07-08 15:33:43 [http-nio-8040-exec-1] INFO  c.az.payment.service.ServiceService - ServiceService.findById  return service with id 9
2025-07-08 15:33:45 [http-nio-8040-exec-1] INFO  c.az.payment.service.PaymentService - PaymentService::processRequest found Service Named ZAIN TopUp: By Id 9
2025-07-08 15:33:45 [http-nio-8040-exec-1] INFO  c.az.payment.service.PaymentService - ERROR[payCoreBank]:00056:Service Not Available:-1438:ORA-01438: value larger than specified precision allowed for this column
2025-07-08 15:33:45 [http-nio-8040-exec-1] INFO  c.az.payment.service.PaymentService - bankMapedResponse : PaymentResponse(responseParams=null, finalStatus=-1, isPayment=false, requestParams=null, responseCode=-1, responseMessage=Service Not Available, bankReference=null)
2025-07-08 15:46:45 [main] INFO  com.az.payment.PaymentApplication - Starting PaymentApplication using Java 17.0.12 with PID 16216 (D:\____WorkSpace\AZ\code backups\e-payment_5_5_2025\payment\target\classes started by HP in D:\____WorkSpace\AZ\code backups\e-payment_5_5_2025\payment)
2025-07-08 15:46:45 [main] DEBUG com.az.payment.PaymentApplication - Running with Spring Boot v3.3.0, Spring v6.1.8
2025-07-08 15:46:45 [main] INFO  com.az.payment.PaymentApplication - No active profile set, falling back to 1 default profile: "default"
2025-07-08 15:46:55 [main] INFO  com.az.payment.PaymentApplication - Started PaymentApplication in 11.159 seconds (process running for 11.692)
2025-07-08 15:47:33 [http-nio-8040-exec-1] INFO  c.az.payment.service.PaymentService - inside PaymentService.processRequest
2025-07-08 15:47:34 [http-nio-8040-exec-1] INFO  c.az.payment.service.PaymentService - PaymentService::processRequest Getting service By ID 9 ,,,, and locale en
2025-07-08 15:47:34 [http-nio-8040-exec-1] INFO  c.az.payment.service.ServiceService - ServiceService.findById  return service with id 9
2025-07-08 15:47:35 [http-nio-8040-exec-1] INFO  c.az.payment.service.PaymentService - PaymentService::processRequest found Service Named ZAIN TopUp: By Id 9
2025-07-08 15:47:35 [http-nio-8040-exec-1] INFO  c.az.payment.service.PaymentService - ERROR[payCoreBank]:00056:Service Not Available:-1438:ORA-01438: value larger than specified precision allowed for this column
2025-07-08 15:47:35 [http-nio-8040-exec-1] INFO  c.az.payment.service.PaymentService - bankMapedResponse : PaymentResponse(responseParams=null, finalStatus=-1, isPayment=false, requestParams=null, responseCode=-1, responseMessage=Service Not Available, bankReference=null)
2025-07-08 16:25:58 [main] INFO  com.az.payment.PaymentApplication - Starting PaymentApplication using Java 17.0.12 with PID 13576 (D:\____WorkSpace\AZ\code backups\e-payment_5_5_2025\payment\target\classes started by HP in D:\____WorkSpace\AZ\code backups\e-payment_5_5_2025\payment)
2025-07-08 16:25:58 [main] DEBUG com.az.payment.PaymentApplication - Running with Spring Boot v3.3.0, Spring v6.1.8
2025-07-08 16:25:58 [main] INFO  com.az.payment.PaymentApplication - No active profile set, falling back to 1 default profile: "default"
2025-07-08 16:26:09 [main] INFO  com.az.payment.PaymentApplication - Started PaymentApplication in 11.057 seconds (process running for 11.61)
2025-07-08 16:26:21 [http-nio-8040-exec-1] INFO  c.az.payment.service.PaymentService - inside PaymentService.processRequest
2025-07-08 16:26:21 [http-nio-8040-exec-1] INFO  c.az.payment.service.PaymentService - PaymentService::processRequest Getting service By ID 9 ,,,, and locale en
2025-07-08 16:26:21 [http-nio-8040-exec-1] INFO  c.az.payment.service.ServiceService - ServiceService.findById  return service with id 9
2025-07-08 16:26:23 [http-nio-8040-exec-1] INFO  c.az.payment.service.PaymentService - PaymentService::processRequest found Service Named ZAIN TopUp: By Id 9
2025-07-08 16:26:23 [http-nio-8040-exec-1] INFO  c.az.payment.service.PaymentService - bankMapedResponse : PaymentResponse(responseParams=null, finalStatus=1, isPayment=false, requestParams=null, responseCode=0, responseMessage=null, bankReference=250708690000003)
2025-07-08 16:26:23 [http-nio-8040-exec-1] INFO  com.az.payment.mapper.RequestMapper - reqRrn : -1 : transactionID : 250708690000003
2025-07-08 16:26:23 [http-nio-8040-exec-1] INFO  com.az.payment.mapper.RequestMapper - start Mapping Request .... ProcessRequest(id=6, serviceId=9, parameters=[RequestParameter[id=26, key=mobile, value=917776588], RequestParameter[id=30, key=amount, value=15], RequestParameter[id=-1, key=transactionID, value=250708690000003]], accountFrom=0103093800000021)
2025-07-08 16:26:23 [http-nio-8040-exec-1] INFO  com.az.payment.mapper.RequestMapper - service : com.az.payment.domain.Service@2a9c0819
2025-07-08 16:26:23 [http-nio-8040-exec-1] INFO  com.az.payment.mapper.RequestMapper - start Mapping Additional Request Data Such as fixed Value and transaction ID if available 
2025-07-08 16:26:23 [http-nio-8040-exec-1] INFO  com.az.payment.mapper.RequestMapper - inside stream getting parameterId 26 and false and false and false
2025-07-08 16:26:23 [http-nio-8040-exec-1] INFO  com.az.payment.mapper.RequestMapper - inside stream getting parameterId 27 and false and true and false
2025-07-08 16:26:23 [http-nio-8040-exec-1] INFO  com.az.payment.mapper.RequestMapper - inside stream getting parameterId 30 and false and true and false
2025-07-08 16:26:23 [http-nio-8040-exec-1] INFO  com.az.payment.mapper.RequestMapper - inside stream getting parameterId 31 and true and false and false
2025-07-08 16:26:23 [http-nio-8040-exec-1] INFO  com.az.payment.mapper.RequestMapper - inside stream getting parameterId 32 and false and true and false
2025-07-08 16:26:23 [http-nio-8040-exec-1] INFO  com.az.payment.mapper.RequestMapper - inside toJsonFIeld true
2025-07-08 16:26:23 [http-nio-8040-exec-1] INFO  com.az.payment.mapper.RequestMapper - end Mapping Request .... {"msisdn":917776588,"amount":"15","transactionID":"250708690000003"}
2025-07-08 16:26:23 [http-nio-8040-exec-1] INFO  c.az.payment.service.PaymentService - PaymentService::processRequest mapped  RequestDTO To JSON Object {"msisdn":917776588,"amount":"15","transactionID":"250708690000003"}
2025-07-08 16:26:24 [http-nio-8040-exec-1] INFO  c.az.payment.service.PaymentService - transactionLog.getId().toString() : 9202
2025-07-08 16:26:24 [http-nio-8040-exec-1] INFO  com.az.payment.service.ClientApi - ClientAPi::CallService response: {"receiptNo":null,"responseCode":0,"responseMessage":null,"msisdn":"917776588","transactionID":"250708690000003","amount":"15","mobileNumber":null,"ersReference":null,"rcode":"0","rdesc_en":"Operation Completed Successfully.","rdesc_ar":"تمت العملية بنجاح","mdn":"120155425","RCode":"0","RDesc_en":"Operation Completed Successfully.","RDesc_ar":"تمت العملية بنجاح","MDN":"120155425"}
2025-07-08 16:26:24 [http-nio-8040-exec-1] INFO  c.az.payment.service.PaymentService - {"RDesc_en":"Operation Completed Successfully.","amount":"15","mobileNumber":null,"RDesc_ar":"تمت العملية بنجاح","rcode":"0","transactionID":"250708690000003","responseCode":0,"rdesc_en":"Operation Completed Successfully.","mdn":"120155425","MDN":"120155425","receiptNo":null,"responseMessage":null,"msisdn":"917776588","ersReference":null,"rdesc_ar":"تمت العملية بنجاح","RCode":"0"}
2025-07-08 16:26:26 [http-nio-8040-exec-1] INFO  c.az.payment.service.PaymentService - #################### SUCCESS
2025-07-08 16:26:27 [http-nio-8040-exec-1] INFO  c.az.payment.service.PaymentService - PaymentService::processResponse  Response returned From restApi {"RDesc_en":"Operation Completed Successfully.","amount":"15","mobileNumber":null,"RDesc_ar":"تمت العملية بنجاح","rcode":"0","transactionID":"250708690000003","responseCode":0,"rdesc_en":"Operation Completed Successfully.","mdn":"120155425","MDN":"120155425","receiptNo":null,"responseMessage":null,"msisdn":"917776588","ersReference":null,"rdesc_ar":"تمت العملية بنجاح","RCode":"0"}
2025-07-08 16:26:27 [http-nio-8040-exec-1] INFO  com.az.payment.utils.Validation - Validation::validateResponse Validating response  ,,, apiResponse = {"RDesc_en":"Operation Completed Successfully.","amount":"15","mobileNumber":null,"RDesc_ar":"تمت العملية بنجاح","rcode":"0","transactionID":"250708690000003","responseCode":0,"rdesc_en":"Operation Completed Successfully.","mdn":"120155425","MDN":"120155425","receiptNo":null,"responseMessage":null,"msisdn":"917776588","ersReference":null,"rdesc_ar":"تمت العملية بنجاح","RCode":"0"},,,, for service ID 9 , with name ZAIN TopUp
2025-07-08 16:26:27 [http-nio-8040-exec-1] INFO  c.az.payment.service.ServiceService - ServiceService.findResponseParameterByServiceId  ServiceID : 9
2025-07-08 16:26:27 [http-nio-8040-exec-1] INFO  com.az.payment.utils.Validation - parameter in List is msisdn,,,, first check true , second check true 
2025-07-08 16:26:27 [http-nio-8040-exec-1] INFO  com.az.payment.utils.Validation - parameter in List is responseCode,,,, first check false , second check false 
2025-07-08 16:26:27 [http-nio-8040-exec-1] INFO  com.az.payment.utils.Validation - parameter in List is responseMessage,,,, first check false , second check false 
2025-07-08 16:26:27 [http-nio-8040-exec-1] ERROR c.az.payment.service.PaymentService - Error while validating response details: Parameters not found in response responseMessage,,, 
2025-07-08 16:26:27 [http-nio-8040-exec-1] INFO  c.az.payment.service.PaymentService - PaymentService::processResponse mapped from toServiceResponse PaymentResponse(responseParams=null, finalStatus=0, isPayment=false, requestParams=null, responseCode=0, responseMessage=Success, bankReference=null)
2025-07-08 16:26:27 [http-nio-8040-exec-1] INFO  com.az.payment.mapper.RequestMapper - start toClientResponse .... PaymentResponse(responseParams=null, finalStatus=0, isPayment=false, requestParams=null, responseCode=0, responseMessage=Success, bankReference=null),,,,, with request ............ProcessRequest(id=6, serviceId=9, parameters=[RequestParameter[id=26, key=mobile, value=917776588], RequestParameter[id=30, key=amount, value=15], RequestParameter[id=-1, key=transactionID, value=250708690000003]], accountFrom=0103093800000021) 
2025-07-08 16:26:27 [http-nio-8040-exec-1] INFO  c.az.payment.service.PaymentService - mapResponse --->: PaymentResponse(responseParams=null, finalStatus=0, isPayment=false, requestParams=null, responseCode=0, responseMessage=Success, bankReference=250708690000003)
2025-07-08 16:26:54 [main] INFO  com.az.payment.PaymentApplication - Starting PaymentApplication using Java 17.0.12 with PID 14480 (D:\____WorkSpace\AZ\code backups\e-payment_5_5_2025\payment\target\classes started by HP in D:\____WorkSpace\AZ\code backups\e-payment_5_5_2025\payment)
2025-07-08 16:26:54 [main] DEBUG com.az.payment.PaymentApplication - Running with Spring Boot v3.3.0, Spring v6.1.8
2025-07-08 16:26:54 [main] INFO  com.az.payment.PaymentApplication - No active profile set, falling back to 1 default profile: "default"
2025-07-08 16:27:07 [main] INFO  com.az.payment.PaymentApplication - Started PaymentApplication in 13.764 seconds (process running for 14.368)
2025-07-08 16:27:58 [http-nio-8040-exec-1] INFO  c.az.payment.service.PaymentService - inside PaymentService.processRequest
2025-07-08 16:27:59 [http-nio-8040-exec-1] INFO  c.az.payment.service.PaymentService - PaymentService::processRequest Getting service By ID 9 ,,,, and locale en
2025-07-08 16:27:59 [http-nio-8040-exec-1] INFO  c.az.payment.service.ServiceService - ServiceService.findById  return service with id 9
2025-07-08 16:28:00 [http-nio-8040-exec-1] INFO  c.az.payment.service.PaymentService - PaymentService::processRequest found Service Named ZAIN TopUp: By Id 9
2025-07-08 16:28:00 [http-nio-8040-exec-1] INFO  c.az.payment.service.PaymentService - bankMapedResponse : PaymentResponse(responseParams=null, finalStatus=1, isPayment=false, requestParams=null, responseCode=0, responseMessage=null, bankReference=25070800690000004)
2025-07-08 16:28:01 [http-nio-8040-exec-1] INFO  com.az.payment.mapper.RequestMapper - reqRrn : -1 : transactionID : 25070800690000004
2025-07-08 16:28:01 [http-nio-8040-exec-1] INFO  com.az.payment.mapper.RequestMapper - start Mapping Request .... ProcessRequest(id=6, serviceId=9, parameters=[RequestParameter[id=26, key=mobile, value=917776588], RequestParameter[id=30, key=amount, value=15], RequestParameter[id=-1, key=transactionID, value=25070800690000004]], accountFrom=0103093800000021)
2025-07-08 16:28:01 [http-nio-8040-exec-1] INFO  com.az.payment.mapper.RequestMapper - service : com.az.payment.domain.Service@3a36c2c2
2025-07-08 16:28:01 [http-nio-8040-exec-1] INFO  com.az.payment.mapper.RequestMapper - start Mapping Additional Request Data Such as fixed Value and transaction ID if available 
2025-07-08 16:28:01 [http-nio-8040-exec-1] INFO  com.az.payment.mapper.RequestMapper - inside stream getting parameterId 26 and false and false and false
2025-07-08 16:28:01 [http-nio-8040-exec-1] INFO  com.az.payment.mapper.RequestMapper - inside stream getting parameterId 27 and false and true and false
2025-07-08 16:28:01 [http-nio-8040-exec-1] INFO  com.az.payment.mapper.RequestMapper - inside stream getting parameterId 30 and false and true and false
2025-07-08 16:28:01 [http-nio-8040-exec-1] INFO  com.az.payment.mapper.RequestMapper - inside stream getting parameterId 31 and true and false and false
2025-07-08 16:28:01 [http-nio-8040-exec-1] INFO  com.az.payment.mapper.RequestMapper - inside stream getting parameterId 32 and false and true and false
2025-07-08 16:28:01 [http-nio-8040-exec-1] INFO  com.az.payment.mapper.RequestMapper - inside toJsonFIeld true
2025-07-08 16:28:01 [http-nio-8040-exec-1] INFO  com.az.payment.mapper.RequestMapper - end Mapping Request .... {"msisdn":917776588,"amount":"15","transactionID":"25070800690000004"}
2025-07-08 16:28:01 [http-nio-8040-exec-1] INFO  c.az.payment.service.PaymentService - PaymentService::processRequest mapped  RequestDTO To JSON Object {"msisdn":917776588,"amount":"15","transactionID":"25070800690000004"}
2025-07-08 16:28:02 [http-nio-8040-exec-1] INFO  c.az.payment.service.PaymentService - transactionLog.getId().toString() : 9252
2025-07-08 16:28:02 [http-nio-8040-exec-1] INFO  com.az.payment.service.ClientApi - ClientAPi::CallService response: {"receiptNo":null,"responseCode":0,"responseMessage":null,"msisdn":"917776588","transactionID":"25070800690000004","amount":"15","mobileNumber":null,"ersReference":null,"rcode":"0","rdesc_en":"Operation Completed Successfully.","rdesc_ar":"تمت العملية بنجاح","mdn":"120155425","RCode":"0","RDesc_en":"Operation Completed Successfully.","RDesc_ar":"تمت العملية بنجاح","MDN":"120155425"}
2025-07-08 16:28:02 [http-nio-8040-exec-1] INFO  c.az.payment.service.PaymentService - {"RDesc_en":"Operation Completed Successfully.","amount":"15","mobileNumber":null,"RDesc_ar":"تمت العملية بنجاح","rcode":"0","transactionID":"25070800690000004","responseCode":0,"rdesc_en":"Operation Completed Successfully.","mdn":"120155425","MDN":"120155425","receiptNo":null,"responseMessage":null,"msisdn":"917776588","ersReference":null,"rdesc_ar":"تمت العملية بنجاح","RCode":"0"}
2025-07-08 16:28:04 [http-nio-8040-exec-1] INFO  c.az.payment.service.PaymentService - #################### SUCCESS
2025-07-08 16:28:04 [http-nio-8040-exec-1] INFO  c.az.payment.service.PaymentService - PaymentService::processResponse  Response returned From restApi {"RDesc_en":"Operation Completed Successfully.","amount":"15","mobileNumber":null,"RDesc_ar":"تمت العملية بنجاح","rcode":"0","transactionID":"25070800690000004","responseCode":0,"rdesc_en":"Operation Completed Successfully.","mdn":"120155425","MDN":"120155425","receiptNo":null,"responseMessage":null,"msisdn":"917776588","ersReference":null,"rdesc_ar":"تمت العملية بنجاح","RCode":"0"}
2025-07-08 16:28:04 [http-nio-8040-exec-1] INFO  com.az.payment.utils.Validation - Validation::validateResponse Validating response  ,,, apiResponse = {"RDesc_en":"Operation Completed Successfully.","amount":"15","mobileNumber":null,"RDesc_ar":"تمت العملية بنجاح","rcode":"0","transactionID":"25070800690000004","responseCode":0,"rdesc_en":"Operation Completed Successfully.","mdn":"120155425","MDN":"120155425","receiptNo":null,"responseMessage":null,"msisdn":"917776588","ersReference":null,"rdesc_ar":"تمت العملية بنجاح","RCode":"0"},,,, for service ID 9 , with name ZAIN TopUp
2025-07-08 16:28:04 [http-nio-8040-exec-1] INFO  c.az.payment.service.ServiceService - ServiceService.findResponseParameterByServiceId  ServiceID : 9
2025-07-08 16:28:04 [http-nio-8040-exec-1] INFO  com.az.payment.utils.Validation - parameter in List is msisdn,,,, first check true , second check true 
2025-07-08 16:28:04 [http-nio-8040-exec-1] INFO  com.az.payment.utils.Validation - parameter in List is responseCode,,,, first check false , second check false 
2025-07-08 16:28:05 [http-nio-8040-exec-1] INFO  com.az.payment.utils.Validation - parameter in List is responseMessage,,,, first check false , second check false 
2025-07-08 16:28:05 [http-nio-8040-exec-1] ERROR c.az.payment.service.PaymentService - Error while validating response details: Parameters not found in response responseMessage,,, 
2025-07-08 16:28:05 [http-nio-8040-exec-1] INFO  c.az.payment.service.PaymentService - PaymentService::processResponse mapped from toServiceResponse PaymentResponse(responseParams=null, finalStatus=0, isPayment=false, requestParams=null, responseCode=0, responseMessage=Success, bankReference=null)
2025-07-08 16:28:05 [http-nio-8040-exec-1] INFO  com.az.payment.mapper.RequestMapper - start toClientResponse .... PaymentResponse(responseParams=null, finalStatus=0, isPayment=false, requestParams=null, responseCode=0, responseMessage=Success, bankReference=null),,,,, with request ............ProcessRequest(id=6, serviceId=9, parameters=[RequestParameter[id=26, key=mobile, value=917776588], RequestParameter[id=30, key=amount, value=15], RequestParameter[id=-1, key=transactionID, value=25070800690000004]], accountFrom=0103093800000021) 
2025-07-08 16:28:05 [http-nio-8040-exec-1] INFO  c.az.payment.service.PaymentService - mapResponse --->: PaymentResponse(responseParams=null, finalStatus=0, isPayment=false, requestParams=null, responseCode=0, responseMessage=Success, bankReference=25070800690000004)
2025-07-08 16:28:24 [main] INFO  com.az.payment.PaymentApplication - Starting PaymentApplication using Java 17.0.12 with PID 16256 (D:\____WorkSpace\AZ\code backups\e-payment_5_5_2025\payment\target\classes started by HP in D:\____WorkSpace\AZ\code backups\e-payment_5_5_2025\payment)
2025-07-08 16:28:24 [main] DEBUG com.az.payment.PaymentApplication - Running with Spring Boot v3.3.0, Spring v6.1.8
2025-07-08 16:28:24 [main] INFO  com.az.payment.PaymentApplication - No active profile set, falling back to 1 default profile: "default"
2025-07-08 16:28:38 [main] INFO  com.az.payment.PaymentApplication - Started PaymentApplication in 14.154 seconds (process running for 14.771)
2025-07-08 16:32:52 [http-nio-8040-exec-1] INFO  c.az.payment.service.PaymentService - inside PaymentService.processRequest
2025-07-08 16:32:52 [http-nio-8040-exec-1] INFO  c.az.payment.service.PaymentService - PaymentService::processRequest Getting service By ID 9 ,,,, and locale en
2025-07-08 16:32:52 [http-nio-8040-exec-1] INFO  c.az.payment.service.ServiceService - ServiceService.findById  return service with id 9
2025-07-08 16:32:54 [http-nio-8040-exec-1] INFO  c.az.payment.service.PaymentService - PaymentService::processRequest found Service Named ZAIN TopUp: By Id 9
2025-07-08 16:32:54 [http-nio-8040-exec-1] INFO  c.az.payment.service.PaymentService - bankMapedResponse : PaymentResponse(responseParams=null, finalStatus=1, isPayment=false, requestParams=null, responseCode=0, responseMessage=null, bankReference=250708006090000005)
2025-07-08 16:32:54 [http-nio-8040-exec-1] INFO  com.az.payment.mapper.RequestMapper - reqRrn : -1 : transactionID : 250708006090000005
2025-07-08 16:32:54 [http-nio-8040-exec-1] INFO  com.az.payment.mapper.RequestMapper - start Mapping Request .... ProcessRequest(id=6, serviceId=9, parameters=[RequestParameter[id=26, key=mobile, value=917776588], RequestParameter[id=30, key=amount, value=15], RequestParameter[id=-1, key=transactionID, value=250708006090000005]], accountFrom=0103093800000021)
2025-07-08 16:32:54 [http-nio-8040-exec-1] INFO  com.az.payment.mapper.RequestMapper - service : com.az.payment.domain.Service@79780bca
2025-07-08 16:32:54 [http-nio-8040-exec-1] INFO  com.az.payment.mapper.RequestMapper - start Mapping Additional Request Data Such as fixed Value and transaction ID if available 
2025-07-08 16:32:54 [http-nio-8040-exec-1] INFO  com.az.payment.mapper.RequestMapper - inside stream getting parameterId 26 and false and false and false
2025-07-08 16:32:54 [http-nio-8040-exec-1] INFO  com.az.payment.mapper.RequestMapper - inside stream getting parameterId 27 and false and true and false
2025-07-08 16:32:54 [http-nio-8040-exec-1] INFO  com.az.payment.mapper.RequestMapper - inside stream getting parameterId 30 and false and true and false
2025-07-08 16:32:54 [http-nio-8040-exec-1] INFO  com.az.payment.mapper.RequestMapper - inside stream getting parameterId 31 and true and false and false
2025-07-08 16:32:54 [http-nio-8040-exec-1] INFO  com.az.payment.mapper.RequestMapper - inside stream getting parameterId 32 and false and true and false
2025-07-08 16:32:54 [http-nio-8040-exec-1] INFO  com.az.payment.mapper.RequestMapper - inside toJsonFIeld true
2025-07-08 16:32:54 [http-nio-8040-exec-1] INFO  com.az.payment.mapper.RequestMapper - end Mapping Request .... {"msisdn":917776588,"amount":"15","transactionID":"250708006090000005"}
2025-07-08 16:32:54 [http-nio-8040-exec-1] INFO  c.az.payment.service.PaymentService - PaymentService::processRequest mapped  RequestDTO To JSON Object {"msisdn":917776588,"amount":"15","transactionID":"250708006090000005"}
2025-07-08 16:32:55 [http-nio-8040-exec-1] INFO  c.az.payment.service.PaymentService - transactionLog.getId().toString() : 9302
2025-07-08 16:32:55 [http-nio-8040-exec-1] INFO  com.az.payment.service.ClientApi - ClientAPi::CallService response: {"receiptNo":null,"responseCode":0,"responseMessage":null,"msisdn":"917776588","transactionID":"250708006090000005","amount":"15","mobileNumber":null,"ersReference":null,"rcode":"0","rdesc_en":"Operation Completed Successfully.","rdesc_ar":"تمت العملية بنجاح","mdn":"120155425","RCode":"0","RDesc_en":"Operation Completed Successfully.","RDesc_ar":"تمت العملية بنجاح","MDN":"120155425"}
2025-07-08 16:32:55 [http-nio-8040-exec-1] INFO  c.az.payment.service.PaymentService - {"RDesc_en":"Operation Completed Successfully.","amount":"15","mobileNumber":null,"RDesc_ar":"تمت العملية بنجاح","rcode":"0","transactionID":"250708006090000005","responseCode":0,"rdesc_en":"Operation Completed Successfully.","mdn":"120155425","MDN":"120155425","receiptNo":null,"responseMessage":null,"msisdn":"917776588","ersReference":null,"rdesc_ar":"تمت العملية بنجاح","RCode":"0"}
2025-07-08 16:32:57 [http-nio-8040-exec-1] INFO  c.az.payment.service.PaymentService - #################### SUCCESS
2025-07-08 16:32:57 [http-nio-8040-exec-1] INFO  c.az.payment.service.PaymentService - PaymentService::processResponse  Response returned From restApi {"RDesc_en":"Operation Completed Successfully.","amount":"15","mobileNumber":null,"RDesc_ar":"تمت العملية بنجاح","rcode":"0","transactionID":"250708006090000005","responseCode":0,"rdesc_en":"Operation Completed Successfully.","mdn":"120155425","MDN":"120155425","receiptNo":null,"responseMessage":null,"msisdn":"917776588","ersReference":null,"rdesc_ar":"تمت العملية بنجاح","RCode":"0"}
2025-07-08 16:32:57 [http-nio-8040-exec-1] INFO  com.az.payment.utils.Validation - Validation::validateResponse Validating response  ,,, apiResponse = {"RDesc_en":"Operation Completed Successfully.","amount":"15","mobileNumber":null,"RDesc_ar":"تمت العملية بنجاح","rcode":"0","transactionID":"250708006090000005","responseCode":0,"rdesc_en":"Operation Completed Successfully.","mdn":"120155425","MDN":"120155425","receiptNo":null,"responseMessage":null,"msisdn":"917776588","ersReference":null,"rdesc_ar":"تمت العملية بنجاح","RCode":"0"},,,, for service ID 9 , with name ZAIN TopUp
2025-07-08 16:32:57 [http-nio-8040-exec-1] INFO  c.az.payment.service.ServiceService - ServiceService.findResponseParameterByServiceId  ServiceID : 9
2025-07-08 16:32:57 [http-nio-8040-exec-1] INFO  com.az.payment.utils.Validation - parameter in List is msisdn,,,, first check true , second check true 
2025-07-08 16:32:58 [http-nio-8040-exec-1] INFO  com.az.payment.utils.Validation - parameter in List is responseCode,,,, first check false , second check false 
2025-07-08 16:32:58 [http-nio-8040-exec-1] INFO  com.az.payment.utils.Validation - parameter in List is responseMessage,,,, first check false , second check false 
2025-07-08 16:32:58 [http-nio-8040-exec-1] ERROR c.az.payment.service.PaymentService - Error while validating response details: Parameters not found in response responseMessage,,, 
2025-07-08 16:32:58 [http-nio-8040-exec-1] INFO  c.az.payment.service.PaymentService - PaymentService::processResponse mapped from toServiceResponse PaymentResponse(responseParams=null, finalStatus=0, isPayment=false, requestParams=null, responseCode=0, responseMessage=Success, bankReference=null)
2025-07-08 16:32:58 [http-nio-8040-exec-1] INFO  com.az.payment.mapper.RequestMapper - start toClientResponse .... PaymentResponse(responseParams=null, finalStatus=0, isPayment=false, requestParams=null, responseCode=0, responseMessage=Success, bankReference=null),,,,, with request ............ProcessRequest(id=6, serviceId=9, parameters=[RequestParameter[id=26, key=mobile, value=917776588], RequestParameter[id=30, key=amount, value=15], RequestParameter[id=-1, key=transactionID, value=250708006090000005]], accountFrom=0103093800000021) 
2025-07-08 16:32:58 [http-nio-8040-exec-1] INFO  c.az.payment.service.PaymentService - mapResponse --->: PaymentResponse(responseParams=null, finalStatus=0, isPayment=false, requestParams=null, responseCode=0, responseMessage=Success, bankReference=250708006090000005)
2025-07-08 16:34:39 [main] INFO  com.az.payment.PaymentApplication - Starting PaymentApplication using Java 17.0.12 with PID 15464 (D:\____WorkSpace\AZ\code backups\e-payment_5_5_2025\payment\target\classes started by HP in D:\____WorkSpace\AZ\code backups\e-payment_5_5_2025\payment)
2025-07-08 16:34:39 [main] DEBUG com.az.payment.PaymentApplication - Running with Spring Boot v3.3.0, Spring v6.1.8
2025-07-08 16:34:39 [main] INFO  com.az.payment.PaymentApplication - No active profile set, falling back to 1 default profile: "default"
2025-07-08 16:34:52 [main] INFO  com.az.payment.PaymentApplication - Started PaymentApplication in 13.764 seconds (process running for 14.345)
2025-07-08 16:35:03 [http-nio-8040-exec-3] INFO  c.az.payment.service.PaymentService - inside PaymentService.processRequest
2025-07-08 16:35:03 [http-nio-8040-exec-3] INFO  c.az.payment.service.PaymentService - PaymentService::processRequest Getting service By ID 9 ,,,, and locale en
2025-07-08 16:35:03 [http-nio-8040-exec-3] INFO  c.az.payment.service.ServiceService - ServiceService.findById  return service with id 9
2025-07-08 16:35:05 [http-nio-8040-exec-3] INFO  c.az.payment.service.PaymentService - PaymentService::processRequest found Service Named ZAIN TopUp: By Id 9
2025-07-08 16:35:05 [http-nio-8040-exec-3] INFO  c.az.payment.service.PaymentService - ERROR[payCoreBank]:00056:Proceessing Payment Failed At Branch:-1438:ORA-01438: value larger than specified precision allowed for this column
2025-07-08 16:35:05 [http-nio-8040-exec-3] INFO  c.az.payment.service.PaymentService - bankMapedResponse : PaymentResponse(responseParams=null, finalStatus=-1, isPayment=false, requestParams=null, responseCode=-1, responseMessage=Proceessing Payment Failed At Branch, bankReference=null)
2025-07-08 17:09:54 [main] INFO  com.az.payment.PaymentApplication - Starting PaymentApplication using Java 17.0.12 with PID 16688 (D:\____WorkSpace\AZ\code backups\e-payment_5_5_2025\payment\target\classes started by HP in D:\____WorkSpace\AZ\code backups\e-payment_5_5_2025\payment)
2025-07-08 17:09:54 [main] DEBUG com.az.payment.PaymentApplication - Running with Spring Boot v3.3.0, Spring v6.1.8
2025-07-08 17:09:54 [main] INFO  com.az.payment.PaymentApplication - No active profile set, falling back to 1 default profile: "default"
2025-07-08 17:10:04 [main] INFO  com.az.payment.PaymentApplication - Started PaymentApplication in 11.332 seconds (process running for 11.932)
2025-07-08 17:13:16 [http-nio-8040-exec-1] INFO  c.az.payment.service.PaymentService - inside PaymentService.processRequest
2025-07-08 17:13:17 [http-nio-8040-exec-1] INFO  c.az.payment.service.PaymentService - PaymentService::processRequest Getting service By ID 9 ,,,, and locale en
2025-07-08 17:13:17 [http-nio-8040-exec-1] INFO  c.az.payment.service.ServiceService - ServiceService.findById  return service with id 9
2025-07-08 17:13:18 [http-nio-8040-exec-1] INFO  c.az.payment.service.PaymentService - PaymentService::processRequest found Service Named ZAIN TopUp: By Id 9
2025-07-08 17:13:19 [http-nio-8040-exec-1] INFO  c.az.payment.service.PaymentService - ERROR[payCoreBank]:00068:Exception:-4062:ORA-04062: timestamp of procedure "KHTEST.PROCESSHBIMDWBILLPAYMENT_2025" has been changed
2025-07-08 17:13:19 [http-nio-8040-exec-1] INFO  c.az.payment.service.PaymentService - bankMapedResponse : PaymentResponse(responseParams=null, finalStatus=-1, isPayment=false, requestParams=null, responseCode=-1, responseMessage=Exception, bankReference=null)
2025-07-08 17:14:05 [http-nio-8040-exec-3] INFO  c.az.payment.service.PaymentService - inside PaymentService.processRequest
2025-07-08 17:14:05 [http-nio-8040-exec-3] INFO  c.az.payment.service.PaymentService - PaymentService::processRequest Getting service By ID 9 ,,,, and locale en
2025-07-08 17:14:05 [http-nio-8040-exec-3] INFO  c.az.payment.service.ServiceService - ServiceService.findById  return service with id 9
2025-07-08 17:14:06 [http-nio-8040-exec-3] INFO  c.az.payment.service.PaymentService - PaymentService::processRequest found Service Named ZAIN TopUp: By Id 9
2025-07-08 17:14:07 [http-nio-8040-exec-3] INFO  c.az.payment.service.PaymentService - bankMapedResponse : PaymentResponse(responseParams=null, finalStatus=1, isPayment=false, requestParams=null, responseCode=0, responseMessage=null, bankReference=250708060090000008)
2025-07-08 17:14:07 [http-nio-8040-exec-3] INFO  com.az.payment.mapper.RequestMapper - reqRrn : -1 : transactionID : 250708060090000008
2025-07-08 17:14:07 [http-nio-8040-exec-3] INFO  com.az.payment.mapper.RequestMapper - start Mapping Request .... ProcessRequest(id=6, serviceId=9, parameters=[RequestParameter[id=26, key=mobile, value=917776588], RequestParameter[id=30, key=amount, value=15], RequestParameter[id=-1, key=transactionID, value=250708060090000008]], accountFrom=0103093800000021)
2025-07-08 17:14:07 [http-nio-8040-exec-3] INFO  com.az.payment.mapper.RequestMapper - service : com.az.payment.domain.Service@437d0a4f
2025-07-08 17:14:07 [http-nio-8040-exec-3] INFO  com.az.payment.mapper.RequestMapper - start Mapping Additional Request Data Such as fixed Value and transaction ID if available 
2025-07-08 17:14:07 [http-nio-8040-exec-3] INFO  com.az.payment.mapper.RequestMapper - inside stream getting parameterId 26 and false and false and false
2025-07-08 17:14:07 [http-nio-8040-exec-3] INFO  com.az.payment.mapper.RequestMapper - inside stream getting parameterId 27 and false and true and false
2025-07-08 17:14:07 [http-nio-8040-exec-3] INFO  com.az.payment.mapper.RequestMapper - inside stream getting parameterId 30 and false and true and false
2025-07-08 17:14:07 [http-nio-8040-exec-3] INFO  com.az.payment.mapper.RequestMapper - inside stream getting parameterId 31 and true and false and false
2025-07-08 17:14:07 [http-nio-8040-exec-3] INFO  com.az.payment.mapper.RequestMapper - inside stream getting parameterId 32 and false and true and false
2025-07-08 17:14:07 [http-nio-8040-exec-3] INFO  com.az.payment.mapper.RequestMapper - inside toJsonFIeld true
2025-07-08 17:14:07 [http-nio-8040-exec-3] INFO  com.az.payment.mapper.RequestMapper - end Mapping Request .... {"msisdn":917776588,"amount":"15","transactionID":"250708060090000008"}
2025-07-08 17:14:07 [http-nio-8040-exec-3] INFO  c.az.payment.service.PaymentService - PaymentService::processRequest mapped  RequestDTO To JSON Object {"msisdn":917776588,"amount":"15","transactionID":"250708060090000008"}
2025-07-08 17:14:08 [http-nio-8040-exec-3] INFO  c.az.payment.service.PaymentService - transactionLog.getId().toString() : 9352
2025-07-08 17:14:08 [http-nio-8040-exec-3] INFO  com.az.payment.service.ClientApi - ClientAPi::CallService response: {"receiptNo":null,"responseCode":0,"responseMessage":null,"msisdn":"917776588","transactionID":"250708060090000008","amount":"15","mobileNumber":null,"ersReference":null,"rcode":"0","rdesc_en":"Operation Completed Successfully.","rdesc_ar":"تمت العملية بنجاح","mdn":"120155425","RCode":"0","RDesc_en":"Operation Completed Successfully.","RDesc_ar":"تمت العملية بنجاح","MDN":"120155425"}
2025-07-08 17:14:08 [http-nio-8040-exec-3] INFO  c.az.payment.service.PaymentService - {"RDesc_en":"Operation Completed Successfully.","amount":"15","mobileNumber":null,"RDesc_ar":"تمت العملية بنجاح","rcode":"0","transactionID":"250708060090000008","responseCode":0,"rdesc_en":"Operation Completed Successfully.","mdn":"120155425","MDN":"120155425","receiptNo":null,"responseMessage":null,"msisdn":"917776588","ersReference":null,"rdesc_ar":"تمت العملية بنجاح","RCode":"0"}
2025-07-08 17:14:10 [http-nio-8040-exec-3] INFO  c.az.payment.service.PaymentService - #################### SUCCESS
2025-07-08 17:14:11 [http-nio-8040-exec-3] INFO  c.az.payment.service.PaymentService - PaymentService::processResponse  Response returned From restApi {"RDesc_en":"Operation Completed Successfully.","amount":"15","mobileNumber":null,"RDesc_ar":"تمت العملية بنجاح","rcode":"0","transactionID":"250708060090000008","responseCode":0,"rdesc_en":"Operation Completed Successfully.","mdn":"120155425","MDN":"120155425","receiptNo":null,"responseMessage":null,"msisdn":"917776588","ersReference":null,"rdesc_ar":"تمت العملية بنجاح","RCode":"0"}
2025-07-08 17:14:11 [http-nio-8040-exec-3] INFO  com.az.payment.utils.Validation - Validation::validateResponse Validating response  ,,, apiResponse = {"RDesc_en":"Operation Completed Successfully.","amount":"15","mobileNumber":null,"RDesc_ar":"تمت العملية بنجاح","rcode":"0","transactionID":"250708060090000008","responseCode":0,"rdesc_en":"Operation Completed Successfully.","mdn":"120155425","MDN":"120155425","receiptNo":null,"responseMessage":null,"msisdn":"917776588","ersReference":null,"rdesc_ar":"تمت العملية بنجاح","RCode":"0"},,,, for service ID 9 , with name ZAIN TopUp
2025-07-08 17:14:11 [http-nio-8040-exec-3] INFO  c.az.payment.service.ServiceService - ServiceService.findResponseParameterByServiceId  ServiceID : 9
2025-07-08 17:14:11 [http-nio-8040-exec-3] INFO  com.az.payment.utils.Validation - parameter in List is msisdn,,,, first check true , second check true 
2025-07-08 17:14:11 [http-nio-8040-exec-3] INFO  com.az.payment.utils.Validation - parameter in List is responseCode,,,, first check false , second check false 
2025-07-08 17:14:11 [http-nio-8040-exec-3] INFO  com.az.payment.utils.Validation - parameter in List is responseMessage,,,, first check false , second check false 
2025-07-08 17:14:11 [http-nio-8040-exec-3] ERROR c.az.payment.service.PaymentService - Error while validating response details: Parameters not found in response responseMessage,,, 
2025-07-08 17:14:11 [http-nio-8040-exec-3] INFO  c.az.payment.service.PaymentService - PaymentService::processResponse mapped from toServiceResponse PaymentResponse(responseParams=null, finalStatus=0, isPayment=false, requestParams=null, responseCode=0, responseMessage=Success, bankReference=null)
2025-07-08 17:14:11 [http-nio-8040-exec-3] INFO  com.az.payment.mapper.RequestMapper - start toClientResponse .... PaymentResponse(responseParams=null, finalStatus=0, isPayment=false, requestParams=null, responseCode=0, responseMessage=Success, bankReference=null),,,,, with request ............ProcessRequest(id=6, serviceId=9, parameters=[RequestParameter[id=26, key=mobile, value=917776588], RequestParameter[id=30, key=amount, value=15], RequestParameter[id=-1, key=transactionID, value=250708060090000008]], accountFrom=0103093800000021) 
2025-07-08 17:14:11 [http-nio-8040-exec-3] INFO  c.az.payment.service.PaymentService - mapResponse --->: PaymentResponse(responseParams=null, finalStatus=0, isPayment=false, requestParams=null, responseCode=0, responseMessage=Success, bankReference=250708060090000008)
