2025-08-11 01:33:36 [main] INFO  com.az.payment.PaymentApplication - Starting PaymentApplication using Java 17.0.12 with PID 31284 (D:\____WorkSpace\AZ\code backups\e-payment_5_5_2025\payment\target\classes started by HP in D:\____WorkSpace\AZ\code backups\e-payment_5_5_2025\payment)
2025-08-11 01:33:36 [main] DEBUG com.az.payment.PaymentApplication - Running with Spring Boot v3.3.0, Spring v6.1.8
2025-08-11 01:33:36 [main] INFO  com.az.payment.PaymentApplication - No active profile set, falling back to 1 default profile: "default"
2025-08-11 01:33:48 [main] INFO  com.az.payment.PaymentApplication - Started PaymentApplication in 12.8 seconds (process running for 13.325)
2025-08-11 01:38:48 [http-nio-8040-exec-1] INFO  c.az.payment.service.PaymentService - inside PaymentService.processRequest
2025-08-11 01:38:48 [http-nio-8040-exec-1] INFO  c.az.payment.service.PaymentService - mobile request : ProcessRequest(id=1, serviceId=2, parameters=[RequestParameter[id=23, key=transactionId, value=250808010010006401]], accountFrom=)
2025-08-11 01:38:49 [http-nio-8040-exec-1] INFO  c.az.payment.service.PaymentService - transactionLog Id : 16202 : rrn(250811010020000002)
2025-08-11 01:38:49 [http-nio-8040-exec-1] INFO  c.az.payment.service.PaymentService - PaymentService::processRequest Getting service By ID 2 ,,,, and locale en
2025-08-11 01:38:49 [http-nio-8040-exec-1] INFO  c.az.payment.service.ServiceService - ServiceService.findById  return service with id 2
2025-08-11 01:38:54 [http-nio-8040-exec-1] INFO  c.az.payment.service.PaymentService - PaymentService::processRequest found Service Named EBS Post Check: By Id 2
2025-08-11 01:38:54 [http-nio-8040-exec-1] INFO  com.az.payment.mapper.RequestMapper - start Mapping Request .... ProcessRequest(id=1, serviceId=2, parameters=[RequestParameter[id=23, key=transactionId, value=250808010010006401]], accountFrom=)
2025-08-11 01:38:55 [http-nio-8040-exec-1] ERROR com.az.payment.mapper.RequestMapper - Parameter[transactionId.id(55)] not found in request
2025-08-11 01:41:04 [http-nio-8040-exec-5] INFO  c.az.payment.service.PaymentService - inside PaymentService.processRequest
2025-08-11 01:41:04 [http-nio-8040-exec-5] INFO  c.az.payment.service.PaymentService - mobile request : ProcessRequest(id=1, serviceId=2, parameters=[RequestParameter[id=23, key=transactionId, value=250808010010006401]], accountFrom=)
2025-08-11 01:41:04 [http-nio-8040-exec-5] INFO  c.az.payment.service.PaymentService - transactionLog Id : 16203 : rrn(250811010020000003)
2025-08-11 01:41:04 [http-nio-8040-exec-5] INFO  c.az.payment.service.PaymentService - PaymentService::processRequest Getting service By ID 2 ,,,, and locale en
2025-08-11 01:41:04 [http-nio-8040-exec-5] INFO  c.az.payment.service.ServiceService - ServiceService.findById  return service with id 2
2025-08-11 01:41:09 [http-nio-8040-exec-5] INFO  c.az.payment.service.PaymentService - PaymentService::processRequest found Service Named EBS Post Check: By Id 2
2025-08-11 01:41:09 [http-nio-8040-exec-5] INFO  com.az.payment.mapper.RequestMapper - start Mapping Request .... ProcessRequest(id=1, serviceId=2, parameters=[RequestParameter[id=23, key=transactionId, value=250808010010006401]], accountFrom=)
2025-08-11 01:41:10 [http-nio-8040-exec-5] ERROR com.az.payment.mapper.RequestMapper - Parameter[transactionId.id(55)] not found in request
2025-08-11 01:42:28 [http-nio-8040-exec-8] INFO  c.az.payment.service.PaymentService - inside PaymentService.processRequest
2025-08-11 01:42:28 [http-nio-8040-exec-8] INFO  c.az.payment.service.PaymentService - mobile request : ProcessRequest(id=1, serviceId=2, parameters=[RequestParameter[id=55, key=transactionId, value=250808010010006401]], accountFrom=)
2025-08-11 01:42:29 [http-nio-8040-exec-8] INFO  c.az.payment.service.PaymentService - transactionLog Id : 16204 : rrn(250811010020000004)
2025-08-11 01:42:29 [http-nio-8040-exec-8] INFO  c.az.payment.service.PaymentService - PaymentService::processRequest Getting service By ID 2 ,,,, and locale en
2025-08-11 01:42:29 [http-nio-8040-exec-8] INFO  c.az.payment.service.ServiceService - ServiceService.findById  return service with id 2
2025-08-11 01:42:34 [http-nio-8040-exec-8] INFO  c.az.payment.service.PaymentService - PaymentService::processRequest found Service Named EBS Post Check: By Id 2
2025-08-11 01:42:34 [http-nio-8040-exec-8] INFO  com.az.payment.mapper.RequestMapper - start Mapping Request .... ProcessRequest(id=1, serviceId=2, parameters=[RequestParameter[id=55, key=transactionId, value=250808010010006401]], accountFrom=)
2025-08-11 01:42:35 [http-nio-8040-exec-8] INFO  com.az.payment.mapper.RequestMapper - reqRrn : 56 : transactionId : 250811010020000004
2025-08-11 01:42:35 [http-nio-8040-exec-8] INFO  com.az.payment.mapper.RequestMapper - start Mapping Additional Request Data Such as fixed Value and transaction ID if available 
2025-08-11 01:42:35 [http-nio-8040-exec-8] INFO  com.az.payment.mapper.RequestMapper - end Mapping Request .... {"originalTransactionId":"250808010010006401","transactionId":"250811010020000004"}
2025-08-11 01:42:35 [http-nio-8040-exec-8] INFO  c.az.payment.service.PaymentService - PaymentService::processRequest mapped  RequestDTO To JSON Object {"originalTransactionId":"250808010010006401","transactionId":"250811010020000004"}
2025-08-11 01:42:36 [http-nio-8040-exec-8] INFO  com.az.payment.service.ClientApi - ClientAPi::CallService response: {"responseCode":608,"responseMessage":"Success","originalTransactionId":"250808010010006401"}
2025-08-11 01:42:36 [http-nio-8040-exec-8] INFO  c.az.payment.service.PaymentService - {"originalTransactionId":"250808010010006401","responseMessage":"Success","responseCode":608}
2025-08-11 01:42:37 [http-nio-8040-exec-8] INFO  c.az.payment.service.PaymentService - #################### Biller Failed:Starting reverse process if the service isPayment
2025-08-11 01:42:37 [http-nio-8040-exec-8] INFO  com.az.payment.utils.Validation - Validation::validateResponse Validating response  ,,, apiResponse = {"originalTransactionId":"250808010010006401","responseMessage":"Success","responseCode":608},,,, for service ID 2 , with name EBS Post Check
2025-08-11 01:42:37 [http-nio-8040-exec-8] INFO  c.az.payment.service.ServiceService - ServiceService.findResponseParameterByServiceId  ServiceID : 2
2025-08-11 01:42:38 [http-nio-8040-exec-8] INFO  com.az.payment.utils.Validation - parameter in List is responseCode,,,, first check false , second check false 
2025-08-11 01:42:38 [http-nio-8040-exec-8] INFO  com.az.payment.utils.Validation - response Code 608 from biller 1 does not have equivalent definition 
2025-08-11 01:42:38 [http-nio-8040-exec-8] INFO  com.az.payment.utils.Validation - parameter in List is responseMessage,,,, first check true , second check true 
2025-08-11 01:42:38 [http-nio-8040-exec-8] INFO  com.az.payment.utils.Validation - parameter in List is originalTransactionId,,,, first check false , second check false 
2025-08-11 01:42:38 [http-nio-8040-exec-8] INFO  com.az.payment.utils.Validation - parameter[originalTransactionId] not a response code from biller
2025-08-11 01:42:38 [http-nio-8040-exec-8] INFO  com.az.payment.utils.Validation - parameter in List is transactionId,,,, first check false , second check false 
2025-08-11 01:42:38 [http-nio-8040-exec-8] ERROR com.az.payment.utils.Validation - Parameters not found in response transactionId,,, 
2025-08-11 01:42:38 [http-nio-8040-exec-8] INFO  com.az.payment.utils.Validation - response returned after mapping data is [PaymentResponseField[key=responseMessage, value=response Code 608 from biller 1 does not have equivalent definition , displayName=Response Message, id=54]] 
2025-08-11 01:42:38 [http-nio-8040-exec-8] INFO  c.az.payment.mapper.ResponseMapper - response returned from mapper and validated as defined  PaymentResponse(responseParams=[PaymentResponseField[key=responseMessage, value=response Code 608 from biller 1 does not have equivalent definition , displayName=Response Message, id=54]], finalStatus=0, isPayment=false, requestParams=null, responseCode=0, responseMessage=null, bankReference=null)
2025-08-11 01:42:38 [http-nio-8040-exec-8] INFO  c.az.payment.service.PaymentService - mapResponseRev : PaymentResponse(responseParams=[PaymentResponseField[key=responseMessage, value=response Code 608 from biller 1 does not have equivalent definition , displayName=Response Message, id=54]], finalStatus=-1, isPayment=false, requestParams=null, responseCode=-2, responseMessage=Fail at Biller, bankReference=null)
2025-08-11 01:45:48 [http-nio-8040-exec-2] INFO  c.az.payment.service.PaymentService - inside PaymentService.processRequest
2025-08-11 01:45:48 [http-nio-8040-exec-2] INFO  c.az.payment.service.PaymentService - mobile request : ProcessRequest(id=1, serviceId=2, parameters=[RequestParameter[id=55, key=transactionId, value=250808010010006401]], accountFrom=)
2025-08-11 01:45:49 [http-nio-8040-exec-2] INFO  c.az.payment.service.PaymentService - transactionLog Id : 16205 : rrn(250811010020000005)
2025-08-11 01:45:49 [http-nio-8040-exec-2] INFO  c.az.payment.service.PaymentService - PaymentService::processRequest Getting service By ID 2 ,,,, and locale en
2025-08-11 01:45:49 [http-nio-8040-exec-2] INFO  c.az.payment.service.ServiceService - ServiceService.findById  return service with id 2
2025-08-11 01:45:55 [http-nio-8040-exec-2] INFO  c.az.payment.service.PaymentService - PaymentService::processRequest found Service Named EBS Post Check: By Id 2
2025-08-11 01:45:55 [http-nio-8040-exec-2] INFO  com.az.payment.mapper.RequestMapper - start Mapping Request .... ProcessRequest(id=1, serviceId=2, parameters=[RequestParameter[id=55, key=transactionId, value=250808010010006401]], accountFrom=)
2025-08-11 01:45:56 [http-nio-8040-exec-2] INFO  com.az.payment.mapper.RequestMapper - reqRrn : 56 : transactionId : 250811010020000005
2025-08-11 01:45:56 [http-nio-8040-exec-2] INFO  com.az.payment.mapper.RequestMapper - start Mapping Additional Request Data Such as fixed Value and transaction ID if available 
2025-08-11 01:45:56 [http-nio-8040-exec-2] INFO  com.az.payment.mapper.RequestMapper - end Mapping Request .... {"originalTransactionId":"250808010010006401","transactionId":"250811010020000005"}
2025-08-11 01:45:56 [http-nio-8040-exec-2] INFO  c.az.payment.service.PaymentService - PaymentService::processRequest mapped  RequestDTO To JSON Object {"originalTransactionId":"250808010010006401","transactionId":"250811010020000005"}
2025-08-11 01:45:57 [http-nio-8040-exec-2] INFO  com.az.payment.service.ClientApi - ClientAPi::CallService response: {"responseCode":52,"responseMessage":"Success","originalTransactionId":"250808010010006401"}
2025-08-11 01:45:57 [http-nio-8040-exec-2] INFO  c.az.payment.service.PaymentService - {"originalTransactionId":"250808010010006401","responseMessage":"Success","responseCode":52}
2025-08-11 01:45:58 [http-nio-8040-exec-2] INFO  c.az.payment.service.PaymentService - #################### Biller Failed:Starting reverse process if the service isPayment
2025-08-11 01:45:58 [http-nio-8040-exec-2] INFO  com.az.payment.utils.Validation - Validation::validateResponse Validating response  ,,, apiResponse = {"originalTransactionId":"250808010010006401","responseMessage":"Success","responseCode":52},,,, for service ID 2 , with name EBS Post Check
2025-08-11 01:45:58 [http-nio-8040-exec-2] INFO  c.az.payment.service.ServiceService - ServiceService.findResponseParameterByServiceId  ServiceID : 2
2025-08-11 01:45:58 [http-nio-8040-exec-2] INFO  com.az.payment.utils.Validation - parameter in List is responseCode,,,, first check false , second check false 
2025-08-11 01:45:58 [http-nio-8040-exec-2] INFO  com.az.payment.utils.Validation - parameter in List is responseMessage,,,, first check true , second check true 
2025-08-11 01:45:58 [http-nio-8040-exec-2] INFO  com.az.payment.utils.Validation - parameter in List is originalTransactionId,,,, first check false , second check false 
2025-08-11 01:45:58 [http-nio-8040-exec-2] INFO  com.az.payment.utils.Validation - parameter[originalTransactionId] not a response code from biller
2025-08-11 01:45:58 [http-nio-8040-exec-2] INFO  com.az.payment.utils.Validation - parameter in List is transactionId,,,, first check false , second check false 
2025-08-11 01:45:58 [http-nio-8040-exec-2] ERROR com.az.payment.utils.Validation - Parameters not found in response transactionId,,, 
2025-08-11 01:45:58 [http-nio-8040-exec-2] INFO  com.az.payment.utils.Validation - response returned after mapping data is [PaymentResponseField[key=responseMessage, value=Invalid Account, displayName=Response Message, id=54]] 
2025-08-11 01:45:58 [http-nio-8040-exec-2] INFO  c.az.payment.mapper.ResponseMapper - response returned from mapper and validated as defined  PaymentResponse(responseParams=[PaymentResponseField[key=responseMessage, value=Invalid Account, displayName=Response Message, id=54]], finalStatus=0, isPayment=false, requestParams=null, responseCode=10, responseMessage=Invalid Account, bankReference=null)
2025-08-11 01:45:58 [http-nio-8040-exec-2] INFO  c.az.payment.service.PaymentService - mapResponseRev : PaymentResponse(responseParams=[PaymentResponseField[key=responseMessage, value=Invalid Account, displayName=Response Message, id=54]], finalStatus=-1, isPayment=false, requestParams=null, responseCode=-2, responseMessage=Fail at Biller, bankReference=null)
2025-08-11 01:47:34 [main] INFO  com.az.payment.PaymentApplication - Starting PaymentApplication using Java 17.0.12 with PID 28220 (D:\____WorkSpace\AZ\code backups\e-payment_5_5_2025\payment\target\classes started by HP in D:\____WorkSpace\AZ\code backups\e-payment_5_5_2025\payment)
2025-08-11 01:47:34 [main] DEBUG com.az.payment.PaymentApplication - Running with Spring Boot v3.3.0, Spring v6.1.8
2025-08-11 01:47:34 [main] INFO  com.az.payment.PaymentApplication - No active profile set, falling back to 1 default profile: "default"
2025-08-11 01:47:45 [main] INFO  com.az.payment.PaymentApplication - Started PaymentApplication in 12.276 seconds (process running for 12.814)
2025-08-11 01:48:11 [http-nio-8040-exec-2] INFO  c.az.payment.service.PaymentService - inside PaymentService.processRequest
2025-08-11 01:48:11 [http-nio-8040-exec-2] INFO  c.az.payment.service.PaymentService - mobile request : ProcessRequest(id=1, serviceId=2, parameters=[RequestParameter[id=55, key=transactionId, value=250808010010006401]], accountFrom=)
2025-08-11 01:48:12 [http-nio-8040-exec-2] INFO  c.az.payment.service.PaymentService - transactionLog Id : 16252 : rrn(250811010020000006)
2025-08-11 01:48:12 [http-nio-8040-exec-2] INFO  c.az.payment.service.PaymentService - PaymentService::processRequest Getting service By ID 2 ,,,, and locale en
2025-08-11 01:48:12 [http-nio-8040-exec-2] INFO  c.az.payment.service.ServiceService - ServiceService.findById  return service with id 2
2025-08-11 01:48:17 [http-nio-8040-exec-2] INFO  c.az.payment.service.PaymentService - PaymentService::processRequest found Service Named EBS Post Check: By Id 2
2025-08-11 01:48:17 [http-nio-8040-exec-2] INFO  com.az.payment.mapper.RequestMapper - start Mapping Request .... ProcessRequest(id=1, serviceId=2, parameters=[RequestParameter[id=55, key=transactionId, value=250808010010006401]], accountFrom=)
2025-08-11 01:48:18 [http-nio-8040-exec-2] INFO  com.az.payment.mapper.RequestMapper - reqRrn : 56 : transactionId : 250811010020000006
2025-08-11 01:48:18 [http-nio-8040-exec-2] INFO  com.az.payment.mapper.RequestMapper - start Mapping Additional Request Data Such as fixed Value and transaction ID if available 
2025-08-11 01:48:18 [http-nio-8040-exec-2] INFO  com.az.payment.mapper.RequestMapper - end Mapping Request .... {"originalTransactionId":"250808010010006401","transactionId":"250811010020000006"}
2025-08-11 01:48:18 [http-nio-8040-exec-2] INFO  c.az.payment.service.PaymentService - PaymentService::processRequest mapped  RequestDTO To JSON Object {"originalTransactionId":"250808010010006401","transactionId":"250811010020000006"}
2025-08-11 01:48:19 [http-nio-8040-exec-2] INFO  com.az.payment.service.ClientApi - ClientAPi::CallService response: {"responseCode":52,"responseMessage":"Success","originalTransactionId":"250808010010006401"}
2025-08-11 01:48:19 [http-nio-8040-exec-2] INFO  c.az.payment.service.PaymentService - {"originalTransactionId":"250808010010006401","responseMessage":"Success","responseCode":52}
2025-08-11 01:48:20 [http-nio-8040-exec-2] INFO  c.az.payment.service.PaymentService - #################### Biller Failed:Starting reverse process if the service isPayment
2025-08-11 01:48:20 [http-nio-8040-exec-2] INFO  com.az.payment.utils.Validation - Validation::validateResponse Validating response  ,,, apiResponse = {"originalTransactionId":"250808010010006401","responseMessage":"Success","responseCode":52},,,, for service ID 2 , with name EBS Post Check
2025-08-11 01:48:20 [http-nio-8040-exec-2] INFO  c.az.payment.service.ServiceService - ServiceService.findResponseParameterByServiceId  ServiceID : 2
2025-08-11 01:48:20 [http-nio-8040-exec-2] INFO  com.az.payment.utils.Validation - parameter in List is responseCode,,,, first check false , second check false 
2025-08-11 01:48:21 [http-nio-8040-exec-2] INFO  com.az.payment.utils.Validation - parameter in List is responseMessage,,,, first check true , second check true 
2025-08-11 01:48:21 [http-nio-8040-exec-2] INFO  com.az.payment.utils.Validation - parameter in List is originalTransactionId,,,, first check false , second check false 
2025-08-11 01:48:21 [http-nio-8040-exec-2] INFO  com.az.payment.utils.Validation - parameter[originalTransactionId] not a response code from biller
2025-08-11 01:48:21 [http-nio-8040-exec-2] INFO  com.az.payment.utils.Validation - parameter in List is transactionId,,,, first check false , second check false 
2025-08-11 01:48:21 [http-nio-8040-exec-2] ERROR com.az.payment.utils.Validation - Parameters not found in response transactionId,,, 
2025-08-11 01:48:21 [http-nio-8040-exec-2] INFO  com.az.payment.utils.Validation - response returned after mapping data is [PaymentResponseField[key=responseMessage, value=Invalid Account, displayName=Response Message, id=54]] 
2025-08-11 01:48:21 [http-nio-8040-exec-2] INFO  c.az.payment.mapper.ResponseMapper - response returned from mapper and validated as defined  PaymentResponse(responseParams=[PaymentResponseField[key=responseMessage, value=Invalid Account, displayName=Response Message, id=54]], finalStatus=0, isPayment=false, requestParams=null, responseCode=10, responseMessage=Invalid Account, bankReference=null)
2025-08-11 01:48:21 [http-nio-8040-exec-2] INFO  c.az.payment.service.PaymentService - mapResponseRev : PaymentResponse(responseParams=[PaymentResponseField[key=responseMessage, value=Invalid Account, displayName=Response Message, id=54]], finalStatus=0, isPayment=false, requestParams=null, responseCode=10, responseMessage=Fail at Biller, bankReference=null)
2025-08-11 01:52:08 [main] INFO  com.az.payment.PaymentApplication - Starting PaymentApplication using Java 17.0.12 with PID 11912 (D:\____WorkSpace\AZ\code backups\e-payment_5_5_2025\payment\target\classes started by HP in D:\____WorkSpace\AZ\code backups\e-payment_5_5_2025\payment)
2025-08-11 01:52:08 [main] DEBUG com.az.payment.PaymentApplication - Running with Spring Boot v3.3.0, Spring v6.1.8
2025-08-11 01:52:08 [main] INFO  com.az.payment.PaymentApplication - No active profile set, falling back to 1 default profile: "default"
2025-08-11 01:52:21 [main] INFO  com.az.payment.PaymentApplication - Started PaymentApplication in 13.592 seconds (process running for 14.144)
2025-08-11 01:52:41 [http-nio-8040-exec-1] INFO  c.az.payment.service.PaymentService - inside PaymentService.processRequest
2025-08-11 01:52:41 [http-nio-8040-exec-1] INFO  c.az.payment.service.PaymentService - mobile request : ProcessRequest(id=1, serviceId=2, parameters=[RequestParameter[id=55, key=transactionId, value=250808010010006401]], accountFrom=)
2025-08-11 01:52:41 [http-nio-8040-exec-1] INFO  c.az.payment.service.PaymentService - transactionLog Id : 16302 : rrn(250811010020000007)
2025-08-11 01:52:41 [http-nio-8040-exec-1] INFO  c.az.payment.service.PaymentService - PaymentService::processRequest Getting service By ID 2 ,,,, and locale en
2025-08-11 01:52:41 [http-nio-8040-exec-1] INFO  c.az.payment.service.ServiceService - ServiceService.findById  return service with id 2
2025-08-11 01:52:47 [http-nio-8040-exec-1] INFO  c.az.payment.service.PaymentService - PaymentService::processRequest found Service Named EBS Post Check: By Id 2
2025-08-11 01:52:47 [http-nio-8040-exec-1] INFO  com.az.payment.mapper.RequestMapper - start Mapping Request .... ProcessRequest(id=1, serviceId=2, parameters=[RequestParameter[id=55, key=transactionId, value=250808010010006401]], accountFrom=)
2025-08-11 01:52:47 [http-nio-8040-exec-1] INFO  com.az.payment.mapper.RequestMapper - reqRrn : 56 : transactionId : 250811010020000007
2025-08-11 01:52:47 [http-nio-8040-exec-1] INFO  com.az.payment.mapper.RequestMapper - start Mapping Additional Request Data Such as fixed Value and transaction ID if available 
2025-08-11 01:52:47 [http-nio-8040-exec-1] INFO  com.az.payment.mapper.RequestMapper - end Mapping Request .... {"originalTransactionId":"250808010010006401","transactionId":"250811010020000007"}
2025-08-11 01:52:47 [http-nio-8040-exec-1] INFO  c.az.payment.service.PaymentService - PaymentService::processRequest mapped  RequestDTO To JSON Object {"originalTransactionId":"250808010010006401","transactionId":"250811010020000007"}
2025-08-11 01:52:48 [http-nio-8040-exec-1] INFO  com.az.payment.service.ClientApi - ClientAPi::CallService response: {"responseCode":52,"responseMessage":"Success","originalTransactionId":"250808010010006401"}
2025-08-11 01:52:48 [http-nio-8040-exec-1] INFO  c.az.payment.service.PaymentService - {"originalTransactionId":"250808010010006401","responseMessage":"Success","responseCode":52}
2025-08-11 01:52:49 [http-nio-8040-exec-1] INFO  c.az.payment.service.PaymentService - #################### Biller Failed:Starting reverse process if the service isPayment
2025-08-11 01:52:50 [http-nio-8040-exec-1] INFO  com.az.payment.utils.Validation - Validation::validateResponse Validating response  ,,, apiResponse = {"originalTransactionId":"250808010010006401","responseMessage":"Success","responseCode":52},,,, for service ID 2 , with name EBS Post Check
2025-08-11 01:52:50 [http-nio-8040-exec-1] INFO  c.az.payment.service.ServiceService - ServiceService.findResponseParameterByServiceId  ServiceID : 2
2025-08-11 01:52:50 [http-nio-8040-exec-1] INFO  com.az.payment.utils.Validation - parameter in List is responseCode,,,, first check false , second check false 
2025-08-11 01:52:50 [http-nio-8040-exec-1] INFO  com.az.payment.utils.Validation - parameter in List is responseMessage,,,, first check true , second check true 
2025-08-11 01:52:50 [http-nio-8040-exec-1] INFO  com.az.payment.utils.Validation - parameter in List is originalTransactionId,,,, first check false , second check false 
2025-08-11 01:52:50 [http-nio-8040-exec-1] INFO  com.az.payment.utils.Validation - parameter[originalTransactionId] not a response code from biller
2025-08-11 01:52:50 [http-nio-8040-exec-1] INFO  com.az.payment.utils.Validation - parameter in List is transactionId,,,, first check false , second check false 
2025-08-11 01:52:50 [http-nio-8040-exec-1] ERROR com.az.payment.utils.Validation - Parameters not found in response transactionId,,, 
2025-08-11 01:52:50 [http-nio-8040-exec-1] INFO  com.az.payment.utils.Validation - response returned after mapping data is [PaymentResponseField[key=responseMessage, value=Invalid Account, displayName=Response Message, id=54]] 
2025-08-11 01:52:50 [http-nio-8040-exec-1] INFO  c.az.payment.mapper.ResponseMapper - response returned from mapper and validated as defined  PaymentResponse(responseParams=[PaymentResponseField[key=responseMessage, value=Invalid Account, displayName=Response Message, id=54]], finalStatus=0, isPayment=false, requestParams=null, responseCode=10, responseMessage=Invalid Account, bankReference=null)
2025-08-11 01:52:50 [http-nio-8040-exec-1] INFO  c.az.payment.service.PaymentService - mapResponseRev : PaymentResponse(responseParams=[PaymentResponseField[key=responseMessage, value=Invalid Account, displayName=Response Message, id=54]], finalStatus=0, isPayment=false, requestParams=null, responseCode=10, responseMessage=Success, bankReference=null)
2025-08-11 02:04:22 [main] INFO  com.az.payment.PaymentApplication - Starting PaymentApplication using Java 17.0.12 with PID 30760 (D:\____WorkSpace\AZ\code backups\e-payment_5_5_2025\payment\target\classes started by HP in D:\____WorkSpace\AZ\code backups\e-payment_5_5_2025\payment)
2025-08-11 02:04:22 [main] DEBUG com.az.payment.PaymentApplication - Running with Spring Boot v3.3.0, Spring v6.1.8
2025-08-11 02:04:22 [main] INFO  com.az.payment.PaymentApplication - No active profile set, falling back to 1 default profile: "default"
2025-08-11 02:04:33 [main] INFO  com.az.payment.PaymentApplication - Started PaymentApplication in 11.91 seconds (process running for 12.436)
2025-08-11 02:05:03 [http-nio-8040-exec-2] INFO  c.az.payment.service.PaymentService - inside PaymentService.processRequest
2025-08-11 02:05:03 [http-nio-8040-exec-2] INFO  c.az.payment.service.PaymentService - mobile request : ProcessRequest(id=1, serviceId=2, parameters=[RequestParameter[id=55, key=transactionId, value=250808010010006401]], accountFrom=)
2025-08-11 02:05:03 [http-nio-8040-exec-2] INFO  c.az.payment.service.PaymentService - transactionLog Id : 16352 : rrn(250811010020000008)
2025-08-11 02:05:03 [http-nio-8040-exec-2] INFO  c.az.payment.service.PaymentService - PaymentService::processRequest Getting service By ID 2 ,,,, and locale en
2025-08-11 02:05:03 [http-nio-8040-exec-2] INFO  c.az.payment.service.ServiceService - ServiceService.findById  return service with id 2
2025-08-11 02:05:09 [http-nio-8040-exec-2] INFO  c.az.payment.service.PaymentService - PaymentService::processRequest found Service Named EBS Post Check: By Id 2
2025-08-11 02:05:09 [http-nio-8040-exec-2] INFO  com.az.payment.mapper.RequestMapper - start Mapping Request .... ProcessRequest(id=1, serviceId=2, parameters=[RequestParameter[id=55, key=transactionId, value=250808010010006401]], accountFrom=)
2025-08-11 02:05:09 [http-nio-8040-exec-2] INFO  com.az.payment.mapper.RequestMapper - reqRrn : 56 : transactionId : 250811010020000008
2025-08-11 02:05:09 [http-nio-8040-exec-2] INFO  com.az.payment.mapper.RequestMapper - start Mapping Additional Request Data Such as fixed Value and transaction ID if available 
2025-08-11 02:05:09 [http-nio-8040-exec-2] INFO  com.az.payment.mapper.RequestMapper - end Mapping Request .... {"originalTransactionId":"250808010010006401","transactionId":"250811010020000008"}
2025-08-11 02:05:09 [http-nio-8040-exec-2] INFO  c.az.payment.service.PaymentService - PaymentService::processRequest mapped  RequestDTO To JSON Object {"originalTransactionId":"250808010010006401","transactionId":"250811010020000008"}
2025-08-11 02:05:10 [http-nio-8040-exec-2] INFO  com.az.payment.service.ClientApi - ClientAPi::CallService response: {"responseCode":52,"responseMessage":"Success","originalTransactionId":"250808010010006401"}
2025-08-11 02:05:10 [http-nio-8040-exec-2] INFO  c.az.payment.service.PaymentService - {"originalTransactionId":"250808010010006401","responseMessage":"Success","responseCode":52}
2025-08-11 02:05:11 [http-nio-8040-exec-2] INFO  c.az.payment.service.PaymentService - #################### Biller Failed:Starting reverse process if the service isPayment
2025-08-11 02:05:12 [http-nio-8040-exec-2] INFO  com.az.payment.utils.Validation - Validation::validateResponse Validating response  ,,, apiResponse = {"originalTransactionId":"250808010010006401","responseMessage":"Success","responseCode":52},,,, for service ID 2 , with name EBS Post Check
2025-08-11 02:05:12 [http-nio-8040-exec-2] INFO  c.az.payment.service.ServiceService - ServiceService.findResponseParameterByServiceId  ServiceID : 2
2025-08-11 02:05:12 [http-nio-8040-exec-2] INFO  com.az.payment.utils.Validation - parameter in List is responseCode,,,, first check false , second check false 
2025-08-11 02:05:12 [http-nio-8040-exec-2] INFO  com.az.payment.utils.Validation - parameter in List is responseMessage,,,, first check true , second check true 
2025-08-11 02:05:12 [http-nio-8040-exec-2] INFO  com.az.payment.utils.Validation - parameter in List is originalTransactionId,,,, first check false , second check false 
2025-08-11 02:05:12 [http-nio-8040-exec-2] INFO  com.az.payment.utils.Validation - parameter[originalTransactionId] not a response code from biller
2025-08-11 02:05:12 [http-nio-8040-exec-2] INFO  com.az.payment.utils.Validation - parameter in List is transactionId,,,, first check false , second check false 
2025-08-11 02:05:12 [http-nio-8040-exec-2] ERROR com.az.payment.utils.Validation - Parameters not found in response transactionId,,, 
2025-08-11 02:05:12 [http-nio-8040-exec-2] INFO  com.az.payment.utils.Validation - response returned after mapping data is [PaymentResponseField[key=responseMessage, value=Invalid Account, displayName=Response Message, id=54]] 
2025-08-11 02:05:12 [http-nio-8040-exec-2] INFO  c.az.payment.mapper.ResponseMapper - response returned from mapper and validated as defined  PaymentResponse(responseParams=[PaymentResponseField[key=responseMessage, value=Invalid Account, displayName=Response Message, id=54]], finalStatus=0, isPayment=false, requestParams=null, responseCode=10, responseMessage=Invalid Account, bankReference=null)
2025-08-11 02:05:12 [http-nio-8040-exec-2] INFO  c.az.payment.service.PaymentService - mapResponseRev : PaymentResponse(responseParams=[PaymentResponseField[key=responseMessage, value=Invalid Account, displayName=Response Message, id=54]], finalStatus=0, isPayment=false, requestParams=null, responseCode=10, responseMessage=Invalid Account, bankReference=null)
2025-08-11 02:07:50 [http-nio-8040-exec-5] INFO  c.az.payment.service.PaymentService - inside PaymentService.processRequest
2025-08-11 02:07:50 [http-nio-8040-exec-5] INFO  c.az.payment.service.PaymentService - mobile request : ProcessRequest(id=1, serviceId=2, parameters=[RequestParameter[id=55, key=transactionId, value=250808010010006401]], accountFrom=)
2025-08-11 02:07:51 [http-nio-8040-exec-5] INFO  c.az.payment.service.PaymentService - transactionLog Id : 16353 : rrn(250811010020000009)
2025-08-11 02:07:51 [http-nio-8040-exec-5] INFO  c.az.payment.service.PaymentService - PaymentService::processRequest Getting service By ID 2 ,,,, and locale en
2025-08-11 02:07:51 [http-nio-8040-exec-5] INFO  c.az.payment.service.ServiceService - ServiceService.findById  return service with id 2
2025-08-11 02:07:56 [http-nio-8040-exec-5] INFO  c.az.payment.service.PaymentService - PaymentService::processRequest found Service Named EBS Post Check: By Id 2
2025-08-11 02:07:56 [http-nio-8040-exec-5] INFO  com.az.payment.mapper.RequestMapper - start Mapping Request .... ProcessRequest(id=1, serviceId=2, parameters=[RequestParameter[id=55, key=transactionId, value=250808010010006401]], accountFrom=)
2025-08-11 02:07:57 [http-nio-8040-exec-5] INFO  com.az.payment.mapper.RequestMapper - reqRrn : 56 : transactionId : 250811010020000009
2025-08-11 02:07:57 [http-nio-8040-exec-5] INFO  com.az.payment.mapper.RequestMapper - start Mapping Additional Request Data Such as fixed Value and transaction ID if available 
2025-08-11 02:07:57 [http-nio-8040-exec-5] INFO  com.az.payment.mapper.RequestMapper - end Mapping Request .... {"originalTransactionId":"250808010010006401","transactionId":"250811010020000009"}
2025-08-11 02:07:57 [http-nio-8040-exec-5] INFO  c.az.payment.service.PaymentService - PaymentService::processRequest mapped  RequestDTO To JSON Object {"originalTransactionId":"250808010010006401","transactionId":"250811010020000009"}
2025-08-11 02:07:58 [http-nio-8040-exec-5] INFO  com.az.payment.service.ClientApi - ClientAPi::CallService response: {"responseCode":520,"responseMessage":"Success","originalTransactionId":"250808010010006401"}
2025-08-11 02:07:58 [http-nio-8040-exec-5] INFO  c.az.payment.service.PaymentService - {"originalTransactionId":"250808010010006401","responseMessage":"Success","responseCode":520}
2025-08-11 02:07:59 [http-nio-8040-exec-5] INFO  c.az.payment.service.PaymentService - #################### Biller Failed:Starting reverse process if the service isPayment
2025-08-11 02:07:59 [http-nio-8040-exec-5] INFO  com.az.payment.utils.Validation - Validation::validateResponse Validating response  ,,, apiResponse = {"originalTransactionId":"250808010010006401","responseMessage":"Success","responseCode":520},,,, for service ID 2 , with name EBS Post Check
2025-08-11 02:07:59 [http-nio-8040-exec-5] INFO  c.az.payment.service.ServiceService - ServiceService.findResponseParameterByServiceId  ServiceID : 2
2025-08-11 02:07:59 [http-nio-8040-exec-5] INFO  com.az.payment.utils.Validation - parameter in List is responseCode,,,, first check false , second check false 
2025-08-11 02:07:59 [http-nio-8040-exec-5] INFO  com.az.payment.utils.Validation - response Code 520 from biller 1 does not have equivalent definition 
2025-08-11 02:07:59 [http-nio-8040-exec-5] INFO  com.az.payment.utils.Validation - parameter in List is responseMessage,,,, first check true , second check true 
2025-08-11 02:07:59 [http-nio-8040-exec-5] INFO  com.az.payment.utils.Validation - parameter in List is originalTransactionId,,,, first check false , second check false 
2025-08-11 02:07:59 [http-nio-8040-exec-5] INFO  com.az.payment.utils.Validation - parameter[originalTransactionId] not a response code from biller
2025-08-11 02:07:59 [http-nio-8040-exec-5] INFO  com.az.payment.utils.Validation - parameter in List is transactionId,,,, first check false , second check false 
2025-08-11 02:07:59 [http-nio-8040-exec-5] ERROR com.az.payment.utils.Validation - Parameters not found in response transactionId,,, 
2025-08-11 02:07:59 [http-nio-8040-exec-5] INFO  com.az.payment.utils.Validation - response returned after mapping data is [PaymentResponseField[key=responseMessage, value=response Code 520 from biller 1 does not have equivalent definition , displayName=Response Message, id=54]] 
2025-08-11 02:07:59 [http-nio-8040-exec-5] INFO  c.az.payment.mapper.ResponseMapper - response returned from mapper and validated as defined  PaymentResponse(responseParams=[PaymentResponseField[key=responseMessage, value=response Code 520 from biller 1 does not have equivalent definition , displayName=Response Message, id=54]], finalStatus=0, isPayment=false, requestParams=null, responseCode=0, responseMessage=null, bankReference=null)
2025-08-11 02:07:59 [http-nio-8040-exec-5] INFO  c.az.payment.service.PaymentService - mapResponseRev : PaymentResponse(responseParams=[PaymentResponseField[key=responseMessage, value=response Code 520 from biller 1 does not have equivalent definition , displayName=Response Message, id=54]], finalStatus=0, isPayment=false, requestParams=null, responseCode=0, responseMessage=null, bankReference=null)
2025-08-11 02:12:26 [main] INFO  com.az.payment.PaymentApplication - Starting PaymentApplication using Java 17.0.12 with PID 22696 (D:\____WorkSpace\AZ\code backups\e-payment_5_5_2025\payment\target\classes started by HP in D:\____WorkSpace\AZ\code backups\e-payment_5_5_2025\payment)
2025-08-11 02:12:26 [main] DEBUG com.az.payment.PaymentApplication - Running with Spring Boot v3.3.0, Spring v6.1.8
2025-08-11 02:12:26 [main] INFO  com.az.payment.PaymentApplication - No active profile set, falling back to 1 default profile: "default"
2025-08-11 02:12:37 [main] INFO  com.az.payment.PaymentApplication - Started PaymentApplication in 11.976 seconds (process running for 12.515)
2025-08-11 02:14:40 [http-nio-8040-exec-2] INFO  c.az.payment.service.PaymentService - inside PaymentService.processRequest
2025-08-11 02:14:40 [http-nio-8040-exec-2] INFO  c.az.payment.service.PaymentService - mobile request : ProcessRequest(id=1, serviceId=2, parameters=[RequestParameter[id=55, key=transactionId, value=250808010010006401]], accountFrom=)
2025-08-11 02:14:41 [http-nio-8040-exec-2] INFO  c.az.payment.service.PaymentService - transactionLog Id : 16402 : rrn(250811010020000010)
2025-08-11 02:14:41 [http-nio-8040-exec-2] INFO  c.az.payment.service.PaymentService - PaymentService::processRequest Getting service By ID 2 ,,,, and locale en
2025-08-11 02:14:41 [http-nio-8040-exec-2] INFO  c.az.payment.service.ServiceService - ServiceService.findById  return service with id 2
2025-08-11 02:14:46 [http-nio-8040-exec-2] INFO  c.az.payment.service.PaymentService - PaymentService::processRequest found Service Named EBS Post Check: By Id 2
2025-08-11 02:14:46 [http-nio-8040-exec-2] INFO  com.az.payment.mapper.RequestMapper - start Mapping Request .... ProcessRequest(id=1, serviceId=2, parameters=[RequestParameter[id=55, key=transactionId, value=250808010010006401]], accountFrom=)
2025-08-11 02:14:47 [http-nio-8040-exec-2] INFO  com.az.payment.mapper.RequestMapper - reqRrn : 56 : transactionId : 250811010020000010
2025-08-11 02:14:47 [http-nio-8040-exec-2] INFO  com.az.payment.mapper.RequestMapper - start Mapping Additional Request Data Such as fixed Value and transaction ID if available 
2025-08-11 02:14:47 [http-nio-8040-exec-2] INFO  com.az.payment.mapper.RequestMapper - end Mapping Request .... {"originalTransactionId":"250808010010006401","transactionId":"250811010020000010"}
2025-08-11 02:14:47 [http-nio-8040-exec-2] INFO  c.az.payment.service.PaymentService - PaymentService::processRequest mapped  RequestDTO To JSON Object {"originalTransactionId":"250808010010006401","transactionId":"250811010020000010"}
2025-08-11 02:14:48 [http-nio-8040-exec-2] INFO  com.az.payment.service.ClientApi - ClientAPi::CallService response: {"responseCode":520,"responseMessage":"Success","originalTransactionId":"250808010010006401"}
2025-08-11 02:14:48 [http-nio-8040-exec-2] INFO  c.az.payment.service.PaymentService - {"originalTransactionId":"250808010010006401","responseMessage":"Success","responseCode":520}
2025-08-11 02:14:49 [http-nio-8040-exec-2] INFO  c.az.payment.service.PaymentService - #################### Biller Failed:Starting reverse process if the service isPayment
2025-08-11 02:14:49 [http-nio-8040-exec-2] INFO  com.az.payment.utils.Validation - Validation::validateResponse Validating response  ,,, apiResponse = {"originalTransactionId":"250808010010006401","responseMessage":"Success","responseCode":520},,,, for service ID 2 , with name EBS Post Check
2025-08-11 02:14:49 [http-nio-8040-exec-2] INFO  c.az.payment.service.ServiceService - ServiceService.findResponseParameterByServiceId  ServiceID : 2
2025-08-11 02:14:49 [http-nio-8040-exec-2] INFO  com.az.payment.utils.Validation - parameter in List is responseCode,,,, first check false , second check false 
2025-08-11 02:14:49 [http-nio-8040-exec-2] INFO  com.az.payment.utils.Validation - response Code 520 from biller 1 does not have equivalent definition 
2025-08-11 02:14:49 [http-nio-8040-exec-2] INFO  com.az.payment.utils.Validation - parameter in List is responseMessage,,,, first check true , second check true 
2025-08-11 02:14:49 [http-nio-8040-exec-2] INFO  com.az.payment.utils.Validation - parameter in List is originalTransactionId,,,, first check false , second check false 
2025-08-11 02:14:49 [http-nio-8040-exec-2] INFO  com.az.payment.utils.Validation - parameter[originalTransactionId] not a response code from biller
2025-08-11 02:14:49 [http-nio-8040-exec-2] INFO  com.az.payment.utils.Validation - parameter in List is transactionId,,,, first check false , second check false 
2025-08-11 02:14:49 [http-nio-8040-exec-2] ERROR com.az.payment.utils.Validation - Parameters not found in response transactionId,,, 
2025-08-11 02:14:49 [http-nio-8040-exec-2] INFO  com.az.payment.utils.Validation - response returned after mapping data is [PaymentResponseField[key=responseMessage, value=response Code 520 from biller 1 does not have equivalent definition , displayName=Response Message, id=54]] 
2025-08-11 02:14:49 [http-nio-8040-exec-2] INFO  c.az.payment.mapper.ResponseMapper - response returned from mapper and validated as defined  PaymentResponse(responseParams=[PaymentResponseField[key=responseMessage, value=response Code 520 from biller 1 does not have equivalent definition , displayName=Response Message, id=54]], finalStatus=0, isPayment=false, requestParams=null, responseCode=0, responseMessage=null, bankReference=null)
2025-08-11 02:14:49 [http-nio-8040-exec-2] INFO  c.az.payment.service.PaymentService - mapResponseRev : PaymentResponse(responseParams=[PaymentResponseField[key=responseMessage, value=response Code 520 from biller 1 does not have equivalent definition , displayName=Response Message, id=54]], finalStatus=0, isPayment=false, requestParams=null, responseCode=0, responseMessage=null, bankReference=null)
2025-08-11 03:11:08 [main] INFO  com.az.payment.PaymentApplication - Starting PaymentApplication using Java 17.0.12 with PID 4192 (D:\____WorkSpace\AZ\code backups\e-payment_5_5_2025\payment\target\classes started by HP in D:\____WorkSpace\AZ\code backups\e-payment_5_5_2025\payment)
2025-08-11 03:11:08 [main] DEBUG com.az.payment.PaymentApplication - Running with Spring Boot v3.3.0, Spring v6.1.8
2025-08-11 03:11:08 [main] INFO  com.az.payment.PaymentApplication - No active profile set, falling back to 1 default profile: "default"
2025-08-11 03:21:25 [main] INFO  com.az.payment.PaymentApplication - Starting PaymentApplication using Java 17.0.12 with PID 15452 (D:\____WorkSpace\AZ\code backups\e-payment_5_5_2025\payment\target\classes started by HP in D:\____WorkSpace\AZ\code backups\e-payment_5_5_2025\payment)
2025-08-11 03:21:25 [main] DEBUG com.az.payment.PaymentApplication - Running with Spring Boot v3.3.0, Spring v6.1.8
2025-08-11 03:21:25 [main] INFO  com.az.payment.PaymentApplication - No active profile set, falling back to 1 default profile: "default"
2025-08-11 03:21:37 [main] INFO  com.az.payment.PaymentApplication - Started PaymentApplication in 12.522 seconds (process running for 13.068)
2025-08-11 03:21:48 [http-nio-8040-exec-2] INFO  c.az.payment.service.PaymentService - inside PaymentService.processRequest
2025-08-11 03:21:48 [http-nio-8040-exec-2] INFO  c.az.payment.service.PaymentService - mobile request : ProcessRequest(id=1, serviceId=2, parameters=[RequestParameter[id=55, key=transactionId, value=250808010010006401]], accountFrom=)
2025-08-11 03:21:49 [http-nio-8040-exec-2] INFO  c.az.payment.service.PaymentService - transactionLog Id : 16452 : rrn(250811010020000001)
2025-08-11 03:21:49 [http-nio-8040-exec-2] INFO  c.az.payment.service.PaymentService - PaymentService::processRequest Getting service By ID 2 ,,,, and locale en
2025-08-11 03:21:49 [http-nio-8040-exec-2] INFO  c.az.payment.service.ServiceService - ServiceService.findById  return service with id 2
2025-08-11 03:21:54 [http-nio-8040-exec-2] INFO  c.az.payment.service.PaymentService - PaymentService::processRequest found Service Named EBS Post Check: By Id 2
2025-08-11 03:21:54 [http-nio-8040-exec-2] INFO  com.az.payment.mapper.RequestMapper - start Mapping Request .... ProcessRequest(id=1, serviceId=2, parameters=[RequestParameter[id=55, key=transactionId, value=250808010010006401]], accountFrom=)
2025-08-11 03:21:55 [http-nio-8040-exec-2] INFO  com.az.payment.mapper.RequestMapper - reqRrn : 56 : transactionId : 250811010020000001
2025-08-11 03:21:55 [http-nio-8040-exec-2] INFO  com.az.payment.mapper.RequestMapper - start Mapping Additional Request Data Such as fixed Value and transaction ID if available 
2025-08-11 03:21:55 [http-nio-8040-exec-2] INFO  com.az.payment.mapper.RequestMapper - end Mapping Request .... {"originalTransactionId":"250808010010006401","transactionId":"250811010020000001"}
2025-08-11 03:21:55 [http-nio-8040-exec-2] INFO  c.az.payment.service.PaymentService - PaymentService::processRequest mapped  RequestDTO To JSON Object {"originalTransactionId":"250808010010006401","transactionId":"250811010020000001"}
2025-08-11 03:21:56 [http-nio-8040-exec-2] ERROR com.az.payment.service.ClientApi - Failed to access the Biller: I/O error on POST request for "http://localhost:9182/api/GetStatus": Connection refused: no further information
2025-08-11 03:21:56 [http-nio-8040-exec-2] INFO  c.az.payment.service.PaymentService - {"code":-12,"message":"Failed to access the Biller: I/O error on POST request for \"http://localhost:9182/api/GetStatus\": Connection refused: no further information","status":-1}
2025-08-11 03:21:57 [http-nio-8040-exec-2] INFO  c.az.payment.service.PaymentService - =================================-12
2025-08-11 03:21:57 [http-nio-8040-exec-2] INFO  c.az.payment.service.PaymentService - #################### Biller Failed:Starting reverse process if the service isPayment
2025-08-11 03:21:57 [http-nio-8040-exec-2] INFO  com.az.payment.utils.Validation - Validation::validateResponse Validating response  ,,, apiResponse = {"code":-12,"message":"Failed to access the Biller: I/O error on POST request for \"http://localhost:9182/api/GetStatus\": Connection refused: no further information","status":-1},,,, for service ID 2 , with name EBS Post Check
2025-08-11 03:21:57 [http-nio-8040-exec-2] INFO  c.az.payment.service.ServiceService - ServiceService.findResponseParameterByServiceId  ServiceID : 2
2025-08-11 03:21:57 [http-nio-8040-exec-2] INFO  com.az.payment.utils.Validation - parameter in List is responseCode,,,, first check false , second check false 
2025-08-11 03:21:57 [http-nio-8040-exec-2] INFO  com.az.payment.utils.Validation - parameter in List is responseMessage,,,, first check false , second check false 
2025-08-11 03:21:57 [http-nio-8040-exec-2] INFO  com.az.payment.utils.Validation - parameter in List is originalTransactionId,,,, first check false , second check false 
2025-08-11 03:21:57 [http-nio-8040-exec-2] INFO  com.az.payment.utils.Validation - parameter in List is transactionId,,,, first check false , second check false 
2025-08-11 03:21:57 [http-nio-8040-exec-2] ERROR com.az.payment.utils.Validation - Parameters not found in response responseCode,,,responseMessage,,,originalTransactionId,,,transactionId,,, 
2025-08-11 03:21:57 [http-nio-8040-exec-2] INFO  com.az.payment.utils.Validation - response returned after mapping data is [] 
2025-08-11 03:21:57 [http-nio-8040-exec-2] INFO  c.az.payment.mapper.ResponseMapper - response returned from mapper and validated as defined  PaymentResponse(responseParams=[], finalStatus=0, isPayment=false, requestParams=null, responseCode=0, responseMessage=null, bankReference=null)
2025-08-11 03:21:57 [http-nio-8040-exec-2] INFO  c.az.payment.service.PaymentService - mapResponseRev : PaymentResponse(responseParams=[], finalStatus=0, isPayment=false, requestParams=null, responseCode=0, responseMessage=null, bankReference=null)
2025-08-11 04:33:07 [main] INFO  com.az.payment.PaymentApplication - Starting PaymentApplication using Java 17.0.12 with PID 11000 (D:\____WorkSpace\AZ\code backups\e-payment_5_5_2025\payment\target\classes started by HP in D:\____WorkSpace\AZ\code backups\e-payment_5_5_2025\payment)
2025-08-11 04:33:07 [main] DEBUG com.az.payment.PaymentApplication - Running with Spring Boot v3.3.0, Spring v6.1.8
2025-08-11 04:33:07 [main] INFO  com.az.payment.PaymentApplication - No active profile set, falling back to 1 default profile: "default"
2025-08-11 04:33:18 [main] INFO  com.az.payment.PaymentApplication - Started PaymentApplication in 12.353 seconds (process running for 12.953)
2025-08-11 04:34:09 [main] INFO  com.az.payment.PaymentApplication - Starting PaymentApplication using Java 17.0.12 with PID 17136 (D:\____WorkSpace\AZ\code backups\e-payment_5_5_2025\payment\target\classes started by HP in D:\____WorkSpace\AZ\code backups\e-payment_5_5_2025\payment)
2025-08-11 04:34:09 [main] DEBUG com.az.payment.PaymentApplication - Running with Spring Boot v3.3.0, Spring v6.1.8
2025-08-11 04:34:09 [main] INFO  com.az.payment.PaymentApplication - No active profile set, falling back to 1 default profile: "default"
2025-08-11 04:34:21 [main] INFO  com.az.payment.PaymentApplication - Started PaymentApplication in 12.863 seconds (process running for 13.513)
2025-08-11 04:36:10 [http-nio-8040-exec-1] INFO  c.az.payment.service.PaymentService - inside PaymentService.processRequest
2025-08-11 04:36:10 [http-nio-8040-exec-1] INFO  c.az.payment.service.PaymentService - mobile request : ProcessRequest(id=1, serviceId=2, parameters=[RequestParameter[id=55, key=transactionId, value=250808010010006401]], accountFrom=)
2025-08-11 04:36:10 [http-nio-8040-exec-1] INFO  c.az.payment.service.PaymentService - transactionLog Id : 16502 : rrn(250811010020000002)
2025-08-11 04:36:10 [http-nio-8040-exec-1] INFO  c.az.payment.service.PaymentService - PaymentService::processRequest Getting service By ID 2 ,,,, and locale en
2025-08-11 04:36:10 [http-nio-8040-exec-1] INFO  c.az.payment.service.ServiceService - ServiceService.findById  return service with id 2
2025-08-11 04:36:15 [http-nio-8040-exec-1] INFO  c.az.payment.service.PaymentService - PaymentService::processRequest found Service Named EBS Post Check: By Id 2
2025-08-11 04:36:15 [http-nio-8040-exec-1] INFO  com.az.payment.mapper.RequestMapper - start Mapping Request .... ProcessRequest(id=1, serviceId=2, parameters=[RequestParameter[id=55, key=transactionId, value=250808010010006401]], accountFrom=)
2025-08-11 04:36:16 [http-nio-8040-exec-1] INFO  com.az.payment.mapper.RequestMapper - reqRrn : 56 : transactionId : 250811010020000002
2025-08-11 04:36:16 [http-nio-8040-exec-1] INFO  com.az.payment.mapper.RequestMapper - start Mapping Additional Request Data Such as fixed Value and transaction ID if available 
2025-08-11 04:36:16 [http-nio-8040-exec-1] INFO  com.az.payment.mapper.RequestMapper - end Mapping Request .... {"originalTransactionId":"250808010010006401","transactionId":"250811010020000002"}
2025-08-11 04:36:16 [http-nio-8040-exec-1] INFO  c.az.payment.service.PaymentService - PaymentService::processRequest mapped  RequestDTO To JSON Object {"originalTransactionId":"250808010010006401","transactionId":"250811010020000002"}
2025-08-11 04:36:17 [http-nio-8040-exec-1] ERROR com.az.payment.service.ClientApi - Failed to access the Biller: I/O error on POST request for "http://localhost:9182/api/GetStatus": Connection refused: no further information
2025-08-11 04:36:17 [http-nio-8040-exec-1] INFO  c.az.payment.service.PaymentService - {"code":-12,"message":"Failed to access the Biller: I/O error on POST request for \"http://localhost:9182/api/GetStatus\": Connection refused: no further information","status":-1}
2025-08-11 04:36:18 [http-nio-8040-exec-1] INFO  c.az.payment.service.PaymentService - =================================-12
2025-08-11 04:36:18 [http-nio-8040-exec-1] INFO  c.az.payment.service.PaymentService - #################### Biller Failed:Starting reverse process if the service isPayment
2025-08-11 04:36:18 [http-nio-8040-exec-1] INFO  com.az.payment.utils.Validation - Validation::validateResponse Validating response  ,,, apiResponse = {"code":-12,"message":"Failed to access the Biller: I/O error on POST request for \"http://localhost:9182/api/GetStatus\": Connection refused: no further information","status":-1},,,, for service ID 2 , with name EBS Post Check
2025-08-11 04:36:19 [http-nio-8040-exec-1] INFO  c.az.payment.service.ServiceService - ServiceService.findResponseParameterByServiceId  ServiceID : 2
2025-08-11 04:36:19 [http-nio-8040-exec-1] INFO  com.az.payment.utils.Validation - parameter in List is responseCode,,,, first check false , second check false 
2025-08-11 04:36:19 [http-nio-8040-exec-1] INFO  com.az.payment.utils.Validation - parameter in List is responseMessage,,,, first check false , second check false 
2025-08-11 04:36:19 [http-nio-8040-exec-1] INFO  com.az.payment.utils.Validation - parameter in List is originalTransactionId,,,, first check false , second check false 
2025-08-11 04:36:19 [http-nio-8040-exec-1] INFO  com.az.payment.utils.Validation - parameter in List is transactionId,,,, first check false , second check false 
2025-08-11 04:36:19 [http-nio-8040-exec-1] ERROR com.az.payment.utils.Validation - Parameters not found in response responseCode,,,responseMessage,,,originalTransactionId,,,transactionId,,, 
2025-08-11 04:36:19 [http-nio-8040-exec-1] INFO  com.az.payment.utils.Validation - response returned after mapping data is [] 
2025-08-11 04:36:19 [http-nio-8040-exec-1] INFO  c.az.payment.mapper.ResponseMapper - response returned from mapper and validated as defined  PaymentResponse(responseParams=[], finalStatus=0, isPayment=false, requestParams=null, responseCode=0, responseMessage=null, bankReference=null)
2025-08-11 04:36:19 [http-nio-8040-exec-1] INFO  c.az.payment.service.PaymentService - mapResponseRev : PaymentResponse(responseParams=null, finalStatus=-1, isPayment=false, requestParams=null, responseCode=0, responseMessage=Fail at Biller, bankReference=null)
2025-08-11 04:36:49 [http-nio-8040-exec-3] INFO  c.az.payment.service.PaymentService - inside PaymentService.processRequest
2025-08-11 04:36:49 [http-nio-8040-exec-3] INFO  c.az.payment.service.PaymentService - mobile request : ProcessRequest(id=1, serviceId=2, parameters=[RequestParameter[id=55, key=transactionId, value=250808010010006401]], accountFrom=)
2025-08-11 04:36:50 [http-nio-8040-exec-3] INFO  c.az.payment.service.PaymentService - transactionLog Id : 16503 : rrn(250811010020000003)
2025-08-11 04:36:50 [http-nio-8040-exec-3] INFO  c.az.payment.service.PaymentService - PaymentService::processRequest Getting service By ID 2 ,,,, and locale en
2025-08-11 04:36:50 [http-nio-8040-exec-3] INFO  c.az.payment.service.ServiceService - ServiceService.findById  return service with id 2
2025-08-11 04:36:55 [http-nio-8040-exec-3] INFO  c.az.payment.service.PaymentService - PaymentService::processRequest found Service Named EBS Post Check: By Id 2
2025-08-11 04:36:55 [http-nio-8040-exec-3] INFO  com.az.payment.mapper.RequestMapper - start Mapping Request .... ProcessRequest(id=1, serviceId=2, parameters=[RequestParameter[id=55, key=transactionId, value=250808010010006401]], accountFrom=)
2025-08-11 04:36:55 [http-nio-8040-exec-3] INFO  com.az.payment.mapper.RequestMapper - reqRrn : 56 : transactionId : 250811010020000003
2025-08-11 04:36:55 [http-nio-8040-exec-3] INFO  com.az.payment.mapper.RequestMapper - start Mapping Additional Request Data Such as fixed Value and transaction ID if available 
2025-08-11 04:36:55 [http-nio-8040-exec-3] INFO  com.az.payment.mapper.RequestMapper - end Mapping Request .... {"originalTransactionId":"250808010010006401","transactionId":"250811010020000003"}
2025-08-11 04:36:55 [http-nio-8040-exec-3] INFO  c.az.payment.service.PaymentService - PaymentService::processRequest mapped  RequestDTO To JSON Object {"originalTransactionId":"250808010010006401","transactionId":"250811010020000003"}
2025-08-11 04:36:57 [http-nio-8040-exec-3] INFO  com.az.payment.service.ClientApi - ClientAPi::CallService response: {"responseCode":520,"responseMessage":"Success","originalTransactionId":"250808010010006401"}
2025-08-11 04:36:57 [http-nio-8040-exec-3] INFO  c.az.payment.service.PaymentService - {"originalTransactionId":"250808010010006401","responseMessage":"Success","responseCode":520}
2025-08-11 04:36:57 [http-nio-8040-exec-3] INFO  c.az.payment.service.PaymentService - #################### Biller Failed:Starting reverse process if the service isPayment
2025-08-11 04:36:58 [http-nio-8040-exec-3] INFO  com.az.payment.utils.Validation - Validation::validateResponse Validating response  ,,, apiResponse = {"originalTransactionId":"250808010010006401","responseMessage":"Success","responseCode":520},,,, for service ID 2 , with name EBS Post Check
2025-08-11 04:36:58 [http-nio-8040-exec-3] INFO  c.az.payment.service.ServiceService - ServiceService.findResponseParameterByServiceId  ServiceID : 2
2025-08-11 04:36:58 [http-nio-8040-exec-3] INFO  com.az.payment.utils.Validation - parameter in List is responseCode,,,, first check false , second check false 
2025-08-11 04:36:58 [http-nio-8040-exec-3] INFO  com.az.payment.utils.Validation - response Code 520 from biller 1 does not have equivalent definition 
2025-08-11 04:36:58 [http-nio-8040-exec-3] INFO  com.az.payment.utils.Validation - parameter in List is responseMessage,,,, first check true , second check true 
2025-08-11 04:36:58 [http-nio-8040-exec-3] INFO  com.az.payment.utils.Validation - parameter in List is originalTransactionId,,,, first check false , second check false 
2025-08-11 04:36:58 [http-nio-8040-exec-3] INFO  com.az.payment.utils.Validation - parameter[originalTransactionId] not a response code from biller
2025-08-11 04:36:58 [http-nio-8040-exec-3] INFO  com.az.payment.utils.Validation - parameter in List is transactionId,,,, first check false , second check false 
2025-08-11 04:36:58 [http-nio-8040-exec-3] ERROR com.az.payment.utils.Validation - Parameters not found in response transactionId,,, 
2025-08-11 04:36:58 [http-nio-8040-exec-3] INFO  com.az.payment.utils.Validation - response returned after mapping data is [PaymentResponseField[key=responseMessage, value=response Code 520 from biller 1 does not have equivalent definition , displayName=Response Message, id=54]] 
2025-08-11 04:36:58 [http-nio-8040-exec-3] INFO  c.az.payment.mapper.ResponseMapper - response returned from mapper and validated as defined  PaymentResponse(responseParams=[PaymentResponseField[key=responseMessage, value=response Code 520 from biller 1 does not have equivalent definition , displayName=Response Message, id=54]], finalStatus=0, isPayment=false, requestParams=null, responseCode=0, responseMessage=null, bankReference=null)
2025-08-11 04:36:58 [http-nio-8040-exec-3] INFO  c.az.payment.service.PaymentService - mapResponseRev : PaymentResponse(responseParams=null, finalStatus=-1, isPayment=false, requestParams=null, responseCode=0, responseMessage=Fail at Biller, bankReference=null)
2025-08-11 04:37:29 [http-nio-8040-exec-4] INFO  c.az.payment.service.PaymentService - inside PaymentService.processRequest
2025-08-11 04:37:29 [http-nio-8040-exec-4] INFO  c.az.payment.service.PaymentService - mobile request : ProcessRequest(id=1, serviceId=2, parameters=[RequestParameter[id=55, key=transactionId, value=250808010010006401]], accountFrom=)
2025-08-11 04:37:29 [http-nio-8040-exec-4] INFO  c.az.payment.service.PaymentService - transactionLog Id : 16504 : rrn(250811010020000004)
2025-08-11 04:37:29 [http-nio-8040-exec-4] INFO  c.az.payment.service.PaymentService - PaymentService::processRequest Getting service By ID 2 ,,,, and locale en
2025-08-11 04:37:29 [http-nio-8040-exec-4] INFO  c.az.payment.service.ServiceService - ServiceService.findById  return service with id 2
2025-08-11 04:37:34 [http-nio-8040-exec-4] INFO  c.az.payment.service.PaymentService - PaymentService::processRequest found Service Named EBS Post Check: By Id 2
2025-08-11 04:37:34 [http-nio-8040-exec-4] INFO  com.az.payment.mapper.RequestMapper - start Mapping Request .... ProcessRequest(id=1, serviceId=2, parameters=[RequestParameter[id=55, key=transactionId, value=250808010010006401]], accountFrom=)
2025-08-11 04:37:35 [http-nio-8040-exec-4] INFO  com.az.payment.mapper.RequestMapper - reqRrn : 56 : transactionId : 250811010020000004
2025-08-11 04:37:35 [http-nio-8040-exec-4] INFO  com.az.payment.mapper.RequestMapper - start Mapping Additional Request Data Such as fixed Value and transaction ID if available 
2025-08-11 04:37:35 [http-nio-8040-exec-4] INFO  com.az.payment.mapper.RequestMapper - end Mapping Request .... {"originalTransactionId":"250808010010006401","transactionId":"250811010020000004"}
2025-08-11 04:37:35 [http-nio-8040-exec-4] INFO  c.az.payment.service.PaymentService - PaymentService::processRequest mapped  RequestDTO To JSON Object {"originalTransactionId":"250808010010006401","transactionId":"250811010020000004"}
2025-08-11 04:37:36 [http-nio-8040-exec-4] INFO  com.az.payment.service.ClientApi - ClientAPi::CallService response: {"responseCode":52,"responseMessage":"Success","originalTransactionId":"250808010010006401"}
2025-08-11 04:37:36 [http-nio-8040-exec-4] INFO  c.az.payment.service.PaymentService - {"originalTransactionId":"250808010010006401","responseMessage":"Success","responseCode":52}
2025-08-11 04:37:37 [http-nio-8040-exec-4] INFO  c.az.payment.service.PaymentService - #################### Biller Failed:Starting reverse process if the service isPayment
2025-08-11 04:37:37 [http-nio-8040-exec-4] INFO  com.az.payment.utils.Validation - Validation::validateResponse Validating response  ,,, apiResponse = {"originalTransactionId":"250808010010006401","responseMessage":"Success","responseCode":52},,,, for service ID 2 , with name EBS Post Check
2025-08-11 04:37:37 [http-nio-8040-exec-4] INFO  c.az.payment.service.ServiceService - ServiceService.findResponseParameterByServiceId  ServiceID : 2
2025-08-11 04:37:38 [http-nio-8040-exec-4] INFO  com.az.payment.utils.Validation - parameter in List is responseCode,,,, first check false , second check false 
2025-08-11 04:37:38 [http-nio-8040-exec-4] INFO  com.az.payment.utils.Validation - parameter in List is responseMessage,,,, first check true , second check true 
2025-08-11 04:37:38 [http-nio-8040-exec-4] INFO  com.az.payment.utils.Validation - parameter in List is originalTransactionId,,,, first check false , second check false 
2025-08-11 04:37:38 [http-nio-8040-exec-4] INFO  com.az.payment.utils.Validation - parameter[originalTransactionId] not a response code from biller
2025-08-11 04:37:38 [http-nio-8040-exec-4] INFO  com.az.payment.utils.Validation - parameter in List is transactionId,,,, first check false , second check false 
2025-08-11 04:37:38 [http-nio-8040-exec-4] ERROR com.az.payment.utils.Validation - Parameters not found in response transactionId,,, 
2025-08-11 04:37:38 [http-nio-8040-exec-4] INFO  com.az.payment.utils.Validation - response returned after mapping data is [PaymentResponseField[key=responseMessage, value=Invalid Account, displayName=Response Message, id=54]] 
2025-08-11 04:37:38 [http-nio-8040-exec-4] INFO  c.az.payment.mapper.ResponseMapper - response returned from mapper and validated as defined  PaymentResponse(responseParams=[PaymentResponseField[key=responseMessage, value=Invalid Account, displayName=Response Message, id=54]], finalStatus=0, isPayment=false, requestParams=null, responseCode=10, responseMessage=Invalid Account, bankReference=null)
2025-08-11 04:37:38 [http-nio-8040-exec-4] INFO  c.az.payment.service.PaymentService - mapResponseRev : PaymentResponse(responseParams=null, finalStatus=-1, isPayment=false, requestParams=null, responseCode=10, responseMessage=Fail at Biller, bankReference=null)
2025-08-11 07:55:08 [http-nio-8040-exec-6] INFO  c.az.payment.service.PaymentService - inside PaymentService.processRequest
2025-08-11 07:55:08 [http-nio-8040-exec-6] INFO  c.az.payment.service.PaymentService - mobile request : ProcessRequest(id=1, serviceId=2, parameters=[RequestParameter[id=55, key=transactionId, value=250808010010006401]], accountFrom=)
2025-08-11 07:55:08 [http-nio-8040-exec-6] INFO  c.az.payment.service.PaymentService - transactionLog Id : 16505 : rrn(250811010020000005)
2025-08-11 07:55:08 [http-nio-8040-exec-6] INFO  c.az.payment.service.PaymentService - PaymentService::processRequest Getting service By ID 2 ,,,, and locale en
2025-08-11 07:55:08 [http-nio-8040-exec-6] INFO  c.az.payment.service.ServiceService - ServiceService.findById  return service with id 2
2025-08-11 07:55:13 [http-nio-8040-exec-6] INFO  c.az.payment.service.PaymentService - PaymentService::processRequest found Service Named EBS Post Check: By Id 2
2025-08-11 07:55:13 [http-nio-8040-exec-6] INFO  com.az.payment.mapper.RequestMapper - start Mapping Request .... ProcessRequest(id=1, serviceId=2, parameters=[RequestParameter[id=55, key=transactionId, value=250808010010006401]], accountFrom=)
2025-08-11 07:55:14 [http-nio-8040-exec-6] INFO  com.az.payment.mapper.RequestMapper - reqRrn : 56 : transactionId : 250811010020000005
2025-08-11 07:55:14 [http-nio-8040-exec-6] INFO  com.az.payment.mapper.RequestMapper - start Mapping Additional Request Data Such as fixed Value and transaction ID if available 
2025-08-11 07:55:14 [http-nio-8040-exec-6] INFO  com.az.payment.mapper.RequestMapper - end Mapping Request .... {"originalTransactionId":"250808010010006401","transactionId":"250811010020000005"}
2025-08-11 07:55:14 [http-nio-8040-exec-6] INFO  c.az.payment.service.PaymentService - PaymentService::processRequest mapped  RequestDTO To JSON Object {"originalTransactionId":"250808010010006401","transactionId":"250811010020000005"}
2025-08-11 07:55:15 [http-nio-8040-exec-6] INFO  com.az.payment.service.ClientApi - ClientAPi::CallService response: {"responseCode":52,"responseMessage":"Success","originalTransactionId":"250808010010006401"}
2025-08-11 07:55:15 [http-nio-8040-exec-6] INFO  c.az.payment.service.PaymentService - {"originalTransactionId":"250808010010006401","responseMessage":"Success","responseCode":52}
2025-08-11 07:55:15 [http-nio-8040-exec-6] INFO  c.az.payment.service.PaymentService - #################### Biller Failed:Starting reverse process if the service isPayment
2025-08-11 07:55:16 [http-nio-8040-exec-6] INFO  com.az.payment.utils.Validation - Validation::validateResponse Validating response  ,,, apiResponse = {"originalTransactionId":"250808010010006401","responseMessage":"Success","responseCode":52},,,, for service ID 2 , with name EBS Post Check
2025-08-11 07:55:16 [http-nio-8040-exec-6] INFO  c.az.payment.service.ServiceService - ServiceService.findResponseParameterByServiceId  ServiceID : 2
2025-08-11 07:55:16 [http-nio-8040-exec-6] INFO  com.az.payment.utils.Validation - parameter in List is responseCode,,,, first check false , second check false 
2025-08-11 07:55:16 [http-nio-8040-exec-6] INFO  com.az.payment.utils.Validation - parameter in List is responseMessage,,,, first check true , second check true 
2025-08-11 07:55:16 [http-nio-8040-exec-6] INFO  com.az.payment.utils.Validation - parameter in List is originalTransactionId,,,, first check false , second check false 
2025-08-11 07:55:16 [http-nio-8040-exec-6] INFO  com.az.payment.utils.Validation - parameter[originalTransactionId] not a response code from biller
2025-08-11 07:55:16 [http-nio-8040-exec-6] INFO  com.az.payment.utils.Validation - parameter in List is transactionId,,,, first check false , second check false 
2025-08-11 07:55:16 [http-nio-8040-exec-6] ERROR com.az.payment.utils.Validation - Parameters not found in response transactionId,,, 
2025-08-11 07:55:16 [http-nio-8040-exec-6] INFO  com.az.payment.utils.Validation - response returned after mapping data is [PaymentResponseField[key=responseMessage, value=Invalid Account, displayName=Response Message, id=54]] 
2025-08-11 07:55:16 [http-nio-8040-exec-6] INFO  c.az.payment.mapper.ResponseMapper - response returned from mapper and validated as defined  PaymentResponse(responseParams=[PaymentResponseField[key=responseMessage, value=Invalid Account, displayName=Response Message, id=54]], finalStatus=0, isPayment=false, requestParams=null, responseCode=10, responseMessage=Invalid Account, bankReference=null)
2025-08-11 07:55:16 [http-nio-8040-exec-6] INFO  c.az.payment.service.PaymentService - mapResponseRev : PaymentResponse(responseParams=null, finalStatus=-1, isPayment=false, requestParams=null, responseCode=10, responseMessage=Fail at Biller, bankReference=null)
2025-08-11 07:55:27 [http-nio-8040-exec-8] INFO  c.az.payment.service.PaymentService - inside PaymentService.processRequest
2025-08-11 07:55:27 [http-nio-8040-exec-8] INFO  c.az.payment.service.PaymentService - mobile request : ProcessRequest(id=1, serviceId=2, parameters=[RequestParameter[id=55, key=transactionId, value=250810010010005990]], accountFrom=)
2025-08-11 07:55:27 [http-nio-8040-exec-8] INFO  c.az.payment.service.PaymentService - transactionLog Id : 16506 : rrn(250811010020000006)
2025-08-11 07:55:27 [http-nio-8040-exec-8] INFO  c.az.payment.service.PaymentService - PaymentService::processRequest Getting service By ID 2 ,,,, and locale en
2025-08-11 07:55:27 [http-nio-8040-exec-8] INFO  c.az.payment.service.ServiceService - ServiceService.findById  return service with id 2
2025-08-11 07:55:32 [http-nio-8040-exec-8] INFO  c.az.payment.service.PaymentService - PaymentService::processRequest found Service Named EBS Post Check: By Id 2
2025-08-11 07:55:32 [http-nio-8040-exec-8] INFO  com.az.payment.mapper.RequestMapper - start Mapping Request .... ProcessRequest(id=1, serviceId=2, parameters=[RequestParameter[id=55, key=transactionId, value=250810010010005990]], accountFrom=)
2025-08-11 07:55:33 [http-nio-8040-exec-8] INFO  com.az.payment.mapper.RequestMapper - reqRrn : 56 : transactionId : 250811010020000006
2025-08-11 07:55:33 [http-nio-8040-exec-8] INFO  com.az.payment.mapper.RequestMapper - start Mapping Additional Request Data Such as fixed Value and transaction ID if available 
2025-08-11 07:55:33 [http-nio-8040-exec-8] INFO  com.az.payment.mapper.RequestMapper - end Mapping Request .... {"originalTransactionId":"250810010010005990","transactionId":"250811010020000006"}
2025-08-11 07:55:33 [http-nio-8040-exec-8] INFO  c.az.payment.service.PaymentService - PaymentService::processRequest mapped  RequestDTO To JSON Object {"originalTransactionId":"250810010010005990","transactionId":"250811010020000006"}
2025-08-11 07:55:34 [http-nio-8040-exec-8] INFO  com.az.payment.service.ClientApi - ClientAPi::CallService response: {"responseCode":52,"responseMessage":"Success","originalTransactionId":"250810010010005990"}
2025-08-11 07:55:34 [http-nio-8040-exec-8] INFO  c.az.payment.service.PaymentService - {"originalTransactionId":"250810010010005990","responseMessage":"Success","responseCode":52}
2025-08-11 07:55:35 [http-nio-8040-exec-8] INFO  c.az.payment.service.PaymentService - #################### Biller Failed:Starting reverse process if the service isPayment
2025-08-11 07:55:35 [http-nio-8040-exec-8] INFO  com.az.payment.utils.Validation - Validation::validateResponse Validating response  ,,, apiResponse = {"originalTransactionId":"250810010010005990","responseMessage":"Success","responseCode":52},,,, for service ID 2 , with name EBS Post Check
2025-08-11 07:55:35 [http-nio-8040-exec-8] INFO  c.az.payment.service.ServiceService - ServiceService.findResponseParameterByServiceId  ServiceID : 2
2025-08-11 07:55:35 [http-nio-8040-exec-8] INFO  com.az.payment.utils.Validation - parameter in List is responseCode,,,, first check false , second check false 
2025-08-11 07:55:35 [http-nio-8040-exec-8] INFO  com.az.payment.utils.Validation - parameter in List is responseMessage,,,, first check true , second check true 
2025-08-11 07:55:35 [http-nio-8040-exec-8] INFO  com.az.payment.utils.Validation - parameter in List is originalTransactionId,,,, first check false , second check false 
2025-08-11 07:55:35 [http-nio-8040-exec-8] INFO  com.az.payment.utils.Validation - parameter[originalTransactionId] not a response code from biller
2025-08-11 07:55:35 [http-nio-8040-exec-8] INFO  com.az.payment.utils.Validation - parameter in List is transactionId,,,, first check false , second check false 
2025-08-11 07:55:35 [http-nio-8040-exec-8] ERROR com.az.payment.utils.Validation - Parameters not found in response transactionId,,, 
2025-08-11 07:55:35 [http-nio-8040-exec-8] INFO  com.az.payment.utils.Validation - response returned after mapping data is [PaymentResponseField[key=responseMessage, value=Invalid Account, displayName=Response Message, id=54]] 
2025-08-11 07:55:35 [http-nio-8040-exec-8] INFO  c.az.payment.mapper.ResponseMapper - response returned from mapper and validated as defined  PaymentResponse(responseParams=[PaymentResponseField[key=responseMessage, value=Invalid Account, displayName=Response Message, id=54]], finalStatus=0, isPayment=false, requestParams=null, responseCode=10, responseMessage=Invalid Account, bankReference=null)
2025-08-11 07:55:35 [http-nio-8040-exec-8] INFO  c.az.payment.service.PaymentService - mapResponseRev : PaymentResponse(responseParams=null, finalStatus=-1, isPayment=false, requestParams=null, responseCode=10, responseMessage=Fail at Biller, bankReference=null)
2025-08-11 08:12:28 [http-nio-8040-exec-2] INFO  c.az.payment.service.PaymentService - inside PaymentService.processRequest
2025-08-11 08:12:28 [http-nio-8040-exec-2] INFO  c.az.payment.service.PaymentService - mobile request : ProcessRequest(id=1, serviceId=2, parameters=[RequestParameter[id=55, key=transactionId, value=250810010010005990]], accountFrom=)
2025-08-11 08:12:28 [http-nio-8040-exec-2] INFO  c.az.payment.service.PaymentService - transactionLog Id : 16507 : rrn(250811010020000007)
2025-08-11 08:12:28 [http-nio-8040-exec-2] INFO  c.az.payment.service.PaymentService - PaymentService::processRequest Getting service By ID 2 ,,,, and locale en
2025-08-11 08:12:28 [http-nio-8040-exec-2] INFO  c.az.payment.service.ServiceService - ServiceService.findById  return service with id 2
2025-08-11 08:12:33 [http-nio-8040-exec-2] INFO  c.az.payment.service.PaymentService - PaymentService::processRequest found Service Named EBS Post Check: By Id 2
2025-08-11 08:12:33 [http-nio-8040-exec-2] INFO  com.az.payment.mapper.RequestMapper - start Mapping Request .... ProcessRequest(id=1, serviceId=2, parameters=[RequestParameter[id=55, key=transactionId, value=250810010010005990]], accountFrom=)
2025-08-11 08:12:33 [http-nio-8040-exec-2] INFO  com.az.payment.mapper.RequestMapper - reqRrn : 56 : transactionId : 250811010020000007
2025-08-11 08:12:33 [http-nio-8040-exec-2] INFO  com.az.payment.mapper.RequestMapper - start Mapping Additional Request Data Such as fixed Value and transaction ID if available 
2025-08-11 08:12:33 [http-nio-8040-exec-2] INFO  com.az.payment.mapper.RequestMapper - end Mapping Request .... {"originalTransactionId":"250810010010005990","transactionId":"250811010020000007"}
2025-08-11 08:12:33 [http-nio-8040-exec-2] INFO  c.az.payment.service.PaymentService - PaymentService::processRequest mapped  RequestDTO To JSON Object {"originalTransactionId":"250810010010005990","transactionId":"250811010020000007"}
2025-08-11 08:12:34 [http-nio-8040-exec-2] INFO  com.az.payment.service.ClientApi - ClientAPi::CallService response: {"responseCode":52,"responseMessage":"Success","originalTransactionId":"250810010010005990"}
2025-08-11 08:12:34 [http-nio-8040-exec-2] INFO  c.az.payment.service.PaymentService - {"originalTransactionId":"250810010010005990","responseMessage":"Success","responseCode":52}
2025-08-11 08:12:35 [http-nio-8040-exec-2] INFO  c.az.payment.service.PaymentService - #################### Biller Failed:Starting reverse process if the service isPayment
2025-08-11 08:12:35 [http-nio-8040-exec-2] INFO  com.az.payment.utils.Validation - Validation::validateResponse Validating response  ,,, apiResponse = {"originalTransactionId":"250810010010005990","responseMessage":"Success","responseCode":52},,,, for service ID 2 , with name EBS Post Check
2025-08-11 08:12:35 [http-nio-8040-exec-2] INFO  c.az.payment.service.ServiceService - ServiceService.findResponseParameterByServiceId  ServiceID : 2
2025-08-11 08:12:35 [http-nio-8040-exec-2] INFO  com.az.payment.utils.Validation - parameter in List is responseCode,,,, first check false , second check false 
2025-08-11 08:12:36 [http-nio-8040-exec-2] INFO  com.az.payment.utils.Validation - parameter in List is responseMessage,,,, first check true , second check true 
2025-08-11 08:12:36 [http-nio-8040-exec-2] INFO  com.az.payment.utils.Validation - parameter in List is originalTransactionId,,,, first check false , second check false 
2025-08-11 08:12:36 [http-nio-8040-exec-2] INFO  com.az.payment.utils.Validation - parameter[originalTransactionId] not a response code from biller
2025-08-11 08:12:36 [http-nio-8040-exec-2] INFO  com.az.payment.utils.Validation - parameter in List is transactionId,,,, first check false , second check false 
2025-08-11 08:12:36 [http-nio-8040-exec-2] ERROR com.az.payment.utils.Validation - Parameters not found in response transactionId,,, 
2025-08-11 08:12:36 [http-nio-8040-exec-2] INFO  com.az.payment.utils.Validation - response returned after mapping data is [PaymentResponseField[key=responseMessage, value=Invalid Account, displayName=Response Message, id=54]] 
2025-08-11 08:12:36 [http-nio-8040-exec-2] INFO  c.az.payment.mapper.ResponseMapper - response returned from mapper and validated as defined  PaymentResponse(responseParams=[PaymentResponseField[key=responseMessage, value=Invalid Account, displayName=Response Message, id=54]], finalStatus=0, isPayment=false, requestParams=null, responseCode=10, responseMessage=Invalid Account, bankReference=null)
2025-08-11 08:12:36 [http-nio-8040-exec-2] INFO  c.az.payment.service.PaymentService - mapResponseRev : PaymentResponse(responseParams=null, finalStatus=-1, isPayment=false, requestParams=null, responseCode=10, responseMessage=Fail at Biller, bankReference=null)
