2025-07-07 20:33:10 [main] INFO  com.az.payment.PaymentApplication - Starting PaymentApplication using Java 17.0.12 with PID 2296 (D:\____WorkSpace\AZ\code backups\e-payment_5_5_2025\payment\target\classes started by HP in D:\____WorkSpace\AZ\code backups\e-payment_5_5_2025\payment)
2025-07-07 20:33:10 [main] DEBUG com.az.payment.PaymentApplication - Running with Spring Boot v3.3.0, Spring v6.1.8
2025-07-07 20:33:10 [main] INFO  com.az.payment.PaymentApplication - No active profile set, falling back to 1 default profile: "default"
2025-07-07 20:33:43 [main] INFO  com.az.payment.PaymentApplication - Started PaymentApplication in 33.485 seconds (process running for 34.537)
2025-07-07 20:34:25 [http-nio-8040-exec-2] INFO  c.az.payment.service.PaymentService - inside PaymentService.processRequest
2025-07-07 20:34:25 [http-nio-8040-exec-2] INFO  c.az.payment.service.PaymentService - PaymentService::processRequest Getting service By ID 9 ,,,, and locale en
2025-07-07 20:34:25 [http-nio-8040-exec-2] INFO  c.az.payment.service.ServiceService - ServiceService.findById  return service with id 9
2025-07-07 20:34:27 [http-nio-8040-exec-2] INFO  c.az.payment.service.PaymentService - PaymentService::processRequest found Service Named ZAIN TopUp: By Id 9
2025-07-07 20:34:28 [http-nio-8040-exec-2] INFO  c.az.payment.service.PaymentService - bankMapedResponse : PaymentResponse(responseParams=null, finalStatus=1, isPayment=false, requestParams=null, responseCode=0, responseMessage=null, bankReference=25070700640)
2025-07-07 20:34:28 [http-nio-8040-exec-2] INFO  com.az.payment.mapper.RequestMapper - reqRrn : -1 : transactionID : 25070700640
2025-07-07 20:34:28 [http-nio-8040-exec-2] INFO  com.az.payment.mapper.RequestMapper - start Mapping Request .... ProcessRequest(id=6, serviceId=9, parameters=[RequestParameter[id=26, key=mobile, value=917776588], RequestParameter[id=30, key=amount, value=15], RequestParameter[id=-1, key=transactionID, value=25070700640]], accountFrom=0103093800000021)
2025-07-07 20:34:28 [http-nio-8040-exec-2] INFO  com.az.payment.mapper.RequestMapper - service : com.az.payment.domain.Service@6f5981d
2025-07-07 20:34:28 [http-nio-8040-exec-2] INFO  com.az.payment.mapper.RequestMapper - start Mapping Additional Request Data Such as fixed Value and transaction ID if available 
2025-07-07 20:34:28 [http-nio-8040-exec-2] INFO  com.az.payment.mapper.RequestMapper - inside stream getting parameterId 26 and false and false and false
2025-07-07 20:34:28 [http-nio-8040-exec-2] INFO  com.az.payment.mapper.RequestMapper - inside stream getting parameterId 27 and false and true and false
2025-07-07 20:34:28 [http-nio-8040-exec-2] INFO  com.az.payment.mapper.RequestMapper - inside stream getting parameterId 30 and false and true and false
2025-07-07 20:34:28 [http-nio-8040-exec-2] INFO  com.az.payment.mapper.RequestMapper - inside stream getting parameterId 31 and true and false and false
2025-07-07 20:34:28 [http-nio-8040-exec-2] INFO  com.az.payment.mapper.RequestMapper - inside stream getting parameterId 32 and false and true and false
2025-07-07 20:34:28 [http-nio-8040-exec-2] INFO  com.az.payment.mapper.RequestMapper - inside toJsonFIeld true
2025-07-07 20:34:28 [http-nio-8040-exec-2] INFO  com.az.payment.mapper.RequestMapper - end Mapping Request .... {"msisdn":917776588,"amount":"15","transactionID":"25070700640"}
2025-07-07 20:34:28 [http-nio-8040-exec-2] INFO  c.az.payment.service.PaymentService - PaymentService::processRequest mapped  RequestDTO To JSON Object {"msisdn":917776588,"amount":"15","transactionID":"25070700640"}
2025-07-07 20:34:29 [http-nio-8040-exec-2] INFO  c.az.payment.service.PaymentService - transactionLog.getId().toString() : 9002
2025-07-07 20:34:30 [http-nio-8040-exec-2] INFO  com.az.payment.service.ClientApi - ClientAPi::CallService response: {"receiptNo":null,"responseCode":0,"responseMessage":null,"msisdn":"917776588","transactionID":"25070700640","amount":"15","mobileNumber":null,"ersReference":null,"mdn":"120155425","rdesc_en":"Operation Completed Successfully.","rdesc_ar":"تمت العملية بنجاح","rcode":"0","RCode":"0","RDesc_en":"Operation Completed Successfully.","RDesc_ar":"تمت العملية بنجاح","MDN":"120155425"}
2025-07-07 20:34:30 [http-nio-8040-exec-2] INFO  c.az.payment.service.PaymentService - {"RDesc_en":"Operation Completed Successfully.","amount":"15","mobileNumber":null,"RDesc_ar":"تمت العملية بنجاح","rcode":"0","transactionID":"25070700640","responseCode":0,"rdesc_en":"Operation Completed Successfully.","mdn":"120155425","MDN":"120155425","receiptNo":null,"responseMessage":null,"msisdn":"917776588","ersReference":null,"rdesc_ar":"تمت العملية بنجاح","RCode":"0"}
2025-07-07 20:34:32 [http-nio-8040-exec-2] INFO  c.az.payment.service.PaymentService - #################### SUCCESS
2025-07-07 20:34:33 [http-nio-8040-exec-2] INFO  c.az.payment.service.PaymentService - PaymentService::processResponse  Response returned From restApi {"RDesc_en":"Operation Completed Successfully.","amount":"15","mobileNumber":null,"RDesc_ar":"تمت العملية بنجاح","rcode":"0","transactionID":"25070700640","responseCode":0,"rdesc_en":"Operation Completed Successfully.","mdn":"120155425","MDN":"120155425","receiptNo":null,"responseMessage":null,"msisdn":"917776588","ersReference":null,"rdesc_ar":"تمت العملية بنجاح","RCode":"0"}
2025-07-07 20:34:33 [http-nio-8040-exec-2] INFO  com.az.payment.utils.Validation - Validation::validateResponse Validating response  ,,, apiResponse = {"RDesc_en":"Operation Completed Successfully.","amount":"15","mobileNumber":null,"RDesc_ar":"تمت العملية بنجاح","rcode":"0","transactionID":"25070700640","responseCode":0,"rdesc_en":"Operation Completed Successfully.","mdn":"120155425","MDN":"120155425","receiptNo":null,"responseMessage":null,"msisdn":"917776588","ersReference":null,"rdesc_ar":"تمت العملية بنجاح","RCode":"0"},,,, for service ID 9 , with name ZAIN TopUp
2025-07-07 20:34:33 [http-nio-8040-exec-2] INFO  c.az.payment.service.ServiceService - ServiceService.findResponseParameterByServiceId  ServiceID : 9
2025-07-07 20:34:33 [http-nio-8040-exec-2] INFO  com.az.payment.utils.Validation - parameter in List is msisdn,,,, first check true , second check true 
2025-07-07 20:34:33 [http-nio-8040-exec-2] INFO  com.az.payment.utils.Validation - parameter in List is responseCode,,,, first check false , second check false 
2025-07-07 20:34:33 [http-nio-8040-exec-2] INFO  com.az.payment.utils.Validation - parameter in List is responseMessage,,,, first check false , second check false 
2025-07-07 20:34:33 [http-nio-8040-exec-2] ERROR c.az.payment.service.PaymentService - Error while validating response details: Parameters not found in response responseMessage,,, 
2025-07-07 20:34:33 [http-nio-8040-exec-2] INFO  c.az.payment.service.PaymentService - PaymentService::processResponse mapped from toServiceResponse PaymentResponse(responseParams=null, finalStatus=0, isPayment=false, requestParams=null, responseCode=0, responseMessage=Success, bankReference=null)
2025-07-07 20:34:33 [http-nio-8040-exec-2] INFO  com.az.payment.mapper.RequestMapper - start toClientResponse .... PaymentResponse(responseParams=null, finalStatus=0, isPayment=false, requestParams=null, responseCode=0, responseMessage=Success, bankReference=null),,,,, with request ............ProcessRequest(id=6, serviceId=9, parameters=[RequestParameter[id=26, key=mobile, value=917776588], RequestParameter[id=30, key=amount, value=15], RequestParameter[id=-1, key=transactionID, value=25070700640]], accountFrom=0103093800000021) 
2025-07-07 20:34:33 [http-nio-8040-exec-2] INFO  c.az.payment.service.PaymentService - mapResponse --->: PaymentResponse(responseParams=null, finalStatus=0, isPayment=false, requestParams=null, responseCode=0, responseMessage=Success, bankReference=25070700640)
2025-07-07 20:41:11 [main] INFO  com.az.payment.PaymentApplication - Starting PaymentApplication using Java 17.0.12 with PID 10664 (D:\____WorkSpace\AZ\code backups\e-payment_5_5_2025\payment\target\classes started by HP in D:\____WorkSpace\AZ\code backups\e-payment_5_5_2025\payment)
2025-07-07 20:41:11 [main] DEBUG com.az.payment.PaymentApplication - Running with Spring Boot v3.3.0, Spring v6.1.8
2025-07-07 20:41:11 [main] INFO  com.az.payment.PaymentApplication - No active profile set, falling back to 1 default profile: "default"
2025-07-07 20:41:26 [main] INFO  com.az.payment.PaymentApplication - Started PaymentApplication in 15.727 seconds (process running for 16.417)
2025-07-07 20:41:31 [http-nio-8040-exec-4] INFO  c.az.payment.service.PaymentService - inside PaymentService.processRequest
2025-07-07 20:41:31 [http-nio-8040-exec-4] INFO  c.az.payment.service.PaymentService - PaymentService::processRequest Getting service By ID 9 ,,,, and locale en
2025-07-07 20:41:31 [http-nio-8040-exec-4] INFO  c.az.payment.service.ServiceService - ServiceService.findById  return service with id 9
2025-07-07 20:41:33 [http-nio-8040-exec-4] INFO  c.az.payment.service.PaymentService - PaymentService::processRequest found Service Named ZAIN TopUp: By Id 9
2025-07-07 20:41:33 [http-nio-8040-exec-4] INFO  c.az.payment.service.PaymentService - bankMapedResponse : PaymentResponse(responseParams=null, finalStatus=1, isPayment=false, requestParams=null, responseCode=0, responseMessage=null, bankReference=25070700600041)
2025-07-07 20:41:34 [http-nio-8040-exec-4] INFO  com.az.payment.mapper.RequestMapper - reqRrn : -1 : transactionID : 25070700600041
2025-07-07 20:41:34 [http-nio-8040-exec-4] INFO  com.az.payment.mapper.RequestMapper - start Mapping Request .... ProcessRequest(id=6, serviceId=9, parameters=[RequestParameter[id=26, key=mobile, value=917776588], RequestParameter[id=30, key=amount, value=15], RequestParameter[id=-1, key=transactionID, value=25070700600041]], accountFrom=0103093800000021)
2025-07-07 20:41:34 [http-nio-8040-exec-4] INFO  com.az.payment.mapper.RequestMapper - service : com.az.payment.domain.Service@115819c6
2025-07-07 20:41:34 [http-nio-8040-exec-4] INFO  com.az.payment.mapper.RequestMapper - start Mapping Additional Request Data Such as fixed Value and transaction ID if available 
2025-07-07 20:41:34 [http-nio-8040-exec-4] INFO  com.az.payment.mapper.RequestMapper - inside stream getting parameterId 26 and false and false and false
2025-07-07 20:41:34 [http-nio-8040-exec-4] INFO  com.az.payment.mapper.RequestMapper - inside stream getting parameterId 27 and false and true and false
2025-07-07 20:41:34 [http-nio-8040-exec-4] INFO  com.az.payment.mapper.RequestMapper - inside stream getting parameterId 30 and false and true and false
2025-07-07 20:41:34 [http-nio-8040-exec-4] INFO  com.az.payment.mapper.RequestMapper - inside stream getting parameterId 31 and true and false and false
2025-07-07 20:41:34 [http-nio-8040-exec-4] INFO  com.az.payment.mapper.RequestMapper - inside stream getting parameterId 32 and false and true and false
2025-07-07 20:41:34 [http-nio-8040-exec-4] INFO  com.az.payment.mapper.RequestMapper - inside toJsonFIeld true
2025-07-07 20:41:34 [http-nio-8040-exec-4] INFO  com.az.payment.mapper.RequestMapper - end Mapping Request .... {"msisdn":917776588,"amount":"15","transactionID":"25070700600041"}
2025-07-07 20:41:34 [http-nio-8040-exec-4] INFO  c.az.payment.service.PaymentService - PaymentService::processRequest mapped  RequestDTO To JSON Object {"msisdn":917776588,"amount":"15","transactionID":"25070700600041"}
2025-07-07 20:41:35 [http-nio-8040-exec-4] INFO  c.az.payment.service.PaymentService - transactionLog.getId().toString() : 9052
2025-07-07 20:41:35 [http-nio-8040-exec-4] INFO  com.az.payment.service.ClientApi - ClientAPi::CallService response: {"receiptNo":null,"responseCode":0,"responseMessage":null,"msisdn":"917776588","transactionID":"25070700600041","amount":"15","mobileNumber":null,"ersReference":null,"mdn":"120155425","rdesc_en":"Operation Completed Successfully.","rdesc_ar":"تمت العملية بنجاح","rcode":"0","RCode":"0","RDesc_en":"Operation Completed Successfully.","RDesc_ar":"تمت العملية بنجاح","MDN":"120155425"}
2025-07-07 20:41:35 [http-nio-8040-exec-4] INFO  c.az.payment.service.PaymentService - {"RDesc_en":"Operation Completed Successfully.","amount":"15","mobileNumber":null,"RDesc_ar":"تمت العملية بنجاح","rcode":"0","transactionID":"25070700600041","responseCode":0,"rdesc_en":"Operation Completed Successfully.","mdn":"120155425","MDN":"120155425","receiptNo":null,"responseMessage":null,"msisdn":"917776588","ersReference":null,"rdesc_ar":"تمت العملية بنجاح","RCode":"0"}
2025-07-07 20:41:37 [http-nio-8040-exec-4] INFO  c.az.payment.service.PaymentService - #################### SUCCESS
2025-07-07 20:41:38 [http-nio-8040-exec-4] INFO  c.az.payment.service.PaymentService - PaymentService::processResponse  Response returned From restApi {"RDesc_en":"Operation Completed Successfully.","amount":"15","mobileNumber":null,"RDesc_ar":"تمت العملية بنجاح","rcode":"0","transactionID":"25070700600041","responseCode":0,"rdesc_en":"Operation Completed Successfully.","mdn":"120155425","MDN":"120155425","receiptNo":null,"responseMessage":null,"msisdn":"917776588","ersReference":null,"rdesc_ar":"تمت العملية بنجاح","RCode":"0"}
2025-07-07 20:41:38 [http-nio-8040-exec-4] INFO  com.az.payment.utils.Validation - Validation::validateResponse Validating response  ,,, apiResponse = {"RDesc_en":"Operation Completed Successfully.","amount":"15","mobileNumber":null,"RDesc_ar":"تمت العملية بنجاح","rcode":"0","transactionID":"25070700600041","responseCode":0,"rdesc_en":"Operation Completed Successfully.","mdn":"120155425","MDN":"120155425","receiptNo":null,"responseMessage":null,"msisdn":"917776588","ersReference":null,"rdesc_ar":"تمت العملية بنجاح","RCode":"0"},,,, for service ID 9 , with name ZAIN TopUp
2025-07-07 20:41:38 [http-nio-8040-exec-4] INFO  c.az.payment.service.ServiceService - ServiceService.findResponseParameterByServiceId  ServiceID : 9
2025-07-07 20:41:38 [http-nio-8040-exec-4] INFO  com.az.payment.utils.Validation - parameter in List is msisdn,,,, first check true , second check true 
2025-07-07 20:41:38 [http-nio-8040-exec-4] INFO  com.az.payment.utils.Validation - parameter in List is responseCode,,,, first check false , second check false 
2025-07-07 20:41:38 [http-nio-8040-exec-4] INFO  com.az.payment.utils.Validation - parameter in List is responseMessage,,,, first check false , second check false 
2025-07-07 20:41:38 [http-nio-8040-exec-4] ERROR c.az.payment.service.PaymentService - Error while validating response details: Parameters not found in response responseMessage,,, 
2025-07-07 20:41:38 [http-nio-8040-exec-4] INFO  c.az.payment.service.PaymentService - PaymentService::processResponse mapped from toServiceResponse PaymentResponse(responseParams=null, finalStatus=0, isPayment=false, requestParams=null, responseCode=0, responseMessage=Success, bankReference=null)
2025-07-07 20:41:38 [http-nio-8040-exec-4] INFO  com.az.payment.mapper.RequestMapper - start toClientResponse .... PaymentResponse(responseParams=null, finalStatus=0, isPayment=false, requestParams=null, responseCode=0, responseMessage=Success, bankReference=null),,,,, with request ............ProcessRequest(id=6, serviceId=9, parameters=[RequestParameter[id=26, key=mobile, value=917776588], RequestParameter[id=30, key=amount, value=15], RequestParameter[id=-1, key=transactionID, value=25070700600041]], accountFrom=0103093800000021) 
2025-07-07 20:41:38 [http-nio-8040-exec-4] INFO  c.az.payment.service.PaymentService - mapResponse --->: PaymentResponse(responseParams=null, finalStatus=0, isPayment=false, requestParams=null, responseCode=0, responseMessage=Success, bankReference=25070700600041)
2025-07-07 20:54:43 [main] INFO  com.az.payment.PaymentApplication - Starting PaymentApplication using Java 17.0.12 with PID 11040 (D:\____WorkSpace\AZ\code backups\e-payment_5_5_2025\payment\target\classes started by HP in D:\____WorkSpace\AZ\code backups\e-payment_5_5_2025\payment)
2025-07-07 20:54:43 [main] DEBUG com.az.payment.PaymentApplication - Running with Spring Boot v3.3.0, Spring v6.1.8
2025-07-07 20:54:43 [main] INFO  com.az.payment.PaymentApplication - No active profile set, falling back to 1 default profile: "default"
2025-07-07 20:54:54 [main] INFO  com.az.payment.PaymentApplication - Started PaymentApplication in 11.806 seconds (process running for 12.351)
2025-07-07 20:55:01 [http-nio-8040-exec-2] INFO  c.az.payment.service.PaymentService - inside PaymentService.processRequest
2025-07-07 20:55:01 [http-nio-8040-exec-2] INFO  c.az.payment.service.PaymentService - PaymentService::processRequest Getting service By ID 9 ,,,, and locale en
2025-07-07 20:55:01 [http-nio-8040-exec-2] INFO  c.az.payment.service.ServiceService - ServiceService.findById  return service with id 9
2025-07-07 20:55:03 [http-nio-8040-exec-2] INFO  c.az.payment.service.PaymentService - PaymentService::processRequest found Service Named ZAIN TopUp: By Id 9
2025-07-07 20:55:03 [http-nio-8040-exec-2] INFO  c.az.payment.service.PaymentService - bankMapedResponse : PaymentResponse(responseParams=null, finalStatus=1, isPayment=false, requestParams=null, responseCode=0, responseMessage=null, bankReference=25070706000042)
2025-07-07 20:55:04 [http-nio-8040-exec-2] INFO  com.az.payment.mapper.RequestMapper - reqRrn : -1 : transactionID : 25070706000042
2025-07-07 20:55:04 [http-nio-8040-exec-2] INFO  com.az.payment.mapper.RequestMapper - start Mapping Request .... ProcessRequest(id=6, serviceId=9, parameters=[RequestParameter[id=26, key=mobile, value=917776588], RequestParameter[id=30, key=amount, value=15], RequestParameter[id=-1, key=transactionID, value=25070706000042]], accountFrom=0103093800000021)
2025-07-07 20:55:04 [http-nio-8040-exec-2] INFO  com.az.payment.mapper.RequestMapper - service : com.az.payment.domain.Service@1aedbb6f
2025-07-07 20:55:04 [http-nio-8040-exec-2] INFO  com.az.payment.mapper.RequestMapper - start Mapping Additional Request Data Such as fixed Value and transaction ID if available 
2025-07-07 20:55:04 [http-nio-8040-exec-2] INFO  com.az.payment.mapper.RequestMapper - inside stream getting parameterId 26 and false and false and false
2025-07-07 20:55:04 [http-nio-8040-exec-2] INFO  com.az.payment.mapper.RequestMapper - inside stream getting parameterId 27 and false and true and false
2025-07-07 20:55:04 [http-nio-8040-exec-2] INFO  com.az.payment.mapper.RequestMapper - inside stream getting parameterId 30 and false and true and false
2025-07-07 20:55:04 [http-nio-8040-exec-2] INFO  com.az.payment.mapper.RequestMapper - inside stream getting parameterId 31 and true and false and false
2025-07-07 20:55:04 [http-nio-8040-exec-2] INFO  com.az.payment.mapper.RequestMapper - inside stream getting parameterId 32 and false and true and false
2025-07-07 20:55:04 [http-nio-8040-exec-2] INFO  com.az.payment.mapper.RequestMapper - inside toJsonFIeld true
2025-07-07 20:55:04 [http-nio-8040-exec-2] INFO  com.az.payment.mapper.RequestMapper - end Mapping Request .... {"msisdn":917776588,"amount":"15","transactionID":"25070706000042"}
2025-07-07 20:55:04 [http-nio-8040-exec-2] INFO  c.az.payment.service.PaymentService - PaymentService::processRequest mapped  RequestDTO To JSON Object {"msisdn":917776588,"amount":"15","transactionID":"25070706000042"}
2025-07-07 20:55:05 [http-nio-8040-exec-2] INFO  c.az.payment.service.PaymentService - transactionLog.getId().toString() : 9102
2025-07-07 20:55:05 [http-nio-8040-exec-2] INFO  com.az.payment.service.ClientApi - ClientAPi::CallService response: {"receiptNo":null,"responseCode":0,"responseMessage":null,"msisdn":"917776588","transactionID":"25070706000042","amount":"15","mobileNumber":null,"ersReference":null,"mdn":"120155425","rdesc_en":"Operation Completed Successfully.","rdesc_ar":"تمت العملية بنجاح","rcode":"0","RCode":"0","RDesc_en":"Operation Completed Successfully.","RDesc_ar":"تمت العملية بنجاح","MDN":"120155425"}
2025-07-07 20:55:05 [http-nio-8040-exec-2] INFO  c.az.payment.service.PaymentService - {"RDesc_en":"Operation Completed Successfully.","amount":"15","mobileNumber":null,"RDesc_ar":"تمت العملية بنجاح","rcode":"0","transactionID":"25070706000042","responseCode":0,"rdesc_en":"Operation Completed Successfully.","mdn":"120155425","MDN":"120155425","receiptNo":null,"responseMessage":null,"msisdn":"917776588","ersReference":null,"rdesc_ar":"تمت العملية بنجاح","RCode":"0"}
2025-07-07 20:55:07 [http-nio-8040-exec-2] INFO  c.az.payment.service.PaymentService - #################### SUCCESS
2025-07-07 20:55:08 [http-nio-8040-exec-2] INFO  c.az.payment.service.PaymentService - PaymentService::processResponse  Response returned From restApi {"RDesc_en":"Operation Completed Successfully.","amount":"15","mobileNumber":null,"RDesc_ar":"تمت العملية بنجاح","rcode":"0","transactionID":"25070706000042","responseCode":0,"rdesc_en":"Operation Completed Successfully.","mdn":"120155425","MDN":"120155425","receiptNo":null,"responseMessage":null,"msisdn":"917776588","ersReference":null,"rdesc_ar":"تمت العملية بنجاح","RCode":"0"}
2025-07-07 20:55:08 [http-nio-8040-exec-2] INFO  com.az.payment.utils.Validation - Validation::validateResponse Validating response  ,,, apiResponse = {"RDesc_en":"Operation Completed Successfully.","amount":"15","mobileNumber":null,"RDesc_ar":"تمت العملية بنجاح","rcode":"0","transactionID":"25070706000042","responseCode":0,"rdesc_en":"Operation Completed Successfully.","mdn":"120155425","MDN":"120155425","receiptNo":null,"responseMessage":null,"msisdn":"917776588","ersReference":null,"rdesc_ar":"تمت العملية بنجاح","RCode":"0"},,,, for service ID 9 , with name ZAIN TopUp
2025-07-07 20:55:08 [http-nio-8040-exec-2] INFO  c.az.payment.service.ServiceService - ServiceService.findResponseParameterByServiceId  ServiceID : 9
2025-07-07 20:55:08 [http-nio-8040-exec-2] INFO  com.az.payment.utils.Validation - parameter in List is msisdn,,,, first check true , second check true 
2025-07-07 20:55:08 [http-nio-8040-exec-2] INFO  com.az.payment.utils.Validation - parameter in List is responseCode,,,, first check false , second check false 
2025-07-07 20:55:08 [http-nio-8040-exec-2] INFO  com.az.payment.utils.Validation - parameter in List is responseMessage,,,, first check false , second check false 
2025-07-07 20:55:08 [http-nio-8040-exec-2] ERROR c.az.payment.service.PaymentService - Error while validating response details: Parameters not found in response responseMessage,,, 
2025-07-07 20:55:08 [http-nio-8040-exec-2] INFO  c.az.payment.service.PaymentService - PaymentService::processResponse mapped from toServiceResponse PaymentResponse(responseParams=null, finalStatus=0, isPayment=false, requestParams=null, responseCode=0, responseMessage=Success, bankReference=null)
2025-07-07 20:55:08 [http-nio-8040-exec-2] INFO  com.az.payment.mapper.RequestMapper - start toClientResponse .... PaymentResponse(responseParams=null, finalStatus=0, isPayment=false, requestParams=null, responseCode=0, responseMessage=Success, bankReference=null),,,,, with request ............ProcessRequest(id=6, serviceId=9, parameters=[RequestParameter[id=26, key=mobile, value=917776588], RequestParameter[id=30, key=amount, value=15], RequestParameter[id=-1, key=transactionID, value=25070706000042]], accountFrom=0103093800000021) 
2025-07-07 20:55:08 [http-nio-8040-exec-2] INFO  c.az.payment.service.PaymentService - mapResponse --->: PaymentResponse(responseParams=null, finalStatus=0, isPayment=false, requestParams=null, responseCode=0, responseMessage=Success, bankReference=25070706000042)
