2025-08-29 16:11:49 [http-nio-8040-exec-1] INFO  c.az.payment.service.PaymentService - inside PaymentService.processRequest
2025-08-29 16:11:49 [http-nio-8040-exec-1] INFO  c.az.payment.service.PaymentService - mobile request : ProcessRequest(id=4, serviceId=5, parameters=[RequestParameter[id=6, key=meter, value=04000000077], RequestParameter[id=7, key=tarrifCode, value=01]], accountFrom=null)
2025-08-29 16:11:49 [http-nio-8040-exec-1] INFO  c.az.payment.service.PaymentService - transactionLog Id : 18759 : rrn(250829040050000003)
2025-08-29 16:11:49 [http-nio-8040-exec-1] INFO  c.az.payment.service.PaymentService - PaymentService::processRequest Getting service By ID 5 ,,,, and locale en
2025-08-29 16:11:49 [http-nio-8040-exec-1] INFO  c.az.payment.service.ServiceService - ServiceService.findById  return service with id 5
2025-08-29 16:11:51 [http-nio-8040-exec-1] INFO  c.az.payment.service.PaymentService - Biller(4) doesn't have service(5)
2025-08-29 16:11:51 [http-nio-8040-exec-1] INFO  c.az.payment.service.PaymentService - PaymentService::processRequest found Service Named Sudan Electricity: By Id 5
2025-08-29 16:11:51 [http-nio-8040-exec-1] INFO  com.az.payment.mapper.RequestMapper - start Mapping Request .... ProcessRequest(id=4, serviceId=5, parameters=[RequestParameter[id=6, key=meter, value=04000000077], RequestParameter[id=7, key=tarrifCode, value=01]], accountFrom=null)
2025-08-29 16:11:52 [http-nio-8040-exec-1] INFO  com.az.payment.mapper.RequestMapper - reqRrn : -1 : transactionID : 250829040050000003
2025-08-29 16:11:52 [http-nio-8040-exec-1] INFO  com.az.payment.mapper.RequestMapper - start Mapping Additional Request Data Such as fixed Value and transaction ID if available 
2025-08-29 16:11:52 [http-nio-8040-exec-1] INFO  com.az.payment.mapper.RequestMapper - end Mapping Request .... {"meterno":"04000000077","tariff_code":"01","transactionID":"250829040050000003"}
2025-08-29 16:11:52 [http-nio-8040-exec-1] INFO  c.az.payment.service.PaymentService - PaymentService::processRequest mapped  RequestDTO To JSON Object {"meterno":"04000000077","tariff_code":"01","transactionID":"250829040050000003"}
2025-08-29 16:11:53 [http-nio-8040-exec-1] INFO  com.az.payment.service.ClientApi - ClientAPi::CallService response: {"meterno":"04000000077","amount":1000.0,"calcQty":303.3,"PayCustomerName":"HASsan Mustafa","AdditionalRefrence":"1524115512441","tariff_code":"01","BillerVoucher":"12222115222415","responseCode":"0"}
2025-08-29 16:11:53 [http-nio-8040-exec-1] INFO  c.az.payment.service.PaymentService - {"amount":1000,"AdditionalRefrence":"1524115512441","tariff_code":"01","meterno":"04000000077","BillerVoucher":"12222115222415","PayCustomerName":"HASsan Mustafa","calcQty":303.3,"responseCode":"0"}
2025-08-29 16:11:54 [http-nio-8040-exec-1] INFO  c.az.payment.service.PaymentService - #################### SUCCESS
2025-08-29 16:11:54 [http-nio-8040-exec-1] INFO  c.az.payment.service.PaymentService - PaymentService::processResponse  Response returned From restApi {"amount":1000,"AdditionalRefrence":"1524115512441","tariff_code":"01","meterno":"04000000077","BillerVoucher":"12222115222415","PayCustomerName":"HASsan Mustafa","calcQty":303.3,"responseCode":"0"}
2025-08-29 16:11:54 [http-nio-8040-exec-1] INFO  com.az.payment.utils.Validation - Validation::validateResponse Validating response  ,,, apiResponse = {"amount":1000,"AdditionalRefrence":"1524115512441","tariff_code":"01","meterno":"04000000077","BillerVoucher":"12222115222415","PayCustomerName":"HASsan Mustafa","calcQty":303.3,"responseCode":"0"},,,, for service ID 5 , with name Sudan Electricity
2025-08-29 16:11:54 [http-nio-8040-exec-1] INFO  c.az.payment.service.ServiceService - ServiceService.findResponseParameterByServiceId  ServiceID : 5
2025-08-29 16:11:55 [http-nio-8040-exec-1] INFO  com.az.payment.utils.Validation - parameter in List is tariff_code,,,, first check true , second check true 
2025-08-29 16:11:55 [http-nio-8040-exec-1] INFO  com.az.payment.utils.Validation - parameter in List is meterno,,,, first check true , second check true 
2025-08-29 16:11:55 [http-nio-8040-exec-1] INFO  com.az.payment.utils.Validation - parameter in List is AdditionalRefrence,,,, first check true , second check true 
2025-08-29 16:11:55 [http-nio-8040-exec-1] INFO  com.az.payment.utils.Validation - parameter in List is responseCode,,,, first check false , second check false 
2025-08-29 16:11:55 [http-nio-8040-exec-1] INFO  com.az.payment.utils.Validation - parameter in List is PayCustomerName,,,, first check true , second check true 
2025-08-29 16:11:55 [http-nio-8040-exec-1] INFO  com.az.payment.utils.Validation - response returned after mapping data is [PaymentResponseField[key=tarrifCode, value=01, displayName=Tariff Code, id=7], PaymentResponseField[key=meter, value=04000000077, displayName=Meter NO, id=6], PaymentResponseField[key=additional_reference, value=1524115512441, displayName=Additional Reference, id=8], PaymentResponseField[key=PayCustomerName, value=HASsan Mustafa, displayName=Customer Name, id=20]] 
2025-08-29 16:11:55 [http-nio-8040-exec-1] INFO  c.az.payment.mapper.ResponseMapper - response returned from mapper and validated as defined  PaymentResponse(responseParams=[PaymentResponseField[key=tarrifCode, value=01, displayName=Tariff Code, id=7], PaymentResponseField[key=meter, value=04000000077, displayName=Meter NO, id=6], PaymentResponseField[key=additional_reference, value=1524115512441, displayName=Additional Reference, id=8], PaymentResponseField[key=PayCustomerName, value=HASsan Mustafa, displayName=Customer Name, id=20]], finalStatus=0, isPayment=false, requestParams=null, responseCode=0, responseMessage=Successful, bankReference=null)
2025-08-29 16:11:55 [http-nio-8040-exec-1] INFO  c.az.payment.service.PaymentService - PaymentService::processResponse mapped from toServiceResponse PaymentResponse(responseParams=[PaymentResponseField[key=tarrifCode, value=01, displayName=Tariff Code, id=7], PaymentResponseField[key=meter, value=04000000077, displayName=Meter NO, id=6], PaymentResponseField[key=additional_reference, value=1524115512441, displayName=Additional Reference, id=8], PaymentResponseField[key=PayCustomerName, value=HASsan Mustafa, displayName=Customer Name, id=20]], finalStatus=0, isPayment=false, requestParams=null, responseCode=0, responseMessage=Successful, bankReference=null)
2025-08-29 16:11:55 [http-nio-8040-exec-1] INFO  com.az.payment.mapper.RequestMapper - start toClientResponse .... PaymentResponse(responseParams=[PaymentResponseField[key=tarrifCode, value=01, displayName=Tariff Code, id=7], PaymentResponseField[key=meter, value=04000000077, displayName=Meter NO, id=6], PaymentResponseField[key=additional_reference, value=1524115512441, displayName=Additional Reference, id=8], PaymentResponseField[key=PayCustomerName, value=HASsan Mustafa, displayName=Customer Name, id=20]], finalStatus=0, isPayment=false, requestParams=null, responseCode=0, responseMessage=Successful, bankReference=null),,,,, with request ............ProcessRequest(id=4, serviceId=5, parameters=[RequestParameter[id=6, key=meter, value=04000000077], RequestParameter[id=7, key=tarrifCode, value=01]], accountFrom=null) 
2025-08-29 16:11:55 [http-nio-8040-exec-1] INFO  c.az.payment.service.PaymentService - mapResponse --->: PaymentResponse(responseParams=[PaymentResponseField[key=tarrifCode, value=01, displayName=Tariff Code, id=7], PaymentResponseField[key=meter, value=04000000077, displayName=Meter NO, id=6], PaymentResponseField[key=additional_reference, value=1524115512441, displayName=Additional Reference, id=8], PaymentResponseField[key=PayCustomerName, value=HASsan Mustafa, displayName=Customer Name, id=20]], finalStatus=0, isPayment=false, requestParams=null, responseCode=0, responseMessage=Successful, bankReference=250829040050000003)
2025-08-29 20:57:19 [main] INFO  com.az.payment.PaymentApplication - Starting PaymentApplication using Java 17.0.12 with PID 22108 (D:\____WorkSpace\AZ\code backups\e-payment_5_5_2025\payment\target\classes started by HP in D:\____WorkSpace\AZ\code backups\e-payment_5_5_2025\payment)
2025-08-29 20:57:19 [main] DEBUG com.az.payment.PaymentApplication - Running with Spring Boot v3.3.0, Spring v6.1.8
2025-08-29 20:57:19 [main] INFO  com.az.payment.PaymentApplication - No active profile set, falling back to 1 default profile: "default"
2025-08-29 20:57:33 [main] INFO  com.az.payment.PaymentApplication - Started PaymentApplication in 14.632 seconds (process running for 15.218)
