2025-08-09 06:38:51 [main] INFO  com.az.payment.PaymentApplication - Starting PaymentApplication using Java 17.0.12 with PID 13856 (D:\____WorkSpace\AZ\code backups\e-payment_5_5_2025\payment\target\classes started by HP in D:\____WorkSpace\AZ\code backups\e-payment_5_5_2025\payment)
2025-08-09 06:38:51 [main] DEBUG com.az.payment.PaymentApplication - Running with Spring Boot v3.3.0, Spring v6.1.8
2025-08-09 06:38:51 [main] INFO  com.az.payment.PaymentApplication - No active profile set, falling back to 1 default profile: "default"
2025-08-09 06:39:02 [main] INFO  com.az.payment.PaymentApplication - Started PaymentApplication in 12.118 seconds (process running for 13.03)
2025-08-09 06:40:25 [http-nio-8040-exec-2] INFO  c.az.payment.service.PaymentService - inside PaymentService.processRequest
2025-08-09 06:40:25 [http-nio-8040-exec-2] INFO  c.az.payment.service.PaymentService - mobile request : ProcessRequest(id=1, serviceId=2, parameters=[RequestParameter[id=53, key=responseCode, value=], RequestParameter[id=54, key=responseMessage, value=], RequestParameter[id=55, key=originalTransactionId, value=250809010010000001], RequestParameter[id=56, key=transactionId, value=250809010010000001]], accountFrom=null)
2025-08-09 06:40:25 [http-nio-8040-exec-2] INFO  c.az.payment.service.PaymentService - transactionLog Id : 16152 : rrn(250809010020000002)
2025-08-09 06:40:25 [http-nio-8040-exec-2] INFO  c.az.payment.service.PaymentService - PaymentService::processRequest Getting service By ID 2 ,,,, and locale en
2025-08-09 06:40:25 [http-nio-8040-exec-2] INFO  c.az.payment.service.ServiceService - ServiceService.findById  return service with id 2
2025-08-09 06:40:29 [http-nio-8040-exec-2] INFO  c.az.payment.service.PaymentService - PaymentService::processRequest found Service Named EBS Post Check: By Id 2
2025-08-09 06:40:29 [http-nio-8040-exec-2] INFO  com.az.payment.mapper.RequestMapper - start Mapping Request .... ProcessRequest(id=1, serviceId=2, parameters=[RequestParameter[id=53, key=responseCode, value=], RequestParameter[id=54, key=responseMessage, value=], RequestParameter[id=55, key=originalTransactionId, value=250809010010000001], RequestParameter[id=56, key=transactionId, value=250809010010000001]], accountFrom=null)
2025-08-09 06:40:29 [http-nio-8040-exec-2] WARN  com.az.payment.mapper.RequestMapper - found in request : not valid Parameter[responseCode.id(53)] 
2025-08-09 06:40:29 [http-nio-8040-exec-2] WARN  com.az.payment.mapper.RequestMapper - found in request : not valid Parameter[responseMessage.id(54)] 
2025-08-09 06:40:30 [http-nio-8040-exec-2] INFO  com.az.payment.mapper.RequestMapper - reqRrn : 56 : transactionId : 250809010020000002
2025-08-09 06:40:30 [http-nio-8040-exec-2] INFO  com.az.payment.mapper.RequestMapper - start Mapping Additional Request Data Such as fixed Value and transaction ID if available 
2025-08-09 06:40:30 [http-nio-8040-exec-2] INFO  com.az.payment.mapper.RequestMapper - end Mapping Request .... {"originalTransactionId":"250809010010000001","transactionId":"250809010020000002"}
2025-08-09 06:40:30 [http-nio-8040-exec-2] INFO  c.az.payment.service.PaymentService - PaymentService::processRequest mapped  RequestDTO To JSON Object {"originalTransactionId":"250809010010000001","transactionId":"250809010020000002"}
2025-08-09 06:40:31 [http-nio-8040-exec-2] INFO  com.az.payment.service.ClientApi - ClientAPi::CallService response: {"responseCode":1,"responseMessage":"Success","originalTransactionId":"250809010010000001"}
2025-08-09 06:40:31 [http-nio-8040-exec-2] INFO  c.az.payment.service.PaymentService - {"originalTransactionId":"250809010010000001","responseMessage":"Success","responseCode":1}
2025-08-09 06:40:31 [http-nio-8040-exec-2] INFO  c.az.payment.service.PaymentService - #################### SUCCESS
2025-08-09 06:40:31 [http-nio-8040-exec-2] INFO  c.az.payment.service.PaymentService - PaymentService::processResponse  Response returned From restApi {"originalTransactionId":"250809010010000001","responseMessage":"Success","responseCode":1}
2025-08-09 06:40:31 [http-nio-8040-exec-2] INFO  com.az.payment.utils.Validation - Validation::validateResponse Validating response  ,,, apiResponse = {"originalTransactionId":"250809010010000001","responseMessage":"Success","responseCode":1},,,, for service ID 2 , with name EBS Post Check
2025-08-09 06:40:31 [http-nio-8040-exec-2] INFO  c.az.payment.service.ServiceService - ServiceService.findResponseParameterByServiceId  ServiceID : 2
2025-08-09 06:40:32 [http-nio-8040-exec-2] INFO  com.az.payment.utils.Validation - parameter in List is responseCode,,,, first check false , second check false 
2025-08-09 06:40:32 [http-nio-8040-exec-2] INFO  com.az.payment.utils.Validation - parameter in List is responseMessage,,,, first check true , second check true 
2025-08-09 06:40:32 [http-nio-8040-exec-2] INFO  com.az.payment.utils.Validation - parameter in List is originalTransactionId,,,, first check false , second check false 
2025-08-09 06:40:32 [http-nio-8040-exec-2] INFO  com.az.payment.utils.Validation - parameter[originalTransactionId] not a response code from biller
2025-08-09 06:40:32 [http-nio-8040-exec-2] INFO  com.az.payment.utils.Validation - parameter in List is transactionId,,,, first check false , second check false 
2025-08-09 06:40:32 [http-nio-8040-exec-2] ERROR com.az.payment.utils.Validation - Parameters not found in response transactionId,,, 
2025-08-09 06:40:32 [http-nio-8040-exec-2] INFO  com.az.payment.utils.Validation - response returned after mapping data is [PaymentResponseField[key=responseMessage, value=Successful, displayName=Response Message, id=54]] 
2025-08-09 06:40:32 [http-nio-8040-exec-2] INFO  c.az.payment.mapper.ResponseMapper - response returned from mapper and validated as defined  PaymentResponse(responseParams=[PaymentResponseField[key=responseMessage, value=Successful, displayName=Response Message, id=54]], finalStatus=0, isPayment=false, requestParams=null, responseCode=0, responseMessage=Successful, bankReference=null)
2025-08-09 06:40:32 [http-nio-8040-exec-2] INFO  c.az.payment.service.PaymentService - PaymentService::processResponse mapped from toServiceResponse PaymentResponse(responseParams=[PaymentResponseField[key=responseMessage, value=Successful, displayName=Response Message, id=54]], finalStatus=0, isPayment=false, requestParams=null, responseCode=0, responseMessage=Successful, bankReference=null)
2025-08-09 06:40:32 [http-nio-8040-exec-2] INFO  com.az.payment.mapper.RequestMapper - start toClientResponse .... PaymentResponse(responseParams=[PaymentResponseField[key=responseMessage, value=Successful, displayName=Response Message, id=54]], finalStatus=0, isPayment=false, requestParams=null, responseCode=0, responseMessage=Successful, bankReference=null),,,,, with request ............ProcessRequest(id=1, serviceId=2, parameters=[RequestParameter[id=53, key=responseCode, value=], RequestParameter[id=54, key=responseMessage, value=], RequestParameter[id=55, key=originalTransactionId, value=250809010010000001], RequestParameter[id=56, key=transactionId, value=250809010010000001]], accountFrom=null) 
2025-08-09 06:40:32 [http-nio-8040-exec-2] INFO  c.az.payment.service.PaymentService - mapResponse --->: PaymentResponse(responseParams=[PaymentResponseField[key=responseMessage, value=Successful, displayName=Response Message, id=54]], finalStatus=0, isPayment=false, requestParams=null, responseCode=0, responseMessage=Successful, bankReference=250809010020000002)
